[2022-12-17T14:55:41.620+0000] {taskinstance.py:1087} INFO - Dependencies all met for <TaskInstance: dag_combustivel.pyspark_task scheduled__2004-07-01T00:00:00+00:00 [queued]>
[2022-12-17T14:55:41.629+0000] {taskinstance.py:1087} INFO - Dependencies all met for <TaskInstance: dag_combustivel.pyspark_task scheduled__2004-07-01T00:00:00+00:00 [queued]>
[2022-12-17T14:55:41.629+0000] {taskinstance.py:1283} INFO - 
--------------------------------------------------------------------------------
[2022-12-17T14:55:41.629+0000] {taskinstance.py:1284} INFO - Starting attempt 1 of 1
[2022-12-17T14:55:41.629+0000] {taskinstance.py:1285} INFO - 
--------------------------------------------------------------------------------
[2022-12-17T14:55:41.641+0000] {taskinstance.py:1304} INFO - Executing <Task(DataprocSubmitJobOperator): pyspark_task> on 2004-07-01 00:00:00+00:00
[2022-12-17T14:55:41.650+0000] {standard_task_runner.py:55} INFO - Started process 8284 to run task
[2022-12-17T14:55:41.653+0000] {standard_task_runner.py:82} INFO - Running: ['***', 'tasks', 'run', 'dag_combustivel', 'pyspark_task', 'scheduled__2004-07-01T00:00:00+00:00', '--job-id', '16', '--raw', '--subdir', 'DAGS_FOLDER/dag_combustivel.py', '--cfg-path', '/tmp/tmptgeqf_04']
[2022-12-17T14:55:41.655+0000] {standard_task_runner.py:83} INFO - Job 16: Subtask pyspark_task
[2022-12-17T14:55:41.710+0000] {task_command.py:389} INFO - Running <TaskInstance: dag_combustivel.pyspark_task scheduled__2004-07-01T00:00:00+00:00 [running]> on host d2cc3443255e
[2022-12-17T14:55:41.787+0000] {taskinstance.py:1513} INFO - Exporting the following env vars:
AIRFLOW_CTX_DAG_OWNER=***
AIRFLOW_CTX_DAG_ID=dag_combustivel
AIRFLOW_CTX_TASK_ID=pyspark_task
AIRFLOW_CTX_EXECUTION_DATE=2004-07-01T00:00:00+00:00
AIRFLOW_CTX_TRY_NUMBER=1
AIRFLOW_CTX_DAG_RUN_ID=scheduled__2004-07-01T00:00:00+00:00
[2022-12-17T14:55:41.787+0000] {dataproc.py:1865} INFO - Submitting job
[2022-12-17T14:55:41.795+0000] {base.py:73} INFO - Using connection ID 'google_cloud_default' for task execution.
[2022-12-17T14:55:42.176+0000] {dataproc.py:1877} INFO - Job fbf2cb7e-1ae7-43e9-8370-70a4d0408161 submitted successfully.
[2022-12-17T14:55:42.189+0000] {dataproc.py:1897} INFO - Waiting for job fbf2cb7e-1ae7-43e9-8370-70a4d0408161 to complete
[2022-12-17T14:56:44.172+0000] {dataproc.py:1901} INFO - Job fbf2cb7e-1ae7-43e9-8370-70a4d0408161 completed successfully.
[2022-12-17T14:56:44.191+0000] {taskinstance.py:1327} INFO - Marking task as SUCCESS. dag_id=dag_combustivel, task_id=pyspark_task, execution_date=20040701T000000, start_date=20221217T145541, end_date=20221217T145644
[2022-12-17T14:56:44.245+0000] {local_task_job.py:159} INFO - Task exited with return code 0
