[2022-12-17T16:18:36.300+0000] {taskinstance.py:1087} INFO - Dependencies all met for <TaskInstance: dag_combustivel.pyspark_task scheduled__2012-07-01T00:00:00+00:00 [queued]>
[2022-12-17T16:18:36.309+0000] {taskinstance.py:1087} INFO - Dependencies all met for <TaskInstance: dag_combustivel.pyspark_task scheduled__2012-07-01T00:00:00+00:00 [queued]>
[2022-12-17T16:18:36.309+0000] {taskinstance.py:1283} INFO - 
--------------------------------------------------------------------------------
[2022-12-17T16:18:36.310+0000] {taskinstance.py:1284} INFO - Starting attempt 1 of 1
[2022-12-17T16:18:36.310+0000] {taskinstance.py:1285} INFO - 
--------------------------------------------------------------------------------
[2022-12-17T16:18:36.324+0000] {taskinstance.py:1304} INFO - Executing <Task(DataprocSubmitJobOperator): pyspark_task> on 2012-07-01 00:00:00+00:00
[2022-12-17T16:18:36.333+0000] {standard_task_runner.py:55} INFO - Started process 21457 to run task
[2022-12-17T16:18:36.336+0000] {standard_task_runner.py:82} INFO - Running: ['***', 'tasks', 'run', 'dag_combustivel', 'pyspark_task', 'scheduled__2012-07-01T00:00:00+00:00', '--job-id', '80', '--raw', '--subdir', 'DAGS_FOLDER/dag_combustivel.py', '--cfg-path', '/tmp/tmpa9eluk70']
[2022-12-17T16:18:36.338+0000] {standard_task_runner.py:83} INFO - Job 80: Subtask pyspark_task
[2022-12-17T16:18:36.395+0000] {task_command.py:389} INFO - Running <TaskInstance: dag_combustivel.pyspark_task scheduled__2012-07-01T00:00:00+00:00 [running]> on host d2cc3443255e
[2022-12-17T16:18:36.478+0000] {taskinstance.py:1513} INFO - Exporting the following env vars:
AIRFLOW_CTX_DAG_OWNER=***
AIRFLOW_CTX_DAG_ID=dag_combustivel
AIRFLOW_CTX_TASK_ID=pyspark_task
AIRFLOW_CTX_EXECUTION_DATE=2012-07-01T00:00:00+00:00
AIRFLOW_CTX_TRY_NUMBER=1
AIRFLOW_CTX_DAG_RUN_ID=scheduled__2012-07-01T00:00:00+00:00
[2022-12-17T16:18:36.479+0000] {dataproc.py:1865} INFO - Submitting job
[2022-12-17T16:18:36.487+0000] {base.py:73} INFO - Using connection ID 'google_cloud_default' for task execution.
[2022-12-17T16:18:36.873+0000] {dataproc.py:1877} INFO - Job 5e65a230-abc9-4f8f-ac66-c071495d25f7 submitted successfully.
[2022-12-17T16:18:36.886+0000] {dataproc.py:1897} INFO - Waiting for job 5e65a230-abc9-4f8f-ac66-c071495d25f7 to complete
[2022-12-17T16:19:38.856+0000] {dataproc.py:1901} INFO - Job 5e65a230-abc9-4f8f-ac66-c071495d25f7 completed successfully.
[2022-12-17T16:19:38.874+0000] {taskinstance.py:1327} INFO - Marking task as SUCCESS. dag_id=dag_combustivel, task_id=pyspark_task, execution_date=20120701T000000, start_date=20221217T161836, end_date=20221217T161938
[2022-12-17T16:19:38.896+0000] {local_task_job.py:159} INFO - Task exited with return code 0
