[2022-12-17T16:48:37.984+0000] {taskinstance.py:1087} INFO - Dependencies all met for <TaskInstance: dag_combustivel.get_op scheduled__2015-07-01T00:00:00+00:00 [queued]>
[2022-12-17T16:48:37.995+0000] {taskinstance.py:1087} INFO - Dependencies all met for <TaskInstance: dag_combustivel.get_op scheduled__2015-07-01T00:00:00+00:00 [queued]>
[2022-12-17T16:48:37.995+0000] {taskinstance.py:1283} INFO - 
--------------------------------------------------------------------------------
[2022-12-17T16:48:37.995+0000] {taskinstance.py:1284} INFO - Starting attempt 1 of 1
[2022-12-17T16:48:37.996+0000] {taskinstance.py:1285} INFO - 
--------------------------------------------------------------------------------
[2022-12-17T16:48:38.010+0000] {taskinstance.py:1304} INFO - Executing <Task(SimpleHttpOperator): get_op> on 2015-07-01 00:00:00+00:00
[2022-12-17T16:48:38.019+0000] {standard_task_runner.py:55} INFO - Started process 26349 to run task
[2022-12-17T16:48:38.021+0000] {standard_task_runner.py:82} INFO - Running: ['***', 'tasks', 'run', 'dag_combustivel', 'get_op', 'scheduled__2015-07-01T00:00:00+00:00', '--job-id', '102', '--raw', '--subdir', 'DAGS_FOLDER/dag_combustivel.py', '--cfg-path', '/tmp/tmpy57ukwq2']
[2022-12-17T16:48:38.023+0000] {standard_task_runner.py:83} INFO - Job 102: Subtask get_op
[2022-12-17T16:48:38.082+0000] {task_command.py:389} INFO - Running <TaskInstance: dag_combustivel.get_op scheduled__2015-07-01T00:00:00+00:00 [running]> on host d2cc3443255e
[2022-12-17T16:48:38.159+0000] {taskinstance.py:1513} INFO - Exporting the following env vars:
AIRFLOW_CTX_DAG_OWNER=***
AIRFLOW_CTX_DAG_ID=dag_combustivel
AIRFLOW_CTX_TASK_ID=get_op
AIRFLOW_CTX_EXECUTION_DATE=2015-07-01T00:00:00+00:00
AIRFLOW_CTX_TRY_NUMBER=1
AIRFLOW_CTX_DAG_RUN_ID=scheduled__2015-07-01T00:00:00+00:00
[2022-12-17T16:48:38.160+0000] {http.py:123} INFO - Calling HTTP method
[2022-12-17T16:48:38.169+0000] {base.py:73} INFO - Using connection ID 'stack-data-pipeline' for task execution.
[2022-12-17T16:48:38.170+0000] {http.py:150} INFO - Sending 'POST' to url: https://pipeline-gcp-5gs5jqmtqq-uc.a.run.app/download_combustivel
[2022-12-17T16:48:58.948+0000] {taskinstance.py:1327} INFO - Marking task as SUCCESS. dag_id=dag_combustivel, task_id=get_op, execution_date=20150701T000000, start_date=20221217T164837, end_date=20221217T164858
[2022-12-17T16:48:58.997+0000] {local_task_job.py:159} INFO - Task exited with return code 0
