[2022-12-17T15:43:39.468+0000] {taskinstance.py:1087} INFO - Dependencies all met for <TaskInstance: dag_combustivel.create_cluster scheduled__2009-07-01T00:00:00+00:00 [queued]>
[2022-12-17T15:43:39.476+0000] {taskinstance.py:1087} INFO - Dependencies all met for <TaskInstance: dag_combustivel.create_cluster scheduled__2009-07-01T00:00:00+00:00 [queued]>
[2022-12-17T15:43:39.477+0000] {taskinstance.py:1283} INFO - 
--------------------------------------------------------------------------------
[2022-12-17T15:43:39.477+0000] {taskinstance.py:1284} INFO - Starting attempt 1 of 1
[2022-12-17T15:43:39.477+0000] {taskinstance.py:1285} INFO - 
--------------------------------------------------------------------------------
[2022-12-17T15:43:39.489+0000] {taskinstance.py:1304} INFO - Executing <Task(DataprocCreateClusterOperator): create_cluster> on 2009-07-01 00:00:00+00:00
[2022-12-17T15:43:39.498+0000] {standard_task_runner.py:55} INFO - Started process 15946 to run task
[2022-12-17T15:43:39.501+0000] {standard_task_runner.py:82} INFO - Running: ['***', 'tasks', 'run', 'dag_combustivel', 'create_cluster', 'scheduled__2009-07-01T00:00:00+00:00', '--job-id', '55', '--raw', '--subdir', 'DAGS_FOLDER/dag_combustivel.py', '--cfg-path', '/tmp/tmp0u_qxjpl']
[2022-12-17T15:43:39.502+0000] {standard_task_runner.py:83} INFO - Job 55: Subtask create_cluster
[2022-12-17T15:43:39.557+0000] {task_command.py:389} INFO - Running <TaskInstance: dag_combustivel.create_cluster scheduled__2009-07-01T00:00:00+00:00 [running]> on host d2cc3443255e
[2022-12-17T15:43:39.621+0000] {taskinstance.py:1513} INFO - Exporting the following env vars:
AIRFLOW_CTX_DAG_OWNER=***
AIRFLOW_CTX_DAG_ID=dag_combustivel
AIRFLOW_CTX_TASK_ID=create_cluster
AIRFLOW_CTX_EXECUTION_DATE=2009-07-01T00:00:00+00:00
AIRFLOW_CTX_TRY_NUMBER=1
AIRFLOW_CTX_DAG_RUN_ID=scheduled__2009-07-01T00:00:00+00:00
[2022-12-17T15:43:39.621+0000] {dataproc.py:591} INFO - Creating cluster: stack-data-pipeline2
[2022-12-17T15:43:39.629+0000] {base.py:73} INFO - Using connection ID 'google_cloud_default' for task execution.
[2022-12-17T15:46:33.465+0000] {dataproc.py:535} INFO - Cluster created.
[2022-12-17T15:46:33.490+0000] {taskinstance.py:1327} INFO - Marking task as SUCCESS. dag_id=dag_combustivel, task_id=create_cluster, execution_date=20090701T000000, start_date=20221217T154339, end_date=20221217T154633
[2022-12-17T15:46:33.538+0000] {local_task_job.py:159} INFO - Task exited with return code 0
