[2022-12-17T17:09:56.639+0000] {taskinstance.py:1087} INFO - Dependencies all met for <TaskInstance: dag_combustivel.delete_cluster scheduled__2017-01-01T00:00:00+00:00 [queued]>
[2022-12-17T17:09:56.649+0000] {taskinstance.py:1087} INFO - Dependencies all met for <TaskInstance: dag_combustivel.delete_cluster scheduled__2017-01-01T00:00:00+00:00 [queued]>
[2022-12-17T17:09:56.649+0000] {taskinstance.py:1283} INFO - 
--------------------------------------------------------------------------------
[2022-12-17T17:09:56.649+0000] {taskinstance.py:1284} INFO - Starting attempt 1 of 1
[2022-12-17T17:09:56.649+0000] {taskinstance.py:1285} INFO - 
--------------------------------------------------------------------------------
[2022-12-17T17:09:56.663+0000] {taskinstance.py:1304} INFO - Executing <Task(DataprocDeleteClusterOperator): delete_cluster> on 2017-01-01 00:00:00+00:00
[2022-12-17T17:09:56.672+0000] {standard_task_runner.py:55} INFO - Started process 29736 to run task
[2022-12-17T17:09:56.675+0000] {standard_task_runner.py:82} INFO - Running: ['***', 'tasks', 'run', 'dag_combustivel', 'delete_cluster', 'scheduled__2017-01-01T00:00:00+00:00', '--job-id', '117', '--raw', '--subdir', 'DAGS_FOLDER/dag_combustivel.py', '--cfg-path', '/tmp/tmp_jf7bsou']
[2022-12-17T17:09:56.676+0000] {standard_task_runner.py:83} INFO - Job 117: Subtask delete_cluster
[2022-12-17T17:09:56.736+0000] {task_command.py:389} INFO - Running <TaskInstance: dag_combustivel.delete_cluster scheduled__2017-01-01T00:00:00+00:00 [running]> on host d2cc3443255e
[2022-12-17T17:09:56.810+0000] {taskinstance.py:1513} INFO - Exporting the following env vars:
AIRFLOW_CTX_DAG_OWNER=***
AIRFLOW_CTX_DAG_ID=dag_combustivel
AIRFLOW_CTX_TASK_ID=delete_cluster
AIRFLOW_CTX_EXECUTION_DATE=2017-01-01T00:00:00+00:00
AIRFLOW_CTX_TRY_NUMBER=1
AIRFLOW_CTX_DAG_RUN_ID=scheduled__2017-01-01T00:00:00+00:00
[2022-12-17T17:09:56.820+0000] {base.py:73} INFO - Using connection ID 'google_cloud_default' for task execution.
[2022-12-17T17:09:56.829+0000] {dataproc.py:817} INFO - Deleting cluster: stack-data-pipeline2
[2022-12-17T17:11:02.043+0000] {dataproc.py:829} INFO - Cluster deleted.
[2022-12-17T17:11:02.057+0000] {taskinstance.py:1327} INFO - Marking task as SUCCESS. dag_id=dag_combustivel, task_id=delete_cluster, execution_date=20170101T000000, start_date=20221217T170956, end_date=20221217T171102
[2022-12-17T17:11:02.080+0000] {local_task_job.py:159} INFO - Task exited with return code 0
