[2022-12-17T13:43:55.693+0000] {taskinstance.py:1087} INFO - Dependencies all met for <TaskInstance: example_gcs.list_buckets manual__2022-12-17T13:43:52.017700+00:00 [queued]>
[2022-12-17T13:43:55.706+0000] {taskinstance.py:1087} INFO - Dependencies all met for <TaskInstance: example_gcs.list_buckets manual__2022-12-17T13:43:52.017700+00:00 [queued]>
[2022-12-17T13:43:55.706+0000] {taskinstance.py:1283} INFO - 
--------------------------------------------------------------------------------
[2022-12-17T13:43:55.706+0000] {taskinstance.py:1284} INFO - Starting attempt 1 of 1
[2022-12-17T13:43:55.706+0000] {taskinstance.py:1285} INFO - 
--------------------------------------------------------------------------------
[2022-12-17T13:43:55.732+0000] {taskinstance.py:1304} INFO - Executing <Task(GCSListObjectsOperator): list_buckets> on 2022-12-17 13:43:52.017700+00:00
[2022-12-17T13:43:55.743+0000] {standard_task_runner.py:82} INFO - Running: ['***', 'tasks', 'run', 'example_gcs', 'list_buckets', 'manual__2022-12-17T13:43:52.017700+00:00', '--job-id', '3', '--raw', '--subdir', 'DAGS_FOLDER/dag_teste.py', '--cfg-path', '/tmp/tmptfeqorjf']
[2022-12-17T13:43:55.745+0000] {standard_task_runner.py:83} INFO - Job 3: Subtask list_buckets
[2022-12-17T13:43:55.740+0000] {standard_task_runner.py:55} INFO - Started process 5963 to run task
[2022-12-17T13:43:55.862+0000] {task_command.py:389} INFO - Running <TaskInstance: example_gcs.list_buckets manual__2022-12-17T13:43:52.017700+00:00 [running]> on host d2cc3443255e
[2022-12-17T13:43:56.014+0000] {taskinstance.py:1513} INFO - Exporting the following env vars:
AIRFLOW_CTX_DAG_OWNER=***
AIRFLOW_CTX_DAG_ID=example_gcs
AIRFLOW_CTX_TASK_ID=list_buckets
AIRFLOW_CTX_EXECUTION_DATE=2022-12-17T13:43:52.017700+00:00
AIRFLOW_CTX_TRY_NUMBER=1
AIRFLOW_CTX_DAG_RUN_ID=manual__2022-12-17T13:43:52.017700+00:00
[2022-12-17T13:43:56.025+0000] {base.py:73} INFO - Using connection ID 'google_cloud_default' for task execution.
[2022-12-17T13:43:56.033+0000] {gcs.py:245} INFO - Getting list of the files. Bucket: data-pipeline-stack-combustiveis-brasil-curated2; Delimiter: None; Prefix: None
[2022-12-17T13:43:56.243+0000] {taskinstance.py:1327} INFO - Marking task as SUCCESS. dag_id=example_gcs, task_id=list_buckets, execution_date=20221217T134352, start_date=20221217T134355, end_date=20221217T134356
[2022-12-17T13:43:56.285+0000] {local_task_job.py:159} INFO - Task exited with return code 0
[2022-12-17T13:43:56.308+0000] {taskinstance.py:2582} INFO - 0 downstream tasks scheduled from follow-on schedule check
