[2022-12-17T15:41:27.244+0000] {taskinstance.py:1087} INFO - Dependencies all met for <TaskInstance: dag_combustivel.pyspark_task scheduled__2009-01-01T00:00:00+00:00 [queued]>
[2022-12-17T15:41:27.252+0000] {taskinstance.py:1087} INFO - Dependencies all met for <TaskInstance: dag_combustivel.pyspark_task scheduled__2009-01-01T00:00:00+00:00 [queued]>
[2022-12-17T15:41:27.252+0000] {taskinstance.py:1283} INFO - 
--------------------------------------------------------------------------------
[2022-12-17T15:41:27.252+0000] {taskinstance.py:1284} INFO - Starting attempt 1 of 1
[2022-12-17T15:41:27.252+0000] {taskinstance.py:1285} INFO - 
--------------------------------------------------------------------------------
[2022-12-17T15:41:27.264+0000] {taskinstance.py:1304} INFO - Executing <Task(DataprocSubmitJobOperator): pyspark_task> on 2009-01-01 00:00:00+00:00
[2022-12-17T15:41:27.272+0000] {standard_task_runner.py:55} INFO - Started process 15543 to run task
[2022-12-17T15:41:27.275+0000] {standard_task_runner.py:82} INFO - Running: ['***', 'tasks', 'run', 'dag_combustivel', 'pyspark_task', 'scheduled__2009-01-01T00:00:00+00:00', '--job-id', '52', '--raw', '--subdir', 'DAGS_FOLDER/dag_combustivel.py', '--cfg-path', '/tmp/tmpcw1i5j7b']
[2022-12-17T15:41:27.276+0000] {standard_task_runner.py:83} INFO - Job 52: Subtask pyspark_task
[2022-12-17T15:41:27.328+0000] {task_command.py:389} INFO - Running <TaskInstance: dag_combustivel.pyspark_task scheduled__2009-01-01T00:00:00+00:00 [running]> on host d2cc3443255e
[2022-12-17T15:41:27.403+0000] {taskinstance.py:1513} INFO - Exporting the following env vars:
AIRFLOW_CTX_DAG_OWNER=***
AIRFLOW_CTX_DAG_ID=dag_combustivel
AIRFLOW_CTX_TASK_ID=pyspark_task
AIRFLOW_CTX_EXECUTION_DATE=2009-01-01T00:00:00+00:00
AIRFLOW_CTX_TRY_NUMBER=1
AIRFLOW_CTX_DAG_RUN_ID=scheduled__2009-01-01T00:00:00+00:00
[2022-12-17T15:41:27.403+0000] {dataproc.py:1865} INFO - Submitting job
[2022-12-17T15:41:27.410+0000] {base.py:73} INFO - Using connection ID 'google_cloud_default' for task execution.
[2022-12-17T15:41:27.838+0000] {dataproc.py:1877} INFO - Job fc23fea9-bb56-4a3a-942e-eb31e50ef728 submitted successfully.
[2022-12-17T15:41:27.850+0000] {dataproc.py:1897} INFO - Waiting for job fc23fea9-bb56-4a3a-942e-eb31e50ef728 to complete
[2022-12-17T15:42:19.426+0000] {dataproc.py:1901} INFO - Job fc23fea9-bb56-4a3a-942e-eb31e50ef728 completed successfully.
[2022-12-17T15:42:19.452+0000] {taskinstance.py:1327} INFO - Marking task as SUCCESS. dag_id=dag_combustivel, task_id=pyspark_task, execution_date=20090101T000000, start_date=20221217T154127, end_date=20221217T154219
[2022-12-17T15:42:19.512+0000] {local_task_job.py:159} INFO - Task exited with return code 0
