[2022-12-17T17:16:32.466+0000] {taskinstance.py:1087} INFO - Dependencies all met for <TaskInstance: dag_combustivel.get_op scheduled__2018-01-01T00:00:00+00:00 [queued]>
[2022-12-17T17:16:32.475+0000] {taskinstance.py:1087} INFO - Dependencies all met for <TaskInstance: dag_combustivel.get_op scheduled__2018-01-01T00:00:00+00:00 [queued]>
[2022-12-17T17:16:32.475+0000] {taskinstance.py:1283} INFO - 
--------------------------------------------------------------------------------
[2022-12-17T17:16:32.475+0000] {taskinstance.py:1284} INFO - Starting attempt 1 of 1
[2022-12-17T17:16:32.475+0000] {taskinstance.py:1285} INFO - 
--------------------------------------------------------------------------------
[2022-12-17T17:16:32.488+0000] {taskinstance.py:1304} INFO - Executing <Task(SimpleHttpOperator): get_op> on 2018-01-01 00:00:00+00:00
[2022-12-17T17:16:32.497+0000] {standard_task_runner.py:55} INFO - Started process 30818 to run task
[2022-12-17T17:16:32.500+0000] {standard_task_runner.py:82} INFO - Running: ['***', 'tasks', 'run', 'dag_combustivel', 'get_op', 'scheduled__2018-01-01T00:00:00+00:00', '--job-id', '122', '--raw', '--subdir', 'DAGS_FOLDER/dag_combustivel.py', '--cfg-path', '/tmp/tmpcqpnitua']
[2022-12-17T17:16:32.501+0000] {standard_task_runner.py:83} INFO - Job 122: Subtask get_op
[2022-12-17T17:16:32.559+0000] {task_command.py:389} INFO - Running <TaskInstance: dag_combustivel.get_op scheduled__2018-01-01T00:00:00+00:00 [running]> on host d2cc3443255e
[2022-12-17T17:16:32.634+0000] {taskinstance.py:1513} INFO - Exporting the following env vars:
AIRFLOW_CTX_DAG_OWNER=***
AIRFLOW_CTX_DAG_ID=dag_combustivel
AIRFLOW_CTX_TASK_ID=get_op
AIRFLOW_CTX_EXECUTION_DATE=2018-01-01T00:00:00+00:00
AIRFLOW_CTX_TRY_NUMBER=1
AIRFLOW_CTX_DAG_RUN_ID=scheduled__2018-01-01T00:00:00+00:00
[2022-12-17T17:16:32.635+0000] {http.py:123} INFO - Calling HTTP method
[2022-12-17T17:16:32.643+0000] {base.py:73} INFO - Using connection ID 'stack-data-pipeline' for task execution.
[2022-12-17T17:16:32.644+0000] {http.py:150} INFO - Sending 'POST' to url: https://pipeline-gcp-5gs5jqmtqq-uc.a.run.app/download_combustivel
[2022-12-17T17:16:46.909+0000] {taskinstance.py:1327} INFO - Marking task as SUCCESS. dag_id=dag_combustivel, task_id=get_op, execution_date=20180101T000000, start_date=20221217T171632, end_date=20221217T171646
[2022-12-17T17:16:46.941+0000] {local_task_job.py:159} INFO - Task exited with return code 0
