[2022-12-17T16:23:53.988+0000] {taskinstance.py:1087} INFO - Dependencies all met for <TaskInstance: dag_combustivel.pyspark_task scheduled__2013-01-01T00:00:00+00:00 [queued]>
[2022-12-17T16:23:53.997+0000] {taskinstance.py:1087} INFO - Dependencies all met for <TaskInstance: dag_combustivel.pyspark_task scheduled__2013-01-01T00:00:00+00:00 [queued]>
[2022-12-17T16:23:53.997+0000] {taskinstance.py:1283} INFO - 
--------------------------------------------------------------------------------
[2022-12-17T16:23:53.998+0000] {taskinstance.py:1284} INFO - Starting attempt 1 of 1
[2022-12-17T16:23:53.998+0000] {taskinstance.py:1285} INFO - 
--------------------------------------------------------------------------------
[2022-12-17T16:23:54.012+0000] {taskinstance.py:1304} INFO - Executing <Task(DataprocSubmitJobOperator): pyspark_task> on 2013-01-01 00:00:00+00:00
[2022-12-17T16:23:54.021+0000] {standard_task_runner.py:55} INFO - Started process 22299 to run task
[2022-12-17T16:23:54.024+0000] {standard_task_runner.py:82} INFO - Running: ['***', 'tasks', 'run', 'dag_combustivel', 'pyspark_task', 'scheduled__2013-01-01T00:00:00+00:00', '--job-id', '84', '--raw', '--subdir', 'DAGS_FOLDER/dag_combustivel.py', '--cfg-path', '/tmp/tmpah2rdvzy']
[2022-12-17T16:23:54.026+0000] {standard_task_runner.py:83} INFO - Job 84: Subtask pyspark_task
[2022-12-17T16:23:54.208+0000] {task_command.py:389} INFO - Running <TaskInstance: dag_combustivel.pyspark_task scheduled__2013-01-01T00:00:00+00:00 [running]> on host d2cc3443255e
[2022-12-17T16:23:54.324+0000] {taskinstance.py:1513} INFO - Exporting the following env vars:
AIRFLOW_CTX_DAG_OWNER=***
AIRFLOW_CTX_DAG_ID=dag_combustivel
AIRFLOW_CTX_TASK_ID=pyspark_task
AIRFLOW_CTX_EXECUTION_DATE=2013-01-01T00:00:00+00:00
AIRFLOW_CTX_TRY_NUMBER=1
AIRFLOW_CTX_DAG_RUN_ID=scheduled__2013-01-01T00:00:00+00:00
[2022-12-17T16:23:54.325+0000] {dataproc.py:1865} INFO - Submitting job
[2022-12-17T16:23:54.333+0000] {base.py:73} INFO - Using connection ID 'google_cloud_default' for task execution.
[2022-12-17T16:23:54.722+0000] {dataproc.py:1877} INFO - Job 66a43019-f9a9-4189-b9a7-fe65c5895ef0 submitted successfully.
[2022-12-17T16:23:54.735+0000] {dataproc.py:1897} INFO - Waiting for job 66a43019-f9a9-4189-b9a7-fe65c5895ef0 to complete
[2022-12-17T16:24:56.718+0000] {dataproc.py:1901} INFO - Job 66a43019-f9a9-4189-b9a7-fe65c5895ef0 completed successfully.
[2022-12-17T16:24:56.737+0000] {taskinstance.py:1327} INFO - Marking task as SUCCESS. dag_id=dag_combustivel, task_id=pyspark_task, execution_date=20130101T000000, start_date=20221217T162353, end_date=20221217T162456
[2022-12-17T16:24:56.780+0000] {local_task_job.py:159} INFO - Task exited with return code 0
