[2022-12-17T16:56:14.023+0000] {taskinstance.py:1087} INFO - Dependencies all met for <TaskInstance: dag_combustivel.pyspark_task scheduled__2016-01-01T00:00:00+00:00 [queued]>
[2022-12-17T16:56:14.033+0000] {taskinstance.py:1087} INFO - Dependencies all met for <TaskInstance: dag_combustivel.pyspark_task scheduled__2016-01-01T00:00:00+00:00 [queued]>
[2022-12-17T16:56:14.033+0000] {taskinstance.py:1283} INFO - 
--------------------------------------------------------------------------------
[2022-12-17T16:56:14.034+0000] {taskinstance.py:1284} INFO - Starting attempt 1 of 1
[2022-12-17T16:56:14.034+0000] {taskinstance.py:1285} INFO - 
--------------------------------------------------------------------------------
[2022-12-17T16:56:14.046+0000] {taskinstance.py:1304} INFO - Executing <Task(DataprocSubmitJobOperator): pyspark_task> on 2016-01-01 00:00:00+00:00
[2022-12-17T16:56:14.055+0000] {standard_task_runner.py:55} INFO - Started process 27486 to run task
[2022-12-17T16:56:14.058+0000] {standard_task_runner.py:82} INFO - Running: ['***', 'tasks', 'run', 'dag_combustivel', 'pyspark_task', 'scheduled__2016-01-01T00:00:00+00:00', '--job-id', '108', '--raw', '--subdir', 'DAGS_FOLDER/dag_combustivel.py', '--cfg-path', '/tmp/tmpsb3vz6z6']
[2022-12-17T16:56:14.059+0000] {standard_task_runner.py:83} INFO - Job 108: Subtask pyspark_task
[2022-12-17T16:56:14.116+0000] {task_command.py:389} INFO - Running <TaskInstance: dag_combustivel.pyspark_task scheduled__2016-01-01T00:00:00+00:00 [running]> on host d2cc3443255e
[2022-12-17T16:56:14.191+0000] {taskinstance.py:1513} INFO - Exporting the following env vars:
AIRFLOW_CTX_DAG_OWNER=***
AIRFLOW_CTX_DAG_ID=dag_combustivel
AIRFLOW_CTX_TASK_ID=pyspark_task
AIRFLOW_CTX_EXECUTION_DATE=2016-01-01T00:00:00+00:00
AIRFLOW_CTX_TRY_NUMBER=1
AIRFLOW_CTX_DAG_RUN_ID=scheduled__2016-01-01T00:00:00+00:00
[2022-12-17T16:56:14.192+0000] {dataproc.py:1865} INFO - Submitting job
[2022-12-17T16:56:14.201+0000] {base.py:73} INFO - Using connection ID 'google_cloud_default' for task execution.
[2022-12-17T16:56:14.591+0000] {dataproc.py:1877} INFO - Job c0bf6de1-0023-43ed-a463-d8a54b045fee submitted successfully.
[2022-12-17T16:56:14.604+0000] {dataproc.py:1897} INFO - Waiting for job c0bf6de1-0023-43ed-a463-d8a54b045fee to complete
[2022-12-17T16:57:26.811+0000] {dataproc.py:1901} INFO - Job c0bf6de1-0023-43ed-a463-d8a54b045fee completed successfully.
[2022-12-17T16:57:26.829+0000] {taskinstance.py:1327} INFO - Marking task as SUCCESS. dag_id=dag_combustivel, task_id=pyspark_task, execution_date=20160101T000000, start_date=20221217T165614, end_date=20221217T165726
[2022-12-17T16:57:26.862+0000] {local_task_job.py:159} INFO - Task exited with return code 0
