[2022-12-17T15:00:50.339+0000] {taskinstance.py:1087} INFO - Dependencies all met for <TaskInstance: dag_combustivel.pyspark_task scheduled__2005-01-01T00:00:00+00:00 [queued]>
[2022-12-17T15:00:50.348+0000] {taskinstance.py:1087} INFO - Dependencies all met for <TaskInstance: dag_combustivel.pyspark_task scheduled__2005-01-01T00:00:00+00:00 [queued]>
[2022-12-17T15:00:50.348+0000] {taskinstance.py:1283} INFO - 
--------------------------------------------------------------------------------
[2022-12-17T15:00:50.349+0000] {taskinstance.py:1284} INFO - Starting attempt 1 of 1
[2022-12-17T15:00:50.349+0000] {taskinstance.py:1285} INFO - 
--------------------------------------------------------------------------------
[2022-12-17T15:00:50.362+0000] {taskinstance.py:1304} INFO - Executing <Task(DataprocSubmitJobOperator): pyspark_task> on 2005-01-01 00:00:00+00:00
[2022-12-17T15:00:50.371+0000] {standard_task_runner.py:55} INFO - Started process 9098 to run task
[2022-12-17T15:00:50.374+0000] {standard_task_runner.py:82} INFO - Running: ['***', 'tasks', 'run', 'dag_combustivel', 'pyspark_task', 'scheduled__2005-01-01T00:00:00+00:00', '--job-id', '20', '--raw', '--subdir', 'DAGS_FOLDER/dag_combustivel.py', '--cfg-path', '/tmp/tmporzv7205']
[2022-12-17T15:00:50.376+0000] {standard_task_runner.py:83} INFO - Job 20: Subtask pyspark_task
[2022-12-17T15:00:50.434+0000] {task_command.py:389} INFO - Running <TaskInstance: dag_combustivel.pyspark_task scheduled__2005-01-01T00:00:00+00:00 [running]> on host d2cc3443255e
[2022-12-17T15:00:50.522+0000] {taskinstance.py:1513} INFO - Exporting the following env vars:
AIRFLOW_CTX_DAG_OWNER=***
AIRFLOW_CTX_DAG_ID=dag_combustivel
AIRFLOW_CTX_TASK_ID=pyspark_task
AIRFLOW_CTX_EXECUTION_DATE=2005-01-01T00:00:00+00:00
AIRFLOW_CTX_TRY_NUMBER=1
AIRFLOW_CTX_DAG_RUN_ID=scheduled__2005-01-01T00:00:00+00:00
[2022-12-17T15:00:50.523+0000] {dataproc.py:1865} INFO - Submitting job
[2022-12-17T15:00:50.532+0000] {base.py:73} INFO - Using connection ID 'google_cloud_default' for task execution.
[2022-12-17T15:00:50.917+0000] {dataproc.py:1877} INFO - Job 4670219a-8b1c-4a8c-8d15-d220b05fefa2 submitted successfully.
[2022-12-17T15:00:50.932+0000] {dataproc.py:1897} INFO - Waiting for job 4670219a-8b1c-4a8c-8d15-d220b05fefa2 to complete
[2022-12-17T15:01:52.922+0000] {dataproc.py:1901} INFO - Job 4670219a-8b1c-4a8c-8d15-d220b05fefa2 completed successfully.
[2022-12-17T15:01:52.941+0000] {taskinstance.py:1327} INFO - Marking task as SUCCESS. dag_id=dag_combustivel, task_id=pyspark_task, execution_date=20050101T000000, start_date=20221217T150050, end_date=20221217T150152
[2022-12-17T15:01:52.961+0000] {local_task_job.py:159} INFO - Task exited with return code 0
