[2022-12-17T15:52:14.856+0000] {taskinstance.py:1087} INFO - Dependencies all met for <TaskInstance: dag_combustivel.pyspark_task scheduled__2010-01-01T00:00:00+00:00 [queued]>
[2022-12-17T15:52:14.870+0000] {taskinstance.py:1087} INFO - Dependencies all met for <TaskInstance: dag_combustivel.pyspark_task scheduled__2010-01-01T00:00:00+00:00 [queued]>
[2022-12-17T15:52:14.870+0000] {taskinstance.py:1283} INFO - 
--------------------------------------------------------------------------------
[2022-12-17T15:52:14.870+0000] {taskinstance.py:1284} INFO - Starting attempt 1 of 1
[2022-12-17T15:52:14.870+0000] {taskinstance.py:1285} INFO - 
--------------------------------------------------------------------------------
[2022-12-17T15:52:14.890+0000] {taskinstance.py:1304} INFO - Executing <Task(DataprocSubmitJobOperator): pyspark_task> on 2010-01-01 00:00:00+00:00
[2022-12-17T15:52:14.900+0000] {standard_task_runner.py:55} INFO - Started process 17249 to run task
[2022-12-17T15:52:14.904+0000] {standard_task_runner.py:82} INFO - Running: ['***', 'tasks', 'run', 'dag_combustivel', 'pyspark_task', 'scheduled__2010-01-01T00:00:00+00:00', '--job-id', '60', '--raw', '--subdir', 'DAGS_FOLDER/dag_combustivel.py', '--cfg-path', '/tmp/tmpxznhd92c']
[2022-12-17T15:52:14.906+0000] {standard_task_runner.py:83} INFO - Job 60: Subtask pyspark_task
[2022-12-17T15:52:14.990+0000] {task_command.py:389} INFO - Running <TaskInstance: dag_combustivel.pyspark_task scheduled__2010-01-01T00:00:00+00:00 [running]> on host d2cc3443255e
[2022-12-17T15:52:15.111+0000] {taskinstance.py:1513} INFO - Exporting the following env vars:
AIRFLOW_CTX_DAG_OWNER=***
AIRFLOW_CTX_DAG_ID=dag_combustivel
AIRFLOW_CTX_TASK_ID=pyspark_task
AIRFLOW_CTX_EXECUTION_DATE=2010-01-01T00:00:00+00:00
AIRFLOW_CTX_TRY_NUMBER=1
AIRFLOW_CTX_DAG_RUN_ID=scheduled__2010-01-01T00:00:00+00:00
[2022-12-17T15:52:15.112+0000] {dataproc.py:1865} INFO - Submitting job
[2022-12-17T15:52:15.124+0000] {base.py:73} INFO - Using connection ID 'google_cloud_default' for task execution.
[2022-12-17T15:52:15.662+0000] {dataproc.py:1877} INFO - Job 5fa47346-9cd0-4533-83e7-e8c1d0e65741 submitted successfully.
[2022-12-17T15:52:15.682+0000] {dataproc.py:1897} INFO - Waiting for job 5fa47346-9cd0-4533-83e7-e8c1d0e65741 to complete
[2022-12-17T15:53:27.978+0000] {dataproc.py:1901} INFO - Job 5fa47346-9cd0-4533-83e7-e8c1d0e65741 completed successfully.
[2022-12-17T15:53:27.997+0000] {taskinstance.py:1327} INFO - Marking task as SUCCESS. dag_id=dag_combustivel, task_id=pyspark_task, execution_date=20100101T000000, start_date=20221217T155214, end_date=20221217T155327
[2022-12-17T15:53:28.020+0000] {local_task_job.py:159} INFO - Task exited with return code 0
