[2022-12-17T17:08:42.622+0000] {taskinstance.py:1087} INFO - Dependencies all met for <TaskInstance: dag_combustivel.pyspark_task scheduled__2017-01-01T00:00:00+00:00 [queued]>
[2022-12-17T17:08:42.630+0000] {taskinstance.py:1087} INFO - Dependencies all met for <TaskInstance: dag_combustivel.pyspark_task scheduled__2017-01-01T00:00:00+00:00 [queued]>
[2022-12-17T17:08:42.631+0000] {taskinstance.py:1283} INFO - 
--------------------------------------------------------------------------------
[2022-12-17T17:08:42.631+0000] {taskinstance.py:1284} INFO - Starting attempt 1 of 1
[2022-12-17T17:08:42.631+0000] {taskinstance.py:1285} INFO - 
--------------------------------------------------------------------------------
[2022-12-17T17:08:42.644+0000] {taskinstance.py:1304} INFO - Executing <Task(DataprocSubmitJobOperator): pyspark_task> on 2017-01-01 00:00:00+00:00
[2022-12-17T17:08:42.653+0000] {standard_task_runner.py:55} INFO - Started process 29422 to run task
[2022-12-17T17:08:42.656+0000] {standard_task_runner.py:82} INFO - Running: ['***', 'tasks', 'run', 'dag_combustivel', 'pyspark_task', 'scheduled__2017-01-01T00:00:00+00:00', '--job-id', '116', '--raw', '--subdir', 'DAGS_FOLDER/dag_combustivel.py', '--cfg-path', '/tmp/tmp6tcsb7_n']
[2022-12-17T17:08:42.657+0000] {standard_task_runner.py:83} INFO - Job 116: Subtask pyspark_task
[2022-12-17T17:08:42.721+0000] {task_command.py:389} INFO - Running <TaskInstance: dag_combustivel.pyspark_task scheduled__2017-01-01T00:00:00+00:00 [running]> on host d2cc3443255e
[2022-12-17T17:08:42.811+0000] {taskinstance.py:1513} INFO - Exporting the following env vars:
AIRFLOW_CTX_DAG_OWNER=***
AIRFLOW_CTX_DAG_ID=dag_combustivel
AIRFLOW_CTX_TASK_ID=pyspark_task
AIRFLOW_CTX_EXECUTION_DATE=2017-01-01T00:00:00+00:00
AIRFLOW_CTX_TRY_NUMBER=1
AIRFLOW_CTX_DAG_RUN_ID=scheduled__2017-01-01T00:00:00+00:00
[2022-12-17T17:08:42.811+0000] {dataproc.py:1865} INFO - Submitting job
[2022-12-17T17:08:42.819+0000] {base.py:73} INFO - Using connection ID 'google_cloud_default' for task execution.
[2022-12-17T17:08:43.189+0000] {dataproc.py:1877} INFO - Job c1fe7f4c-4d58-4cee-adfc-37fd754c7b24 submitted successfully.
[2022-12-17T17:08:43.207+0000] {dataproc.py:1897} INFO - Waiting for job c1fe7f4c-4d58-4cee-adfc-37fd754c7b24 to complete
[2022-12-17T17:09:55.494+0000] {dataproc.py:1901} INFO - Job c1fe7f4c-4d58-4cee-adfc-37fd754c7b24 completed successfully.
[2022-12-17T17:09:55.514+0000] {taskinstance.py:1327} INFO - Marking task as SUCCESS. dag_id=dag_combustivel, task_id=pyspark_task, execution_date=20170101T000000, start_date=20221217T170842, end_date=20221217T170955
[2022-12-17T17:09:55.565+0000] {local_task_job.py:159} INFO - Task exited with return code 0
