[2022-12-17T15:16:12.415+0000] {taskinstance.py:1087} INFO - Dependencies all met for <TaskInstance: dag_combustivel.pyspark_task scheduled__2006-07-01T00:00:00+00:00 [queued]>
[2022-12-17T15:16:12.425+0000] {taskinstance.py:1087} INFO - Dependencies all met for <TaskInstance: dag_combustivel.pyspark_task scheduled__2006-07-01T00:00:00+00:00 [queued]>
[2022-12-17T15:16:12.425+0000] {taskinstance.py:1283} INFO - 
--------------------------------------------------------------------------------
[2022-12-17T15:16:12.425+0000] {taskinstance.py:1284} INFO - Starting attempt 1 of 1
[2022-12-17T15:16:12.425+0000] {taskinstance.py:1285} INFO - 
--------------------------------------------------------------------------------
[2022-12-17T15:16:12.441+0000] {taskinstance.py:1304} INFO - Executing <Task(DataprocSubmitJobOperator): pyspark_task> on 2006-07-01 00:00:00+00:00
[2022-12-17T15:16:12.450+0000] {standard_task_runner.py:55} INFO - Started process 11543 to run task
[2022-12-17T15:16:12.453+0000] {standard_task_runner.py:82} INFO - Running: ['***', 'tasks', 'run', 'dag_combustivel', 'pyspark_task', 'scheduled__2006-07-01T00:00:00+00:00', '--job-id', '32', '--raw', '--subdir', 'DAGS_FOLDER/dag_combustivel.py', '--cfg-path', '/tmp/tmpgyis_52f']
[2022-12-17T15:16:12.455+0000] {standard_task_runner.py:83} INFO - Job 32: Subtask pyspark_task
[2022-12-17T15:16:12.598+0000] {task_command.py:389} INFO - Running <TaskInstance: dag_combustivel.pyspark_task scheduled__2006-07-01T00:00:00+00:00 [running]> on host d2cc3443255e
[2022-12-17T15:16:12.721+0000] {taskinstance.py:1513} INFO - Exporting the following env vars:
AIRFLOW_CTX_DAG_OWNER=***
AIRFLOW_CTX_DAG_ID=dag_combustivel
AIRFLOW_CTX_TASK_ID=pyspark_task
AIRFLOW_CTX_EXECUTION_DATE=2006-07-01T00:00:00+00:00
AIRFLOW_CTX_TRY_NUMBER=1
AIRFLOW_CTX_DAG_RUN_ID=scheduled__2006-07-01T00:00:00+00:00
[2022-12-17T15:16:12.722+0000] {dataproc.py:1865} INFO - Submitting job
[2022-12-17T15:16:12.731+0000] {base.py:73} INFO - Using connection ID 'google_cloud_default' for task execution.
[2022-12-17T15:16:13.184+0000] {dataproc.py:1877} INFO - Job 164c0fbe-098b-494d-bcfe-c35207ad4127 submitted successfully.
[2022-12-17T15:16:13.198+0000] {dataproc.py:1897} INFO - Waiting for job 164c0fbe-098b-494d-bcfe-c35207ad4127 to complete
[2022-12-17T15:17:04.821+0000] {dataproc.py:1901} INFO - Job 164c0fbe-098b-494d-bcfe-c35207ad4127 completed successfully.
[2022-12-17T15:17:04.844+0000] {taskinstance.py:1327} INFO - Marking task as SUCCESS. dag_id=dag_combustivel, task_id=pyspark_task, execution_date=20060701T000000, start_date=20221217T151612, end_date=20221217T151704
[2022-12-17T15:17:04.900+0000] {local_task_job.py:159} INFO - Task exited with return code 0
