[2022-12-17T15:21:32.345+0000] {taskinstance.py:1087} INFO - Dependencies all met for <TaskInstance: dag_combustivel.pyspark_task scheduled__2007-01-01T00:00:00+00:00 [queued]>
[2022-12-17T15:21:32.354+0000] {taskinstance.py:1087} INFO - Dependencies all met for <TaskInstance: dag_combustivel.pyspark_task scheduled__2007-01-01T00:00:00+00:00 [queued]>
[2022-12-17T15:21:32.354+0000] {taskinstance.py:1283} INFO - 
--------------------------------------------------------------------------------
[2022-12-17T15:21:32.355+0000] {taskinstance.py:1284} INFO - Starting attempt 1 of 1
[2022-12-17T15:21:32.355+0000] {taskinstance.py:1285} INFO - 
--------------------------------------------------------------------------------
[2022-12-17T15:21:32.368+0000] {taskinstance.py:1304} INFO - Executing <Task(DataprocSubmitJobOperator): pyspark_task> on 2007-01-01 00:00:00+00:00
[2022-12-17T15:21:32.377+0000] {standard_task_runner.py:55} INFO - Started process 12336 to run task
[2022-12-17T15:21:32.380+0000] {standard_task_runner.py:82} INFO - Running: ['***', 'tasks', 'run', 'dag_combustivel', 'pyspark_task', 'scheduled__2007-01-01T00:00:00+00:00', '--job-id', '36', '--raw', '--subdir', 'DAGS_FOLDER/dag_combustivel.py', '--cfg-path', '/tmp/tmph_pe5af4']
[2022-12-17T15:21:32.381+0000] {standard_task_runner.py:83} INFO - Job 36: Subtask pyspark_task
[2022-12-17T15:21:32.442+0000] {task_command.py:389} INFO - Running <TaskInstance: dag_combustivel.pyspark_task scheduled__2007-01-01T00:00:00+00:00 [running]> on host d2cc3443255e
[2022-12-17T15:21:32.525+0000] {taskinstance.py:1513} INFO - Exporting the following env vars:
AIRFLOW_CTX_DAG_OWNER=***
AIRFLOW_CTX_DAG_ID=dag_combustivel
AIRFLOW_CTX_TASK_ID=pyspark_task
AIRFLOW_CTX_EXECUTION_DATE=2007-01-01T00:00:00+00:00
AIRFLOW_CTX_TRY_NUMBER=1
AIRFLOW_CTX_DAG_RUN_ID=scheduled__2007-01-01T00:00:00+00:00
[2022-12-17T15:21:32.526+0000] {dataproc.py:1865} INFO - Submitting job
[2022-12-17T15:21:32.535+0000] {base.py:73} INFO - Using connection ID 'google_cloud_default' for task execution.
[2022-12-17T15:21:32.912+0000] {dataproc.py:1877} INFO - Job b00ccf90-8efe-418f-b14a-15acda08f2a1 submitted successfully.
[2022-12-17T15:21:32.925+0000] {dataproc.py:1897} INFO - Waiting for job b00ccf90-8efe-418f-b14a-15acda08f2a1 to complete
[2022-12-17T15:22:34.972+0000] {dataproc.py:1901} INFO - Job b00ccf90-8efe-418f-b14a-15acda08f2a1 completed successfully.
[2022-12-17T15:22:34.991+0000] {taskinstance.py:1327} INFO - Marking task as SUCCESS. dag_id=dag_combustivel, task_id=pyspark_task, execution_date=20070101T000000, start_date=20221217T152132, end_date=20221217T152234
[2022-12-17T15:22:35.013+0000] {local_task_job.py:159} INFO - Task exited with return code 0
