[2022-12-17T17:00:44.605+0000] {taskinstance.py:1087} INFO - Dependencies all met for <TaskInstance: dag_combustivel.pyspark_task scheduled__2016-07-01T00:00:00+00:00 [queued]>
[2022-12-17T17:00:44.614+0000] {taskinstance.py:1087} INFO - Dependencies all met for <TaskInstance: dag_combustivel.pyspark_task scheduled__2016-07-01T00:00:00+00:00 [queued]>
[2022-12-17T17:00:44.614+0000] {taskinstance.py:1283} INFO - 
--------------------------------------------------------------------------------
[2022-12-17T17:00:44.614+0000] {taskinstance.py:1284} INFO - Starting attempt 1 of 1
[2022-12-17T17:00:44.614+0000] {taskinstance.py:1285} INFO - 
--------------------------------------------------------------------------------
[2022-12-17T17:00:44.626+0000] {taskinstance.py:1304} INFO - Executing <Task(DataprocSubmitJobOperator): pyspark_task> on 2016-07-01 00:00:00+00:00
[2022-12-17T17:00:44.635+0000] {standard_task_runner.py:55} INFO - Started process 28250 to run task
[2022-12-17T17:00:44.638+0000] {standard_task_runner.py:82} INFO - Running: ['***', 'tasks', 'run', 'dag_combustivel', 'pyspark_task', 'scheduled__2016-07-01T00:00:00+00:00', '--job-id', '112', '--raw', '--subdir', 'DAGS_FOLDER/dag_combustivel.py', '--cfg-path', '/tmp/tmpadhdy5h_']
[2022-12-17T17:00:44.639+0000] {standard_task_runner.py:83} INFO - Job 112: Subtask pyspark_task
[2022-12-17T17:00:44.691+0000] {task_command.py:389} INFO - Running <TaskInstance: dag_combustivel.pyspark_task scheduled__2016-07-01T00:00:00+00:00 [running]> on host d2cc3443255e
[2022-12-17T17:00:44.766+0000] {taskinstance.py:1513} INFO - Exporting the following env vars:
AIRFLOW_CTX_DAG_OWNER=***
AIRFLOW_CTX_DAG_ID=dag_combustivel
AIRFLOW_CTX_TASK_ID=pyspark_task
AIRFLOW_CTX_EXECUTION_DATE=2016-07-01T00:00:00+00:00
AIRFLOW_CTX_TRY_NUMBER=1
AIRFLOW_CTX_DAG_RUN_ID=scheduled__2016-07-01T00:00:00+00:00
[2022-12-17T17:00:44.767+0000] {dataproc.py:1865} INFO - Submitting job
[2022-12-17T17:00:44.774+0000] {base.py:73} INFO - Using connection ID 'google_cloud_default' for task execution.
[2022-12-17T17:00:45.162+0000] {dataproc.py:1877} INFO - Job 54ee3b32-43e2-4736-8af7-571a2e670358 submitted successfully.
[2022-12-17T17:00:45.175+0000] {dataproc.py:1897} INFO - Waiting for job 54ee3b32-43e2-4736-8af7-571a2e670358 to complete
[2022-12-17T17:01:57.496+0000] {dataproc.py:1901} INFO - Job 54ee3b32-43e2-4736-8af7-571a2e670358 completed successfully.
[2022-12-17T17:01:57.515+0000] {taskinstance.py:1327} INFO - Marking task as SUCCESS. dag_id=dag_combustivel, task_id=pyspark_task, execution_date=20160701T000000, start_date=20221217T170044, end_date=20221217T170157
[2022-12-17T17:01:57.563+0000] {local_task_job.py:159} INFO - Task exited with return code 0
