[2022-12-17T15:23:07.516+0000] {taskinstance.py:1087} INFO - Dependencies all met for <TaskInstance: dag_combustivel.get_op scheduled__2007-07-01T00:00:00+00:00 [queued]>
[2022-12-17T15:23:07.526+0000] {taskinstance.py:1087} INFO - Dependencies all met for <TaskInstance: dag_combustivel.get_op scheduled__2007-07-01T00:00:00+00:00 [queued]>
[2022-12-17T15:23:07.526+0000] {taskinstance.py:1283} INFO - 
--------------------------------------------------------------------------------
[2022-12-17T15:23:07.526+0000] {taskinstance.py:1284} INFO - Starting attempt 1 of 1
[2022-12-17T15:23:07.526+0000] {taskinstance.py:1285} INFO - 
--------------------------------------------------------------------------------
[2022-12-17T15:23:07.592+0000] {taskinstance.py:1304} INFO - Executing <Task(SimpleHttpOperator): get_op> on 2007-07-01 00:00:00+00:00
[2022-12-17T15:23:07.601+0000] {standard_task_runner.py:55} INFO - Started process 12707 to run task
[2022-12-17T15:23:07.604+0000] {standard_task_runner.py:82} INFO - Running: ['***', 'tasks', 'run', 'dag_combustivel', 'get_op', 'scheduled__2007-07-01T00:00:00+00:00', '--job-id', '38', '--raw', '--subdir', 'DAGS_FOLDER/dag_combustivel.py', '--cfg-path', '/tmp/tmp2lp7_wke']
[2022-12-17T15:23:07.606+0000] {standard_task_runner.py:83} INFO - Job 38: Subtask get_op
[2022-12-17T15:23:07.816+0000] {task_command.py:389} INFO - Running <TaskInstance: dag_combustivel.get_op scheduled__2007-07-01T00:00:00+00:00 [running]> on host d2cc3443255e
[2022-12-17T15:23:08.013+0000] {taskinstance.py:1513} INFO - Exporting the following env vars:
AIRFLOW_CTX_DAG_OWNER=***
AIRFLOW_CTX_DAG_ID=dag_combustivel
AIRFLOW_CTX_TASK_ID=get_op
AIRFLOW_CTX_EXECUTION_DATE=2007-07-01T00:00:00+00:00
AIRFLOW_CTX_TRY_NUMBER=1
AIRFLOW_CTX_DAG_RUN_ID=scheduled__2007-07-01T00:00:00+00:00
[2022-12-17T15:23:08.014+0000] {http.py:123} INFO - Calling HTTP method
[2022-12-17T15:23:08.024+0000] {base.py:73} INFO - Using connection ID 'stack-data-pipeline' for task execution.
[2022-12-17T15:23:08.025+0000] {http.py:150} INFO - Sending 'POST' to url: https://pipeline-gcp-5gs5jqmtqq-uc.a.run.app/download_combustivel
[2022-12-17T15:23:24.442+0000] {taskinstance.py:1327} INFO - Marking task as SUCCESS. dag_id=dag_combustivel, task_id=get_op, execution_date=20070701T000000, start_date=20221217T152307, end_date=20221217T152324
[2022-12-17T15:23:24.500+0000] {local_task_job.py:159} INFO - Task exited with return code 0
