[2022-12-17T16:58:13.725+0000] {taskinstance.py:1087} INFO - Dependencies all met for <TaskInstance: dag_combustivel.create_cluster scheduled__2016-07-01T00:00:00+00:00 [queued]>
[2022-12-17T16:58:13.734+0000] {taskinstance.py:1087} INFO - Dependencies all met for <TaskInstance: dag_combustivel.create_cluster scheduled__2016-07-01T00:00:00+00:00 [queued]>
[2022-12-17T16:58:13.734+0000] {taskinstance.py:1283} INFO - 
--------------------------------------------------------------------------------
[2022-12-17T16:58:13.734+0000] {taskinstance.py:1284} INFO - Starting attempt 1 of 1
[2022-12-17T16:58:13.734+0000] {taskinstance.py:1285} INFO - 
--------------------------------------------------------------------------------
[2022-12-17T16:58:13.746+0000] {taskinstance.py:1304} INFO - Executing <Task(DataprocCreateClusterOperator): create_cluster> on 2016-07-01 00:00:00+00:00
[2022-12-17T16:58:13.755+0000] {standard_task_runner.py:55} INFO - Started process 27928 to run task
[2022-12-17T16:58:13.757+0000] {standard_task_runner.py:82} INFO - Running: ['***', 'tasks', 'run', 'dag_combustivel', 'create_cluster', 'scheduled__2016-07-01T00:00:00+00:00', '--job-id', '111', '--raw', '--subdir', 'DAGS_FOLDER/dag_combustivel.py', '--cfg-path', '/tmp/tmpo0c3p2zm']
[2022-12-17T16:58:13.759+0000] {standard_task_runner.py:83} INFO - Job 111: Subtask create_cluster
[2022-12-17T16:58:13.810+0000] {task_command.py:389} INFO - Running <TaskInstance: dag_combustivel.create_cluster scheduled__2016-07-01T00:00:00+00:00 [running]> on host d2cc3443255e
[2022-12-17T16:58:13.874+0000] {taskinstance.py:1513} INFO - Exporting the following env vars:
AIRFLOW_CTX_DAG_OWNER=***
AIRFLOW_CTX_DAG_ID=dag_combustivel
AIRFLOW_CTX_TASK_ID=create_cluster
AIRFLOW_CTX_EXECUTION_DATE=2016-07-01T00:00:00+00:00
AIRFLOW_CTX_TRY_NUMBER=1
AIRFLOW_CTX_DAG_RUN_ID=scheduled__2016-07-01T00:00:00+00:00
[2022-12-17T16:58:13.875+0000] {dataproc.py:591} INFO - Creating cluster: stack-data-pipeline2
[2022-12-17T16:58:13.882+0000] {base.py:73} INFO - Using connection ID 'google_cloud_default' for task execution.
[2022-12-17T17:00:43.777+0000] {dataproc.py:535} INFO - Cluster created.
[2022-12-17T17:00:43.801+0000] {taskinstance.py:1327} INFO - Marking task as SUCCESS. dag_id=dag_combustivel, task_id=create_cluster, execution_date=20160701T000000, start_date=20221217T165813, end_date=20221217T170043
[2022-12-17T17:00:43.826+0000] {local_task_job.py:159} INFO - Task exited with return code 0
