[2022-12-17T16:20:59.403+0000] {taskinstance.py:1087} INFO - Dependencies all met for <TaskInstance: dag_combustivel.create_cluster scheduled__2013-01-01T00:00:00+00:00 [queued]>
[2022-12-17T16:20:59.416+0000] {taskinstance.py:1087} INFO - Dependencies all met for <TaskInstance: dag_combustivel.create_cluster scheduled__2013-01-01T00:00:00+00:00 [queued]>
[2022-12-17T16:20:59.417+0000] {taskinstance.py:1283} INFO - 
--------------------------------------------------------------------------------
[2022-12-17T16:20:59.417+0000] {taskinstance.py:1284} INFO - Starting attempt 1 of 1
[2022-12-17T16:20:59.417+0000] {taskinstance.py:1285} INFO - 
--------------------------------------------------------------------------------
[2022-12-17T16:20:59.437+0000] {taskinstance.py:1304} INFO - Executing <Task(DataprocCreateClusterOperator): create_cluster> on 2013-01-01 00:00:00+00:00
[2022-12-17T16:20:59.447+0000] {standard_task_runner.py:55} INFO - Started process 21910 to run task
[2022-12-17T16:20:59.451+0000] {standard_task_runner.py:82} INFO - Running: ['***', 'tasks', 'run', 'dag_combustivel', 'create_cluster', 'scheduled__2013-01-01T00:00:00+00:00', '--job-id', '83', '--raw', '--subdir', 'DAGS_FOLDER/dag_combustivel.py', '--cfg-path', '/tmp/tmp0qkkcn33']
[2022-12-17T16:20:59.453+0000] {standard_task_runner.py:83} INFO - Job 83: Subtask create_cluster
[2022-12-17T16:20:59.530+0000] {task_command.py:389} INFO - Running <TaskInstance: dag_combustivel.create_cluster scheduled__2013-01-01T00:00:00+00:00 [running]> on host d2cc3443255e
[2022-12-17T16:20:59.628+0000] {taskinstance.py:1513} INFO - Exporting the following env vars:
AIRFLOW_CTX_DAG_OWNER=***
AIRFLOW_CTX_DAG_ID=dag_combustivel
AIRFLOW_CTX_TASK_ID=create_cluster
AIRFLOW_CTX_EXECUTION_DATE=2013-01-01T00:00:00+00:00
AIRFLOW_CTX_TRY_NUMBER=1
AIRFLOW_CTX_DAG_RUN_ID=scheduled__2013-01-01T00:00:00+00:00
[2022-12-17T16:20:59.629+0000] {dataproc.py:591} INFO - Creating cluster: stack-data-pipeline2
[2022-12-17T16:20:59.639+0000] {base.py:73} INFO - Using connection ID 'google_cloud_default' for task execution.
[2022-12-17T16:23:52.887+0000] {dataproc.py:535} INFO - Cluster created.
[2022-12-17T16:23:52.919+0000] {taskinstance.py:1327} INFO - Marking task as SUCCESS. dag_id=dag_combustivel, task_id=create_cluster, execution_date=20130101T000000, start_date=20221217T162059, end_date=20221217T162352
[2022-12-17T16:23:52.960+0000] {local_task_job.py:159} INFO - Task exited with return code 0
