[2022-12-17T17:16:48.524+0000] {taskinstance.py:1087} INFO - Dependencies all met for <TaskInstance: dag_combustivel.create_cluster scheduled__2018-01-01T00:00:00+00:00 [queued]>
[2022-12-17T17:16:48.533+0000] {taskinstance.py:1087} INFO - Dependencies all met for <TaskInstance: dag_combustivel.create_cluster scheduled__2018-01-01T00:00:00+00:00 [queued]>
[2022-12-17T17:16:48.533+0000] {taskinstance.py:1283} INFO - 
--------------------------------------------------------------------------------
[2022-12-17T17:16:48.533+0000] {taskinstance.py:1284} INFO - Starting attempt 1 of 1
[2022-12-17T17:16:48.533+0000] {taskinstance.py:1285} INFO - 
--------------------------------------------------------------------------------
[2022-12-17T17:16:48.546+0000] {taskinstance.py:1304} INFO - Executing <Task(DataprocCreateClusterOperator): create_cluster> on 2018-01-01 00:00:00+00:00
[2022-12-17T17:16:48.554+0000] {standard_task_runner.py:55} INFO - Started process 30844 to run task
[2022-12-17T17:16:48.557+0000] {standard_task_runner.py:82} INFO - Running: ['***', 'tasks', 'run', 'dag_combustivel', 'create_cluster', 'scheduled__2018-01-01T00:00:00+00:00', '--job-id', '123', '--raw', '--subdir', 'DAGS_FOLDER/dag_combustivel.py', '--cfg-path', '/tmp/tmp_m2eo4ix']
[2022-12-17T17:16:48.558+0000] {standard_task_runner.py:83} INFO - Job 123: Subtask create_cluster
[2022-12-17T17:16:48.613+0000] {task_command.py:389} INFO - Running <TaskInstance: dag_combustivel.create_cluster scheduled__2018-01-01T00:00:00+00:00 [running]> on host d2cc3443255e
[2022-12-17T17:16:48.680+0000] {taskinstance.py:1513} INFO - Exporting the following env vars:
AIRFLOW_CTX_DAG_OWNER=***
AIRFLOW_CTX_DAG_ID=dag_combustivel
AIRFLOW_CTX_TASK_ID=create_cluster
AIRFLOW_CTX_EXECUTION_DATE=2018-01-01T00:00:00+00:00
AIRFLOW_CTX_TRY_NUMBER=1
AIRFLOW_CTX_DAG_RUN_ID=scheduled__2018-01-01T00:00:00+00:00
[2022-12-17T17:16:48.681+0000] {dataproc.py:591} INFO - Creating cluster: stack-data-pipeline2
[2022-12-17T17:16:48.688+0000] {base.py:73} INFO - Using connection ID 'google_cloud_default' for task execution.
