[2022-12-17T14:46:59.488+0000] {taskinstance.py:1087} INFO - Dependencies all met for <TaskInstance: dag_combustivel.delete_cluster scheduled__2004-01-01T00:00:00+00:00 [queued]>
[2022-12-17T14:46:59.500+0000] {taskinstance.py:1087} INFO - Dependencies all met for <TaskInstance: dag_combustivel.delete_cluster scheduled__2004-01-01T00:00:00+00:00 [queued]>
[2022-12-17T14:46:59.500+0000] {taskinstance.py:1283} INFO - 
--------------------------------------------------------------------------------
[2022-12-17T14:46:59.500+0000] {taskinstance.py:1284} INFO - Starting attempt 1 of 1
[2022-12-17T14:46:59.500+0000] {taskinstance.py:1285} INFO - 
--------------------------------------------------------------------------------
[2022-12-17T14:46:59.513+0000] {taskinstance.py:1304} INFO - Executing <Task(DataprocDeleteClusterOperator): delete_cluster> on 2004-01-01 00:00:00+00:00
[2022-12-17T14:46:59.521+0000] {standard_task_runner.py:55} INFO - Started process 7039 to run task
[2022-12-17T14:46:59.524+0000] {standard_task_runner.py:82} INFO - Running: ['***', 'tasks', 'run', 'dag_combustivel', 'delete_cluster', 'scheduled__2004-01-01T00:00:00+00:00', '--job-id', '9', '--raw', '--subdir', 'DAGS_FOLDER/dag_combustivel.py', '--cfg-path', '/tmp/tmpzgkx4_w7']
[2022-12-17T14:46:59.526+0000] {standard_task_runner.py:83} INFO - Job 9: Subtask delete_cluster
[2022-12-17T14:46:59.580+0000] {task_command.py:389} INFO - Running <TaskInstance: dag_combustivel.delete_cluster scheduled__2004-01-01T00:00:00+00:00 [running]> on host d2cc3443255e
[2022-12-17T14:46:59.648+0000] {taskinstance.py:1513} INFO - Exporting the following env vars:
AIRFLOW_CTX_DAG_OWNER=***
AIRFLOW_CTX_DAG_ID=dag_combustivel
AIRFLOW_CTX_TASK_ID=delete_cluster
AIRFLOW_CTX_EXECUTION_DATE=2004-01-01T00:00:00+00:00
AIRFLOW_CTX_TRY_NUMBER=1
AIRFLOW_CTX_DAG_RUN_ID=scheduled__2004-01-01T00:00:00+00:00
[2022-12-17T14:46:59.657+0000] {base.py:73} INFO - Using connection ID 'google_cloud_default' for task execution.
[2022-12-17T14:46:59.663+0000] {dataproc.py:817} INFO - Deleting cluster: stack-data-pipeline2
[2022-12-17T14:47:26.505+0000] {dataproc.py:829} INFO - Cluster deleted.
[2022-12-17T14:47:26.519+0000] {taskinstance.py:1327} INFO - Marking task as SUCCESS. dag_id=dag_combustivel, task_id=delete_cluster, execution_date=20040101T000000, start_date=20221217T144659, end_date=20221217T144726
[2022-12-17T14:47:26.580+0000] {local_task_job.py:159} INFO - Task exited with return code 0
