[2022-12-17T16:07:21.697+0000] {taskinstance.py:1087} INFO - Dependencies all met for <TaskInstance: dag_combustivel.pyspark_task scheduled__2011-07-01T00:00:00+00:00 [queued]>
[2022-12-17T16:07:21.705+0000] {taskinstance.py:1087} INFO - Dependencies all met for <TaskInstance: dag_combustivel.pyspark_task scheduled__2011-07-01T00:00:00+00:00 [queued]>
[2022-12-17T16:07:21.706+0000] {taskinstance.py:1283} INFO - 
--------------------------------------------------------------------------------
[2022-12-17T16:07:21.706+0000] {taskinstance.py:1284} INFO - Starting attempt 1 of 1
[2022-12-17T16:07:21.706+0000] {taskinstance.py:1285} INFO - 
--------------------------------------------------------------------------------
[2022-12-17T16:07:21.718+0000] {taskinstance.py:1304} INFO - Executing <Task(DataprocSubmitJobOperator): pyspark_task> on 2011-07-01 00:00:00+00:00
[2022-12-17T16:07:21.726+0000] {standard_task_runner.py:55} INFO - Started process 19683 to run task
[2022-12-17T16:07:21.729+0000] {standard_task_runner.py:82} INFO - Running: ['***', 'tasks', 'run', 'dag_combustivel', 'pyspark_task', 'scheduled__2011-07-01T00:00:00+00:00', '--job-id', '72', '--raw', '--subdir', 'DAGS_FOLDER/dag_combustivel.py', '--cfg-path', '/tmp/tmp3t7t057p']
[2022-12-17T16:07:21.731+0000] {standard_task_runner.py:83} INFO - Job 72: Subtask pyspark_task
[2022-12-17T16:07:21.787+0000] {task_command.py:389} INFO - Running <TaskInstance: dag_combustivel.pyspark_task scheduled__2011-07-01T00:00:00+00:00 [running]> on host d2cc3443255e
[2022-12-17T16:07:21.862+0000] {taskinstance.py:1513} INFO - Exporting the following env vars:
AIRFLOW_CTX_DAG_OWNER=***
AIRFLOW_CTX_DAG_ID=dag_combustivel
AIRFLOW_CTX_TASK_ID=pyspark_task
AIRFLOW_CTX_EXECUTION_DATE=2011-07-01T00:00:00+00:00
AIRFLOW_CTX_TRY_NUMBER=1
AIRFLOW_CTX_DAG_RUN_ID=scheduled__2011-07-01T00:00:00+00:00
[2022-12-17T16:07:21.862+0000] {dataproc.py:1865} INFO - Submitting job
[2022-12-17T16:07:21.870+0000] {base.py:73} INFO - Using connection ID 'google_cloud_default' for task execution.
[2022-12-17T16:07:22.234+0000] {dataproc.py:1877} INFO - Job 1c64cf1d-835e-40d9-8742-6cdeb56314df submitted successfully.
[2022-12-17T16:07:22.247+0000] {dataproc.py:1897} INFO - Waiting for job 1c64cf1d-835e-40d9-8742-6cdeb56314df to complete
[2022-12-17T16:08:13.913+0000] {dataproc.py:1901} INFO - Job 1c64cf1d-835e-40d9-8742-6cdeb56314df completed successfully.
[2022-12-17T16:08:13.931+0000] {taskinstance.py:1327} INFO - Marking task as SUCCESS. dag_id=dag_combustivel, task_id=pyspark_task, execution_date=20110701T000000, start_date=20221217T160721, end_date=20221217T160813
[2022-12-17T16:08:13.954+0000] {local_task_job.py:159} INFO - Task exited with return code 0
