[2022-12-17T15:26:25.220+0000] {taskinstance.py:1087} INFO - Dependencies all met for <TaskInstance: dag_combustivel.pyspark_task scheduled__2007-07-01T00:00:00+00:00 [queued]>
[2022-12-17T15:26:25.229+0000] {taskinstance.py:1087} INFO - Dependencies all met for <TaskInstance: dag_combustivel.pyspark_task scheduled__2007-07-01T00:00:00+00:00 [queued]>
[2022-12-17T15:26:25.230+0000] {taskinstance.py:1283} INFO - 
--------------------------------------------------------------------------------
[2022-12-17T15:26:25.230+0000] {taskinstance.py:1284} INFO - Starting attempt 1 of 1
[2022-12-17T15:26:25.230+0000] {taskinstance.py:1285} INFO - 
--------------------------------------------------------------------------------
[2022-12-17T15:26:25.243+0000] {taskinstance.py:1304} INFO - Executing <Task(DataprocSubmitJobOperator): pyspark_task> on 2007-07-01 00:00:00+00:00
[2022-12-17T15:26:25.252+0000] {standard_task_runner.py:55} INFO - Started process 13126 to run task
[2022-12-17T15:26:25.254+0000] {standard_task_runner.py:82} INFO - Running: ['***', 'tasks', 'run', 'dag_combustivel', 'pyspark_task', 'scheduled__2007-07-01T00:00:00+00:00', '--job-id', '40', '--raw', '--subdir', 'DAGS_FOLDER/dag_combustivel.py', '--cfg-path', '/tmp/tmpp7fn666l']
[2022-12-17T15:26:25.256+0000] {standard_task_runner.py:83} INFO - Job 40: Subtask pyspark_task
[2022-12-17T15:26:25.317+0000] {task_command.py:389} INFO - Running <TaskInstance: dag_combustivel.pyspark_task scheduled__2007-07-01T00:00:00+00:00 [running]> on host d2cc3443255e
[2022-12-17T15:26:25.394+0000] {taskinstance.py:1513} INFO - Exporting the following env vars:
AIRFLOW_CTX_DAG_OWNER=***
AIRFLOW_CTX_DAG_ID=dag_combustivel
AIRFLOW_CTX_TASK_ID=pyspark_task
AIRFLOW_CTX_EXECUTION_DATE=2007-07-01T00:00:00+00:00
AIRFLOW_CTX_TRY_NUMBER=1
AIRFLOW_CTX_DAG_RUN_ID=scheduled__2007-07-01T00:00:00+00:00
[2022-12-17T15:26:25.395+0000] {dataproc.py:1865} INFO - Submitting job
[2022-12-17T15:26:25.402+0000] {base.py:73} INFO - Using connection ID 'google_cloud_default' for task execution.
[2022-12-17T15:26:25.785+0000] {dataproc.py:1877} INFO - Job 536d0302-ac16-4629-bfaa-81d9f5a4562b submitted successfully.
[2022-12-17T15:26:25.799+0000] {dataproc.py:1897} INFO - Waiting for job 536d0302-ac16-4629-bfaa-81d9f5a4562b to complete
[2022-12-17T15:27:38.080+0000] {dataproc.py:1901} INFO - Job 536d0302-ac16-4629-bfaa-81d9f5a4562b completed successfully.
[2022-12-17T15:27:38.104+0000] {taskinstance.py:1327} INFO - Marking task as SUCCESS. dag_id=dag_combustivel, task_id=pyspark_task, execution_date=20070701T000000, start_date=20221217T152625, end_date=20221217T152738
[2022-12-17T15:27:38.159+0000] {local_task_job.py:159} INFO - Task exited with return code 0
