[2022-12-17T14:51:12.847+0000] {taskinstance.py:1087} INFO - Dependencies all met for <TaskInstance: dag_combustivel.delete_cluster manual__2022-12-17T14:42:58.989750+00:00 [queued]>
[2022-12-17T14:51:12.856+0000] {taskinstance.py:1087} INFO - Dependencies all met for <TaskInstance: dag_combustivel.delete_cluster manual__2022-12-17T14:42:58.989750+00:00 [queued]>
[2022-12-17T14:51:12.856+0000] {taskinstance.py:1283} INFO - 
--------------------------------------------------------------------------------
[2022-12-17T14:51:12.856+0000] {taskinstance.py:1284} INFO - Starting attempt 1 of 1
[2022-12-17T14:51:12.856+0000] {taskinstance.py:1285} INFO - 
--------------------------------------------------------------------------------
[2022-12-17T14:51:12.868+0000] {taskinstance.py:1304} INFO - Executing <Task(DataprocDeleteClusterOperator): delete_cluster> on 2022-12-17 14:42:58.989750+00:00
[2022-12-17T14:51:12.877+0000] {standard_task_runner.py:55} INFO - Started process 7691 to run task
[2022-12-17T14:51:12.881+0000] {standard_task_runner.py:82} INFO - Running: ['***', 'tasks', 'run', 'dag_combustivel', 'delete_cluster', 'manual__2022-12-17T14:42:58.989750+00:00', '--job-id', '13', '--raw', '--subdir', 'DAGS_FOLDER/dag_combustivel.py', '--cfg-path', '/tmp/tmpt4bqti39']
[2022-12-17T14:51:12.882+0000] {standard_task_runner.py:83} INFO - Job 13: Subtask delete_cluster
[2022-12-17T14:51:12.947+0000] {task_command.py:389} INFO - Running <TaskInstance: dag_combustivel.delete_cluster manual__2022-12-17T14:42:58.989750+00:00 [running]> on host d2cc3443255e
[2022-12-17T14:51:13.063+0000] {taskinstance.py:1513} INFO - Exporting the following env vars:
AIRFLOW_CTX_DAG_OWNER=***
AIRFLOW_CTX_DAG_ID=dag_combustivel
AIRFLOW_CTX_TASK_ID=delete_cluster
AIRFLOW_CTX_EXECUTION_DATE=2022-12-17T14:42:58.989750+00:00
AIRFLOW_CTX_TRY_NUMBER=1
AIRFLOW_CTX_DAG_RUN_ID=manual__2022-12-17T14:42:58.989750+00:00
[2022-12-17T14:51:13.071+0000] {base.py:73} INFO - Using connection ID 'google_cloud_default' for task execution.
[2022-12-17T14:51:13.078+0000] {dataproc.py:817} INFO - Deleting cluster: stack-data-pipeline2
[2022-12-17T14:51:58.347+0000] {dataproc.py:829} INFO - Cluster deleted.
[2022-12-17T14:51:58.363+0000] {taskinstance.py:1327} INFO - Marking task as SUCCESS. dag_id=dag_combustivel, task_id=delete_cluster, execution_date=20221217T144258, start_date=20221217T145112, end_date=20221217T145158
[2022-12-17T14:51:58.427+0000] {local_task_job.py:159} INFO - Task exited with return code 0
