[2022-12-17T12:52:47.658+0000] {processor.py:153} INFO - Started process (PID=109) to work on /home/airflow/.local/lib/python3.7/site-packages/airflow/example_dags/example_short_circuit_operator.py
[2022-12-17T12:52:47.659+0000] {processor.py:743} INFO - Processing file /home/airflow/.local/lib/python3.7/site-packages/airflow/example_dags/example_short_circuit_operator.py for tasks to queue
[2022-12-17T12:52:47.660+0000] {logging_mixin.py:137} INFO - [2022-12-17T12:52:47.659+0000] {dagbag.py:538} INFO - Filling up the DagBag from /home/airflow/.local/lib/python3.7/site-packages/airflow/example_dags/example_short_circuit_operator.py
[2022-12-17T12:52:47.681+0000] {processor.py:753} INFO - DAG(s) dict_keys(['example_short_circuit_operator']) retrieved from /home/airflow/.local/lib/python3.7/site-packages/airflow/example_dags/example_short_circuit_operator.py
[2022-12-17T12:52:47.782+0000] {logging_mixin.py:137} INFO - [2022-12-17T12:52:47.782+0000] {dag.py:2676} INFO - Sync 1 DAGs
[2022-12-17T12:52:47.869+0000] {logging_mixin.py:137} INFO - [2022-12-17T12:52:47.869+0000] {dag.py:3427} INFO - Setting next_dagrun for example_short_circuit_operator to 2022-12-16T12:52:47.869336+00:00, run_after=2022-12-17T12:52:47.869336+00:00
[2022-12-17T12:52:47.963+0000] {processor.py:175} INFO - Processing /home/airflow/.local/lib/python3.7/site-packages/airflow/example_dags/example_short_circuit_operator.py took 0.308 seconds
[2022-12-17T12:53:18.131+0000] {processor.py:153} INFO - Started process (PID=195) to work on /home/airflow/.local/lib/python3.7/site-packages/airflow/example_dags/example_short_circuit_operator.py
[2022-12-17T12:53:18.131+0000] {processor.py:743} INFO - Processing file /home/airflow/.local/lib/python3.7/site-packages/airflow/example_dags/example_short_circuit_operator.py for tasks to queue
[2022-12-17T12:53:18.132+0000] {logging_mixin.py:137} INFO - [2022-12-17T12:53:18.132+0000] {dagbag.py:538} INFO - Filling up the DagBag from /home/airflow/.local/lib/python3.7/site-packages/airflow/example_dags/example_short_circuit_operator.py
[2022-12-17T12:53:18.149+0000] {processor.py:753} INFO - DAG(s) dict_keys(['example_short_circuit_operator']) retrieved from /home/airflow/.local/lib/python3.7/site-packages/airflow/example_dags/example_short_circuit_operator.py
[2022-12-17T12:53:18.186+0000] {logging_mixin.py:137} INFO - [2022-12-17T12:53:18.186+0000] {dag.py:2676} INFO - Sync 1 DAGs
[2022-12-17T12:53:18.210+0000] {logging_mixin.py:137} INFO - [2022-12-17T12:53:18.210+0000] {dag.py:3427} INFO - Setting next_dagrun for example_short_circuit_operator to 2022-12-16T12:53:18.210537+00:00, run_after=2022-12-17T12:53:18.210537+00:00
[2022-12-17T12:53:18.235+0000] {processor.py:175} INFO - Processing /home/airflow/.local/lib/python3.7/site-packages/airflow/example_dags/example_short_circuit_operator.py took 0.107 seconds
[2022-12-17T12:53:48.438+0000] {processor.py:153} INFO - Started process (PID=281) to work on /home/airflow/.local/lib/python3.7/site-packages/airflow/example_dags/example_short_circuit_operator.py
[2022-12-17T12:53:48.438+0000] {processor.py:743} INFO - Processing file /home/airflow/.local/lib/python3.7/site-packages/airflow/example_dags/example_short_circuit_operator.py for tasks to queue
[2022-12-17T12:53:48.439+0000] {logging_mixin.py:137} INFO - [2022-12-17T12:53:48.439+0000] {dagbag.py:538} INFO - Filling up the DagBag from /home/airflow/.local/lib/python3.7/site-packages/airflow/example_dags/example_short_circuit_operator.py
[2022-12-17T12:53:48.456+0000] {processor.py:753} INFO - DAG(s) dict_keys(['example_short_circuit_operator']) retrieved from /home/airflow/.local/lib/python3.7/site-packages/airflow/example_dags/example_short_circuit_operator.py
[2022-12-17T12:53:48.494+0000] {logging_mixin.py:137} INFO - [2022-12-17T12:53:48.493+0000] {dag.py:2676} INFO - Sync 1 DAGs
[2022-12-17T12:53:48.518+0000] {logging_mixin.py:137} INFO - [2022-12-17T12:53:48.518+0000] {dag.py:3427} INFO - Setting next_dagrun for example_short_circuit_operator to 2022-12-16T12:53:48.518480+00:00, run_after=2022-12-17T12:53:48.518480+00:00
[2022-12-17T12:53:48.548+0000] {processor.py:175} INFO - Processing /home/airflow/.local/lib/python3.7/site-packages/airflow/example_dags/example_short_circuit_operator.py took 0.113 seconds
[2022-12-17T12:54:18.705+0000] {processor.py:153} INFO - Started process (PID=391) to work on /home/airflow/.local/lib/python3.7/site-packages/airflow/example_dags/example_short_circuit_operator.py
[2022-12-17T12:54:18.706+0000] {processor.py:743} INFO - Processing file /home/airflow/.local/lib/python3.7/site-packages/airflow/example_dags/example_short_circuit_operator.py for tasks to queue
[2022-12-17T12:54:18.707+0000] {logging_mixin.py:137} INFO - [2022-12-17T12:54:18.706+0000] {dagbag.py:538} INFO - Filling up the DagBag from /home/airflow/.local/lib/python3.7/site-packages/airflow/example_dags/example_short_circuit_operator.py
[2022-12-17T12:54:18.722+0000] {processor.py:753} INFO - DAG(s) dict_keys(['example_short_circuit_operator']) retrieved from /home/airflow/.local/lib/python3.7/site-packages/airflow/example_dags/example_short_circuit_operator.py
[2022-12-17T12:54:18.758+0000] {logging_mixin.py:137} INFO - [2022-12-17T12:54:18.758+0000] {dag.py:2676} INFO - Sync 1 DAGs
[2022-12-17T12:54:18.782+0000] {logging_mixin.py:137} INFO - [2022-12-17T12:54:18.782+0000] {dag.py:3427} INFO - Setting next_dagrun for example_short_circuit_operator to 2022-12-16T12:54:18.782273+00:00, run_after=2022-12-17T12:54:18.782273+00:00
[2022-12-17T12:54:18.809+0000] {processor.py:175} INFO - Processing /home/airflow/.local/lib/python3.7/site-packages/airflow/example_dags/example_short_circuit_operator.py took 0.107 seconds
[2022-12-17T12:54:49.711+0000] {processor.py:153} INFO - Started process (PID=477) to work on /home/airflow/.local/lib/python3.7/site-packages/airflow/example_dags/example_short_circuit_operator.py
[2022-12-17T12:54:49.712+0000] {processor.py:743} INFO - Processing file /home/airflow/.local/lib/python3.7/site-packages/airflow/example_dags/example_short_circuit_operator.py for tasks to queue
[2022-12-17T12:54:49.712+0000] {logging_mixin.py:137} INFO - [2022-12-17T12:54:49.712+0000] {dagbag.py:538} INFO - Filling up the DagBag from /home/airflow/.local/lib/python3.7/site-packages/airflow/example_dags/example_short_circuit_operator.py
[2022-12-17T12:54:49.728+0000] {processor.py:753} INFO - DAG(s) dict_keys(['example_short_circuit_operator']) retrieved from /home/airflow/.local/lib/python3.7/site-packages/airflow/example_dags/example_short_circuit_operator.py
[2022-12-17T12:54:49.767+0000] {logging_mixin.py:137} INFO - [2022-12-17T12:54:49.766+0000] {dag.py:2676} INFO - Sync 1 DAGs
[2022-12-17T12:54:49.795+0000] {logging_mixin.py:137} INFO - [2022-12-17T12:54:49.794+0000] {dag.py:3427} INFO - Setting next_dagrun for example_short_circuit_operator to 2022-12-16T12:54:49.794510+00:00, run_after=2022-12-17T12:54:49.794510+00:00
[2022-12-17T12:54:49.829+0000] {processor.py:175} INFO - Processing /home/airflow/.local/lib/python3.7/site-packages/airflow/example_dags/example_short_circuit_operator.py took 0.121 seconds
[2022-12-17T12:55:20.683+0000] {processor.py:153} INFO - Started process (PID=587) to work on /home/airflow/.local/lib/python3.7/site-packages/airflow/example_dags/example_short_circuit_operator.py
[2022-12-17T12:55:20.683+0000] {processor.py:743} INFO - Processing file /home/airflow/.local/lib/python3.7/site-packages/airflow/example_dags/example_short_circuit_operator.py for tasks to queue
[2022-12-17T12:55:20.684+0000] {logging_mixin.py:137} INFO - [2022-12-17T12:55:20.684+0000] {dagbag.py:538} INFO - Filling up the DagBag from /home/airflow/.local/lib/python3.7/site-packages/airflow/example_dags/example_short_circuit_operator.py
[2022-12-17T12:55:20.700+0000] {processor.py:753} INFO - DAG(s) dict_keys(['example_short_circuit_operator']) retrieved from /home/airflow/.local/lib/python3.7/site-packages/airflow/example_dags/example_short_circuit_operator.py
[2022-12-17T12:55:20.737+0000] {logging_mixin.py:137} INFO - [2022-12-17T12:55:20.737+0000] {dag.py:2676} INFO - Sync 1 DAGs
[2022-12-17T12:55:20.765+0000] {logging_mixin.py:137} INFO - [2022-12-17T12:55:20.765+0000] {dag.py:3427} INFO - Setting next_dagrun for example_short_circuit_operator to 2022-12-16T12:55:20.765507+00:00, run_after=2022-12-17T12:55:20.765507+00:00
[2022-12-17T12:55:20.795+0000] {processor.py:175} INFO - Processing /home/airflow/.local/lib/python3.7/site-packages/airflow/example_dags/example_short_circuit_operator.py took 0.115 seconds
