[2022-12-17T12:52:47.651+0000] {processor.py:153} INFO - Started process (PID=108) to work on /home/airflow/.local/lib/python3.7/site-packages/airflow/example_dags/example_short_circuit_decorator.py
[2022-12-17T12:52:47.652+0000] {processor.py:743} INFO - Processing file /home/airflow/.local/lib/python3.7/site-packages/airflow/example_dags/example_short_circuit_decorator.py for tasks to queue
[2022-12-17T12:52:47.653+0000] {logging_mixin.py:137} INFO - [2022-12-17T12:52:47.653+0000] {dagbag.py:538} INFO - Filling up the DagBag from /home/airflow/.local/lib/python3.7/site-packages/airflow/example_dags/example_short_circuit_decorator.py
[2022-12-17T12:52:47.684+0000] {processor.py:753} INFO - DAG(s) dict_keys(['example_short_circuit_decorator']) retrieved from /home/airflow/.local/lib/python3.7/site-packages/airflow/example_dags/example_short_circuit_decorator.py
[2022-12-17T12:52:47.781+0000] {logging_mixin.py:137} INFO - [2022-12-17T12:52:47.781+0000] {dag.py:2676} INFO - Sync 1 DAGs
[2022-12-17T12:52:47.870+0000] {logging_mixin.py:137} INFO - [2022-12-17T12:52:47.870+0000] {dag.py:3427} INFO - Setting next_dagrun for example_short_circuit_decorator to 2022-12-16T12:52:47.869903+00:00, run_after=2022-12-17T12:52:47.869903+00:00
[2022-12-17T12:52:47.910+0000] {processor.py:175} INFO - Processing /home/airflow/.local/lib/python3.7/site-packages/airflow/example_dags/example_short_circuit_decorator.py took 0.299 seconds
[2022-12-17T12:53:18.029+0000] {processor.py:153} INFO - Started process (PID=194) to work on /home/airflow/.local/lib/python3.7/site-packages/airflow/example_dags/example_short_circuit_decorator.py
[2022-12-17T12:53:18.030+0000] {processor.py:743} INFO - Processing file /home/airflow/.local/lib/python3.7/site-packages/airflow/example_dags/example_short_circuit_decorator.py for tasks to queue
[2022-12-17T12:53:18.030+0000] {logging_mixin.py:137} INFO - [2022-12-17T12:53:18.030+0000] {dagbag.py:538} INFO - Filling up the DagBag from /home/airflow/.local/lib/python3.7/site-packages/airflow/example_dags/example_short_circuit_decorator.py
[2022-12-17T12:53:18.055+0000] {processor.py:753} INFO - DAG(s) dict_keys(['example_short_circuit_decorator']) retrieved from /home/airflow/.local/lib/python3.7/site-packages/airflow/example_dags/example_short_circuit_decorator.py
[2022-12-17T12:53:18.088+0000] {logging_mixin.py:137} INFO - [2022-12-17T12:53:18.088+0000] {dag.py:2676} INFO - Sync 1 DAGs
[2022-12-17T12:53:18.112+0000] {logging_mixin.py:137} INFO - [2022-12-17T12:53:18.112+0000] {dag.py:3427} INFO - Setting next_dagrun for example_short_circuit_decorator to 2022-12-16T12:53:18.112467+00:00, run_after=2022-12-17T12:53:18.112467+00:00
[2022-12-17T12:53:18.139+0000] {processor.py:175} INFO - Processing /home/airflow/.local/lib/python3.7/site-packages/airflow/example_dags/example_short_circuit_decorator.py took 0.113 seconds
[2022-12-17T12:53:48.344+0000] {processor.py:153} INFO - Started process (PID=280) to work on /home/airflow/.local/lib/python3.7/site-packages/airflow/example_dags/example_short_circuit_decorator.py
[2022-12-17T12:53:48.345+0000] {processor.py:743} INFO - Processing file /home/airflow/.local/lib/python3.7/site-packages/airflow/example_dags/example_short_circuit_decorator.py for tasks to queue
[2022-12-17T12:53:48.346+0000] {logging_mixin.py:137} INFO - [2022-12-17T12:53:48.346+0000] {dagbag.py:538} INFO - Filling up the DagBag from /home/airflow/.local/lib/python3.7/site-packages/airflow/example_dags/example_short_circuit_decorator.py
[2022-12-17T12:53:48.370+0000] {processor.py:753} INFO - DAG(s) dict_keys(['example_short_circuit_decorator']) retrieved from /home/airflow/.local/lib/python3.7/site-packages/airflow/example_dags/example_short_circuit_decorator.py
[2022-12-17T12:53:48.406+0000] {logging_mixin.py:137} INFO - [2022-12-17T12:53:48.406+0000] {dag.py:2676} INFO - Sync 1 DAGs
[2022-12-17T12:53:48.432+0000] {logging_mixin.py:137} INFO - [2022-12-17T12:53:48.432+0000] {dag.py:3427} INFO - Setting next_dagrun for example_short_circuit_decorator to 2022-12-16T12:53:48.432232+00:00, run_after=2022-12-17T12:53:48.432232+00:00
[2022-12-17T12:53:48.459+0000] {processor.py:175} INFO - Processing /home/airflow/.local/lib/python3.7/site-packages/airflow/example_dags/example_short_circuit_decorator.py took 0.118 seconds
[2022-12-17T12:54:18.587+0000] {processor.py:153} INFO - Started process (PID=390) to work on /home/airflow/.local/lib/python3.7/site-packages/airflow/example_dags/example_short_circuit_decorator.py
[2022-12-17T12:54:18.588+0000] {processor.py:743} INFO - Processing file /home/airflow/.local/lib/python3.7/site-packages/airflow/example_dags/example_short_circuit_decorator.py for tasks to queue
[2022-12-17T12:54:18.588+0000] {logging_mixin.py:137} INFO - [2022-12-17T12:54:18.588+0000] {dagbag.py:538} INFO - Filling up the DagBag from /home/airflow/.local/lib/python3.7/site-packages/airflow/example_dags/example_short_circuit_decorator.py
[2022-12-17T12:54:18.612+0000] {processor.py:753} INFO - DAG(s) dict_keys(['example_short_circuit_decorator']) retrieved from /home/airflow/.local/lib/python3.7/site-packages/airflow/example_dags/example_short_circuit_decorator.py
[2022-12-17T12:54:18.648+0000] {logging_mixin.py:137} INFO - [2022-12-17T12:54:18.648+0000] {dag.py:2676} INFO - Sync 1 DAGs
[2022-12-17T12:54:18.672+0000] {logging_mixin.py:137} INFO - [2022-12-17T12:54:18.672+0000] {dag.py:3427} INFO - Setting next_dagrun for example_short_circuit_decorator to 2022-12-16T12:54:18.672069+00:00, run_after=2022-12-17T12:54:18.672069+00:00
[2022-12-17T12:54:18.704+0000] {processor.py:175} INFO - Processing /home/airflow/.local/lib/python3.7/site-packages/airflow/example_dags/example_short_circuit_decorator.py took 0.120 seconds
[2022-12-17T12:54:49.706+0000] {processor.py:153} INFO - Started process (PID=476) to work on /home/airflow/.local/lib/python3.7/site-packages/airflow/example_dags/example_short_circuit_decorator.py
[2022-12-17T12:54:49.707+0000] {processor.py:743} INFO - Processing file /home/airflow/.local/lib/python3.7/site-packages/airflow/example_dags/example_short_circuit_decorator.py for tasks to queue
[2022-12-17T12:54:49.708+0000] {logging_mixin.py:137} INFO - [2022-12-17T12:54:49.708+0000] {dagbag.py:538} INFO - Filling up the DagBag from /home/airflow/.local/lib/python3.7/site-packages/airflow/example_dags/example_short_circuit_decorator.py
[2022-12-17T12:54:49.731+0000] {processor.py:753} INFO - DAG(s) dict_keys(['example_short_circuit_decorator']) retrieved from /home/airflow/.local/lib/python3.7/site-packages/airflow/example_dags/example_short_circuit_decorator.py
[2022-12-17T12:54:49.766+0000] {logging_mixin.py:137} INFO - [2022-12-17T12:54:49.766+0000] {dag.py:2676} INFO - Sync 1 DAGs
[2022-12-17T12:54:49.796+0000] {logging_mixin.py:137} INFO - [2022-12-17T12:54:49.796+0000] {dag.py:3427} INFO - Setting next_dagrun for example_short_circuit_decorator to 2022-12-16T12:54:49.795821+00:00, run_after=2022-12-17T12:54:49.795821+00:00
[2022-12-17T12:54:49.830+0000] {processor.py:175} INFO - Processing /home/airflow/.local/lib/python3.7/site-packages/airflow/example_dags/example_short_circuit_decorator.py took 0.127 seconds
[2022-12-17T12:55:20.470+0000] {processor.py:153} INFO - Started process (PID=586) to work on /home/airflow/.local/lib/python3.7/site-packages/airflow/example_dags/example_short_circuit_decorator.py
[2022-12-17T12:55:20.470+0000] {processor.py:743} INFO - Processing file /home/airflow/.local/lib/python3.7/site-packages/airflow/example_dags/example_short_circuit_decorator.py for tasks to queue
[2022-12-17T12:55:20.471+0000] {logging_mixin.py:137} INFO - [2022-12-17T12:55:20.471+0000] {dagbag.py:538} INFO - Filling up the DagBag from /home/airflow/.local/lib/python3.7/site-packages/airflow/example_dags/example_short_circuit_decorator.py
[2022-12-17T12:55:20.495+0000] {processor.py:753} INFO - DAG(s) dict_keys(['example_short_circuit_decorator']) retrieved from /home/airflow/.local/lib/python3.7/site-packages/airflow/example_dags/example_short_circuit_decorator.py
[2022-12-17T12:55:20.533+0000] {logging_mixin.py:137} INFO - [2022-12-17T12:55:20.533+0000] {dag.py:2676} INFO - Sync 1 DAGs
[2022-12-17T12:55:20.565+0000] {logging_mixin.py:137} INFO - [2022-12-17T12:55:20.565+0000] {dag.py:3427} INFO - Setting next_dagrun for example_short_circuit_decorator to 2022-12-16T12:55:20.565584+00:00, run_after=2022-12-17T12:55:20.565584+00:00
[2022-12-17T12:55:20.661+0000] {processor.py:175} INFO - Processing /home/airflow/.local/lib/python3.7/site-packages/airflow/example_dags/example_short_circuit_decorator.py took 0.194 seconds
