[2022-12-17T12:52:44.093+0000] {processor.py:153} INFO - Started process (PID=74) to work on /home/airflow/.local/lib/python3.7/site-packages/airflow/example_dags/example_branch_datetime_operator.py
[2022-12-17T12:52:44.093+0000] {processor.py:743} INFO - Processing file /home/airflow/.local/lib/python3.7/site-packages/airflow/example_dags/example_branch_datetime_operator.py for tasks to queue
[2022-12-17T12:52:44.094+0000] {logging_mixin.py:137} INFO - [2022-12-17T12:52:44.094+0000] {dagbag.py:538} INFO - Filling up the DagBag from /home/airflow/.local/lib/python3.7/site-packages/airflow/example_dags/example_branch_datetime_operator.py
[2022-12-17T12:52:44.178+0000] {processor.py:753} INFO - DAG(s) dict_keys(['example_branch_datetime_operator_2', 'example_branch_datetime_operator', 'example_branch_datetime_operator_3']) retrieved from /home/airflow/.local/lib/python3.7/site-packages/airflow/example_dags/example_branch_datetime_operator.py
[2022-12-17T12:52:44.260+0000] {logging_mixin.py:137} INFO - [2022-12-17T12:52:44.260+0000] {dag.py:2676} INFO - Sync 3 DAGs
[2022-12-17T12:52:44.291+0000] {logging_mixin.py:137} INFO - [2022-12-17T12:52:44.290+0000] {dag.py:3427} INFO - Setting next_dagrun for example_branch_datetime_operator to 2022-12-16T00:00:00+00:00, run_after=2022-12-17T00:00:00+00:00
[2022-12-17T12:52:44.296+0000] {logging_mixin.py:137} INFO - [2022-12-17T12:52:44.295+0000] {dag.py:3427} INFO - Setting next_dagrun for example_branch_datetime_operator_2 to 2022-12-16T00:00:00+00:00, run_after=2022-12-17T00:00:00+00:00
[2022-12-17T12:52:44.298+0000] {logging_mixin.py:137} INFO - [2022-12-17T12:52:44.298+0000] {dag.py:3427} INFO - Setting next_dagrun for example_branch_datetime_operator_3 to 2022-12-16T00:00:00+00:00, run_after=2022-12-17T00:00:00+00:00
[2022-12-17T12:52:44.372+0000] {processor.py:175} INFO - Processing /home/airflow/.local/lib/python3.7/site-packages/airflow/example_dags/example_branch_datetime_operator.py took 0.282 seconds
[2022-12-17T12:53:14.581+0000] {processor.py:153} INFO - Started process (PID=175) to work on /home/airflow/.local/lib/python3.7/site-packages/airflow/example_dags/example_branch_datetime_operator.py
[2022-12-17T12:53:14.582+0000] {processor.py:743} INFO - Processing file /home/airflow/.local/lib/python3.7/site-packages/airflow/example_dags/example_branch_datetime_operator.py for tasks to queue
[2022-12-17T12:53:14.582+0000] {logging_mixin.py:137} INFO - [2022-12-17T12:53:14.582+0000] {dagbag.py:538} INFO - Filling up the DagBag from /home/airflow/.local/lib/python3.7/site-packages/airflow/example_dags/example_branch_datetime_operator.py
[2022-12-17T12:53:14.603+0000] {processor.py:753} INFO - DAG(s) dict_keys(['example_branch_datetime_operator_2', 'example_branch_datetime_operator', 'example_branch_datetime_operator_3']) retrieved from /home/airflow/.local/lib/python3.7/site-packages/airflow/example_dags/example_branch_datetime_operator.py
[2022-12-17T12:53:14.644+0000] {logging_mixin.py:137} INFO - [2022-12-17T12:53:14.644+0000] {dag.py:2676} INFO - Sync 3 DAGs
[2022-12-17T12:53:14.670+0000] {logging_mixin.py:137} INFO - [2022-12-17T12:53:14.670+0000] {dag.py:3427} INFO - Setting next_dagrun for example_branch_datetime_operator to 2022-12-16T00:00:00+00:00, run_after=2022-12-17T00:00:00+00:00
[2022-12-17T12:53:14.675+0000] {logging_mixin.py:137} INFO - [2022-12-17T12:53:14.675+0000] {dag.py:3427} INFO - Setting next_dagrun for example_branch_datetime_operator_2 to 2022-12-16T00:00:00+00:00, run_after=2022-12-17T00:00:00+00:00
[2022-12-17T12:53:14.678+0000] {logging_mixin.py:137} INFO - [2022-12-17T12:53:14.677+0000] {dag.py:3427} INFO - Setting next_dagrun for example_branch_datetime_operator_3 to 2022-12-16T00:00:00+00:00, run_after=2022-12-17T00:00:00+00:00
[2022-12-17T12:53:14.702+0000] {processor.py:175} INFO - Processing /home/airflow/.local/lib/python3.7/site-packages/airflow/example_dags/example_branch_datetime_operator.py took 0.125 seconds
[2022-12-17T12:53:44.753+0000] {processor.py:153} INFO - Started process (PID=261) to work on /home/airflow/.local/lib/python3.7/site-packages/airflow/example_dags/example_branch_datetime_operator.py
[2022-12-17T12:53:44.754+0000] {processor.py:743} INFO - Processing file /home/airflow/.local/lib/python3.7/site-packages/airflow/example_dags/example_branch_datetime_operator.py for tasks to queue
[2022-12-17T12:53:44.755+0000] {logging_mixin.py:137} INFO - [2022-12-17T12:53:44.755+0000] {dagbag.py:538} INFO - Filling up the DagBag from /home/airflow/.local/lib/python3.7/site-packages/airflow/example_dags/example_branch_datetime_operator.py
[2022-12-17T12:53:44.772+0000] {processor.py:753} INFO - DAG(s) dict_keys(['example_branch_datetime_operator_3', 'example_branch_datetime_operator', 'example_branch_datetime_operator_2']) retrieved from /home/airflow/.local/lib/python3.7/site-packages/airflow/example_dags/example_branch_datetime_operator.py
[2022-12-17T12:53:44.814+0000] {logging_mixin.py:137} INFO - [2022-12-17T12:53:44.814+0000] {dag.py:2676} INFO - Sync 3 DAGs
[2022-12-17T12:53:44.841+0000] {logging_mixin.py:137} INFO - [2022-12-17T12:53:44.841+0000] {dag.py:3427} INFO - Setting next_dagrun for example_branch_datetime_operator to 2022-12-16T00:00:00+00:00, run_after=2022-12-17T00:00:00+00:00
[2022-12-17T12:53:44.845+0000] {logging_mixin.py:137} INFO - [2022-12-17T12:53:44.845+0000] {dag.py:3427} INFO - Setting next_dagrun for example_branch_datetime_operator_2 to 2022-12-16T00:00:00+00:00, run_after=2022-12-17T00:00:00+00:00
[2022-12-17T12:53:44.848+0000] {logging_mixin.py:137} INFO - [2022-12-17T12:53:44.848+0000] {dag.py:3427} INFO - Setting next_dagrun for example_branch_datetime_operator_3 to 2022-12-16T00:00:00+00:00, run_after=2022-12-17T00:00:00+00:00
[2022-12-17T12:53:44.877+0000] {processor.py:175} INFO - Processing /home/airflow/.local/lib/python3.7/site-packages/airflow/example_dags/example_branch_datetime_operator.py took 0.128 seconds
[2022-12-17T12:54:14.953+0000] {processor.py:153} INFO - Started process (PID=354) to work on /home/airflow/.local/lib/python3.7/site-packages/airflow/example_dags/example_branch_datetime_operator.py
[2022-12-17T12:54:14.954+0000] {processor.py:743} INFO - Processing file /home/airflow/.local/lib/python3.7/site-packages/airflow/example_dags/example_branch_datetime_operator.py for tasks to queue
[2022-12-17T12:54:14.954+0000] {logging_mixin.py:137} INFO - [2022-12-17T12:54:14.954+0000] {dagbag.py:538} INFO - Filling up the DagBag from /home/airflow/.local/lib/python3.7/site-packages/airflow/example_dags/example_branch_datetime_operator.py
[2022-12-17T12:54:14.971+0000] {processor.py:753} INFO - DAG(s) dict_keys(['example_branch_datetime_operator_3', 'example_branch_datetime_operator_2', 'example_branch_datetime_operator']) retrieved from /home/airflow/.local/lib/python3.7/site-packages/airflow/example_dags/example_branch_datetime_operator.py
[2022-12-17T12:54:15.011+0000] {logging_mixin.py:137} INFO - [2022-12-17T12:54:15.011+0000] {dag.py:2676} INFO - Sync 3 DAGs
[2022-12-17T12:54:15.037+0000] {logging_mixin.py:137} INFO - [2022-12-17T12:54:15.037+0000] {dag.py:3427} INFO - Setting next_dagrun for example_branch_datetime_operator to 2022-12-16T00:00:00+00:00, run_after=2022-12-17T00:00:00+00:00
[2022-12-17T12:54:15.041+0000] {logging_mixin.py:137} INFO - [2022-12-17T12:54:15.041+0000] {dag.py:3427} INFO - Setting next_dagrun for example_branch_datetime_operator_2 to 2022-12-16T00:00:00+00:00, run_after=2022-12-17T00:00:00+00:00
[2022-12-17T12:54:15.044+0000] {logging_mixin.py:137} INFO - [2022-12-17T12:54:15.044+0000] {dag.py:3427} INFO - Setting next_dagrun for example_branch_datetime_operator_3 to 2022-12-16T00:00:00+00:00, run_after=2022-12-17T00:00:00+00:00
[2022-12-17T12:54:15.070+0000] {processor.py:175} INFO - Processing /home/airflow/.local/lib/python3.7/site-packages/airflow/example_dags/example_branch_datetime_operator.py took 0.120 seconds
[2022-12-17T12:54:45.143+0000] {processor.py:153} INFO - Started process (PID=457) to work on /home/airflow/.local/lib/python3.7/site-packages/airflow/example_dags/example_branch_datetime_operator.py
[2022-12-17T12:54:45.144+0000] {processor.py:743} INFO - Processing file /home/airflow/.local/lib/python3.7/site-packages/airflow/example_dags/example_branch_datetime_operator.py for tasks to queue
[2022-12-17T12:54:45.145+0000] {logging_mixin.py:137} INFO - [2022-12-17T12:54:45.145+0000] {dagbag.py:538} INFO - Filling up the DagBag from /home/airflow/.local/lib/python3.7/site-packages/airflow/example_dags/example_branch_datetime_operator.py
[2022-12-17T12:54:45.164+0000] {processor.py:753} INFO - DAG(s) dict_keys(['example_branch_datetime_operator_3', 'example_branch_datetime_operator_2', 'example_branch_datetime_operator']) retrieved from /home/airflow/.local/lib/python3.7/site-packages/airflow/example_dags/example_branch_datetime_operator.py
[2022-12-17T12:54:45.212+0000] {logging_mixin.py:137} INFO - [2022-12-17T12:54:45.211+0000] {dag.py:2676} INFO - Sync 3 DAGs
[2022-12-17T12:54:45.245+0000] {logging_mixin.py:137} INFO - [2022-12-17T12:54:45.244+0000] {dag.py:3427} INFO - Setting next_dagrun for example_branch_datetime_operator to 2022-12-16T00:00:00+00:00, run_after=2022-12-17T00:00:00+00:00
[2022-12-17T12:54:45.250+0000] {logging_mixin.py:137} INFO - [2022-12-17T12:54:45.250+0000] {dag.py:3427} INFO - Setting next_dagrun for example_branch_datetime_operator_2 to 2022-12-16T00:00:00+00:00, run_after=2022-12-17T00:00:00+00:00
[2022-12-17T12:54:45.253+0000] {logging_mixin.py:137} INFO - [2022-12-17T12:54:45.253+0000] {dag.py:3427} INFO - Setting next_dagrun for example_branch_datetime_operator_3 to 2022-12-16T00:00:00+00:00, run_after=2022-12-17T00:00:00+00:00
[2022-12-17T12:54:45.291+0000] {processor.py:175} INFO - Processing /home/airflow/.local/lib/python3.7/site-packages/airflow/example_dags/example_branch_datetime_operator.py took 0.150 seconds
[2022-12-17T12:55:16.034+0000] {processor.py:153} INFO - Started process (PID=543) to work on /home/airflow/.local/lib/python3.7/site-packages/airflow/example_dags/example_branch_datetime_operator.py
[2022-12-17T12:55:16.035+0000] {processor.py:743} INFO - Processing file /home/airflow/.local/lib/python3.7/site-packages/airflow/example_dags/example_branch_datetime_operator.py for tasks to queue
[2022-12-17T12:55:16.035+0000] {logging_mixin.py:137} INFO - [2022-12-17T12:55:16.035+0000] {dagbag.py:538} INFO - Filling up the DagBag from /home/airflow/.local/lib/python3.7/site-packages/airflow/example_dags/example_branch_datetime_operator.py
[2022-12-17T12:55:16.052+0000] {processor.py:753} INFO - DAG(s) dict_keys(['example_branch_datetime_operator_2', 'example_branch_datetime_operator_3', 'example_branch_datetime_operator']) retrieved from /home/airflow/.local/lib/python3.7/site-packages/airflow/example_dags/example_branch_datetime_operator.py
[2022-12-17T12:55:16.090+0000] {logging_mixin.py:137} INFO - [2022-12-17T12:55:16.090+0000] {dag.py:2676} INFO - Sync 3 DAGs
[2022-12-17T12:55:16.117+0000] {logging_mixin.py:137} INFO - [2022-12-17T12:55:16.117+0000] {dag.py:3427} INFO - Setting next_dagrun for example_branch_datetime_operator to 2022-12-16T00:00:00+00:00, run_after=2022-12-17T00:00:00+00:00
[2022-12-17T12:55:16.122+0000] {logging_mixin.py:137} INFO - [2022-12-17T12:55:16.122+0000] {dag.py:3427} INFO - Setting next_dagrun for example_branch_datetime_operator_2 to 2022-12-16T00:00:00+00:00, run_after=2022-12-17T00:00:00+00:00
[2022-12-17T12:55:16.125+0000] {logging_mixin.py:137} INFO - [2022-12-17T12:55:16.124+0000] {dag.py:3427} INFO - Setting next_dagrun for example_branch_datetime_operator_3 to 2022-12-16T00:00:00+00:00, run_after=2022-12-17T00:00:00+00:00
[2022-12-17T12:55:16.148+0000] {processor.py:175} INFO - Processing /home/airflow/.local/lib/python3.7/site-packages/airflow/example_dags/example_branch_datetime_operator.py took 0.116 seconds
