[2022-12-17T12:52:47.969+0000] {processor.py:153} INFO - Started process (PID=110) to work on /home/airflow/.local/lib/python3.7/site-packages/airflow/example_dags/example_skip_dag.py
[2022-12-17T12:52:47.970+0000] {processor.py:743} INFO - Processing file /home/airflow/.local/lib/python3.7/site-packages/airflow/example_dags/example_skip_dag.py for tasks to queue
[2022-12-17T12:52:47.971+0000] {logging_mixin.py:137} INFO - [2022-12-17T12:52:47.971+0000] {dagbag.py:538} INFO - Filling up the DagBag from /home/airflow/.local/lib/python3.7/site-packages/airflow/example_dags/example_skip_dag.py
[2022-12-17T12:52:47.988+0000] {processor.py:753} INFO - DAG(s) dict_keys(['example_skip_dag']) retrieved from /home/airflow/.local/lib/python3.7/site-packages/airflow/example_dags/example_skip_dag.py
[2022-12-17T12:52:48.063+0000] {logging_mixin.py:137} INFO - [2022-12-17T12:52:48.063+0000] {dag.py:2676} INFO - Sync 1 DAGs
[2022-12-17T12:52:48.089+0000] {logging_mixin.py:137} INFO - [2022-12-17T12:52:48.089+0000] {dag.py:3427} INFO - Setting next_dagrun for example_skip_dag to 2022-12-16T12:52:48.089147+00:00, run_after=2022-12-17T12:52:48.089147+00:00
[2022-12-17T12:52:48.120+0000] {processor.py:175} INFO - Processing /home/airflow/.local/lib/python3.7/site-packages/airflow/example_dags/example_skip_dag.py took 0.154 seconds
[2022-12-17T12:53:18.252+0000] {processor.py:153} INFO - Started process (PID=196) to work on /home/airflow/.local/lib/python3.7/site-packages/airflow/example_dags/example_skip_dag.py
[2022-12-17T12:53:18.253+0000] {processor.py:743} INFO - Processing file /home/airflow/.local/lib/python3.7/site-packages/airflow/example_dags/example_skip_dag.py for tasks to queue
[2022-12-17T12:53:18.254+0000] {logging_mixin.py:137} INFO - [2022-12-17T12:53:18.253+0000] {dagbag.py:538} INFO - Filling up the DagBag from /home/airflow/.local/lib/python3.7/site-packages/airflow/example_dags/example_skip_dag.py
[2022-12-17T12:53:18.268+0000] {processor.py:753} INFO - DAG(s) dict_keys(['example_skip_dag']) retrieved from /home/airflow/.local/lib/python3.7/site-packages/airflow/example_dags/example_skip_dag.py
[2022-12-17T12:53:18.302+0000] {logging_mixin.py:137} INFO - [2022-12-17T12:53:18.302+0000] {dag.py:2676} INFO - Sync 1 DAGs
[2022-12-17T12:53:18.329+0000] {logging_mixin.py:137} INFO - [2022-12-17T12:53:18.329+0000] {dag.py:3427} INFO - Setting next_dagrun for example_skip_dag to 2022-12-16T12:53:18.328867+00:00, run_after=2022-12-17T12:53:18.328867+00:00
[2022-12-17T12:53:18.352+0000] {processor.py:175} INFO - Processing /home/airflow/.local/lib/python3.7/site-packages/airflow/example_dags/example_skip_dag.py took 0.103 seconds
[2022-12-17T12:53:48.480+0000] {processor.py:153} INFO - Started process (PID=282) to work on /home/airflow/.local/lib/python3.7/site-packages/airflow/example_dags/example_skip_dag.py
[2022-12-17T12:53:48.480+0000] {processor.py:743} INFO - Processing file /home/airflow/.local/lib/python3.7/site-packages/airflow/example_dags/example_skip_dag.py for tasks to queue
[2022-12-17T12:53:48.481+0000] {logging_mixin.py:137} INFO - [2022-12-17T12:53:48.481+0000] {dagbag.py:538} INFO - Filling up the DagBag from /home/airflow/.local/lib/python3.7/site-packages/airflow/example_dags/example_skip_dag.py
[2022-12-17T12:53:48.496+0000] {processor.py:753} INFO - DAG(s) dict_keys(['example_skip_dag']) retrieved from /home/airflow/.local/lib/python3.7/site-packages/airflow/example_dags/example_skip_dag.py
[2022-12-17T12:53:48.536+0000] {logging_mixin.py:137} INFO - [2022-12-17T12:53:48.535+0000] {dag.py:2676} INFO - Sync 1 DAGs
[2022-12-17T12:53:48.568+0000] {logging_mixin.py:137} INFO - [2022-12-17T12:53:48.567+0000] {dag.py:3427} INFO - Setting next_dagrun for example_skip_dag to 2022-12-16T12:53:48.567682+00:00, run_after=2022-12-17T12:53:48.567682+00:00
[2022-12-17T12:53:48.598+0000] {processor.py:175} INFO - Processing /home/airflow/.local/lib/python3.7/site-packages/airflow/example_dags/example_skip_dag.py took 0.121 seconds
[2022-12-17T12:54:18.725+0000] {processor.py:153} INFO - Started process (PID=392) to work on /home/airflow/.local/lib/python3.7/site-packages/airflow/example_dags/example_skip_dag.py
[2022-12-17T12:54:18.726+0000] {processor.py:743} INFO - Processing file /home/airflow/.local/lib/python3.7/site-packages/airflow/example_dags/example_skip_dag.py for tasks to queue
[2022-12-17T12:54:18.726+0000] {logging_mixin.py:137} INFO - [2022-12-17T12:54:18.726+0000] {dagbag.py:538} INFO - Filling up the DagBag from /home/airflow/.local/lib/python3.7/site-packages/airflow/example_dags/example_skip_dag.py
[2022-12-17T12:54:18.739+0000] {processor.py:753} INFO - DAG(s) dict_keys(['example_skip_dag']) retrieved from /home/airflow/.local/lib/python3.7/site-packages/airflow/example_dags/example_skip_dag.py
[2022-12-17T12:54:18.773+0000] {logging_mixin.py:137} INFO - [2022-12-17T12:54:18.773+0000] {dag.py:2676} INFO - Sync 1 DAGs
[2022-12-17T12:54:18.798+0000] {logging_mixin.py:137} INFO - [2022-12-17T12:54:18.798+0000] {dag.py:3427} INFO - Setting next_dagrun for example_skip_dag to 2022-12-16T12:54:18.797795+00:00, run_after=2022-12-17T12:54:18.797795+00:00
[2022-12-17T12:54:18.824+0000] {processor.py:175} INFO - Processing /home/airflow/.local/lib/python3.7/site-packages/airflow/example_dags/example_skip_dag.py took 0.102 seconds
[2022-12-17T12:54:49.849+0000] {processor.py:153} INFO - Started process (PID=478) to work on /home/airflow/.local/lib/python3.7/site-packages/airflow/example_dags/example_skip_dag.py
[2022-12-17T12:54:49.850+0000] {processor.py:743} INFO - Processing file /home/airflow/.local/lib/python3.7/site-packages/airflow/example_dags/example_skip_dag.py for tasks to queue
[2022-12-17T12:54:49.851+0000] {logging_mixin.py:137} INFO - [2022-12-17T12:54:49.850+0000] {dagbag.py:538} INFO - Filling up the DagBag from /home/airflow/.local/lib/python3.7/site-packages/airflow/example_dags/example_skip_dag.py
[2022-12-17T12:54:49.864+0000] {processor.py:753} INFO - DAG(s) dict_keys(['example_skip_dag']) retrieved from /home/airflow/.local/lib/python3.7/site-packages/airflow/example_dags/example_skip_dag.py
[2022-12-17T12:54:49.897+0000] {logging_mixin.py:137} INFO - [2022-12-17T12:54:49.897+0000] {dag.py:2676} INFO - Sync 1 DAGs
[2022-12-17T12:54:49.921+0000] {logging_mixin.py:137} INFO - [2022-12-17T12:54:49.921+0000] {dag.py:3427} INFO - Setting next_dagrun for example_skip_dag to 2022-12-16T12:54:49.920970+00:00, run_after=2022-12-17T12:54:49.920970+00:00
[2022-12-17T12:54:49.949+0000] {processor.py:175} INFO - Processing /home/airflow/.local/lib/python3.7/site-packages/airflow/example_dags/example_skip_dag.py took 0.102 seconds
[2022-12-17T12:55:20.813+0000] {processor.py:153} INFO - Started process (PID=588) to work on /home/airflow/.local/lib/python3.7/site-packages/airflow/example_dags/example_skip_dag.py
[2022-12-17T12:55:20.814+0000] {processor.py:743} INFO - Processing file /home/airflow/.local/lib/python3.7/site-packages/airflow/example_dags/example_skip_dag.py for tasks to queue
[2022-12-17T12:55:20.814+0000] {logging_mixin.py:137} INFO - [2022-12-17T12:55:20.814+0000] {dagbag.py:538} INFO - Filling up the DagBag from /home/airflow/.local/lib/python3.7/site-packages/airflow/example_dags/example_skip_dag.py
[2022-12-17T12:55:20.827+0000] {processor.py:753} INFO - DAG(s) dict_keys(['example_skip_dag']) retrieved from /home/airflow/.local/lib/python3.7/site-packages/airflow/example_dags/example_skip_dag.py
[2022-12-17T12:55:20.862+0000] {logging_mixin.py:137} INFO - [2022-12-17T12:55:20.862+0000] {dag.py:2676} INFO - Sync 1 DAGs
[2022-12-17T12:55:20.888+0000] {logging_mixin.py:137} INFO - [2022-12-17T12:55:20.887+0000] {dag.py:3427} INFO - Setting next_dagrun for example_skip_dag to 2022-12-16T12:55:20.887677+00:00, run_after=2022-12-17T12:55:20.887677+00:00
[2022-12-17T12:55:20.916+0000] {processor.py:175} INFO - Processing /home/airflow/.local/lib/python3.7/site-packages/airflow/example_dags/example_skip_dag.py took 0.106 seconds
