[2022-12-17T12:52:45.254+0000] {processor.py:153} INFO - Started process (PID=96) to work on /home/airflow/.local/lib/python3.7/site-packages/airflow/example_dags/example_dag_decorator.py
[2022-12-17T12:52:45.255+0000] {processor.py:743} INFO - Processing file /home/airflow/.local/lib/python3.7/site-packages/airflow/example_dags/example_dag_decorator.py for tasks to queue
[2022-12-17T12:52:45.255+0000] {logging_mixin.py:137} INFO - [2022-12-17T12:52:45.255+0000] {dagbag.py:538} INFO - Filling up the DagBag from /home/airflow/.local/lib/python3.7/site-packages/airflow/example_dags/example_dag_decorator.py
[2022-12-17T12:52:45.274+0000] {logging_mixin.py:137} INFO - [2022-12-17T12:52:45.274+0000] {taskmixin.py:205} WARNING - Dependency <Task(_PythonDecoratedOperator): prepare_email>, send_email already registered for DAG: example_dag_decorator
[2022-12-17T12:52:45.274+0000] {logging_mixin.py:137} INFO - [2022-12-17T12:52:45.274+0000] {taskmixin.py:205} WARNING - Dependency <Task(EmailOperator): send_email>, prepare_email already registered for DAG: example_dag_decorator
[2022-12-17T12:52:45.292+0000] {processor.py:753} INFO - DAG(s) dict_keys(['example_dag_decorator']) retrieved from /home/airflow/.local/lib/python3.7/site-packages/airflow/example_dags/example_dag_decorator.py
[2022-12-17T12:52:45.365+0000] {logging_mixin.py:137} INFO - [2022-12-17T12:52:45.365+0000] {dag.py:2676} INFO - Sync 1 DAGs
[2022-12-17T12:52:45.453+0000] {logging_mixin.py:137} INFO - [2022-12-17T12:52:45.453+0000] {dag.py:3427} INFO - Setting next_dagrun for example_dag_decorator to None, run_after=None
[2022-12-17T12:52:45.565+0000] {processor.py:175} INFO - Processing /home/airflow/.local/lib/python3.7/site-packages/airflow/example_dags/example_dag_decorator.py took 0.314 seconds
[2022-12-17T12:53:16.138+0000] {processor.py:153} INFO - Started process (PID=182) to work on /home/airflow/.local/lib/python3.7/site-packages/airflow/example_dags/example_dag_decorator.py
[2022-12-17T12:53:16.139+0000] {processor.py:743} INFO - Processing file /home/airflow/.local/lib/python3.7/site-packages/airflow/example_dags/example_dag_decorator.py for tasks to queue
[2022-12-17T12:53:16.139+0000] {logging_mixin.py:137} INFO - [2022-12-17T12:53:16.139+0000] {dagbag.py:538} INFO - Filling up the DagBag from /home/airflow/.local/lib/python3.7/site-packages/airflow/example_dags/example_dag_decorator.py
[2022-12-17T12:53:16.157+0000] {logging_mixin.py:137} INFO - [2022-12-17T12:53:16.157+0000] {taskmixin.py:205} WARNING - Dependency <Task(_PythonDecoratedOperator): prepare_email>, send_email already registered for DAG: example_dag_decorator
[2022-12-17T12:53:16.157+0000] {logging_mixin.py:137} INFO - [2022-12-17T12:53:16.157+0000] {taskmixin.py:205} WARNING - Dependency <Task(EmailOperator): send_email>, prepare_email already registered for DAG: example_dag_decorator
[2022-12-17T12:53:16.169+0000] {processor.py:753} INFO - DAG(s) dict_keys(['example_dag_decorator']) retrieved from /home/airflow/.local/lib/python3.7/site-packages/airflow/example_dags/example_dag_decorator.py
[2022-12-17T12:53:16.247+0000] {logging_mixin.py:137} INFO - [2022-12-17T12:53:16.247+0000] {dag.py:2676} INFO - Sync 1 DAGs
[2022-12-17T12:53:16.273+0000] {logging_mixin.py:137} INFO - [2022-12-17T12:53:16.273+0000] {dag.py:3427} INFO - Setting next_dagrun for example_dag_decorator to None, run_after=None
[2022-12-17T12:53:16.304+0000] {processor.py:175} INFO - Processing /home/airflow/.local/lib/python3.7/site-packages/airflow/example_dags/example_dag_decorator.py took 0.168 seconds
[2022-12-17T12:53:46.431+0000] {processor.py:153} INFO - Started process (PID=268) to work on /home/airflow/.local/lib/python3.7/site-packages/airflow/example_dags/example_dag_decorator.py
[2022-12-17T12:53:46.432+0000] {processor.py:743} INFO - Processing file /home/airflow/.local/lib/python3.7/site-packages/airflow/example_dags/example_dag_decorator.py for tasks to queue
[2022-12-17T12:53:46.433+0000] {logging_mixin.py:137} INFO - [2022-12-17T12:53:46.433+0000] {dagbag.py:538} INFO - Filling up the DagBag from /home/airflow/.local/lib/python3.7/site-packages/airflow/example_dags/example_dag_decorator.py
[2022-12-17T12:53:46.449+0000] {logging_mixin.py:137} INFO - [2022-12-17T12:53:46.449+0000] {taskmixin.py:205} WARNING - Dependency <Task(_PythonDecoratedOperator): prepare_email>, send_email already registered for DAG: example_dag_decorator
[2022-12-17T12:53:46.450+0000] {logging_mixin.py:137} INFO - [2022-12-17T12:53:46.450+0000] {taskmixin.py:205} WARNING - Dependency <Task(EmailOperator): send_email>, prepare_email already registered for DAG: example_dag_decorator
[2022-12-17T12:53:46.461+0000] {processor.py:753} INFO - DAG(s) dict_keys(['example_dag_decorator']) retrieved from /home/airflow/.local/lib/python3.7/site-packages/airflow/example_dags/example_dag_decorator.py
[2022-12-17T12:53:46.541+0000] {logging_mixin.py:137} INFO - [2022-12-17T12:53:46.540+0000] {dag.py:2676} INFO - Sync 1 DAGs
[2022-12-17T12:53:46.564+0000] {logging_mixin.py:137} INFO - [2022-12-17T12:53:46.564+0000] {dag.py:3427} INFO - Setting next_dagrun for example_dag_decorator to None, run_after=None
[2022-12-17T12:53:46.591+0000] {processor.py:175} INFO - Processing /home/airflow/.local/lib/python3.7/site-packages/airflow/example_dags/example_dag_decorator.py took 0.162 seconds
[2022-12-17T12:54:16.772+0000] {processor.py:153} INFO - Started process (PID=378) to work on /home/airflow/.local/lib/python3.7/site-packages/airflow/example_dags/example_dag_decorator.py
[2022-12-17T12:54:16.773+0000] {processor.py:743} INFO - Processing file /home/airflow/.local/lib/python3.7/site-packages/airflow/example_dags/example_dag_decorator.py for tasks to queue
[2022-12-17T12:54:16.774+0000] {logging_mixin.py:137} INFO - [2022-12-17T12:54:16.774+0000] {dagbag.py:538} INFO - Filling up the DagBag from /home/airflow/.local/lib/python3.7/site-packages/airflow/example_dags/example_dag_decorator.py
[2022-12-17T12:54:16.861+0000] {logging_mixin.py:137} INFO - [2022-12-17T12:54:16.861+0000] {taskmixin.py:205} WARNING - Dependency <Task(_PythonDecoratedOperator): prepare_email>, send_email already registered for DAG: example_dag_decorator
[2022-12-17T12:54:16.862+0000] {logging_mixin.py:137} INFO - [2022-12-17T12:54:16.862+0000] {taskmixin.py:205} WARNING - Dependency <Task(EmailOperator): send_email>, prepare_email already registered for DAG: example_dag_decorator
[2022-12-17T12:54:16.874+0000] {processor.py:753} INFO - DAG(s) dict_keys(['example_dag_decorator']) retrieved from /home/airflow/.local/lib/python3.7/site-packages/airflow/example_dags/example_dag_decorator.py
[2022-12-17T12:54:16.954+0000] {logging_mixin.py:137} INFO - [2022-12-17T12:54:16.954+0000] {dag.py:2676} INFO - Sync 1 DAGs
[2022-12-17T12:54:16.978+0000] {logging_mixin.py:137} INFO - [2022-12-17T12:54:16.978+0000] {dag.py:3427} INFO - Setting next_dagrun for example_dag_decorator to None, run_after=None
[2022-12-17T12:54:17.007+0000] {processor.py:175} INFO - Processing /home/airflow/.local/lib/python3.7/site-packages/airflow/example_dags/example_dag_decorator.py took 0.237 seconds
[2022-12-17T12:54:47.636+0000] {processor.py:153} INFO - Started process (PID=464) to work on /home/airflow/.local/lib/python3.7/site-packages/airflow/example_dags/example_dag_decorator.py
[2022-12-17T12:54:47.637+0000] {processor.py:743} INFO - Processing file /home/airflow/.local/lib/python3.7/site-packages/airflow/example_dags/example_dag_decorator.py for tasks to queue
[2022-12-17T12:54:47.637+0000] {logging_mixin.py:137} INFO - [2022-12-17T12:54:47.637+0000] {dagbag.py:538} INFO - Filling up the DagBag from /home/airflow/.local/lib/python3.7/site-packages/airflow/example_dags/example_dag_decorator.py
[2022-12-17T12:54:47.656+0000] {logging_mixin.py:137} INFO - [2022-12-17T12:54:47.656+0000] {taskmixin.py:205} WARNING - Dependency <Task(_PythonDecoratedOperator): prepare_email>, send_email already registered for DAG: example_dag_decorator
[2022-12-17T12:54:47.656+0000] {logging_mixin.py:137} INFO - [2022-12-17T12:54:47.656+0000] {taskmixin.py:205} WARNING - Dependency <Task(EmailOperator): send_email>, prepare_email already registered for DAG: example_dag_decorator
[2022-12-17T12:54:47.667+0000] {processor.py:753} INFO - DAG(s) dict_keys(['example_dag_decorator']) retrieved from /home/airflow/.local/lib/python3.7/site-packages/airflow/example_dags/example_dag_decorator.py
[2022-12-17T12:54:47.750+0000] {logging_mixin.py:137} INFO - [2022-12-17T12:54:47.750+0000] {dag.py:2676} INFO - Sync 1 DAGs
[2022-12-17T12:54:47.774+0000] {logging_mixin.py:137} INFO - [2022-12-17T12:54:47.774+0000] {dag.py:3427} INFO - Setting next_dagrun for example_dag_decorator to None, run_after=None
[2022-12-17T12:54:47.821+0000] {processor.py:175} INFO - Processing /home/airflow/.local/lib/python3.7/site-packages/airflow/example_dags/example_dag_decorator.py took 0.188 seconds
[2022-12-17T12:55:18.520+0000] {processor.py:153} INFO - Started process (PID=550) to work on /home/airflow/.local/lib/python3.7/site-packages/airflow/example_dags/example_dag_decorator.py
[2022-12-17T12:55:18.521+0000] {processor.py:743} INFO - Processing file /home/airflow/.local/lib/python3.7/site-packages/airflow/example_dags/example_dag_decorator.py for tasks to queue
[2022-12-17T12:55:18.522+0000] {logging_mixin.py:137} INFO - [2022-12-17T12:55:18.521+0000] {dagbag.py:538} INFO - Filling up the DagBag from /home/airflow/.local/lib/python3.7/site-packages/airflow/example_dags/example_dag_decorator.py
[2022-12-17T12:55:18.537+0000] {logging_mixin.py:137} INFO - [2022-12-17T12:55:18.537+0000] {taskmixin.py:205} WARNING - Dependency <Task(_PythonDecoratedOperator): prepare_email>, send_email already registered for DAG: example_dag_decorator
[2022-12-17T12:55:18.537+0000] {logging_mixin.py:137} INFO - [2022-12-17T12:55:18.537+0000] {taskmixin.py:205} WARNING - Dependency <Task(EmailOperator): send_email>, prepare_email already registered for DAG: example_dag_decorator
[2022-12-17T12:55:18.548+0000] {processor.py:753} INFO - DAG(s) dict_keys(['example_dag_decorator']) retrieved from /home/airflow/.local/lib/python3.7/site-packages/airflow/example_dags/example_dag_decorator.py
[2022-12-17T12:55:18.628+0000] {logging_mixin.py:137} INFO - [2022-12-17T12:55:18.628+0000] {dag.py:2676} INFO - Sync 1 DAGs
[2022-12-17T12:55:18.651+0000] {logging_mixin.py:137} INFO - [2022-12-17T12:55:18.651+0000] {dag.py:3427} INFO - Setting next_dagrun for example_dag_decorator to None, run_after=None
[2022-12-17T12:55:18.678+0000] {processor.py:175} INFO - Processing /home/airflow/.local/lib/python3.7/site-packages/airflow/example_dags/example_dag_decorator.py took 0.159 seconds
