[2022-12-17T12:52:47.060+0000] {processor.py:153} INFO - Started process (PID=105) to work on /home/airflow/.local/lib/python3.7/site-packages/airflow/example_dags/example_python_operator.py
[2022-12-17T12:52:47.061+0000] {processor.py:743} INFO - Processing file /home/airflow/.local/lib/python3.7/site-packages/airflow/example_dags/example_python_operator.py for tasks to queue
[2022-12-17T12:52:47.062+0000] {logging_mixin.py:137} INFO - [2022-12-17T12:52:47.061+0000] {dagbag.py:538} INFO - Filling up the DagBag from /home/airflow/.local/lib/python3.7/site-packages/airflow/example_dags/example_python_operator.py
[2022-12-17T12:52:47.083+0000] {logging_mixin.py:137} INFO - [2022-12-17T12:52:47.082+0000] {taskmixin.py:205} WARNING - Dependency <Task(_PythonDecoratedOperator): print_the_context>, log_sql_query already registered for DAG: example_python_operator
[2022-12-17T12:52:47.083+0000] {logging_mixin.py:137} INFO - [2022-12-17T12:52:47.083+0000] {taskmixin.py:205} WARNING - Dependency <Task(_PythonDecoratedOperator): log_sql_query>, print_the_context already registered for DAG: example_python_operator
[2022-12-17T12:52:47.086+0000] {logging_mixin.py:137} INFO - [2022-12-17T12:52:47.086+0000] {taskmixin.py:205} WARNING - Dependency <Task(_PythonDecoratedOperator): print_the_context>, log_sql_query already registered for DAG: example_python_operator
[2022-12-17T12:52:47.086+0000] {logging_mixin.py:137} INFO - [2022-12-17T12:52:47.086+0000] {taskmixin.py:205} WARNING - Dependency <Task(_PythonDecoratedOperator): log_sql_query>, print_the_context already registered for DAG: example_python_operator
[2022-12-17T12:52:47.087+0000] {logging_mixin.py:137} INFO - [2022-12-17T12:52:47.087+0000] {taskmixin.py:205} WARNING - Dependency <Task(_PythonDecoratedOperator): print_the_context>, log_sql_query already registered for DAG: example_python_operator
[2022-12-17T12:52:47.087+0000] {logging_mixin.py:137} INFO - [2022-12-17T12:52:47.087+0000] {taskmixin.py:205} WARNING - Dependency <Task(_PythonDecoratedOperator): log_sql_query>, print_the_context already registered for DAG: example_python_operator
[2022-12-17T12:52:47.089+0000] {logging_mixin.py:137} INFO - [2022-12-17T12:52:47.088+0000] {taskmixin.py:205} WARNING - Dependency <Task(_PythonDecoratedOperator): print_the_context>, log_sql_query already registered for DAG: example_python_operator
[2022-12-17T12:52:47.089+0000] {logging_mixin.py:137} INFO - [2022-12-17T12:52:47.089+0000] {taskmixin.py:205} WARNING - Dependency <Task(_PythonDecoratedOperator): log_sql_query>, print_the_context already registered for DAG: example_python_operator
[2022-12-17T12:52:47.097+0000] {processor.py:753} INFO - DAG(s) dict_keys(['example_python_operator']) retrieved from /home/airflow/.local/lib/python3.7/site-packages/airflow/example_dags/example_python_operator.py
[2022-12-17T12:52:47.178+0000] {logging_mixin.py:137} INFO - [2022-12-17T12:52:47.178+0000] {dag.py:2676} INFO - Sync 1 DAGs
[2022-12-17T12:52:47.263+0000] {logging_mixin.py:137} INFO - [2022-12-17T12:52:47.263+0000] {dag.py:3427} INFO - Setting next_dagrun for example_python_operator to None, run_after=None
[2022-12-17T12:52:47.362+0000] {processor.py:175} INFO - Processing /home/airflow/.local/lib/python3.7/site-packages/airflow/example_dags/example_python_operator.py took 0.304 seconds
[2022-12-17T12:53:17.860+0000] {processor.py:153} INFO - Started process (PID=191) to work on /home/airflow/.local/lib/python3.7/site-packages/airflow/example_dags/example_python_operator.py
[2022-12-17T12:53:17.861+0000] {processor.py:743} INFO - Processing file /home/airflow/.local/lib/python3.7/site-packages/airflow/example_dags/example_python_operator.py for tasks to queue
[2022-12-17T12:53:17.861+0000] {logging_mixin.py:137} INFO - [2022-12-17T12:53:17.861+0000] {dagbag.py:538} INFO - Filling up the DagBag from /home/airflow/.local/lib/python3.7/site-packages/airflow/example_dags/example_python_operator.py
[2022-12-17T12:53:17.879+0000] {logging_mixin.py:137} INFO - [2022-12-17T12:53:17.879+0000] {taskmixin.py:205} WARNING - Dependency <Task(_PythonDecoratedOperator): print_the_context>, log_sql_query already registered for DAG: example_python_operator
[2022-12-17T12:53:17.880+0000] {logging_mixin.py:137} INFO - [2022-12-17T12:53:17.880+0000] {taskmixin.py:205} WARNING - Dependency <Task(_PythonDecoratedOperator): log_sql_query>, print_the_context already registered for DAG: example_python_operator
[2022-12-17T12:53:17.880+0000] {logging_mixin.py:137} INFO - [2022-12-17T12:53:17.880+0000] {taskmixin.py:205} WARNING - Dependency <Task(_PythonDecoratedOperator): print_the_context>, log_sql_query already registered for DAG: example_python_operator
[2022-12-17T12:53:17.881+0000] {logging_mixin.py:137} INFO - [2022-12-17T12:53:17.880+0000] {taskmixin.py:205} WARNING - Dependency <Task(_PythonDecoratedOperator): log_sql_query>, print_the_context already registered for DAG: example_python_operator
[2022-12-17T12:53:17.881+0000] {logging_mixin.py:137} INFO - [2022-12-17T12:53:17.881+0000] {taskmixin.py:205} WARNING - Dependency <Task(_PythonDecoratedOperator): print_the_context>, log_sql_query already registered for DAG: example_python_operator
[2022-12-17T12:53:17.881+0000] {logging_mixin.py:137} INFO - [2022-12-17T12:53:17.881+0000] {taskmixin.py:205} WARNING - Dependency <Task(_PythonDecoratedOperator): log_sql_query>, print_the_context already registered for DAG: example_python_operator
[2022-12-17T12:53:17.882+0000] {logging_mixin.py:137} INFO - [2022-12-17T12:53:17.882+0000] {taskmixin.py:205} WARNING - Dependency <Task(_PythonDecoratedOperator): print_the_context>, log_sql_query already registered for DAG: example_python_operator
[2022-12-17T12:53:17.882+0000] {logging_mixin.py:137} INFO - [2022-12-17T12:53:17.882+0000] {taskmixin.py:205} WARNING - Dependency <Task(_PythonDecoratedOperator): log_sql_query>, print_the_context already registered for DAG: example_python_operator
[2022-12-17T12:53:17.889+0000] {processor.py:753} INFO - DAG(s) dict_keys(['example_python_operator']) retrieved from /home/airflow/.local/lib/python3.7/site-packages/airflow/example_dags/example_python_operator.py
[2022-12-17T12:53:17.963+0000] {logging_mixin.py:137} INFO - [2022-12-17T12:53:17.963+0000] {dag.py:2676} INFO - Sync 1 DAGs
[2022-12-17T12:53:17.985+0000] {logging_mixin.py:137} INFO - [2022-12-17T12:53:17.985+0000] {dag.py:3427} INFO - Setting next_dagrun for example_python_operator to None, run_after=None
[2022-12-17T12:53:18.011+0000] {processor.py:175} INFO - Processing /home/airflow/.local/lib/python3.7/site-packages/airflow/example_dags/example_python_operator.py took 0.153 seconds
[2022-12-17T12:53:48.200+0000] {processor.py:153} INFO - Started process (PID=278) to work on /home/airflow/.local/lib/python3.7/site-packages/airflow/example_dags/example_python_operator.py
[2022-12-17T12:53:48.201+0000] {processor.py:743} INFO - Processing file /home/airflow/.local/lib/python3.7/site-packages/airflow/example_dags/example_python_operator.py for tasks to queue
[2022-12-17T12:53:48.202+0000] {logging_mixin.py:137} INFO - [2022-12-17T12:53:48.201+0000] {dagbag.py:538} INFO - Filling up the DagBag from /home/airflow/.local/lib/python3.7/site-packages/airflow/example_dags/example_python_operator.py
[2022-12-17T12:53:48.219+0000] {logging_mixin.py:137} INFO - [2022-12-17T12:53:48.219+0000] {taskmixin.py:205} WARNING - Dependency <Task(_PythonDecoratedOperator): print_the_context>, log_sql_query already registered for DAG: example_python_operator
[2022-12-17T12:53:48.219+0000] {logging_mixin.py:137} INFO - [2022-12-17T12:53:48.219+0000] {taskmixin.py:205} WARNING - Dependency <Task(_PythonDecoratedOperator): log_sql_query>, print_the_context already registered for DAG: example_python_operator
[2022-12-17T12:53:48.220+0000] {logging_mixin.py:137} INFO - [2022-12-17T12:53:48.220+0000] {taskmixin.py:205} WARNING - Dependency <Task(_PythonDecoratedOperator): print_the_context>, log_sql_query already registered for DAG: example_python_operator
[2022-12-17T12:53:48.220+0000] {logging_mixin.py:137} INFO - [2022-12-17T12:53:48.220+0000] {taskmixin.py:205} WARNING - Dependency <Task(_PythonDecoratedOperator): log_sql_query>, print_the_context already registered for DAG: example_python_operator
[2022-12-17T12:53:48.221+0000] {logging_mixin.py:137} INFO - [2022-12-17T12:53:48.221+0000] {taskmixin.py:205} WARNING - Dependency <Task(_PythonDecoratedOperator): print_the_context>, log_sql_query already registered for DAG: example_python_operator
[2022-12-17T12:53:48.221+0000] {logging_mixin.py:137} INFO - [2022-12-17T12:53:48.221+0000] {taskmixin.py:205} WARNING - Dependency <Task(_PythonDecoratedOperator): log_sql_query>, print_the_context already registered for DAG: example_python_operator
[2022-12-17T12:53:48.222+0000] {logging_mixin.py:137} INFO - [2022-12-17T12:53:48.222+0000] {taskmixin.py:205} WARNING - Dependency <Task(_PythonDecoratedOperator): print_the_context>, log_sql_query already registered for DAG: example_python_operator
[2022-12-17T12:53:48.222+0000] {logging_mixin.py:137} INFO - [2022-12-17T12:53:48.222+0000] {taskmixin.py:205} WARNING - Dependency <Task(_PythonDecoratedOperator): log_sql_query>, print_the_context already registered for DAG: example_python_operator
[2022-12-17T12:53:48.229+0000] {processor.py:753} INFO - DAG(s) dict_keys(['example_python_operator']) retrieved from /home/airflow/.local/lib/python3.7/site-packages/airflow/example_dags/example_python_operator.py
[2022-12-17T12:53:48.267+0000] {logging_mixin.py:137} INFO - [2022-12-17T12:53:48.267+0000] {dag.py:2676} INFO - Sync 1 DAGs
[2022-12-17T12:53:48.293+0000] {logging_mixin.py:137} INFO - [2022-12-17T12:53:48.293+0000] {dag.py:3427} INFO - Setting next_dagrun for example_python_operator to None, run_after=None
[2022-12-17T12:53:48.325+0000] {processor.py:175} INFO - Processing /home/airflow/.local/lib/python3.7/site-packages/airflow/example_dags/example_python_operator.py took 0.128 seconds
[2022-12-17T12:54:18.451+0000] {processor.py:153} INFO - Started process (PID=388) to work on /home/airflow/.local/lib/python3.7/site-packages/airflow/example_dags/example_python_operator.py
[2022-12-17T12:54:18.452+0000] {processor.py:743} INFO - Processing file /home/airflow/.local/lib/python3.7/site-packages/airflow/example_dags/example_python_operator.py for tasks to queue
[2022-12-17T12:54:18.453+0000] {logging_mixin.py:137} INFO - [2022-12-17T12:54:18.453+0000] {dagbag.py:538} INFO - Filling up the DagBag from /home/airflow/.local/lib/python3.7/site-packages/airflow/example_dags/example_python_operator.py
[2022-12-17T12:54:18.470+0000] {logging_mixin.py:137} INFO - [2022-12-17T12:54:18.470+0000] {taskmixin.py:205} WARNING - Dependency <Task(_PythonDecoratedOperator): print_the_context>, log_sql_query already registered for DAG: example_python_operator
[2022-12-17T12:54:18.470+0000] {logging_mixin.py:137} INFO - [2022-12-17T12:54:18.470+0000] {taskmixin.py:205} WARNING - Dependency <Task(_PythonDecoratedOperator): log_sql_query>, print_the_context already registered for DAG: example_python_operator
[2022-12-17T12:54:18.471+0000] {logging_mixin.py:137} INFO - [2022-12-17T12:54:18.471+0000] {taskmixin.py:205} WARNING - Dependency <Task(_PythonDecoratedOperator): print_the_context>, log_sql_query already registered for DAG: example_python_operator
[2022-12-17T12:54:18.471+0000] {logging_mixin.py:137} INFO - [2022-12-17T12:54:18.471+0000] {taskmixin.py:205} WARNING - Dependency <Task(_PythonDecoratedOperator): log_sql_query>, print_the_context already registered for DAG: example_python_operator
[2022-12-17T12:54:18.472+0000] {logging_mixin.py:137} INFO - [2022-12-17T12:54:18.472+0000] {taskmixin.py:205} WARNING - Dependency <Task(_PythonDecoratedOperator): print_the_context>, log_sql_query already registered for DAG: example_python_operator
[2022-12-17T12:54:18.472+0000] {logging_mixin.py:137} INFO - [2022-12-17T12:54:18.472+0000] {taskmixin.py:205} WARNING - Dependency <Task(_PythonDecoratedOperator): log_sql_query>, print_the_context already registered for DAG: example_python_operator
[2022-12-17T12:54:18.473+0000] {logging_mixin.py:137} INFO - [2022-12-17T12:54:18.473+0000] {taskmixin.py:205} WARNING - Dependency <Task(_PythonDecoratedOperator): print_the_context>, log_sql_query already registered for DAG: example_python_operator
[2022-12-17T12:54:18.473+0000] {logging_mixin.py:137} INFO - [2022-12-17T12:54:18.473+0000] {taskmixin.py:205} WARNING - Dependency <Task(_PythonDecoratedOperator): log_sql_query>, print_the_context already registered for DAG: example_python_operator
[2022-12-17T12:54:18.480+0000] {processor.py:753} INFO - DAG(s) dict_keys(['example_python_operator']) retrieved from /home/airflow/.local/lib/python3.7/site-packages/airflow/example_dags/example_python_operator.py
[2022-12-17T12:54:18.516+0000] {logging_mixin.py:137} INFO - [2022-12-17T12:54:18.515+0000] {dag.py:2676} INFO - Sync 1 DAGs
[2022-12-17T12:54:18.539+0000] {logging_mixin.py:137} INFO - [2022-12-17T12:54:18.539+0000] {dag.py:3427} INFO - Setting next_dagrun for example_python_operator to None, run_after=None
[2022-12-17T12:54:18.567+0000] {processor.py:175} INFO - Processing /home/airflow/.local/lib/python3.7/site-packages/airflow/example_dags/example_python_operator.py took 0.119 seconds
[2022-12-17T12:54:49.411+0000] {processor.py:153} INFO - Started process (PID=473) to work on /home/airflow/.local/lib/python3.7/site-packages/airflow/example_dags/example_python_operator.py
[2022-12-17T12:54:49.411+0000] {processor.py:743} INFO - Processing file /home/airflow/.local/lib/python3.7/site-packages/airflow/example_dags/example_python_operator.py for tasks to queue
[2022-12-17T12:54:49.412+0000] {logging_mixin.py:137} INFO - [2022-12-17T12:54:49.412+0000] {dagbag.py:538} INFO - Filling up the DagBag from /home/airflow/.local/lib/python3.7/site-packages/airflow/example_dags/example_python_operator.py
[2022-12-17T12:54:49.430+0000] {logging_mixin.py:137} INFO - [2022-12-17T12:54:49.430+0000] {taskmixin.py:205} WARNING - Dependency <Task(_PythonDecoratedOperator): print_the_context>, log_sql_query already registered for DAG: example_python_operator
[2022-12-17T12:54:49.431+0000] {logging_mixin.py:137} INFO - [2022-12-17T12:54:49.431+0000] {taskmixin.py:205} WARNING - Dependency <Task(_PythonDecoratedOperator): log_sql_query>, print_the_context already registered for DAG: example_python_operator
[2022-12-17T12:54:49.431+0000] {logging_mixin.py:137} INFO - [2022-12-17T12:54:49.431+0000] {taskmixin.py:205} WARNING - Dependency <Task(_PythonDecoratedOperator): print_the_context>, log_sql_query already registered for DAG: example_python_operator
[2022-12-17T12:54:49.432+0000] {logging_mixin.py:137} INFO - [2022-12-17T12:54:49.431+0000] {taskmixin.py:205} WARNING - Dependency <Task(_PythonDecoratedOperator): log_sql_query>, print_the_context already registered for DAG: example_python_operator
[2022-12-17T12:54:49.432+0000] {logging_mixin.py:137} INFO - [2022-12-17T12:54:49.432+0000] {taskmixin.py:205} WARNING - Dependency <Task(_PythonDecoratedOperator): print_the_context>, log_sql_query already registered for DAG: example_python_operator
[2022-12-17T12:54:49.433+0000] {logging_mixin.py:137} INFO - [2022-12-17T12:54:49.432+0000] {taskmixin.py:205} WARNING - Dependency <Task(_PythonDecoratedOperator): log_sql_query>, print_the_context already registered for DAG: example_python_operator
[2022-12-17T12:54:49.433+0000] {logging_mixin.py:137} INFO - [2022-12-17T12:54:49.433+0000] {taskmixin.py:205} WARNING - Dependency <Task(_PythonDecoratedOperator): print_the_context>, log_sql_query already registered for DAG: example_python_operator
[2022-12-17T12:54:49.433+0000] {logging_mixin.py:137} INFO - [2022-12-17T12:54:49.433+0000] {taskmixin.py:205} WARNING - Dependency <Task(_PythonDecoratedOperator): log_sql_query>, print_the_context already registered for DAG: example_python_operator
[2022-12-17T12:54:49.441+0000] {processor.py:753} INFO - DAG(s) dict_keys(['example_python_operator']) retrieved from /home/airflow/.local/lib/python3.7/site-packages/airflow/example_dags/example_python_operator.py
[2022-12-17T12:54:49.484+0000] {logging_mixin.py:137} INFO - [2022-12-17T12:54:49.484+0000] {dag.py:2676} INFO - Sync 1 DAGs
[2022-12-17T12:54:49.520+0000] {logging_mixin.py:137} INFO - [2022-12-17T12:54:49.520+0000] {dag.py:3427} INFO - Setting next_dagrun for example_python_operator to None, run_after=None
[2022-12-17T12:54:49.550+0000] {processor.py:175} INFO - Processing /home/airflow/.local/lib/python3.7/site-packages/airflow/example_dags/example_python_operator.py took 0.142 seconds
[2022-12-17T12:55:20.202+0000] {processor.py:153} INFO - Started process (PID=568) to work on /home/airflow/.local/lib/python3.7/site-packages/airflow/example_dags/example_python_operator.py
[2022-12-17T12:55:20.203+0000] {processor.py:743} INFO - Processing file /home/airflow/.local/lib/python3.7/site-packages/airflow/example_dags/example_python_operator.py for tasks to queue
[2022-12-17T12:55:20.203+0000] {logging_mixin.py:137} INFO - [2022-12-17T12:55:20.203+0000] {dagbag.py:538} INFO - Filling up the DagBag from /home/airflow/.local/lib/python3.7/site-packages/airflow/example_dags/example_python_operator.py
[2022-12-17T12:55:20.220+0000] {logging_mixin.py:137} INFO - [2022-12-17T12:55:20.220+0000] {taskmixin.py:205} WARNING - Dependency <Task(_PythonDecoratedOperator): print_the_context>, log_sql_query already registered for DAG: example_python_operator
[2022-12-17T12:55:20.220+0000] {logging_mixin.py:137} INFO - [2022-12-17T12:55:20.220+0000] {taskmixin.py:205} WARNING - Dependency <Task(_PythonDecoratedOperator): log_sql_query>, print_the_context already registered for DAG: example_python_operator
[2022-12-17T12:55:20.221+0000] {logging_mixin.py:137} INFO - [2022-12-17T12:55:20.221+0000] {taskmixin.py:205} WARNING - Dependency <Task(_PythonDecoratedOperator): print_the_context>, log_sql_query already registered for DAG: example_python_operator
[2022-12-17T12:55:20.221+0000] {logging_mixin.py:137} INFO - [2022-12-17T12:55:20.221+0000] {taskmixin.py:205} WARNING - Dependency <Task(_PythonDecoratedOperator): log_sql_query>, print_the_context already registered for DAG: example_python_operator
[2022-12-17T12:55:20.222+0000] {logging_mixin.py:137} INFO - [2022-12-17T12:55:20.221+0000] {taskmixin.py:205} WARNING - Dependency <Task(_PythonDecoratedOperator): print_the_context>, log_sql_query already registered for DAG: example_python_operator
[2022-12-17T12:55:20.222+0000] {logging_mixin.py:137} INFO - [2022-12-17T12:55:20.222+0000] {taskmixin.py:205} WARNING - Dependency <Task(_PythonDecoratedOperator): log_sql_query>, print_the_context already registered for DAG: example_python_operator
[2022-12-17T12:55:20.222+0000] {logging_mixin.py:137} INFO - [2022-12-17T12:55:20.222+0000] {taskmixin.py:205} WARNING - Dependency <Task(_PythonDecoratedOperator): print_the_context>, log_sql_query already registered for DAG: example_python_operator
[2022-12-17T12:55:20.223+0000] {logging_mixin.py:137} INFO - [2022-12-17T12:55:20.222+0000] {taskmixin.py:205} WARNING - Dependency <Task(_PythonDecoratedOperator): log_sql_query>, print_the_context already registered for DAG: example_python_operator
[2022-12-17T12:55:20.229+0000] {processor.py:753} INFO - DAG(s) dict_keys(['example_python_operator']) retrieved from /home/airflow/.local/lib/python3.7/site-packages/airflow/example_dags/example_python_operator.py
[2022-12-17T12:55:20.271+0000] {logging_mixin.py:137} INFO - [2022-12-17T12:55:20.271+0000] {dag.py:2676} INFO - Sync 1 DAGs
[2022-12-17T12:55:20.295+0000] {logging_mixin.py:137} INFO - [2022-12-17T12:55:20.295+0000] {dag.py:3427} INFO - Setting next_dagrun for example_python_operator to None, run_after=None
[2022-12-17T12:55:20.361+0000] {processor.py:175} INFO - Processing /home/airflow/.local/lib/python3.7/site-packages/airflow/example_dags/example_python_operator.py took 0.162 seconds
