[2022-12-17T12:57:52.778+0000] {processor.py:153} INFO - Started process (PID=1057) to work on /home/airflow/.local/lib/python3.7/site-packages/airflow/example_dags/example_latest_only_with_trigger.py
[2022-12-17T12:57:52.778+0000] {processor.py:743} INFO - Processing file /home/airflow/.local/lib/python3.7/site-packages/airflow/example_dags/example_latest_only_with_trigger.py for tasks to queue
[2022-12-17T12:57:52.779+0000] {logging_mixin.py:137} INFO - [2022-12-17T12:57:52.779+0000] {dagbag.py:538} INFO - Filling up the DagBag from /home/airflow/.local/lib/python3.7/site-packages/airflow/example_dags/example_latest_only_with_trigger.py
[2022-12-17T12:57:52.792+0000] {processor.py:753} INFO - DAG(s) dict_keys(['latest_only_with_trigger']) retrieved from /home/airflow/.local/lib/python3.7/site-packages/airflow/example_dags/example_latest_only_with_trigger.py
[2022-12-17T12:57:52.830+0000] {logging_mixin.py:137} INFO - [2022-12-17T12:57:52.829+0000] {dag.py:2676} INFO - Sync 1 DAGs
[2022-12-17T12:57:52.857+0000] {logging_mixin.py:137} INFO - [2022-12-17T12:57:52.857+0000] {dag.py:3427} INFO - Setting next_dagrun for latest_only_with_trigger to 2022-12-17T08:57:52.856741+00:00, run_after=2022-12-17T12:57:52.856741+00:00
[2022-12-17T12:57:52.887+0000] {processor.py:175} INFO - Processing /home/airflow/.local/lib/python3.7/site-packages/airflow/example_dags/example_latest_only_with_trigger.py took 0.113 seconds
[2022-12-17T12:58:23.355+0000] {processor.py:153} INFO - Started process (PID=1143) to work on /home/airflow/.local/lib/python3.7/site-packages/airflow/example_dags/example_latest_only_with_trigger.py
[2022-12-17T12:58:23.356+0000] {processor.py:743} INFO - Processing file /home/airflow/.local/lib/python3.7/site-packages/airflow/example_dags/example_latest_only_with_trigger.py for tasks to queue
[2022-12-17T12:58:23.356+0000] {logging_mixin.py:137} INFO - [2022-12-17T12:58:23.356+0000] {dagbag.py:538} INFO - Filling up the DagBag from /home/airflow/.local/lib/python3.7/site-packages/airflow/example_dags/example_latest_only_with_trigger.py
[2022-12-17T12:58:23.369+0000] {processor.py:753} INFO - DAG(s) dict_keys(['latest_only_with_trigger']) retrieved from /home/airflow/.local/lib/python3.7/site-packages/airflow/example_dags/example_latest_only_with_trigger.py
[2022-12-17T12:58:23.403+0000] {logging_mixin.py:137} INFO - [2022-12-17T12:58:23.403+0000] {dag.py:2676} INFO - Sync 1 DAGs
[2022-12-17T12:58:23.427+0000] {logging_mixin.py:137} INFO - [2022-12-17T12:58:23.427+0000] {dag.py:3427} INFO - Setting next_dagrun for latest_only_with_trigger to 2022-12-17T08:58:23.427392+00:00, run_after=2022-12-17T12:58:23.427392+00:00
[2022-12-17T12:58:23.453+0000] {processor.py:175} INFO - Processing /home/airflow/.local/lib/python3.7/site-packages/airflow/example_dags/example_latest_only_with_trigger.py took 0.100 seconds
[2022-12-17T12:58:54.093+0000] {processor.py:153} INFO - Started process (PID=1229) to work on /home/airflow/.local/lib/python3.7/site-packages/airflow/example_dags/example_latest_only_with_trigger.py
[2022-12-17T12:58:54.094+0000] {processor.py:743} INFO - Processing file /home/airflow/.local/lib/python3.7/site-packages/airflow/example_dags/example_latest_only_with_trigger.py for tasks to queue
[2022-12-17T12:58:54.095+0000] {logging_mixin.py:137} INFO - [2022-12-17T12:58:54.095+0000] {dagbag.py:538} INFO - Filling up the DagBag from /home/airflow/.local/lib/python3.7/site-packages/airflow/example_dags/example_latest_only_with_trigger.py
[2022-12-17T12:58:54.108+0000] {processor.py:753} INFO - DAG(s) dict_keys(['latest_only_with_trigger']) retrieved from /home/airflow/.local/lib/python3.7/site-packages/airflow/example_dags/example_latest_only_with_trigger.py
[2022-12-17T12:58:54.142+0000] {logging_mixin.py:137} INFO - [2022-12-17T12:58:54.142+0000] {dag.py:2676} INFO - Sync 1 DAGs
[2022-12-17T12:58:54.167+0000] {logging_mixin.py:137} INFO - [2022-12-17T12:58:54.166+0000] {dag.py:3427} INFO - Setting next_dagrun for latest_only_with_trigger to 2022-12-17T08:58:54.166707+00:00, run_after=2022-12-17T12:58:54.166707+00:00
[2022-12-17T12:58:54.200+0000] {processor.py:175} INFO - Processing /home/airflow/.local/lib/python3.7/site-packages/airflow/example_dags/example_latest_only_with_trigger.py took 0.109 seconds
[2022-12-17T12:59:24.463+0000] {processor.py:153} INFO - Started process (PID=1339) to work on /home/airflow/.local/lib/python3.7/site-packages/airflow/example_dags/example_latest_only_with_trigger.py
[2022-12-17T12:59:24.465+0000] {processor.py:743} INFO - Processing file /home/airflow/.local/lib/python3.7/site-packages/airflow/example_dags/example_latest_only_with_trigger.py for tasks to queue
[2022-12-17T12:59:24.465+0000] {logging_mixin.py:137} INFO - [2022-12-17T12:59:24.465+0000] {dagbag.py:538} INFO - Filling up the DagBag from /home/airflow/.local/lib/python3.7/site-packages/airflow/example_dags/example_latest_only_with_trigger.py
[2022-12-17T12:59:24.478+0000] {processor.py:753} INFO - DAG(s) dict_keys(['latest_only_with_trigger']) retrieved from /home/airflow/.local/lib/python3.7/site-packages/airflow/example_dags/example_latest_only_with_trigger.py
[2022-12-17T12:59:24.512+0000] {logging_mixin.py:137} INFO - [2022-12-17T12:59:24.512+0000] {dag.py:2676} INFO - Sync 1 DAGs
[2022-12-17T12:59:24.538+0000] {logging_mixin.py:137} INFO - [2022-12-17T12:59:24.538+0000] {dag.py:3427} INFO - Setting next_dagrun for latest_only_with_trigger to 2022-12-17T08:59:24.538441+00:00, run_after=2022-12-17T12:59:24.538441+00:00
[2022-12-17T12:59:24.565+0000] {processor.py:175} INFO - Processing /home/airflow/.local/lib/python3.7/site-packages/airflow/example_dags/example_latest_only_with_trigger.py took 0.103 seconds
[2022-12-17T12:59:55.058+0000] {processor.py:153} INFO - Started process (PID=1426) to work on /home/airflow/.local/lib/python3.7/site-packages/airflow/example_dags/example_latest_only_with_trigger.py
[2022-12-17T12:59:55.059+0000] {processor.py:743} INFO - Processing file /home/airflow/.local/lib/python3.7/site-packages/airflow/example_dags/example_latest_only_with_trigger.py for tasks to queue
[2022-12-17T12:59:55.059+0000] {logging_mixin.py:137} INFO - [2022-12-17T12:59:55.059+0000] {dagbag.py:538} INFO - Filling up the DagBag from /home/airflow/.local/lib/python3.7/site-packages/airflow/example_dags/example_latest_only_with_trigger.py
[2022-12-17T12:59:55.073+0000] {processor.py:753} INFO - DAG(s) dict_keys(['latest_only_with_trigger']) retrieved from /home/airflow/.local/lib/python3.7/site-packages/airflow/example_dags/example_latest_only_with_trigger.py
[2022-12-17T12:59:55.110+0000] {logging_mixin.py:137} INFO - [2022-12-17T12:59:55.110+0000] {dag.py:2676} INFO - Sync 1 DAGs
[2022-12-17T12:59:55.137+0000] {logging_mixin.py:137} INFO - [2022-12-17T12:59:55.137+0000] {dag.py:3427} INFO - Setting next_dagrun for latest_only_with_trigger to 2022-12-17T08:59:55.137090+00:00, run_after=2022-12-17T12:59:55.137090+00:00
[2022-12-17T12:59:55.164+0000] {processor.py:175} INFO - Processing /home/airflow/.local/lib/python3.7/site-packages/airflow/example_dags/example_latest_only_with_trigger.py took 0.109 seconds
[2022-12-17T13:00:26.067+0000] {processor.py:153} INFO - Started process (PID=1536) to work on /home/airflow/.local/lib/python3.7/site-packages/airflow/example_dags/example_latest_only_with_trigger.py
[2022-12-17T13:00:26.068+0000] {processor.py:743} INFO - Processing file /home/airflow/.local/lib/python3.7/site-packages/airflow/example_dags/example_latest_only_with_trigger.py for tasks to queue
[2022-12-17T13:00:26.068+0000] {logging_mixin.py:137} INFO - [2022-12-17T13:00:26.068+0000] {dagbag.py:538} INFO - Filling up the DagBag from /home/airflow/.local/lib/python3.7/site-packages/airflow/example_dags/example_latest_only_with_trigger.py
[2022-12-17T13:00:26.081+0000] {processor.py:753} INFO - DAG(s) dict_keys(['latest_only_with_trigger']) retrieved from /home/airflow/.local/lib/python3.7/site-packages/airflow/example_dags/example_latest_only_with_trigger.py
[2022-12-17T13:00:26.118+0000] {logging_mixin.py:137} INFO - [2022-12-17T13:00:26.118+0000] {dag.py:2676} INFO - Sync 1 DAGs
[2022-12-17T13:00:26.152+0000] {logging_mixin.py:137} INFO - [2022-12-17T13:00:26.151+0000] {dag.py:3427} INFO - Setting next_dagrun for latest_only_with_trigger to 2022-12-17T09:00:26.151752+00:00, run_after=2022-12-17T13:00:26.151752+00:00
[2022-12-17T13:00:26.181+0000] {processor.py:175} INFO - Processing /home/airflow/.local/lib/python3.7/site-packages/airflow/example_dags/example_latest_only_with_trigger.py took 0.117 seconds
[2022-12-17T13:00:56.694+0000] {processor.py:153} INFO - Started process (PID=1622) to work on /home/airflow/.local/lib/python3.7/site-packages/airflow/example_dags/example_latest_only_with_trigger.py
[2022-12-17T13:00:56.695+0000] {processor.py:743} INFO - Processing file /home/airflow/.local/lib/python3.7/site-packages/airflow/example_dags/example_latest_only_with_trigger.py for tasks to queue
[2022-12-17T13:00:56.696+0000] {logging_mixin.py:137} INFO - [2022-12-17T13:00:56.695+0000] {dagbag.py:538} INFO - Filling up the DagBag from /home/airflow/.local/lib/python3.7/site-packages/airflow/example_dags/example_latest_only_with_trigger.py
[2022-12-17T13:00:56.710+0000] {processor.py:753} INFO - DAG(s) dict_keys(['latest_only_with_trigger']) retrieved from /home/airflow/.local/lib/python3.7/site-packages/airflow/example_dags/example_latest_only_with_trigger.py
[2022-12-17T13:00:56.747+0000] {logging_mixin.py:137} INFO - [2022-12-17T13:00:56.747+0000] {dag.py:2676} INFO - Sync 1 DAGs
[2022-12-17T13:00:56.774+0000] {logging_mixin.py:137} INFO - [2022-12-17T13:00:56.774+0000] {dag.py:3427} INFO - Setting next_dagrun for latest_only_with_trigger to 2022-12-17T09:00:56.774285+00:00, run_after=2022-12-17T13:00:56.774285+00:00
[2022-12-17T13:00:56.805+0000] {processor.py:175} INFO - Processing /home/airflow/.local/lib/python3.7/site-packages/airflow/example_dags/example_latest_only_with_trigger.py took 0.114 seconds
[2022-12-17T13:01:27.474+0000] {processor.py:153} INFO - Started process (PID=1708) to work on /home/airflow/.local/lib/python3.7/site-packages/airflow/example_dags/example_latest_only_with_trigger.py
[2022-12-17T13:01:27.474+0000] {processor.py:743} INFO - Processing file /home/airflow/.local/lib/python3.7/site-packages/airflow/example_dags/example_latest_only_with_trigger.py for tasks to queue
[2022-12-17T13:01:27.475+0000] {logging_mixin.py:137} INFO - [2022-12-17T13:01:27.475+0000] {dagbag.py:538} INFO - Filling up the DagBag from /home/airflow/.local/lib/python3.7/site-packages/airflow/example_dags/example_latest_only_with_trigger.py
[2022-12-17T13:01:27.487+0000] {processor.py:753} INFO - DAG(s) dict_keys(['latest_only_with_trigger']) retrieved from /home/airflow/.local/lib/python3.7/site-packages/airflow/example_dags/example_latest_only_with_trigger.py
[2022-12-17T13:01:27.522+0000] {logging_mixin.py:137} INFO - [2022-12-17T13:01:27.521+0000] {dag.py:2676} INFO - Sync 1 DAGs
[2022-12-17T13:01:27.548+0000] {logging_mixin.py:137} INFO - [2022-12-17T13:01:27.548+0000] {dag.py:3427} INFO - Setting next_dagrun for latest_only_with_trigger to 2022-12-17T09:01:27.547812+00:00, run_after=2022-12-17T13:01:27.547812+00:00
[2022-12-17T13:01:27.573+0000] {processor.py:175} INFO - Processing /home/airflow/.local/lib/python3.7/site-packages/airflow/example_dags/example_latest_only_with_trigger.py took 0.102 seconds
[2022-12-17T13:01:57.742+0000] {processor.py:153} INFO - Started process (PID=1818) to work on /home/airflow/.local/lib/python3.7/site-packages/airflow/example_dags/example_latest_only_with_trigger.py
[2022-12-17T13:01:57.743+0000] {processor.py:743} INFO - Processing file /home/airflow/.local/lib/python3.7/site-packages/airflow/example_dags/example_latest_only_with_trigger.py for tasks to queue
[2022-12-17T13:01:57.744+0000] {logging_mixin.py:137} INFO - [2022-12-17T13:01:57.743+0000] {dagbag.py:538} INFO - Filling up the DagBag from /home/airflow/.local/lib/python3.7/site-packages/airflow/example_dags/example_latest_only_with_trigger.py
[2022-12-17T13:01:57.756+0000] {processor.py:753} INFO - DAG(s) dict_keys(['latest_only_with_trigger']) retrieved from /home/airflow/.local/lib/python3.7/site-packages/airflow/example_dags/example_latest_only_with_trigger.py
[2022-12-17T13:01:57.792+0000] {logging_mixin.py:137} INFO - [2022-12-17T13:01:57.791+0000] {dag.py:2676} INFO - Sync 1 DAGs
[2022-12-17T13:01:57.817+0000] {logging_mixin.py:137} INFO - [2022-12-17T13:01:57.816+0000] {dag.py:3427} INFO - Setting next_dagrun for latest_only_with_trigger to 2022-12-17T09:01:57.816554+00:00, run_after=2022-12-17T13:01:57.816554+00:00
[2022-12-17T13:01:57.849+0000] {processor.py:175} INFO - Processing /home/airflow/.local/lib/python3.7/site-packages/airflow/example_dags/example_latest_only_with_trigger.py took 0.109 seconds
[2022-12-17T13:02:28.384+0000] {processor.py:153} INFO - Started process (PID=1904) to work on /home/airflow/.local/lib/python3.7/site-packages/airflow/example_dags/example_latest_only_with_trigger.py
[2022-12-17T13:02:28.385+0000] {processor.py:743} INFO - Processing file /home/airflow/.local/lib/python3.7/site-packages/airflow/example_dags/example_latest_only_with_trigger.py for tasks to queue
[2022-12-17T13:02:28.385+0000] {logging_mixin.py:137} INFO - [2022-12-17T13:02:28.385+0000] {dagbag.py:538} INFO - Filling up the DagBag from /home/airflow/.local/lib/python3.7/site-packages/airflow/example_dags/example_latest_only_with_trigger.py
[2022-12-17T13:02:28.397+0000] {processor.py:753} INFO - DAG(s) dict_keys(['latest_only_with_trigger']) retrieved from /home/airflow/.local/lib/python3.7/site-packages/airflow/example_dags/example_latest_only_with_trigger.py
[2022-12-17T13:02:28.431+0000] {logging_mixin.py:137} INFO - [2022-12-17T13:02:28.431+0000] {dag.py:2676} INFO - Sync 1 DAGs
[2022-12-17T13:02:28.455+0000] {logging_mixin.py:137} INFO - [2022-12-17T13:02:28.455+0000] {dag.py:3427} INFO - Setting next_dagrun for latest_only_with_trigger to 2022-12-17T09:02:28.455256+00:00, run_after=2022-12-17T13:02:28.455256+00:00
[2022-12-17T13:02:28.479+0000] {processor.py:175} INFO - Processing /home/airflow/.local/lib/python3.7/site-packages/airflow/example_dags/example_latest_only_with_trigger.py took 0.097 seconds
[2022-12-17T13:05:01.207+0000] {processor.py:153} INFO - Started process (PID=2382) to work on /home/airflow/.local/lib/python3.7/site-packages/airflow/example_dags/example_latest_only_with_trigger.py
[2022-12-17T13:05:01.207+0000] {processor.py:743} INFO - Processing file /home/airflow/.local/lib/python3.7/site-packages/airflow/example_dags/example_latest_only_with_trigger.py for tasks to queue
[2022-12-17T13:05:01.208+0000] {logging_mixin.py:137} INFO - [2022-12-17T13:05:01.208+0000] {dagbag.py:538} INFO - Filling up the DagBag from /home/airflow/.local/lib/python3.7/site-packages/airflow/example_dags/example_latest_only_with_trigger.py
[2022-12-17T13:05:01.221+0000] {processor.py:753} INFO - DAG(s) dict_keys(['latest_only_with_trigger']) retrieved from /home/airflow/.local/lib/python3.7/site-packages/airflow/example_dags/example_latest_only_with_trigger.py
[2022-12-17T13:05:01.257+0000] {logging_mixin.py:137} INFO - [2022-12-17T13:05:01.256+0000] {dag.py:2676} INFO - Sync 1 DAGs
[2022-12-17T13:05:01.283+0000] {logging_mixin.py:137} INFO - [2022-12-17T13:05:01.283+0000] {dag.py:3427} INFO - Setting next_dagrun for latest_only_with_trigger to 2022-12-17T09:05:01.282922+00:00, run_after=2022-12-17T13:05:01.282922+00:00
[2022-12-17T13:05:01.315+0000] {processor.py:175} INFO - Processing /home/airflow/.local/lib/python3.7/site-packages/airflow/example_dags/example_latest_only_with_trigger.py took 0.111 seconds
[2022-12-17T13:05:31.668+0000] {processor.py:153} INFO - Started process (PID=2478) to work on /home/airflow/.local/lib/python3.7/site-packages/airflow/example_dags/example_latest_only_with_trigger.py
[2022-12-17T13:05:31.669+0000] {processor.py:743} INFO - Processing file /home/airflow/.local/lib/python3.7/site-packages/airflow/example_dags/example_latest_only_with_trigger.py for tasks to queue
[2022-12-17T13:05:31.669+0000] {logging_mixin.py:137} INFO - [2022-12-17T13:05:31.669+0000] {dagbag.py:538} INFO - Filling up the DagBag from /home/airflow/.local/lib/python3.7/site-packages/airflow/example_dags/example_latest_only_with_trigger.py
[2022-12-17T13:05:31.686+0000] {processor.py:753} INFO - DAG(s) dict_keys(['latest_only_with_trigger']) retrieved from /home/airflow/.local/lib/python3.7/site-packages/airflow/example_dags/example_latest_only_with_trigger.py
[2022-12-17T13:05:31.727+0000] {logging_mixin.py:137} INFO - [2022-12-17T13:05:31.727+0000] {dag.py:2676} INFO - Sync 1 DAGs
[2022-12-17T13:05:31.765+0000] {logging_mixin.py:137} INFO - [2022-12-17T13:05:31.765+0000] {dag.py:3427} INFO - Setting next_dagrun for latest_only_with_trigger to 2022-12-17T09:05:31.765142+00:00, run_after=2022-12-17T13:05:31.765142+00:00
[2022-12-17T13:05:31.810+0000] {processor.py:175} INFO - Processing /home/airflow/.local/lib/python3.7/site-packages/airflow/example_dags/example_latest_only_with_trigger.py took 0.145 seconds
[2022-12-17T13:06:02.235+0000] {processor.py:153} INFO - Started process (PID=2579) to work on /home/airflow/.local/lib/python3.7/site-packages/airflow/example_dags/example_latest_only_with_trigger.py
[2022-12-17T13:06:02.236+0000] {processor.py:743} INFO - Processing file /home/airflow/.local/lib/python3.7/site-packages/airflow/example_dags/example_latest_only_with_trigger.py for tasks to queue
[2022-12-17T13:06:02.236+0000] {logging_mixin.py:137} INFO - [2022-12-17T13:06:02.236+0000] {dagbag.py:538} INFO - Filling up the DagBag from /home/airflow/.local/lib/python3.7/site-packages/airflow/example_dags/example_latest_only_with_trigger.py
[2022-12-17T13:06:02.251+0000] {processor.py:753} INFO - DAG(s) dict_keys(['latest_only_with_trigger']) retrieved from /home/airflow/.local/lib/python3.7/site-packages/airflow/example_dags/example_latest_only_with_trigger.py
[2022-12-17T13:06:02.297+0000] {logging_mixin.py:137} INFO - [2022-12-17T13:06:02.297+0000] {dag.py:2676} INFO - Sync 1 DAGs
[2022-12-17T13:06:02.328+0000] {logging_mixin.py:137} INFO - [2022-12-17T13:06:02.328+0000] {dag.py:3427} INFO - Setting next_dagrun for latest_only_with_trigger to 2022-12-17T09:06:02.328100+00:00, run_after=2022-12-17T13:06:02.328100+00:00
[2022-12-17T13:06:02.369+0000] {processor.py:175} INFO - Processing /home/airflow/.local/lib/python3.7/site-packages/airflow/example_dags/example_latest_only_with_trigger.py took 0.138 seconds
[2022-12-17T13:06:32.939+0000] {processor.py:153} INFO - Started process (PID=2665) to work on /home/airflow/.local/lib/python3.7/site-packages/airflow/example_dags/example_latest_only_with_trigger.py
[2022-12-17T13:06:32.940+0000] {processor.py:743} INFO - Processing file /home/airflow/.local/lib/python3.7/site-packages/airflow/example_dags/example_latest_only_with_trigger.py for tasks to queue
[2022-12-17T13:06:32.941+0000] {logging_mixin.py:137} INFO - [2022-12-17T13:06:32.941+0000] {dagbag.py:538} INFO - Filling up the DagBag from /home/airflow/.local/lib/python3.7/site-packages/airflow/example_dags/example_latest_only_with_trigger.py
[2022-12-17T13:06:32.957+0000] {processor.py:753} INFO - DAG(s) dict_keys(['latest_only_with_trigger']) retrieved from /home/airflow/.local/lib/python3.7/site-packages/airflow/example_dags/example_latest_only_with_trigger.py
[2022-12-17T13:06:32.997+0000] {logging_mixin.py:137} INFO - [2022-12-17T13:06:32.997+0000] {dag.py:2676} INFO - Sync 1 DAGs
[2022-12-17T13:06:33.023+0000] {logging_mixin.py:137} INFO - [2022-12-17T13:06:33.023+0000] {dag.py:3427} INFO - Setting next_dagrun for latest_only_with_trigger to 2022-12-17T09:06:33.023042+00:00, run_after=2022-12-17T13:06:33.023042+00:00
[2022-12-17T13:06:33.051+0000] {processor.py:175} INFO - Processing /home/airflow/.local/lib/python3.7/site-packages/airflow/example_dags/example_latest_only_with_trigger.py took 0.115 seconds
