[2022-12-17T12:52:48.166+0000] {processor.py:153} INFO - Started process (PID=112) to work on /home/airflow/.local/lib/python3.7/site-packages/airflow/example_dags/example_subdag_operator.py
[2022-12-17T12:52:48.167+0000] {processor.py:743} INFO - Processing file /home/airflow/.local/lib/python3.7/site-packages/airflow/example_dags/example_subdag_operator.py for tasks to queue
[2022-12-17T12:52:48.167+0000] {logging_mixin.py:137} INFO - [2022-12-17T12:52:48.167+0000] {dagbag.py:538} INFO - Filling up the DagBag from /home/airflow/.local/lib/python3.7/site-packages/airflow/example_dags/example_subdag_operator.py
[2022-12-17T12:52:48.206+0000] {processor.py:753} INFO - DAG(s) dict_keys(['example_subdag_operator.section-1', 'example_subdag_operator.section-2', 'example_subdag_operator']) retrieved from /home/airflow/.local/lib/python3.7/site-packages/airflow/example_dags/example_subdag_operator.py
[2022-12-17T12:52:48.268+0000] {logging_mixin.py:137} INFO - [2022-12-17T12:52:48.267+0000] {dag.py:2676} INFO - Sync 3 DAGs
[2022-12-17T12:52:48.294+0000] {logging_mixin.py:137} INFO - [2022-12-17T12:52:48.294+0000] {dag.py:3427} INFO - Setting next_dagrun for example_subdag_operator to 2022-01-01T00:00:00+00:00, run_after=2022-01-01T00:00:00+00:00
[2022-12-17T12:52:48.299+0000] {logging_mixin.py:137} INFO - [2022-12-17T12:52:48.299+0000] {dag.py:3427} INFO - Setting next_dagrun for example_subdag_operator.section-1 to None, run_after=None
[2022-12-17T12:52:48.300+0000] {logging_mixin.py:137} INFO - [2022-12-17T12:52:48.300+0000] {dag.py:3427} INFO - Setting next_dagrun for example_subdag_operator.section-2 to None, run_after=None
[2022-12-17T12:52:48.311+0000] {logging_mixin.py:137} INFO - [2022-12-17T12:52:48.310+0000] {dag.py:2676} INFO - Sync 2 DAGs
[2022-12-17T12:52:48.317+0000] {logging_mixin.py:137} INFO - [2022-12-17T12:52:48.317+0000] {dag.py:3427} INFO - Setting next_dagrun for example_subdag_operator.section-1 to None, run_after=None
[2022-12-17T12:52:48.317+0000] {logging_mixin.py:137} INFO - [2022-12-17T12:52:48.317+0000] {dag.py:3427} INFO - Setting next_dagrun for example_subdag_operator.section-2 to None, run_after=None
[2022-12-17T12:52:48.361+0000] {processor.py:175} INFO - Processing /home/airflow/.local/lib/python3.7/site-packages/airflow/example_dags/example_subdag_operator.py took 0.198 seconds
[2022-12-17T12:53:18.508+0000] {processor.py:153} INFO - Started process (PID=199) to work on /home/airflow/.local/lib/python3.7/site-packages/airflow/example_dags/example_subdag_operator.py
[2022-12-17T12:53:18.509+0000] {processor.py:743} INFO - Processing file /home/airflow/.local/lib/python3.7/site-packages/airflow/example_dags/example_subdag_operator.py for tasks to queue
[2022-12-17T12:53:18.509+0000] {logging_mixin.py:137} INFO - [2022-12-17T12:53:18.509+0000] {dagbag.py:538} INFO - Filling up the DagBag from /home/airflow/.local/lib/python3.7/site-packages/airflow/example_dags/example_subdag_operator.py
[2022-12-17T12:53:18.537+0000] {processor.py:753} INFO - DAG(s) dict_keys(['example_subdag_operator.section-1', 'example_subdag_operator.section-2', 'example_subdag_operator']) retrieved from /home/airflow/.local/lib/python3.7/site-packages/airflow/example_dags/example_subdag_operator.py
[2022-12-17T12:53:18.565+0000] {logging_mixin.py:137} INFO - [2022-12-17T12:53:18.565+0000] {dag.py:2676} INFO - Sync 3 DAGs
[2022-12-17T12:53:18.593+0000] {logging_mixin.py:137} INFO - [2022-12-17T12:53:18.593+0000] {dag.py:3427} INFO - Setting next_dagrun for example_subdag_operator to 2022-01-01T00:00:00+00:00, run_after=2022-01-01T00:00:00+00:00
[2022-12-17T12:53:18.596+0000] {logging_mixin.py:137} INFO - [2022-12-17T12:53:18.596+0000] {dag.py:3427} INFO - Setting next_dagrun for example_subdag_operator.section-1 to None, run_after=None
[2022-12-17T12:53:18.597+0000] {logging_mixin.py:137} INFO - [2022-12-17T12:53:18.597+0000] {dag.py:3427} INFO - Setting next_dagrun for example_subdag_operator.section-2 to None, run_after=None
[2022-12-17T12:53:18.604+0000] {logging_mixin.py:137} INFO - [2022-12-17T12:53:18.604+0000] {dag.py:2676} INFO - Sync 2 DAGs
[2022-12-17T12:53:18.609+0000] {logging_mixin.py:137} INFO - [2022-12-17T12:53:18.609+0000] {dag.py:3427} INFO - Setting next_dagrun for example_subdag_operator.section-1 to None, run_after=None
[2022-12-17T12:53:18.609+0000] {logging_mixin.py:137} INFO - [2022-12-17T12:53:18.609+0000] {dag.py:3427} INFO - Setting next_dagrun for example_subdag_operator.section-2 to None, run_after=None
[2022-12-17T12:53:18.626+0000] {processor.py:175} INFO - Processing /home/airflow/.local/lib/python3.7/site-packages/airflow/example_dags/example_subdag_operator.py took 0.122 seconds
[2022-12-17T12:53:48.705+0000] {processor.py:153} INFO - Started process (PID=285) to work on /home/airflow/.local/lib/python3.7/site-packages/airflow/example_dags/example_subdag_operator.py
[2022-12-17T12:53:48.705+0000] {processor.py:743} INFO - Processing file /home/airflow/.local/lib/python3.7/site-packages/airflow/example_dags/example_subdag_operator.py for tasks to queue
[2022-12-17T12:53:48.706+0000] {logging_mixin.py:137} INFO - [2022-12-17T12:53:48.706+0000] {dagbag.py:538} INFO - Filling up the DagBag from /home/airflow/.local/lib/python3.7/site-packages/airflow/example_dags/example_subdag_operator.py
[2022-12-17T12:53:48.737+0000] {processor.py:753} INFO - DAG(s) dict_keys(['example_subdag_operator.section-1', 'example_subdag_operator.section-2', 'example_subdag_operator']) retrieved from /home/airflow/.local/lib/python3.7/site-packages/airflow/example_dags/example_subdag_operator.py
[2022-12-17T12:53:48.781+0000] {logging_mixin.py:137} INFO - [2022-12-17T12:53:48.780+0000] {dag.py:2676} INFO - Sync 3 DAGs
[2022-12-17T12:53:48.810+0000] {logging_mixin.py:137} INFO - [2022-12-17T12:53:48.810+0000] {dag.py:3427} INFO - Setting next_dagrun for example_subdag_operator to 2022-01-01T00:00:00+00:00, run_after=2022-01-01T00:00:00+00:00
[2022-12-17T12:53:48.813+0000] {logging_mixin.py:137} INFO - [2022-12-17T12:53:48.813+0000] {dag.py:3427} INFO - Setting next_dagrun for example_subdag_operator.section-1 to None, run_after=None
[2022-12-17T12:53:48.814+0000] {logging_mixin.py:137} INFO - [2022-12-17T12:53:48.814+0000] {dag.py:3427} INFO - Setting next_dagrun for example_subdag_operator.section-2 to None, run_after=None
[2022-12-17T12:53:48.821+0000] {logging_mixin.py:137} INFO - [2022-12-17T12:53:48.821+0000] {dag.py:2676} INFO - Sync 2 DAGs
[2022-12-17T12:53:48.826+0000] {logging_mixin.py:137} INFO - [2022-12-17T12:53:48.826+0000] {dag.py:3427} INFO - Setting next_dagrun for example_subdag_operator.section-1 to None, run_after=None
[2022-12-17T12:53:48.826+0000] {logging_mixin.py:137} INFO - [2022-12-17T12:53:48.826+0000] {dag.py:3427} INFO - Setting next_dagrun for example_subdag_operator.section-2 to None, run_after=None
[2022-12-17T12:53:48.847+0000] {processor.py:175} INFO - Processing /home/airflow/.local/lib/python3.7/site-packages/airflow/example_dags/example_subdag_operator.py took 0.146 seconds
[2022-12-17T12:54:18.960+0000] {processor.py:153} INFO - Started process (PID=395) to work on /home/airflow/.local/lib/python3.7/site-packages/airflow/example_dags/example_subdag_operator.py
[2022-12-17T12:54:18.960+0000] {processor.py:743} INFO - Processing file /home/airflow/.local/lib/python3.7/site-packages/airflow/example_dags/example_subdag_operator.py for tasks to queue
[2022-12-17T12:54:18.961+0000] {logging_mixin.py:137} INFO - [2022-12-17T12:54:18.961+0000] {dagbag.py:538} INFO - Filling up the DagBag from /home/airflow/.local/lib/python3.7/site-packages/airflow/example_dags/example_subdag_operator.py
[2022-12-17T12:54:18.988+0000] {processor.py:753} INFO - DAG(s) dict_keys(['example_subdag_operator.section-1', 'example_subdag_operator.section-2', 'example_subdag_operator']) retrieved from /home/airflow/.local/lib/python3.7/site-packages/airflow/example_dags/example_subdag_operator.py
[2022-12-17T12:54:19.016+0000] {logging_mixin.py:137} INFO - [2022-12-17T12:54:19.016+0000] {dag.py:2676} INFO - Sync 3 DAGs
[2022-12-17T12:54:19.039+0000] {logging_mixin.py:137} INFO - [2022-12-17T12:54:19.039+0000] {dag.py:3427} INFO - Setting next_dagrun for example_subdag_operator to 2022-01-01T00:00:00+00:00, run_after=2022-01-01T00:00:00+00:00
[2022-12-17T12:54:19.042+0000] {logging_mixin.py:137} INFO - [2022-12-17T12:54:19.042+0000] {dag.py:3427} INFO - Setting next_dagrun for example_subdag_operator.section-1 to None, run_after=None
[2022-12-17T12:54:19.044+0000] {logging_mixin.py:137} INFO - [2022-12-17T12:54:19.043+0000] {dag.py:3427} INFO - Setting next_dagrun for example_subdag_operator.section-2 to None, run_after=None
[2022-12-17T12:54:19.050+0000] {logging_mixin.py:137} INFO - [2022-12-17T12:54:19.050+0000] {dag.py:2676} INFO - Sync 2 DAGs
[2022-12-17T12:54:19.055+0000] {logging_mixin.py:137} INFO - [2022-12-17T12:54:19.055+0000] {dag.py:3427} INFO - Setting next_dagrun for example_subdag_operator.section-1 to None, run_after=None
[2022-12-17T12:54:19.055+0000] {logging_mixin.py:137} INFO - [2022-12-17T12:54:19.055+0000] {dag.py:3427} INFO - Setting next_dagrun for example_subdag_operator.section-2 to None, run_after=None
[2022-12-17T12:54:19.073+0000] {processor.py:175} INFO - Processing /home/airflow/.local/lib/python3.7/site-packages/airflow/example_dags/example_subdag_operator.py took 0.115 seconds
[2022-12-17T12:54:49.977+0000] {processor.py:153} INFO - Started process (PID=480) to work on /home/airflow/.local/lib/python3.7/site-packages/airflow/example_dags/example_subdag_operator.py
[2022-12-17T12:54:49.978+0000] {processor.py:743} INFO - Processing file /home/airflow/.local/lib/python3.7/site-packages/airflow/example_dags/example_subdag_operator.py for tasks to queue
[2022-12-17T12:54:49.978+0000] {logging_mixin.py:137} INFO - [2022-12-17T12:54:49.978+0000] {dagbag.py:538} INFO - Filling up the DagBag from /home/airflow/.local/lib/python3.7/site-packages/airflow/example_dags/example_subdag_operator.py
[2022-12-17T12:54:50.008+0000] {processor.py:753} INFO - DAG(s) dict_keys(['example_subdag_operator.section-1', 'example_subdag_operator.section-2', 'example_subdag_operator']) retrieved from /home/airflow/.local/lib/python3.7/site-packages/airflow/example_dags/example_subdag_operator.py
[2022-12-17T12:54:50.040+0000] {logging_mixin.py:137} INFO - [2022-12-17T12:54:50.039+0000] {dag.py:2676} INFO - Sync 3 DAGs
[2022-12-17T12:54:50.065+0000] {logging_mixin.py:137} INFO - [2022-12-17T12:54:50.065+0000] {dag.py:3427} INFO - Setting next_dagrun for example_subdag_operator to 2022-01-01T00:00:00+00:00, run_after=2022-01-01T00:00:00+00:00
[2022-12-17T12:54:50.070+0000] {logging_mixin.py:137} INFO - [2022-12-17T12:54:50.070+0000] {dag.py:3427} INFO - Setting next_dagrun for example_subdag_operator.section-1 to None, run_after=None
[2022-12-17T12:54:50.071+0000] {logging_mixin.py:137} INFO - [2022-12-17T12:54:50.071+0000] {dag.py:3427} INFO - Setting next_dagrun for example_subdag_operator.section-2 to None, run_after=None
[2022-12-17T12:54:50.079+0000] {logging_mixin.py:137} INFO - [2022-12-17T12:54:50.079+0000] {dag.py:2676} INFO - Sync 2 DAGs
[2022-12-17T12:54:50.084+0000] {logging_mixin.py:137} INFO - [2022-12-17T12:54:50.084+0000] {dag.py:3427} INFO - Setting next_dagrun for example_subdag_operator.section-1 to None, run_after=None
[2022-12-17T12:54:50.085+0000] {logging_mixin.py:137} INFO - [2022-12-17T12:54:50.085+0000] {dag.py:3427} INFO - Setting next_dagrun for example_subdag_operator.section-2 to None, run_after=None
[2022-12-17T12:54:50.108+0000] {processor.py:175} INFO - Processing /home/airflow/.local/lib/python3.7/site-packages/airflow/example_dags/example_subdag_operator.py took 0.134 seconds
[2022-12-17T12:55:20.943+0000] {processor.py:153} INFO - Started process (PID=590) to work on /home/airflow/.local/lib/python3.7/site-packages/airflow/example_dags/example_subdag_operator.py
[2022-12-17T12:55:20.945+0000] {processor.py:743} INFO - Processing file /home/airflow/.local/lib/python3.7/site-packages/airflow/example_dags/example_subdag_operator.py for tasks to queue
[2022-12-17T12:55:20.946+0000] {logging_mixin.py:137} INFO - [2022-12-17T12:55:20.946+0000] {dagbag.py:538} INFO - Filling up the DagBag from /home/airflow/.local/lib/python3.7/site-packages/airflow/example_dags/example_subdag_operator.py
[2022-12-17T12:55:20.976+0000] {processor.py:753} INFO - DAG(s) dict_keys(['example_subdag_operator.section-1', 'example_subdag_operator.section-2', 'example_subdag_operator']) retrieved from /home/airflow/.local/lib/python3.7/site-packages/airflow/example_dags/example_subdag_operator.py
[2022-12-17T12:55:21.007+0000] {logging_mixin.py:137} INFO - [2022-12-17T12:55:21.007+0000] {dag.py:2676} INFO - Sync 3 DAGs
[2022-12-17T12:55:21.037+0000] {logging_mixin.py:137} INFO - [2022-12-17T12:55:21.037+0000] {dag.py:3427} INFO - Setting next_dagrun for example_subdag_operator to 2022-01-01T00:00:00+00:00, run_after=2022-01-01T00:00:00+00:00
[2022-12-17T12:55:21.041+0000] {logging_mixin.py:137} INFO - [2022-12-17T12:55:21.041+0000] {dag.py:3427} INFO - Setting next_dagrun for example_subdag_operator.section-1 to None, run_after=None
[2022-12-17T12:55:21.051+0000] {logging_mixin.py:137} INFO - [2022-12-17T12:55:21.050+0000] {dag.py:3427} INFO - Setting next_dagrun for example_subdag_operator.section-2 to None, run_after=None
[2022-12-17T12:55:21.058+0000] {logging_mixin.py:137} INFO - [2022-12-17T12:55:21.058+0000] {dag.py:2676} INFO - Sync 2 DAGs
[2022-12-17T12:55:21.063+0000] {logging_mixin.py:137} INFO - [2022-12-17T12:55:21.063+0000] {dag.py:3427} INFO - Setting next_dagrun for example_subdag_operator.section-1 to None, run_after=None
[2022-12-17T12:55:21.064+0000] {logging_mixin.py:137} INFO - [2022-12-17T12:55:21.064+0000] {dag.py:3427} INFO - Setting next_dagrun for example_subdag_operator.section-2 to None, run_after=None
[2022-12-17T12:55:21.092+0000] {processor.py:175} INFO - Processing /home/airflow/.local/lib/python3.7/site-packages/airflow/example_dags/example_subdag_operator.py took 0.151 seconds
