[2022-12-17T12:52:44.681+0000] {processor.py:153} INFO - Started process (PID=93) to work on /home/airflow/.local/lib/python3.7/site-packages/airflow/example_dags/example_branch_operator_decorator.py
[2022-12-17T12:52:44.681+0000] {processor.py:743} INFO - Processing file /home/airflow/.local/lib/python3.7/site-packages/airflow/example_dags/example_branch_operator_decorator.py for tasks to queue
[2022-12-17T12:52:44.682+0000] {logging_mixin.py:137} INFO - [2022-12-17T12:52:44.682+0000] {dagbag.py:538} INFO - Filling up the DagBag from /home/airflow/.local/lib/python3.7/site-packages/airflow/example_dags/example_branch_operator_decorator.py
[2022-12-17T12:52:44.787+0000] {processor.py:753} INFO - DAG(s) dict_keys(['example_branch_python_operator_decorator']) retrieved from /home/airflow/.local/lib/python3.7/site-packages/airflow/example_dags/example_branch_operator_decorator.py
[2022-12-17T12:52:44.861+0000] {logging_mixin.py:137} INFO - [2022-12-17T12:52:44.861+0000] {dag.py:2676} INFO - Sync 1 DAGs
[2022-12-17T12:52:44.890+0000] {logging_mixin.py:137} INFO - [2022-12-17T12:52:44.890+0000] {dag.py:3427} INFO - Setting next_dagrun for example_branch_python_operator_decorator to 2022-12-16T00:00:00+00:00, run_after=2022-12-17T00:00:00+00:00
[2022-12-17T12:52:44.962+0000] {processor.py:175} INFO - Processing /home/airflow/.local/lib/python3.7/site-packages/airflow/example_dags/example_branch_operator_decorator.py took 0.285 seconds
[2022-12-17T12:53:15.860+0000] {processor.py:153} INFO - Started process (PID=179) to work on /home/airflow/.local/lib/python3.7/site-packages/airflow/example_dags/example_branch_operator_decorator.py
[2022-12-17T12:53:15.861+0000] {processor.py:743} INFO - Processing file /home/airflow/.local/lib/python3.7/site-packages/airflow/example_dags/example_branch_operator_decorator.py for tasks to queue
[2022-12-17T12:53:15.861+0000] {logging_mixin.py:137} INFO - [2022-12-17T12:53:15.861+0000] {dagbag.py:538} INFO - Filling up the DagBag from /home/airflow/.local/lib/python3.7/site-packages/airflow/example_dags/example_branch_operator_decorator.py
[2022-12-17T12:53:15.888+0000] {processor.py:753} INFO - DAG(s) dict_keys(['example_branch_python_operator_decorator']) retrieved from /home/airflow/.local/lib/python3.7/site-packages/airflow/example_dags/example_branch_operator_decorator.py
[2022-12-17T12:53:15.924+0000] {logging_mixin.py:137} INFO - [2022-12-17T12:53:15.924+0000] {dag.py:2676} INFO - Sync 1 DAGs
[2022-12-17T12:53:15.954+0000] {logging_mixin.py:137} INFO - [2022-12-17T12:53:15.954+0000] {dag.py:3427} INFO - Setting next_dagrun for example_branch_python_operator_decorator to 2022-12-16T00:00:00+00:00, run_after=2022-12-17T00:00:00+00:00
[2022-12-17T12:53:15.984+0000] {processor.py:175} INFO - Processing /home/airflow/.local/lib/python3.7/site-packages/airflow/example_dags/example_branch_operator_decorator.py took 0.127 seconds
[2022-12-17T12:53:46.038+0000] {processor.py:153} INFO - Started process (PID=265) to work on /home/airflow/.local/lib/python3.7/site-packages/airflow/example_dags/example_branch_operator_decorator.py
[2022-12-17T12:53:46.039+0000] {processor.py:743} INFO - Processing file /home/airflow/.local/lib/python3.7/site-packages/airflow/example_dags/example_branch_operator_decorator.py for tasks to queue
[2022-12-17T12:53:46.039+0000] {logging_mixin.py:137} INFO - [2022-12-17T12:53:46.039+0000] {dagbag.py:538} INFO - Filling up the DagBag from /home/airflow/.local/lib/python3.7/site-packages/airflow/example_dags/example_branch_operator_decorator.py
[2022-12-17T12:53:46.064+0000] {processor.py:753} INFO - DAG(s) dict_keys(['example_branch_python_operator_decorator']) retrieved from /home/airflow/.local/lib/python3.7/site-packages/airflow/example_dags/example_branch_operator_decorator.py
[2022-12-17T12:53:46.102+0000] {logging_mixin.py:137} INFO - [2022-12-17T12:53:46.101+0000] {dag.py:2676} INFO - Sync 1 DAGs
[2022-12-17T12:53:46.129+0000] {logging_mixin.py:137} INFO - [2022-12-17T12:53:46.128+0000] {dag.py:3427} INFO - Setting next_dagrun for example_branch_python_operator_decorator to 2022-12-16T00:00:00+00:00, run_after=2022-12-17T00:00:00+00:00
[2022-12-17T12:53:46.154+0000] {processor.py:175} INFO - Processing /home/airflow/.local/lib/python3.7/site-packages/airflow/example_dags/example_branch_operator_decorator.py took 0.118 seconds
[2022-12-17T12:54:16.230+0000] {processor.py:153} INFO - Started process (PID=375) to work on /home/airflow/.local/lib/python3.7/site-packages/airflow/example_dags/example_branch_operator_decorator.py
[2022-12-17T12:54:16.231+0000] {processor.py:743} INFO - Processing file /home/airflow/.local/lib/python3.7/site-packages/airflow/example_dags/example_branch_operator_decorator.py for tasks to queue
[2022-12-17T12:54:16.232+0000] {logging_mixin.py:137} INFO - [2022-12-17T12:54:16.232+0000] {dagbag.py:538} INFO - Filling up the DagBag from /home/airflow/.local/lib/python3.7/site-packages/airflow/example_dags/example_branch_operator_decorator.py
[2022-12-17T12:54:16.267+0000] {processor.py:753} INFO - DAG(s) dict_keys(['example_branch_python_operator_decorator']) retrieved from /home/airflow/.local/lib/python3.7/site-packages/airflow/example_dags/example_branch_operator_decorator.py
[2022-12-17T12:54:16.302+0000] {logging_mixin.py:137} INFO - [2022-12-17T12:54:16.302+0000] {dag.py:2676} INFO - Sync 1 DAGs
[2022-12-17T12:54:16.361+0000] {logging_mixin.py:137} INFO - [2022-12-17T12:54:16.361+0000] {dag.py:3427} INFO - Setting next_dagrun for example_branch_python_operator_decorator to 2022-12-16T00:00:00+00:00, run_after=2022-12-17T00:00:00+00:00
[2022-12-17T12:54:16.390+0000] {processor.py:175} INFO - Processing /home/airflow/.local/lib/python3.7/site-packages/airflow/example_dags/example_branch_operator_decorator.py took 0.162 seconds
[2022-12-17T12:54:46.455+0000] {processor.py:153} INFO - Started process (PID=461) to work on /home/airflow/.local/lib/python3.7/site-packages/airflow/example_dags/example_branch_operator_decorator.py
[2022-12-17T12:54:46.456+0000] {processor.py:743} INFO - Processing file /home/airflow/.local/lib/python3.7/site-packages/airflow/example_dags/example_branch_operator_decorator.py for tasks to queue
[2022-12-17T12:54:46.456+0000] {logging_mixin.py:137} INFO - [2022-12-17T12:54:46.456+0000] {dagbag.py:538} INFO - Filling up the DagBag from /home/airflow/.local/lib/python3.7/site-packages/airflow/example_dags/example_branch_operator_decorator.py
[2022-12-17T12:54:46.481+0000] {processor.py:753} INFO - DAG(s) dict_keys(['example_branch_python_operator_decorator']) retrieved from /home/airflow/.local/lib/python3.7/site-packages/airflow/example_dags/example_branch_operator_decorator.py
[2022-12-17T12:54:46.519+0000] {logging_mixin.py:137} INFO - [2022-12-17T12:54:46.519+0000] {dag.py:2676} INFO - Sync 1 DAGs
[2022-12-17T12:54:46.549+0000] {logging_mixin.py:137} INFO - [2022-12-17T12:54:46.549+0000] {dag.py:3427} INFO - Setting next_dagrun for example_branch_python_operator_decorator to 2022-12-16T00:00:00+00:00, run_after=2022-12-17T00:00:00+00:00
[2022-12-17T12:54:46.605+0000] {processor.py:175} INFO - Processing /home/airflow/.local/lib/python3.7/site-packages/airflow/example_dags/example_branch_operator_decorator.py took 0.152 seconds
[2022-12-17T12:55:17.370+0000] {processor.py:153} INFO - Started process (PID=547) to work on /home/airflow/.local/lib/python3.7/site-packages/airflow/example_dags/example_branch_operator_decorator.py
[2022-12-17T12:55:17.370+0000] {processor.py:743} INFO - Processing file /home/airflow/.local/lib/python3.7/site-packages/airflow/example_dags/example_branch_operator_decorator.py for tasks to queue
[2022-12-17T12:55:17.371+0000] {logging_mixin.py:137} INFO - [2022-12-17T12:55:17.371+0000] {dagbag.py:538} INFO - Filling up the DagBag from /home/airflow/.local/lib/python3.7/site-packages/airflow/example_dags/example_branch_operator_decorator.py
[2022-12-17T12:55:17.395+0000] {processor.py:753} INFO - DAG(s) dict_keys(['example_branch_python_operator_decorator']) retrieved from /home/airflow/.local/lib/python3.7/site-packages/airflow/example_dags/example_branch_operator_decorator.py
[2022-12-17T12:55:17.429+0000] {logging_mixin.py:137} INFO - [2022-12-17T12:55:17.429+0000] {dag.py:2676} INFO - Sync 1 DAGs
[2022-12-17T12:55:17.463+0000] {logging_mixin.py:137} INFO - [2022-12-17T12:55:17.463+0000] {dag.py:3427} INFO - Setting next_dagrun for example_branch_python_operator_decorator to 2022-12-16T00:00:00+00:00, run_after=2022-12-17T00:00:00+00:00
[2022-12-17T12:55:17.492+0000] {processor.py:175} INFO - Processing /home/airflow/.local/lib/python3.7/site-packages/airflow/example_dags/example_branch_operator_decorator.py took 0.125 seconds
