[2022-12-17T12:57:52.381+0000] {processor.py:153} INFO - Started process (PID=1054) to work on /home/airflow/.local/lib/python3.7/site-packages/airflow/example_dags/example_external_task_marker_dag.py
[2022-12-17T12:57:52.382+0000] {processor.py:743} INFO - Processing file /home/airflow/.local/lib/python3.7/site-packages/airflow/example_dags/example_external_task_marker_dag.py for tasks to queue
[2022-12-17T12:57:52.382+0000] {logging_mixin.py:137} INFO - [2022-12-17T12:57:52.382+0000] {dagbag.py:538} INFO - Filling up the DagBag from /home/airflow/.local/lib/python3.7/site-packages/airflow/example_dags/example_external_task_marker_dag.py
[2022-12-17T12:57:52.465+0000] {processor.py:753} INFO - DAG(s) dict_keys(['example_external_task_marker_parent', 'example_external_task_marker_child']) retrieved from /home/airflow/.local/lib/python3.7/site-packages/airflow/example_dags/example_external_task_marker_dag.py
[2022-12-17T12:57:52.556+0000] {logging_mixin.py:137} INFO - [2022-12-17T12:57:52.556+0000] {dag.py:2676} INFO - Sync 2 DAGs
[2022-12-17T12:57:52.583+0000] {logging_mixin.py:137} INFO - [2022-12-17T12:57:52.583+0000] {dag.py:3427} INFO - Setting next_dagrun for example_external_task_marker_child to None, run_after=None
[2022-12-17T12:57:52.587+0000] {logging_mixin.py:137} INFO - [2022-12-17T12:57:52.587+0000] {dag.py:3427} INFO - Setting next_dagrun for example_external_task_marker_parent to None, run_after=None
[2022-12-17T12:57:52.614+0000] {processor.py:175} INFO - Processing /home/airflow/.local/lib/python3.7/site-packages/airflow/example_dags/example_external_task_marker_dag.py took 0.237 seconds
[2022-12-17T12:58:23.091+0000] {processor.py:153} INFO - Started process (PID=1140) to work on /home/airflow/.local/lib/python3.7/site-packages/airflow/example_dags/example_external_task_marker_dag.py
[2022-12-17T12:58:23.092+0000] {processor.py:743} INFO - Processing file /home/airflow/.local/lib/python3.7/site-packages/airflow/example_dags/example_external_task_marker_dag.py for tasks to queue
[2022-12-17T12:58:23.092+0000] {logging_mixin.py:137} INFO - [2022-12-17T12:58:23.092+0000] {dagbag.py:538} INFO - Filling up the DagBag from /home/airflow/.local/lib/python3.7/site-packages/airflow/example_dags/example_external_task_marker_dag.py
[2022-12-17T12:58:23.105+0000] {processor.py:753} INFO - DAG(s) dict_keys(['example_external_task_marker_child', 'example_external_task_marker_parent']) retrieved from /home/airflow/.local/lib/python3.7/site-packages/airflow/example_dags/example_external_task_marker_dag.py
[2022-12-17T12:58:23.141+0000] {logging_mixin.py:137} INFO - [2022-12-17T12:58:23.141+0000] {dag.py:2676} INFO - Sync 2 DAGs
[2022-12-17T12:58:23.166+0000] {logging_mixin.py:137} INFO - [2022-12-17T12:58:23.165+0000] {dag.py:3427} INFO - Setting next_dagrun for example_external_task_marker_child to None, run_after=None
[2022-12-17T12:58:23.169+0000] {logging_mixin.py:137} INFO - [2022-12-17T12:58:23.169+0000] {dag.py:3427} INFO - Setting next_dagrun for example_external_task_marker_parent to None, run_after=None
[2022-12-17T12:58:23.196+0000] {processor.py:175} INFO - Processing /home/airflow/.local/lib/python3.7/site-packages/airflow/example_dags/example_external_task_marker_dag.py took 0.108 seconds
[2022-12-17T12:58:53.824+0000] {processor.py:153} INFO - Started process (PID=1226) to work on /home/airflow/.local/lib/python3.7/site-packages/airflow/example_dags/example_external_task_marker_dag.py
[2022-12-17T12:58:53.825+0000] {processor.py:743} INFO - Processing file /home/airflow/.local/lib/python3.7/site-packages/airflow/example_dags/example_external_task_marker_dag.py for tasks to queue
[2022-12-17T12:58:53.825+0000] {logging_mixin.py:137} INFO - [2022-12-17T12:58:53.825+0000] {dagbag.py:538} INFO - Filling up the DagBag from /home/airflow/.local/lib/python3.7/site-packages/airflow/example_dags/example_external_task_marker_dag.py
[2022-12-17T12:58:53.837+0000] {processor.py:753} INFO - DAG(s) dict_keys(['example_external_task_marker_child', 'example_external_task_marker_parent']) retrieved from /home/airflow/.local/lib/python3.7/site-packages/airflow/example_dags/example_external_task_marker_dag.py
[2022-12-17T12:58:53.876+0000] {logging_mixin.py:137} INFO - [2022-12-17T12:58:53.876+0000] {dag.py:2676} INFO - Sync 2 DAGs
[2022-12-17T12:58:53.899+0000] {logging_mixin.py:137} INFO - [2022-12-17T12:58:53.898+0000] {dag.py:3427} INFO - Setting next_dagrun for example_external_task_marker_child to None, run_after=None
[2022-12-17T12:58:53.902+0000] {logging_mixin.py:137} INFO - [2022-12-17T12:58:53.902+0000] {dag.py:3427} INFO - Setting next_dagrun for example_external_task_marker_parent to None, run_after=None
[2022-12-17T12:58:53.929+0000] {processor.py:175} INFO - Processing /home/airflow/.local/lib/python3.7/site-packages/airflow/example_dags/example_external_task_marker_dag.py took 0.107 seconds
[2022-12-17T12:59:24.199+0000] {processor.py:153} INFO - Started process (PID=1336) to work on /home/airflow/.local/lib/python3.7/site-packages/airflow/example_dags/example_external_task_marker_dag.py
[2022-12-17T12:59:24.200+0000] {processor.py:743} INFO - Processing file /home/airflow/.local/lib/python3.7/site-packages/airflow/example_dags/example_external_task_marker_dag.py for tasks to queue
[2022-12-17T12:59:24.201+0000] {logging_mixin.py:137} INFO - [2022-12-17T12:59:24.201+0000] {dagbag.py:538} INFO - Filling up the DagBag from /home/airflow/.local/lib/python3.7/site-packages/airflow/example_dags/example_external_task_marker_dag.py
[2022-12-17T12:59:24.213+0000] {processor.py:753} INFO - DAG(s) dict_keys(['example_external_task_marker_child', 'example_external_task_marker_parent']) retrieved from /home/airflow/.local/lib/python3.7/site-packages/airflow/example_dags/example_external_task_marker_dag.py
[2022-12-17T12:59:24.254+0000] {logging_mixin.py:137} INFO - [2022-12-17T12:59:24.253+0000] {dag.py:2676} INFO - Sync 2 DAGs
[2022-12-17T12:59:24.280+0000] {logging_mixin.py:137} INFO - [2022-12-17T12:59:24.279+0000] {dag.py:3427} INFO - Setting next_dagrun for example_external_task_marker_child to None, run_after=None
[2022-12-17T12:59:24.283+0000] {logging_mixin.py:137} INFO - [2022-12-17T12:59:24.283+0000] {dag.py:3427} INFO - Setting next_dagrun for example_external_task_marker_parent to None, run_after=None
[2022-12-17T12:59:24.306+0000] {processor.py:175} INFO - Processing /home/airflow/.local/lib/python3.7/site-packages/airflow/example_dags/example_external_task_marker_dag.py took 0.110 seconds
[2022-12-17T12:59:54.784+0000] {processor.py:153} INFO - Started process (PID=1423) to work on /home/airflow/.local/lib/python3.7/site-packages/airflow/example_dags/example_external_task_marker_dag.py
[2022-12-17T12:59:54.785+0000] {processor.py:743} INFO - Processing file /home/airflow/.local/lib/python3.7/site-packages/airflow/example_dags/example_external_task_marker_dag.py for tasks to queue
[2022-12-17T12:59:54.785+0000] {logging_mixin.py:137} INFO - [2022-12-17T12:59:54.785+0000] {dagbag.py:538} INFO - Filling up the DagBag from /home/airflow/.local/lib/python3.7/site-packages/airflow/example_dags/example_external_task_marker_dag.py
[2022-12-17T12:59:54.798+0000] {processor.py:753} INFO - DAG(s) dict_keys(['example_external_task_marker_parent', 'example_external_task_marker_child']) retrieved from /home/airflow/.local/lib/python3.7/site-packages/airflow/example_dags/example_external_task_marker_dag.py
[2022-12-17T12:59:54.834+0000] {logging_mixin.py:137} INFO - [2022-12-17T12:59:54.834+0000] {dag.py:2676} INFO - Sync 2 DAGs
[2022-12-17T12:59:54.858+0000] {logging_mixin.py:137} INFO - [2022-12-17T12:59:54.858+0000] {dag.py:3427} INFO - Setting next_dagrun for example_external_task_marker_child to None, run_after=None
[2022-12-17T12:59:54.861+0000] {logging_mixin.py:137} INFO - [2022-12-17T12:59:54.861+0000] {dag.py:3427} INFO - Setting next_dagrun for example_external_task_marker_parent to None, run_after=None
[2022-12-17T12:59:54.884+0000] {processor.py:175} INFO - Processing /home/airflow/.local/lib/python3.7/site-packages/airflow/example_dags/example_external_task_marker_dag.py took 0.103 seconds
[2022-12-17T13:00:25.644+0000] {processor.py:153} INFO - Started process (PID=1533) to work on /home/airflow/.local/lib/python3.7/site-packages/airflow/example_dags/example_external_task_marker_dag.py
[2022-12-17T13:00:25.645+0000] {processor.py:743} INFO - Processing file /home/airflow/.local/lib/python3.7/site-packages/airflow/example_dags/example_external_task_marker_dag.py for tasks to queue
[2022-12-17T13:00:25.646+0000] {logging_mixin.py:137} INFO - [2022-12-17T13:00:25.646+0000] {dagbag.py:538} INFO - Filling up the DagBag from /home/airflow/.local/lib/python3.7/site-packages/airflow/example_dags/example_external_task_marker_dag.py
[2022-12-17T13:00:25.660+0000] {processor.py:753} INFO - DAG(s) dict_keys(['example_external_task_marker_child', 'example_external_task_marker_parent']) retrieved from /home/airflow/.local/lib/python3.7/site-packages/airflow/example_dags/example_external_task_marker_dag.py
[2022-12-17T13:00:25.697+0000] {logging_mixin.py:137} INFO - [2022-12-17T13:00:25.696+0000] {dag.py:2676} INFO - Sync 2 DAGs
[2022-12-17T13:00:25.722+0000] {logging_mixin.py:137} INFO - [2022-12-17T13:00:25.721+0000] {dag.py:3427} INFO - Setting next_dagrun for example_external_task_marker_child to None, run_after=None
[2022-12-17T13:00:25.725+0000] {logging_mixin.py:137} INFO - [2022-12-17T13:00:25.725+0000] {dag.py:3427} INFO - Setting next_dagrun for example_external_task_marker_parent to None, run_after=None
[2022-12-17T13:00:25.758+0000] {processor.py:175} INFO - Processing /home/airflow/.local/lib/python3.7/site-packages/airflow/example_dags/example_external_task_marker_dag.py took 0.116 seconds
[2022-12-17T13:00:56.395+0000] {processor.py:153} INFO - Started process (PID=1619) to work on /home/airflow/.local/lib/python3.7/site-packages/airflow/example_dags/example_external_task_marker_dag.py
[2022-12-17T13:00:56.396+0000] {processor.py:743} INFO - Processing file /home/airflow/.local/lib/python3.7/site-packages/airflow/example_dags/example_external_task_marker_dag.py for tasks to queue
[2022-12-17T13:00:56.396+0000] {logging_mixin.py:137} INFO - [2022-12-17T13:00:56.396+0000] {dagbag.py:538} INFO - Filling up the DagBag from /home/airflow/.local/lib/python3.7/site-packages/airflow/example_dags/example_external_task_marker_dag.py
[2022-12-17T13:00:56.409+0000] {processor.py:753} INFO - DAG(s) dict_keys(['example_external_task_marker_parent', 'example_external_task_marker_child']) retrieved from /home/airflow/.local/lib/python3.7/site-packages/airflow/example_dags/example_external_task_marker_dag.py
[2022-12-17T13:00:56.449+0000] {logging_mixin.py:137} INFO - [2022-12-17T13:00:56.448+0000] {dag.py:2676} INFO - Sync 2 DAGs
[2022-12-17T13:00:56.486+0000] {logging_mixin.py:137} INFO - [2022-12-17T13:00:56.486+0000] {dag.py:3427} INFO - Setting next_dagrun for example_external_task_marker_child to None, run_after=None
[2022-12-17T13:00:56.493+0000] {logging_mixin.py:137} INFO - [2022-12-17T13:00:56.493+0000] {dag.py:3427} INFO - Setting next_dagrun for example_external_task_marker_parent to None, run_after=None
[2022-12-17T13:00:56.520+0000] {processor.py:175} INFO - Processing /home/airflow/.local/lib/python3.7/site-packages/airflow/example_dags/example_external_task_marker_dag.py took 0.128 seconds
[2022-12-17T13:01:27.208+0000] {processor.py:153} INFO - Started process (PID=1705) to work on /home/airflow/.local/lib/python3.7/site-packages/airflow/example_dags/example_external_task_marker_dag.py
[2022-12-17T13:01:27.209+0000] {processor.py:743} INFO - Processing file /home/airflow/.local/lib/python3.7/site-packages/airflow/example_dags/example_external_task_marker_dag.py for tasks to queue
[2022-12-17T13:01:27.209+0000] {logging_mixin.py:137} INFO - [2022-12-17T13:01:27.209+0000] {dagbag.py:538} INFO - Filling up the DagBag from /home/airflow/.local/lib/python3.7/site-packages/airflow/example_dags/example_external_task_marker_dag.py
[2022-12-17T13:01:27.222+0000] {processor.py:753} INFO - DAG(s) dict_keys(['example_external_task_marker_parent', 'example_external_task_marker_child']) retrieved from /home/airflow/.local/lib/python3.7/site-packages/airflow/example_dags/example_external_task_marker_dag.py
[2022-12-17T13:01:27.260+0000] {logging_mixin.py:137} INFO - [2022-12-17T13:01:27.260+0000] {dag.py:2676} INFO - Sync 2 DAGs
[2022-12-17T13:01:27.288+0000] {logging_mixin.py:137} INFO - [2022-12-17T13:01:27.287+0000] {dag.py:3427} INFO - Setting next_dagrun for example_external_task_marker_child to None, run_after=None
[2022-12-17T13:01:27.291+0000] {logging_mixin.py:137} INFO - [2022-12-17T13:01:27.291+0000] {dag.py:3427} INFO - Setting next_dagrun for example_external_task_marker_parent to None, run_after=None
[2022-12-17T13:01:27.314+0000] {processor.py:175} INFO - Processing /home/airflow/.local/lib/python3.7/site-packages/airflow/example_dags/example_external_task_marker_dag.py took 0.108 seconds
[2022-12-17T13:01:57.498+0000] {processor.py:153} INFO - Started process (PID=1815) to work on /home/airflow/.local/lib/python3.7/site-packages/airflow/example_dags/example_external_task_marker_dag.py
[2022-12-17T13:01:57.498+0000] {processor.py:743} INFO - Processing file /home/airflow/.local/lib/python3.7/site-packages/airflow/example_dags/example_external_task_marker_dag.py for tasks to queue
[2022-12-17T13:01:57.499+0000] {logging_mixin.py:137} INFO - [2022-12-17T13:01:57.499+0000] {dagbag.py:538} INFO - Filling up the DagBag from /home/airflow/.local/lib/python3.7/site-packages/airflow/example_dags/example_external_task_marker_dag.py
[2022-12-17T13:01:57.511+0000] {processor.py:753} INFO - DAG(s) dict_keys(['example_external_task_marker_child', 'example_external_task_marker_parent']) retrieved from /home/airflow/.local/lib/python3.7/site-packages/airflow/example_dags/example_external_task_marker_dag.py
[2022-12-17T13:01:57.551+0000] {logging_mixin.py:137} INFO - [2022-12-17T13:01:57.551+0000] {dag.py:2676} INFO - Sync 2 DAGs
[2022-12-17T13:01:57.577+0000] {logging_mixin.py:137} INFO - [2022-12-17T13:01:57.577+0000] {dag.py:3427} INFO - Setting next_dagrun for example_external_task_marker_child to None, run_after=None
[2022-12-17T13:01:57.580+0000] {logging_mixin.py:137} INFO - [2022-12-17T13:01:57.580+0000] {dag.py:3427} INFO - Setting next_dagrun for example_external_task_marker_parent to None, run_after=None
[2022-12-17T13:01:57.602+0000] {processor.py:175} INFO - Processing /home/airflow/.local/lib/python3.7/site-packages/airflow/example_dags/example_external_task_marker_dag.py took 0.107 seconds
[2022-12-17T13:02:28.146+0000] {processor.py:153} INFO - Started process (PID=1901) to work on /home/airflow/.local/lib/python3.7/site-packages/airflow/example_dags/example_external_task_marker_dag.py
[2022-12-17T13:02:28.147+0000] {processor.py:743} INFO - Processing file /home/airflow/.local/lib/python3.7/site-packages/airflow/example_dags/example_external_task_marker_dag.py for tasks to queue
[2022-12-17T13:02:28.148+0000] {logging_mixin.py:137} INFO - [2022-12-17T13:02:28.148+0000] {dagbag.py:538} INFO - Filling up the DagBag from /home/airflow/.local/lib/python3.7/site-packages/airflow/example_dags/example_external_task_marker_dag.py
[2022-12-17T13:02:28.161+0000] {processor.py:753} INFO - DAG(s) dict_keys(['example_external_task_marker_child', 'example_external_task_marker_parent']) retrieved from /home/airflow/.local/lib/python3.7/site-packages/airflow/example_dags/example_external_task_marker_dag.py
[2022-12-17T13:02:28.199+0000] {logging_mixin.py:137} INFO - [2022-12-17T13:02:28.199+0000] {dag.py:2676} INFO - Sync 2 DAGs
[2022-12-17T13:02:28.223+0000] {logging_mixin.py:137} INFO - [2022-12-17T13:02:28.223+0000] {dag.py:3427} INFO - Setting next_dagrun for example_external_task_marker_child to None, run_after=None
[2022-12-17T13:02:28.226+0000] {logging_mixin.py:137} INFO - [2022-12-17T13:02:28.226+0000] {dag.py:3427} INFO - Setting next_dagrun for example_external_task_marker_parent to None, run_after=None
[2022-12-17T13:02:28.250+0000] {processor.py:175} INFO - Processing /home/airflow/.local/lib/python3.7/site-packages/airflow/example_dags/example_external_task_marker_dag.py took 0.106 seconds
[2022-12-17T13:05:00.914+0000] {processor.py:153} INFO - Started process (PID=2379) to work on /home/airflow/.local/lib/python3.7/site-packages/airflow/example_dags/example_external_task_marker_dag.py
[2022-12-17T13:05:00.915+0000] {processor.py:743} INFO - Processing file /home/airflow/.local/lib/python3.7/site-packages/airflow/example_dags/example_external_task_marker_dag.py for tasks to queue
[2022-12-17T13:05:00.916+0000] {logging_mixin.py:137} INFO - [2022-12-17T13:05:00.915+0000] {dagbag.py:538} INFO - Filling up the DagBag from /home/airflow/.local/lib/python3.7/site-packages/airflow/example_dags/example_external_task_marker_dag.py
[2022-12-17T13:05:00.930+0000] {processor.py:753} INFO - DAG(s) dict_keys(['example_external_task_marker_parent', 'example_external_task_marker_child']) retrieved from /home/airflow/.local/lib/python3.7/site-packages/airflow/example_dags/example_external_task_marker_dag.py
[2022-12-17T13:05:00.975+0000] {logging_mixin.py:137} INFO - [2022-12-17T13:05:00.974+0000] {dag.py:2676} INFO - Sync 2 DAGs
[2022-12-17T13:05:01.006+0000] {logging_mixin.py:137} INFO - [2022-12-17T13:05:01.006+0000] {dag.py:3427} INFO - Setting next_dagrun for example_external_task_marker_child to None, run_after=None
[2022-12-17T13:05:01.011+0000] {logging_mixin.py:137} INFO - [2022-12-17T13:05:01.011+0000] {dag.py:3427} INFO - Setting next_dagrun for example_external_task_marker_parent to None, run_after=None
[2022-12-17T13:05:01.036+0000] {processor.py:175} INFO - Processing /home/airflow/.local/lib/python3.7/site-packages/airflow/example_dags/example_external_task_marker_dag.py took 0.125 seconds
[2022-12-17T13:05:31.330+0000] {processor.py:153} INFO - Started process (PID=2473) to work on /home/airflow/.local/lib/python3.7/site-packages/airflow/example_dags/example_external_task_marker_dag.py
[2022-12-17T13:05:31.331+0000] {processor.py:743} INFO - Processing file /home/airflow/.local/lib/python3.7/site-packages/airflow/example_dags/example_external_task_marker_dag.py for tasks to queue
[2022-12-17T13:05:31.332+0000] {logging_mixin.py:137} INFO - [2022-12-17T13:05:31.331+0000] {dagbag.py:538} INFO - Filling up the DagBag from /home/airflow/.local/lib/python3.7/site-packages/airflow/example_dags/example_external_task_marker_dag.py
[2022-12-17T13:05:31.346+0000] {processor.py:753} INFO - DAG(s) dict_keys(['example_external_task_marker_child', 'example_external_task_marker_parent']) retrieved from /home/airflow/.local/lib/python3.7/site-packages/airflow/example_dags/example_external_task_marker_dag.py
[2022-12-17T13:05:31.388+0000] {logging_mixin.py:137} INFO - [2022-12-17T13:05:31.388+0000] {dag.py:2676} INFO - Sync 2 DAGs
[2022-12-17T13:05:31.419+0000] {logging_mixin.py:137} INFO - [2022-12-17T13:05:31.419+0000] {dag.py:3427} INFO - Setting next_dagrun for example_external_task_marker_child to None, run_after=None
[2022-12-17T13:05:31.423+0000] {logging_mixin.py:137} INFO - [2022-12-17T13:05:31.423+0000] {dag.py:3427} INFO - Setting next_dagrun for example_external_task_marker_parent to None, run_after=None
[2022-12-17T13:05:31.476+0000] {processor.py:175} INFO - Processing /home/airflow/.local/lib/python3.7/site-packages/airflow/example_dags/example_external_task_marker_dag.py took 0.149 seconds
[2022-12-17T13:06:01.924+0000] {processor.py:153} INFO - Started process (PID=2576) to work on /home/airflow/.local/lib/python3.7/site-packages/airflow/example_dags/example_external_task_marker_dag.py
[2022-12-17T13:06:01.951+0000] {processor.py:743} INFO - Processing file /home/airflow/.local/lib/python3.7/site-packages/airflow/example_dags/example_external_task_marker_dag.py for tasks to queue
[2022-12-17T13:06:01.952+0000] {logging_mixin.py:137} INFO - [2022-12-17T13:06:01.952+0000] {dagbag.py:538} INFO - Filling up the DagBag from /home/airflow/.local/lib/python3.7/site-packages/airflow/example_dags/example_external_task_marker_dag.py
[2022-12-17T13:06:01.970+0000] {processor.py:753} INFO - DAG(s) dict_keys(['example_external_task_marker_parent', 'example_external_task_marker_child']) retrieved from /home/airflow/.local/lib/python3.7/site-packages/airflow/example_dags/example_external_task_marker_dag.py
[2022-12-17T13:06:02.010+0000] {logging_mixin.py:137} INFO - [2022-12-17T13:06:02.010+0000] {dag.py:2676} INFO - Sync 2 DAGs
[2022-12-17T13:06:02.035+0000] {logging_mixin.py:137} INFO - [2022-12-17T13:06:02.035+0000] {dag.py:3427} INFO - Setting next_dagrun for example_external_task_marker_child to None, run_after=None
[2022-12-17T13:06:02.039+0000] {logging_mixin.py:137} INFO - [2022-12-17T13:06:02.039+0000] {dag.py:3427} INFO - Setting next_dagrun for example_external_task_marker_parent to None, run_after=None
[2022-12-17T13:06:02.076+0000] {processor.py:175} INFO - Processing /home/airflow/.local/lib/python3.7/site-packages/airflow/example_dags/example_external_task_marker_dag.py took 0.155 seconds
[2022-12-17T13:06:32.614+0000] {processor.py:153} INFO - Started process (PID=2662) to work on /home/airflow/.local/lib/python3.7/site-packages/airflow/example_dags/example_external_task_marker_dag.py
[2022-12-17T13:06:32.615+0000] {processor.py:743} INFO - Processing file /home/airflow/.local/lib/python3.7/site-packages/airflow/example_dags/example_external_task_marker_dag.py for tasks to queue
[2022-12-17T13:06:32.615+0000] {logging_mixin.py:137} INFO - [2022-12-17T13:06:32.615+0000] {dagbag.py:538} INFO - Filling up the DagBag from /home/airflow/.local/lib/python3.7/site-packages/airflow/example_dags/example_external_task_marker_dag.py
[2022-12-17T13:06:32.630+0000] {processor.py:753} INFO - DAG(s) dict_keys(['example_external_task_marker_child', 'example_external_task_marker_parent']) retrieved from /home/airflow/.local/lib/python3.7/site-packages/airflow/example_dags/example_external_task_marker_dag.py
[2022-12-17T13:06:32.674+0000] {logging_mixin.py:137} INFO - [2022-12-17T13:06:32.674+0000] {dag.py:2676} INFO - Sync 2 DAGs
[2022-12-17T13:06:32.701+0000] {logging_mixin.py:137} INFO - [2022-12-17T13:06:32.701+0000] {dag.py:3427} INFO - Setting next_dagrun for example_external_task_marker_child to None, run_after=None
[2022-12-17T13:06:32.705+0000] {logging_mixin.py:137} INFO - [2022-12-17T13:06:32.705+0000] {dag.py:3427} INFO - Setting next_dagrun for example_external_task_marker_parent to None, run_after=None
[2022-12-17T13:06:32.760+0000] {processor.py:175} INFO - Processing /home/airflow/.local/lib/python3.7/site-packages/airflow/example_dags/example_external_task_marker_dag.py took 0.150 seconds
[2022-12-17T13:07:02.982+0000] {processor.py:153} INFO - Started process (PID=2748) to work on /home/airflow/.local/lib/python3.7/site-packages/airflow/example_dags/example_external_task_marker_dag.py
[2022-12-17T13:07:02.983+0000] {processor.py:743} INFO - Processing file /home/airflow/.local/lib/python3.7/site-packages/airflow/example_dags/example_external_task_marker_dag.py for tasks to queue
[2022-12-17T13:07:02.984+0000] {logging_mixin.py:137} INFO - [2022-12-17T13:07:02.983+0000] {dagbag.py:538} INFO - Filling up the DagBag from /home/airflow/.local/lib/python3.7/site-packages/airflow/example_dags/example_external_task_marker_dag.py
[2022-12-17T13:07:03.001+0000] {processor.py:753} INFO - DAG(s) dict_keys(['example_external_task_marker_parent', 'example_external_task_marker_child']) retrieved from /home/airflow/.local/lib/python3.7/site-packages/airflow/example_dags/example_external_task_marker_dag.py
[2022-12-17T13:07:03.041+0000] {logging_mixin.py:137} INFO - [2022-12-17T13:07:03.040+0000] {dag.py:2676} INFO - Sync 2 DAGs
[2022-12-17T13:07:03.069+0000] {logging_mixin.py:137} INFO - [2022-12-17T13:07:03.068+0000] {dag.py:3427} INFO - Setting next_dagrun for example_external_task_marker_child to None, run_after=None
[2022-12-17T13:07:03.072+0000] {logging_mixin.py:137} INFO - [2022-12-17T13:07:03.072+0000] {dag.py:3427} INFO - Setting next_dagrun for example_external_task_marker_parent to None, run_after=None
[2022-12-17T13:07:03.099+0000] {processor.py:175} INFO - Processing /home/airflow/.local/lib/python3.7/site-packages/airflow/example_dags/example_external_task_marker_dag.py took 0.120 seconds
[2022-12-17T13:07:33.863+0000] {processor.py:153} INFO - Started process (PID=2858) to work on /home/airflow/.local/lib/python3.7/site-packages/airflow/example_dags/example_external_task_marker_dag.py
[2022-12-17T13:07:33.864+0000] {processor.py:743} INFO - Processing file /home/airflow/.local/lib/python3.7/site-packages/airflow/example_dags/example_external_task_marker_dag.py for tasks to queue
[2022-12-17T13:07:33.865+0000] {logging_mixin.py:137} INFO - [2022-12-17T13:07:33.865+0000] {dagbag.py:538} INFO - Filling up the DagBag from /home/airflow/.local/lib/python3.7/site-packages/airflow/example_dags/example_external_task_marker_dag.py
[2022-12-17T13:07:33.883+0000] {processor.py:753} INFO - DAG(s) dict_keys(['example_external_task_marker_parent', 'example_external_task_marker_child']) retrieved from /home/airflow/.local/lib/python3.7/site-packages/airflow/example_dags/example_external_task_marker_dag.py
[2022-12-17T13:07:33.930+0000] {logging_mixin.py:137} INFO - [2022-12-17T13:07:33.930+0000] {dag.py:2676} INFO - Sync 2 DAGs
[2022-12-17T13:07:33.973+0000] {logging_mixin.py:137} INFO - [2022-12-17T13:07:33.973+0000] {dag.py:3427} INFO - Setting next_dagrun for example_external_task_marker_child to None, run_after=None
[2022-12-17T13:07:33.978+0000] {logging_mixin.py:137} INFO - [2022-12-17T13:07:33.978+0000] {dag.py:3427} INFO - Setting next_dagrun for example_external_task_marker_parent to None, run_after=None
[2022-12-17T13:07:34.011+0000] {processor.py:175} INFO - Processing /home/airflow/.local/lib/python3.7/site-packages/airflow/example_dags/example_external_task_marker_dag.py took 0.150 seconds
[2022-12-17T13:08:04.267+0000] {processor.py:153} INFO - Started process (PID=2945) to work on /home/airflow/.local/lib/python3.7/site-packages/airflow/example_dags/example_external_task_marker_dag.py
[2022-12-17T13:08:04.267+0000] {processor.py:743} INFO - Processing file /home/airflow/.local/lib/python3.7/site-packages/airflow/example_dags/example_external_task_marker_dag.py for tasks to queue
[2022-12-17T13:08:04.268+0000] {logging_mixin.py:137} INFO - [2022-12-17T13:08:04.268+0000] {dagbag.py:538} INFO - Filling up the DagBag from /home/airflow/.local/lib/python3.7/site-packages/airflow/example_dags/example_external_task_marker_dag.py
[2022-12-17T13:08:04.282+0000] {processor.py:753} INFO - DAG(s) dict_keys(['example_external_task_marker_child', 'example_external_task_marker_parent']) retrieved from /home/airflow/.local/lib/python3.7/site-packages/airflow/example_dags/example_external_task_marker_dag.py
[2022-12-17T13:08:04.325+0000] {logging_mixin.py:137} INFO - [2022-12-17T13:08:04.324+0000] {dag.py:2676} INFO - Sync 2 DAGs
[2022-12-17T13:08:04.352+0000] {logging_mixin.py:137} INFO - [2022-12-17T13:08:04.352+0000] {dag.py:3427} INFO - Setting next_dagrun for example_external_task_marker_child to None, run_after=None
[2022-12-17T13:08:04.357+0000] {logging_mixin.py:137} INFO - [2022-12-17T13:08:04.357+0000] {dag.py:3427} INFO - Setting next_dagrun for example_external_task_marker_parent to None, run_after=None
[2022-12-17T13:08:04.386+0000] {processor.py:175} INFO - Processing /home/airflow/.local/lib/python3.7/site-packages/airflow/example_dags/example_external_task_marker_dag.py took 0.122 seconds
[2022-12-17T13:08:34.574+0000] {processor.py:153} INFO - Started process (PID=3031) to work on /home/airflow/.local/lib/python3.7/site-packages/airflow/example_dags/example_external_task_marker_dag.py
[2022-12-17T13:08:34.575+0000] {processor.py:743} INFO - Processing file /home/airflow/.local/lib/python3.7/site-packages/airflow/example_dags/example_external_task_marker_dag.py for tasks to queue
[2022-12-17T13:08:34.576+0000] {logging_mixin.py:137} INFO - [2022-12-17T13:08:34.576+0000] {dagbag.py:538} INFO - Filling up the DagBag from /home/airflow/.local/lib/python3.7/site-packages/airflow/example_dags/example_external_task_marker_dag.py
[2022-12-17T13:08:34.590+0000] {processor.py:753} INFO - DAG(s) dict_keys(['example_external_task_marker_parent', 'example_external_task_marker_child']) retrieved from /home/airflow/.local/lib/python3.7/site-packages/airflow/example_dags/example_external_task_marker_dag.py
[2022-12-17T13:08:34.639+0000] {logging_mixin.py:137} INFO - [2022-12-17T13:08:34.639+0000] {dag.py:2676} INFO - Sync 2 DAGs
[2022-12-17T13:08:34.666+0000] {logging_mixin.py:137} INFO - [2022-12-17T13:08:34.666+0000] {dag.py:3427} INFO - Setting next_dagrun for example_external_task_marker_child to None, run_after=None
[2022-12-17T13:08:34.670+0000] {logging_mixin.py:137} INFO - [2022-12-17T13:08:34.670+0000] {dag.py:3427} INFO - Setting next_dagrun for example_external_task_marker_parent to None, run_after=None
[2022-12-17T13:08:34.702+0000] {processor.py:175} INFO - Processing /home/airflow/.local/lib/python3.7/site-packages/airflow/example_dags/example_external_task_marker_dag.py took 0.131 seconds
[2022-12-17T13:09:05.457+0000] {processor.py:153} INFO - Started process (PID=3141) to work on /home/airflow/.local/lib/python3.7/site-packages/airflow/example_dags/example_external_task_marker_dag.py
[2022-12-17T13:09:05.458+0000] {processor.py:743} INFO - Processing file /home/airflow/.local/lib/python3.7/site-packages/airflow/example_dags/example_external_task_marker_dag.py for tasks to queue
[2022-12-17T13:09:05.459+0000] {logging_mixin.py:137} INFO - [2022-12-17T13:09:05.459+0000] {dagbag.py:538} INFO - Filling up the DagBag from /home/airflow/.local/lib/python3.7/site-packages/airflow/example_dags/example_external_task_marker_dag.py
[2022-12-17T13:09:05.473+0000] {processor.py:753} INFO - DAG(s) dict_keys(['example_external_task_marker_child', 'example_external_task_marker_parent']) retrieved from /home/airflow/.local/lib/python3.7/site-packages/airflow/example_dags/example_external_task_marker_dag.py
[2022-12-17T13:09:05.522+0000] {logging_mixin.py:137} INFO - [2022-12-17T13:09:05.521+0000] {dag.py:2676} INFO - Sync 2 DAGs
[2022-12-17T13:09:05.563+0000] {logging_mixin.py:137} INFO - [2022-12-17T13:09:05.563+0000] {dag.py:3427} INFO - Setting next_dagrun for example_external_task_marker_child to None, run_after=None
[2022-12-17T13:09:05.567+0000] {logging_mixin.py:137} INFO - [2022-12-17T13:09:05.567+0000] {dag.py:3427} INFO - Setting next_dagrun for example_external_task_marker_parent to None, run_after=None
[2022-12-17T13:09:05.604+0000] {processor.py:175} INFO - Processing /home/airflow/.local/lib/python3.7/site-packages/airflow/example_dags/example_external_task_marker_dag.py took 0.151 seconds
