[2022-12-17T12:52:45.556+0000] {processor.py:153} INFO - Started process (PID=97) to work on /home/airflow/.local/lib/python3.7/site-packages/airflow/example_dags/example_datasets.py
[2022-12-17T12:52:45.557+0000] {processor.py:743} INFO - Processing file /home/airflow/.local/lib/python3.7/site-packages/airflow/example_dags/example_datasets.py for tasks to queue
[2022-12-17T12:52:45.557+0000] {logging_mixin.py:137} INFO - [2022-12-17T12:52:45.557+0000] {dagbag.py:538} INFO - Filling up the DagBag from /home/airflow/.local/lib/python3.7/site-packages/airflow/example_dags/example_datasets.py
[2022-12-17T12:52:45.576+0000] {processor.py:753} INFO - DAG(s) dict_keys(['dataset_consumes_1_and_2', 'dataset_consumes_unknown_never_scheduled', 'dataset_produces_2', 'dataset_consumes_1', 'dataset_consumes_1_never_scheduled', 'dataset_produces_1']) retrieved from /home/airflow/.local/lib/python3.7/site-packages/airflow/example_dags/example_datasets.py
[2022-12-17T12:52:45.667+0000] {logging_mixin.py:137} INFO - [2022-12-17T12:52:45.667+0000] {dag.py:2676} INFO - Sync 6 DAGs
[2022-12-17T12:52:45.761+0000] {logging_mixin.py:137} INFO - [2022-12-17T12:52:45.761+0000] {dag.py:3427} INFO - Setting next_dagrun for dataset_consumes_1 to None, run_after=None
[2022-12-17T12:52:45.766+0000] {logging_mixin.py:137} INFO - [2022-12-17T12:52:45.766+0000] {dag.py:3427} INFO - Setting next_dagrun for dataset_consumes_1_and_2 to None, run_after=None
[2022-12-17T12:52:45.768+0000] {logging_mixin.py:137} INFO - [2022-12-17T12:52:45.768+0000] {dag.py:3427} INFO - Setting next_dagrun for dataset_consumes_1_never_scheduled to None, run_after=None
[2022-12-17T12:52:45.769+0000] {logging_mixin.py:137} INFO - [2022-12-17T12:52:45.769+0000] {dag.py:3427} INFO - Setting next_dagrun for dataset_consumes_unknown_never_scheduled to None, run_after=None
[2022-12-17T12:52:45.774+0000] {logging_mixin.py:137} INFO - [2022-12-17T12:52:45.774+0000] {dag.py:3427} INFO - Setting next_dagrun for dataset_produces_1 to 2022-12-16T00:00:00+00:00, run_after=2022-12-17T00:00:00+00:00
[2022-12-17T12:52:45.776+0000] {logging_mixin.py:137} INFO - [2022-12-17T12:52:45.775+0000] {dag.py:3427} INFO - Setting next_dagrun for dataset_produces_2 to None, run_after=None
[2022-12-17T12:52:45.886+0000] {processor.py:175} INFO - Processing /home/airflow/.local/lib/python3.7/site-packages/airflow/example_dags/example_datasets.py took 0.332 seconds
[2022-12-17T12:53:16.269+0000] {processor.py:153} INFO - Started process (PID=183) to work on /home/airflow/.local/lib/python3.7/site-packages/airflow/example_dags/example_datasets.py
[2022-12-17T12:53:16.270+0000] {processor.py:743} INFO - Processing file /home/airflow/.local/lib/python3.7/site-packages/airflow/example_dags/example_datasets.py for tasks to queue
[2022-12-17T12:53:16.270+0000] {logging_mixin.py:137} INFO - [2022-12-17T12:53:16.270+0000] {dagbag.py:538} INFO - Filling up the DagBag from /home/airflow/.local/lib/python3.7/site-packages/airflow/example_dags/example_datasets.py
[2022-12-17T12:53:16.288+0000] {processor.py:753} INFO - DAG(s) dict_keys(['dataset_consumes_unknown_never_scheduled', 'dataset_consumes_1', 'dataset_produces_2', 'dataset_consumes_1_and_2', 'dataset_consumes_1_never_scheduled', 'dataset_produces_1']) retrieved from /home/airflow/.local/lib/python3.7/site-packages/airflow/example_dags/example_datasets.py
[2022-12-17T12:53:16.383+0000] {logging_mixin.py:137} INFO - [2022-12-17T12:53:16.383+0000] {dag.py:2676} INFO - Sync 6 DAGs
[2022-12-17T12:53:16.407+0000] {logging_mixin.py:137} INFO - [2022-12-17T12:53:16.407+0000] {dag.py:3427} INFO - Setting next_dagrun for dataset_consumes_1 to None, run_after=None
[2022-12-17T12:53:16.409+0000] {logging_mixin.py:137} INFO - [2022-12-17T12:53:16.409+0000] {dag.py:3427} INFO - Setting next_dagrun for dataset_consumes_1_and_2 to None, run_after=None
[2022-12-17T12:53:16.411+0000] {logging_mixin.py:137} INFO - [2022-12-17T12:53:16.410+0000] {dag.py:3427} INFO - Setting next_dagrun for dataset_consumes_1_never_scheduled to None, run_after=None
[2022-12-17T12:53:16.412+0000] {logging_mixin.py:137} INFO - [2022-12-17T12:53:16.411+0000] {dag.py:3427} INFO - Setting next_dagrun for dataset_consumes_unknown_never_scheduled to None, run_after=None
[2022-12-17T12:53:16.415+0000] {logging_mixin.py:137} INFO - [2022-12-17T12:53:16.414+0000] {dag.py:3427} INFO - Setting next_dagrun for dataset_produces_1 to 2022-12-16T00:00:00+00:00, run_after=2022-12-17T00:00:00+00:00
[2022-12-17T12:53:16.416+0000] {logging_mixin.py:137} INFO - [2022-12-17T12:53:16.415+0000] {dag.py:3427} INFO - Setting next_dagrun for dataset_produces_2 to None, run_after=None
[2022-12-17T12:53:16.459+0000] {processor.py:175} INFO - Processing /home/airflow/.local/lib/python3.7/site-packages/airflow/example_dags/example_datasets.py took 0.192 seconds
[2022-12-17T12:53:46.613+0000] {processor.py:153} INFO - Started process (PID=269) to work on /home/airflow/.local/lib/python3.7/site-packages/airflow/example_dags/example_datasets.py
[2022-12-17T12:53:46.614+0000] {processor.py:743} INFO - Processing file /home/airflow/.local/lib/python3.7/site-packages/airflow/example_dags/example_datasets.py for tasks to queue
[2022-12-17T12:53:46.615+0000] {logging_mixin.py:137} INFO - [2022-12-17T12:53:46.615+0000] {dagbag.py:538} INFO - Filling up the DagBag from /home/airflow/.local/lib/python3.7/site-packages/airflow/example_dags/example_datasets.py
[2022-12-17T12:53:46.630+0000] {processor.py:753} INFO - DAG(s) dict_keys(['dataset_produces_2', 'dataset_produces_1', 'dataset_consumes_unknown_never_scheduled', 'dataset_consumes_1_never_scheduled', 'dataset_consumes_1', 'dataset_consumes_1_and_2']) retrieved from /home/airflow/.local/lib/python3.7/site-packages/airflow/example_dags/example_datasets.py
[2022-12-17T12:53:46.681+0000] {logging_mixin.py:137} INFO - [2022-12-17T12:53:46.681+0000] {dag.py:2676} INFO - Sync 6 DAGs
[2022-12-17T12:53:46.707+0000] {logging_mixin.py:137} INFO - [2022-12-17T12:53:46.707+0000] {dag.py:3427} INFO - Setting next_dagrun for dataset_consumes_1 to None, run_after=None
[2022-12-17T12:53:46.710+0000] {logging_mixin.py:137} INFO - [2022-12-17T12:53:46.710+0000] {dag.py:3427} INFO - Setting next_dagrun for dataset_consumes_1_and_2 to None, run_after=None
[2022-12-17T12:53:46.711+0000] {logging_mixin.py:137} INFO - [2022-12-17T12:53:46.711+0000] {dag.py:3427} INFO - Setting next_dagrun for dataset_consumes_1_never_scheduled to None, run_after=None
[2022-12-17T12:53:46.712+0000] {logging_mixin.py:137} INFO - [2022-12-17T12:53:46.712+0000] {dag.py:3427} INFO - Setting next_dagrun for dataset_consumes_unknown_never_scheduled to None, run_after=None
[2022-12-17T12:53:46.715+0000] {logging_mixin.py:137} INFO - [2022-12-17T12:53:46.715+0000] {dag.py:3427} INFO - Setting next_dagrun for dataset_produces_1 to 2022-12-16T00:00:00+00:00, run_after=2022-12-17T00:00:00+00:00
[2022-12-17T12:53:46.716+0000] {logging_mixin.py:137} INFO - [2022-12-17T12:53:46.716+0000] {dag.py:3427} INFO - Setting next_dagrun for dataset_produces_2 to None, run_after=None
[2022-12-17T12:53:46.754+0000] {processor.py:175} INFO - Processing /home/airflow/.local/lib/python3.7/site-packages/airflow/example_dags/example_datasets.py took 0.143 seconds
[2022-12-17T12:54:16.978+0000] {processor.py:153} INFO - Started process (PID=380) to work on /home/airflow/.local/lib/python3.7/site-packages/airflow/example_dags/example_datasets.py
[2022-12-17T12:54:16.979+0000] {processor.py:743} INFO - Processing file /home/airflow/.local/lib/python3.7/site-packages/airflow/example_dags/example_datasets.py for tasks to queue
[2022-12-17T12:54:16.980+0000] {logging_mixin.py:137} INFO - [2022-12-17T12:54:16.979+0000] {dagbag.py:538} INFO - Filling up the DagBag from /home/airflow/.local/lib/python3.7/site-packages/airflow/example_dags/example_datasets.py
[2022-12-17T12:54:16.995+0000] {processor.py:753} INFO - DAG(s) dict_keys(['dataset_consumes_1', 'dataset_produces_2', 'dataset_consumes_unknown_never_scheduled', 'dataset_consumes_1_never_scheduled', 'dataset_consumes_1_and_2', 'dataset_produces_1']) retrieved from /home/airflow/.local/lib/python3.7/site-packages/airflow/example_dags/example_datasets.py
[2022-12-17T12:54:17.047+0000] {logging_mixin.py:137} INFO - [2022-12-17T12:54:17.047+0000] {dag.py:2676} INFO - Sync 6 DAGs
[2022-12-17T12:54:17.076+0000] {logging_mixin.py:137} INFO - [2022-12-17T12:54:17.076+0000] {dag.py:3427} INFO - Setting next_dagrun for dataset_consumes_1 to None, run_after=None
[2022-12-17T12:54:17.079+0000] {logging_mixin.py:137} INFO - [2022-12-17T12:54:17.079+0000] {dag.py:3427} INFO - Setting next_dagrun for dataset_consumes_1_and_2 to None, run_after=None
[2022-12-17T12:54:17.080+0000] {logging_mixin.py:137} INFO - [2022-12-17T12:54:17.080+0000] {dag.py:3427} INFO - Setting next_dagrun for dataset_consumes_1_never_scheduled to None, run_after=None
[2022-12-17T12:54:17.081+0000] {logging_mixin.py:137} INFO - [2022-12-17T12:54:17.081+0000] {dag.py:3427} INFO - Setting next_dagrun for dataset_consumes_unknown_never_scheduled to None, run_after=None
[2022-12-17T12:54:17.084+0000] {logging_mixin.py:137} INFO - [2022-12-17T12:54:17.084+0000] {dag.py:3427} INFO - Setting next_dagrun for dataset_produces_1 to 2022-12-16T00:00:00+00:00, run_after=2022-12-17T00:00:00+00:00
[2022-12-17T12:54:17.085+0000] {logging_mixin.py:137} INFO - [2022-12-17T12:54:17.085+0000] {dag.py:3427} INFO - Setting next_dagrun for dataset_produces_2 to None, run_after=None
[2022-12-17T12:54:17.127+0000] {processor.py:175} INFO - Processing /home/airflow/.local/lib/python3.7/site-packages/airflow/example_dags/example_datasets.py took 0.151 seconds
[2022-12-17T12:54:47.775+0000] {processor.py:153} INFO - Started process (PID=465) to work on /home/airflow/.local/lib/python3.7/site-packages/airflow/example_dags/example_datasets.py
[2022-12-17T12:54:47.776+0000] {processor.py:743} INFO - Processing file /home/airflow/.local/lib/python3.7/site-packages/airflow/example_dags/example_datasets.py for tasks to queue
[2022-12-17T12:54:47.776+0000] {logging_mixin.py:137} INFO - [2022-12-17T12:54:47.776+0000] {dagbag.py:538} INFO - Filling up the DagBag from /home/airflow/.local/lib/python3.7/site-packages/airflow/example_dags/example_datasets.py
[2022-12-17T12:54:47.792+0000] {processor.py:753} INFO - DAG(s) dict_keys(['dataset_consumes_1', 'dataset_consumes_1_never_scheduled', 'dataset_consumes_1_and_2', 'dataset_consumes_unknown_never_scheduled', 'dataset_produces_2', 'dataset_produces_1']) retrieved from /home/airflow/.local/lib/python3.7/site-packages/airflow/example_dags/example_datasets.py
[2022-12-17T12:54:47.847+0000] {logging_mixin.py:137} INFO - [2022-12-17T12:54:47.847+0000] {dag.py:2676} INFO - Sync 6 DAGs
[2022-12-17T12:54:47.875+0000] {logging_mixin.py:137} INFO - [2022-12-17T12:54:47.875+0000] {dag.py:3427} INFO - Setting next_dagrun for dataset_consumes_1 to None, run_after=None
[2022-12-17T12:54:47.879+0000] {logging_mixin.py:137} INFO - [2022-12-17T12:54:47.879+0000] {dag.py:3427} INFO - Setting next_dagrun for dataset_consumes_1_and_2 to None, run_after=None
[2022-12-17T12:54:47.880+0000] {logging_mixin.py:137} INFO - [2022-12-17T12:54:47.880+0000] {dag.py:3427} INFO - Setting next_dagrun for dataset_consumes_1_never_scheduled to None, run_after=None
[2022-12-17T12:54:47.881+0000] {logging_mixin.py:137} INFO - [2022-12-17T12:54:47.881+0000] {dag.py:3427} INFO - Setting next_dagrun for dataset_consumes_unknown_never_scheduled to None, run_after=None
[2022-12-17T12:54:47.885+0000] {logging_mixin.py:137} INFO - [2022-12-17T12:54:47.885+0000] {dag.py:3427} INFO - Setting next_dagrun for dataset_produces_1 to 2022-12-16T00:00:00+00:00, run_after=2022-12-17T00:00:00+00:00
[2022-12-17T12:54:47.886+0000] {logging_mixin.py:137} INFO - [2022-12-17T12:54:47.886+0000] {dag.py:3427} INFO - Setting next_dagrun for dataset_produces_2 to None, run_after=None
[2022-12-17T12:54:47.931+0000] {processor.py:175} INFO - Processing /home/airflow/.local/lib/python3.7/site-packages/airflow/example_dags/example_datasets.py took 0.159 seconds
[2022-12-17T12:55:18.652+0000] {processor.py:153} INFO - Started process (PID=551) to work on /home/airflow/.local/lib/python3.7/site-packages/airflow/example_dags/example_datasets.py
[2022-12-17T12:55:18.653+0000] {processor.py:743} INFO - Processing file /home/airflow/.local/lib/python3.7/site-packages/airflow/example_dags/example_datasets.py for tasks to queue
[2022-12-17T12:55:18.653+0000] {logging_mixin.py:137} INFO - [2022-12-17T12:55:18.653+0000] {dagbag.py:538} INFO - Filling up the DagBag from /home/airflow/.local/lib/python3.7/site-packages/airflow/example_dags/example_datasets.py
[2022-12-17T12:55:18.668+0000] {processor.py:753} INFO - DAG(s) dict_keys(['dataset_consumes_1_never_scheduled', 'dataset_consumes_1_and_2', 'dataset_consumes_1', 'dataset_consumes_unknown_never_scheduled', 'dataset_produces_2', 'dataset_produces_1']) retrieved from /home/airflow/.local/lib/python3.7/site-packages/airflow/example_dags/example_datasets.py
[2022-12-17T12:55:18.717+0000] {logging_mixin.py:137} INFO - [2022-12-17T12:55:18.717+0000] {dag.py:2676} INFO - Sync 6 DAGs
[2022-12-17T12:55:18.744+0000] {logging_mixin.py:137} INFO - [2022-12-17T12:55:18.744+0000] {dag.py:3427} INFO - Setting next_dagrun for dataset_consumes_1 to None, run_after=None
[2022-12-17T12:55:18.747+0000] {logging_mixin.py:137} INFO - [2022-12-17T12:55:18.747+0000] {dag.py:3427} INFO - Setting next_dagrun for dataset_consumes_1_and_2 to None, run_after=None
[2022-12-17T12:55:18.748+0000] {logging_mixin.py:137} INFO - [2022-12-17T12:55:18.748+0000] {dag.py:3427} INFO - Setting next_dagrun for dataset_consumes_1_never_scheduled to None, run_after=None
[2022-12-17T12:55:18.749+0000] {logging_mixin.py:137} INFO - [2022-12-17T12:55:18.749+0000] {dag.py:3427} INFO - Setting next_dagrun for dataset_consumes_unknown_never_scheduled to None, run_after=None
[2022-12-17T12:55:18.752+0000] {logging_mixin.py:137} INFO - [2022-12-17T12:55:18.752+0000] {dag.py:3427} INFO - Setting next_dagrun for dataset_produces_1 to 2022-12-16T00:00:00+00:00, run_after=2022-12-17T00:00:00+00:00
[2022-12-17T12:55:18.753+0000] {logging_mixin.py:137} INFO - [2022-12-17T12:55:18.753+0000] {dag.py:3427} INFO - Setting next_dagrun for dataset_produces_2 to None, run_after=None
[2022-12-17T12:55:18.791+0000] {processor.py:175} INFO - Processing /home/airflow/.local/lib/python3.7/site-packages/airflow/example_dags/example_datasets.py took 0.141 seconds
