[2022-12-17T12:57:54.682+0000] {processor.py:153} INFO - Started process (PID=1070) to work on /home/airflow/.local/lib/python3.7/site-packages/airflow/example_dags/example_task_group_decorator.py
[2022-12-17T12:57:54.683+0000] {processor.py:743} INFO - Processing file /home/airflow/.local/lib/python3.7/site-packages/airflow/example_dags/example_task_group_decorator.py for tasks to queue
[2022-12-17T12:57:54.683+0000] {logging_mixin.py:137} INFO - [2022-12-17T12:57:54.683+0000] {dagbag.py:538} INFO - Filling up the DagBag from /home/airflow/.local/lib/python3.7/site-packages/airflow/example_dags/example_task_group_decorator.py
[2022-12-17T12:57:54.712+0000] {processor.py:753} INFO - DAG(s) dict_keys(['example_task_group_decorator']) retrieved from /home/airflow/.local/lib/python3.7/site-packages/airflow/example_dags/example_task_group_decorator.py
[2022-12-17T12:57:54.750+0000] {logging_mixin.py:137} INFO - [2022-12-17T12:57:54.749+0000] {dag.py:2676} INFO - Sync 1 DAGs
[2022-12-17T12:57:54.776+0000] {logging_mixin.py:137} INFO - [2022-12-17T12:57:54.776+0000] {dag.py:3427} INFO - Setting next_dagrun for example_task_group_decorator to 2022-12-16T12:57:54.775796+00:00, run_after=2022-12-17T12:57:54.775796+00:00
[2022-12-17T12:57:54.804+0000] {processor.py:175} INFO - Processing /home/airflow/.local/lib/python3.7/site-packages/airflow/example_dags/example_task_group_decorator.py took 0.124 seconds
[2022-12-17T12:58:25.407+0000] {processor.py:153} INFO - Started process (PID=1156) to work on /home/airflow/.local/lib/python3.7/site-packages/airflow/example_dags/example_task_group_decorator.py
[2022-12-17T12:58:25.408+0000] {processor.py:743} INFO - Processing file /home/airflow/.local/lib/python3.7/site-packages/airflow/example_dags/example_task_group_decorator.py for tasks to queue
[2022-12-17T12:58:25.409+0000] {logging_mixin.py:137} INFO - [2022-12-17T12:58:25.408+0000] {dagbag.py:538} INFO - Filling up the DagBag from /home/airflow/.local/lib/python3.7/site-packages/airflow/example_dags/example_task_group_decorator.py
[2022-12-17T12:58:25.437+0000] {processor.py:753} INFO - DAG(s) dict_keys(['example_task_group_decorator']) retrieved from /home/airflow/.local/lib/python3.7/site-packages/airflow/example_dags/example_task_group_decorator.py
[2022-12-17T12:58:25.473+0000] {logging_mixin.py:137} INFO - [2022-12-17T12:58:25.473+0000] {dag.py:2676} INFO - Sync 1 DAGs
[2022-12-17T12:58:25.496+0000] {logging_mixin.py:137} INFO - [2022-12-17T12:58:25.496+0000] {dag.py:3427} INFO - Setting next_dagrun for example_task_group_decorator to 2022-12-16T12:58:25.496045+00:00, run_after=2022-12-17T12:58:25.496045+00:00
[2022-12-17T12:58:25.523+0000] {processor.py:175} INFO - Processing /home/airflow/.local/lib/python3.7/site-packages/airflow/example_dags/example_task_group_decorator.py took 0.119 seconds
[2022-12-17T12:58:56.400+0000] {processor.py:153} INFO - Started process (PID=1266) to work on /home/airflow/.local/lib/python3.7/site-packages/airflow/example_dags/example_task_group_decorator.py
[2022-12-17T12:58:56.401+0000] {processor.py:743} INFO - Processing file /home/airflow/.local/lib/python3.7/site-packages/airflow/example_dags/example_task_group_decorator.py for tasks to queue
[2022-12-17T12:58:56.401+0000] {logging_mixin.py:137} INFO - [2022-12-17T12:58:56.401+0000] {dagbag.py:538} INFO - Filling up the DagBag from /home/airflow/.local/lib/python3.7/site-packages/airflow/example_dags/example_task_group_decorator.py
[2022-12-17T12:58:56.432+0000] {processor.py:753} INFO - DAG(s) dict_keys(['example_task_group_decorator']) retrieved from /home/airflow/.local/lib/python3.7/site-packages/airflow/example_dags/example_task_group_decorator.py
[2022-12-17T12:58:56.495+0000] {logging_mixin.py:137} INFO - [2022-12-17T12:58:56.494+0000] {dag.py:2676} INFO - Sync 1 DAGs
[2022-12-17T12:58:56.521+0000] {logging_mixin.py:137} INFO - [2022-12-17T12:58:56.520+0000] {dag.py:3427} INFO - Setting next_dagrun for example_task_group_decorator to 2022-12-16T12:58:56.520657+00:00, run_after=2022-12-17T12:58:56.520657+00:00
[2022-12-17T12:58:56.563+0000] {processor.py:175} INFO - Processing /home/airflow/.local/lib/python3.7/site-packages/airflow/example_dags/example_task_group_decorator.py took 0.166 seconds
[2022-12-17T12:59:27.375+0000] {processor.py:153} INFO - Started process (PID=1352) to work on /home/airflow/.local/lib/python3.7/site-packages/airflow/example_dags/example_task_group_decorator.py
[2022-12-17T12:59:27.376+0000] {processor.py:743} INFO - Processing file /home/airflow/.local/lib/python3.7/site-packages/airflow/example_dags/example_task_group_decorator.py for tasks to queue
[2022-12-17T12:59:27.376+0000] {logging_mixin.py:137} INFO - [2022-12-17T12:59:27.376+0000] {dagbag.py:538} INFO - Filling up the DagBag from /home/airflow/.local/lib/python3.7/site-packages/airflow/example_dags/example_task_group_decorator.py
[2022-12-17T12:59:27.404+0000] {processor.py:753} INFO - DAG(s) dict_keys(['example_task_group_decorator']) retrieved from /home/airflow/.local/lib/python3.7/site-packages/airflow/example_dags/example_task_group_decorator.py
[2022-12-17T12:59:27.441+0000] {logging_mixin.py:137} INFO - [2022-12-17T12:59:27.440+0000] {dag.py:2676} INFO - Sync 1 DAGs
[2022-12-17T12:59:27.465+0000] {logging_mixin.py:137} INFO - [2022-12-17T12:59:27.465+0000] {dag.py:3427} INFO - Setting next_dagrun for example_task_group_decorator to 2022-12-16T12:59:27.465542+00:00, run_after=2022-12-17T12:59:27.465542+00:00
[2022-12-17T12:59:27.490+0000] {processor.py:175} INFO - Processing /home/airflow/.local/lib/python3.7/site-packages/airflow/example_dags/example_task_group_decorator.py took 0.117 seconds
[2022-12-17T12:59:57.993+0000] {processor.py:153} INFO - Started process (PID=1439) to work on /home/airflow/.local/lib/python3.7/site-packages/airflow/example_dags/example_task_group_decorator.py
[2022-12-17T12:59:57.994+0000] {processor.py:743} INFO - Processing file /home/airflow/.local/lib/python3.7/site-packages/airflow/example_dags/example_task_group_decorator.py for tasks to queue
[2022-12-17T12:59:57.995+0000] {logging_mixin.py:137} INFO - [2022-12-17T12:59:57.995+0000] {dagbag.py:538} INFO - Filling up the DagBag from /home/airflow/.local/lib/python3.7/site-packages/airflow/example_dags/example_task_group_decorator.py
[2022-12-17T12:59:58.024+0000] {processor.py:753} INFO - DAG(s) dict_keys(['example_task_group_decorator']) retrieved from /home/airflow/.local/lib/python3.7/site-packages/airflow/example_dags/example_task_group_decorator.py
[2022-12-17T12:59:58.068+0000] {logging_mixin.py:137} INFO - [2022-12-17T12:59:58.068+0000] {dag.py:2676} INFO - Sync 1 DAGs
[2022-12-17T12:59:58.099+0000] {logging_mixin.py:137} INFO - [2022-12-17T12:59:58.099+0000] {dag.py:3427} INFO - Setting next_dagrun for example_task_group_decorator to 2022-12-16T12:59:58.098868+00:00, run_after=2022-12-17T12:59:58.098868+00:00
[2022-12-17T12:59:58.124+0000] {processor.py:175} INFO - Processing /home/airflow/.local/lib/python3.7/site-packages/airflow/example_dags/example_task_group_decorator.py took 0.133 seconds
[2022-12-17T13:00:28.974+0000] {processor.py:153} INFO - Started process (PID=1549) to work on /home/airflow/.local/lib/python3.7/site-packages/airflow/example_dags/example_task_group_decorator.py
[2022-12-17T13:00:28.975+0000] {processor.py:743} INFO - Processing file /home/airflow/.local/lib/python3.7/site-packages/airflow/example_dags/example_task_group_decorator.py for tasks to queue
[2022-12-17T13:00:28.976+0000] {logging_mixin.py:137} INFO - [2022-12-17T13:00:28.976+0000] {dagbag.py:538} INFO - Filling up the DagBag from /home/airflow/.local/lib/python3.7/site-packages/airflow/example_dags/example_task_group_decorator.py
[2022-12-17T13:00:29.004+0000] {processor.py:753} INFO - DAG(s) dict_keys(['example_task_group_decorator']) retrieved from /home/airflow/.local/lib/python3.7/site-packages/airflow/example_dags/example_task_group_decorator.py
[2022-12-17T13:00:29.044+0000] {logging_mixin.py:137} INFO - [2022-12-17T13:00:29.044+0000] {dag.py:2676} INFO - Sync 1 DAGs
[2022-12-17T13:00:29.073+0000] {logging_mixin.py:137} INFO - [2022-12-17T13:00:29.073+0000] {dag.py:3427} INFO - Setting next_dagrun for example_task_group_decorator to 2022-12-16T13:00:29.072783+00:00, run_after=2022-12-17T13:00:29.072783+00:00
[2022-12-17T13:00:29.106+0000] {processor.py:175} INFO - Processing /home/airflow/.local/lib/python3.7/site-packages/airflow/example_dags/example_task_group_decorator.py took 0.134 seconds
[2022-12-17T13:00:59.654+0000] {processor.py:153} INFO - Started process (PID=1635) to work on /home/airflow/.local/lib/python3.7/site-packages/airflow/example_dags/example_task_group_decorator.py
[2022-12-17T13:00:59.655+0000] {processor.py:743} INFO - Processing file /home/airflow/.local/lib/python3.7/site-packages/airflow/example_dags/example_task_group_decorator.py for tasks to queue
[2022-12-17T13:00:59.655+0000] {logging_mixin.py:137} INFO - [2022-12-17T13:00:59.655+0000] {dagbag.py:538} INFO - Filling up the DagBag from /home/airflow/.local/lib/python3.7/site-packages/airflow/example_dags/example_task_group_decorator.py
[2022-12-17T13:00:59.686+0000] {processor.py:753} INFO - DAG(s) dict_keys(['example_task_group_decorator']) retrieved from /home/airflow/.local/lib/python3.7/site-packages/airflow/example_dags/example_task_group_decorator.py
[2022-12-17T13:00:59.731+0000] {logging_mixin.py:137} INFO - [2022-12-17T13:00:59.731+0000] {dag.py:2676} INFO - Sync 1 DAGs
[2022-12-17T13:00:59.760+0000] {logging_mixin.py:137} INFO - [2022-12-17T13:00:59.760+0000] {dag.py:3427} INFO - Setting next_dagrun for example_task_group_decorator to 2022-12-16T13:00:59.759811+00:00, run_after=2022-12-17T13:00:59.759811+00:00
[2022-12-17T13:00:59.792+0000] {processor.py:175} INFO - Processing /home/airflow/.local/lib/python3.7/site-packages/airflow/example_dags/example_task_group_decorator.py took 0.142 seconds
[2022-12-17T13:01:29.835+0000] {processor.py:153} INFO - Started process (PID=1746) to work on /home/airflow/.local/lib/python3.7/site-packages/airflow/example_dags/example_task_group_decorator.py
[2022-12-17T13:01:29.836+0000] {processor.py:743} INFO - Processing file /home/airflow/.local/lib/python3.7/site-packages/airflow/example_dags/example_task_group_decorator.py for tasks to queue
[2022-12-17T13:01:29.836+0000] {logging_mixin.py:137} INFO - [2022-12-17T13:01:29.836+0000] {dagbag.py:538} INFO - Filling up the DagBag from /home/airflow/.local/lib/python3.7/site-packages/airflow/example_dags/example_task_group_decorator.py
[2022-12-17T13:01:29.872+0000] {processor.py:753} INFO - DAG(s) dict_keys(['example_task_group_decorator']) retrieved from /home/airflow/.local/lib/python3.7/site-packages/airflow/example_dags/example_task_group_decorator.py
[2022-12-17T13:01:29.922+0000] {logging_mixin.py:137} INFO - [2022-12-17T13:01:29.922+0000] {dag.py:2676} INFO - Sync 1 DAGs
[2022-12-17T13:01:29.952+0000] {logging_mixin.py:137} INFO - [2022-12-17T13:01:29.952+0000] {dag.py:3427} INFO - Setting next_dagrun for example_task_group_decorator to 2022-12-16T13:01:29.951959+00:00, run_after=2022-12-17T13:01:29.951959+00:00
[2022-12-17T13:01:29.978+0000] {processor.py:175} INFO - Processing /home/airflow/.local/lib/python3.7/site-packages/airflow/example_dags/example_task_group_decorator.py took 0.146 seconds
[2022-12-17T13:02:00.604+0000] {processor.py:153} INFO - Started process (PID=1831) to work on /home/airflow/.local/lib/python3.7/site-packages/airflow/example_dags/example_task_group_decorator.py
[2022-12-17T13:02:00.605+0000] {processor.py:743} INFO - Processing file /home/airflow/.local/lib/python3.7/site-packages/airflow/example_dags/example_task_group_decorator.py for tasks to queue
[2022-12-17T13:02:00.606+0000] {logging_mixin.py:137} INFO - [2022-12-17T13:02:00.606+0000] {dagbag.py:538} INFO - Filling up the DagBag from /home/airflow/.local/lib/python3.7/site-packages/airflow/example_dags/example_task_group_decorator.py
[2022-12-17T13:02:00.635+0000] {processor.py:753} INFO - DAG(s) dict_keys(['example_task_group_decorator']) retrieved from /home/airflow/.local/lib/python3.7/site-packages/airflow/example_dags/example_task_group_decorator.py
[2022-12-17T13:02:00.674+0000] {logging_mixin.py:137} INFO - [2022-12-17T13:02:00.674+0000] {dag.py:2676} INFO - Sync 1 DAGs
[2022-12-17T13:02:00.700+0000] {logging_mixin.py:137} INFO - [2022-12-17T13:02:00.700+0000] {dag.py:3427} INFO - Setting next_dagrun for example_task_group_decorator to 2022-12-16T13:02:00.700378+00:00, run_after=2022-12-17T13:02:00.700378+00:00
[2022-12-17T13:02:00.730+0000] {processor.py:175} INFO - Processing /home/airflow/.local/lib/python3.7/site-packages/airflow/example_dags/example_task_group_decorator.py took 0.129 seconds
[2022-12-17T13:02:31.435+0000] {processor.py:153} INFO - Started process (PID=1924) to work on /home/airflow/.local/lib/python3.7/site-packages/airflow/example_dags/example_task_group_decorator.py
[2022-12-17T13:02:31.436+0000] {processor.py:743} INFO - Processing file /home/airflow/.local/lib/python3.7/site-packages/airflow/example_dags/example_task_group_decorator.py for tasks to queue
[2022-12-17T13:02:31.437+0000] {logging_mixin.py:137} INFO - [2022-12-17T13:02:31.437+0000] {dagbag.py:538} INFO - Filling up the DagBag from /home/airflow/.local/lib/python3.7/site-packages/airflow/example_dags/example_task_group_decorator.py
[2022-12-17T13:02:31.480+0000] {processor.py:753} INFO - DAG(s) dict_keys(['example_task_group_decorator']) retrieved from /home/airflow/.local/lib/python3.7/site-packages/airflow/example_dags/example_task_group_decorator.py
[2022-12-17T13:02:31.522+0000] {logging_mixin.py:137} INFO - [2022-12-17T13:02:31.521+0000] {dag.py:2676} INFO - Sync 1 DAGs
[2022-12-17T13:02:31.576+0000] {logging_mixin.py:137} INFO - [2022-12-17T13:02:31.576+0000] {dag.py:3427} INFO - Setting next_dagrun for example_task_group_decorator to 2022-12-16T13:02:31.576227+00:00, run_after=2022-12-17T13:02:31.576227+00:00
[2022-12-17T13:02:31.610+0000] {processor.py:175} INFO - Processing /home/airflow/.local/lib/python3.7/site-packages/airflow/example_dags/example_task_group_decorator.py took 0.177 seconds
[2022-12-17T13:05:04.279+0000] {processor.py:153} INFO - Started process (PID=2395) to work on /home/airflow/.local/lib/python3.7/site-packages/airflow/example_dags/example_task_group_decorator.py
[2022-12-17T13:05:04.280+0000] {processor.py:743} INFO - Processing file /home/airflow/.local/lib/python3.7/site-packages/airflow/example_dags/example_task_group_decorator.py for tasks to queue
[2022-12-17T13:05:04.281+0000] {logging_mixin.py:137} INFO - [2022-12-17T13:05:04.281+0000] {dagbag.py:538} INFO - Filling up the DagBag from /home/airflow/.local/lib/python3.7/site-packages/airflow/example_dags/example_task_group_decorator.py
[2022-12-17T13:05:04.310+0000] {processor.py:753} INFO - DAG(s) dict_keys(['example_task_group_decorator']) retrieved from /home/airflow/.local/lib/python3.7/site-packages/airflow/example_dags/example_task_group_decorator.py
[2022-12-17T13:05:04.352+0000] {logging_mixin.py:137} INFO - [2022-12-17T13:05:04.352+0000] {dag.py:2676} INFO - Sync 1 DAGs
[2022-12-17T13:05:04.380+0000] {logging_mixin.py:137} INFO - [2022-12-17T13:05:04.380+0000] {dag.py:3427} INFO - Setting next_dagrun for example_task_group_decorator to 2022-12-16T13:05:04.380306+00:00, run_after=2022-12-17T13:05:04.380306+00:00
[2022-12-17T13:05:04.406+0000] {processor.py:175} INFO - Processing /home/airflow/.local/lib/python3.7/site-packages/airflow/example_dags/example_task_group_decorator.py took 0.129 seconds
[2022-12-17T13:05:35.015+0000] {processor.py:153} INFO - Started process (PID=2506) to work on /home/airflow/.local/lib/python3.7/site-packages/airflow/example_dags/example_task_group_decorator.py
[2022-12-17T13:05:35.016+0000] {processor.py:743} INFO - Processing file /home/airflow/.local/lib/python3.7/site-packages/airflow/example_dags/example_task_group_decorator.py for tasks to queue
[2022-12-17T13:05:35.017+0000] {logging_mixin.py:137} INFO - [2022-12-17T13:05:35.016+0000] {dagbag.py:538} INFO - Filling up the DagBag from /home/airflow/.local/lib/python3.7/site-packages/airflow/example_dags/example_task_group_decorator.py
[2022-12-17T13:05:35.046+0000] {processor.py:753} INFO - DAG(s) dict_keys(['example_task_group_decorator']) retrieved from /home/airflow/.local/lib/python3.7/site-packages/airflow/example_dags/example_task_group_decorator.py
[2022-12-17T13:05:35.090+0000] {logging_mixin.py:137} INFO - [2022-12-17T13:05:35.089+0000] {dag.py:2676} INFO - Sync 1 DAGs
[2022-12-17T13:05:35.116+0000] {logging_mixin.py:137} INFO - [2022-12-17T13:05:35.116+0000] {dag.py:3427} INFO - Setting next_dagrun for example_task_group_decorator to 2022-12-16T13:05:35.116340+00:00, run_after=2022-12-17T13:05:35.116340+00:00
[2022-12-17T13:05:35.149+0000] {processor.py:175} INFO - Processing /home/airflow/.local/lib/python3.7/site-packages/airflow/example_dags/example_task_group_decorator.py took 0.137 seconds
[2022-12-17T13:06:05.576+0000] {processor.py:153} INFO - Started process (PID=2592) to work on /home/airflow/.local/lib/python3.7/site-packages/airflow/example_dags/example_task_group_decorator.py
[2022-12-17T13:06:05.577+0000] {processor.py:743} INFO - Processing file /home/airflow/.local/lib/python3.7/site-packages/airflow/example_dags/example_task_group_decorator.py for tasks to queue
[2022-12-17T13:06:05.579+0000] {logging_mixin.py:137} INFO - [2022-12-17T13:06:05.578+0000] {dagbag.py:538} INFO - Filling up the DagBag from /home/airflow/.local/lib/python3.7/site-packages/airflow/example_dags/example_task_group_decorator.py
[2022-12-17T13:06:05.613+0000] {processor.py:753} INFO - DAG(s) dict_keys(['example_task_group_decorator']) retrieved from /home/airflow/.local/lib/python3.7/site-packages/airflow/example_dags/example_task_group_decorator.py
[2022-12-17T13:06:05.654+0000] {logging_mixin.py:137} INFO - [2022-12-17T13:06:05.654+0000] {dag.py:2676} INFO - Sync 1 DAGs
[2022-12-17T13:06:05.691+0000] {logging_mixin.py:137} INFO - [2022-12-17T13:06:05.691+0000] {dag.py:3427} INFO - Setting next_dagrun for example_task_group_decorator to 2022-12-16T13:06:05.691203+00:00, run_after=2022-12-17T13:06:05.691203+00:00
[2022-12-17T13:06:05.737+0000] {processor.py:175} INFO - Processing /home/airflow/.local/lib/python3.7/site-packages/airflow/example_dags/example_task_group_decorator.py took 0.165 seconds
[2022-12-17T13:06:35.930+0000] {processor.py:153} INFO - Started process (PID=2678) to work on /home/airflow/.local/lib/python3.7/site-packages/airflow/example_dags/example_task_group_decorator.py
[2022-12-17T13:06:35.931+0000] {processor.py:743} INFO - Processing file /home/airflow/.local/lib/python3.7/site-packages/airflow/example_dags/example_task_group_decorator.py for tasks to queue
[2022-12-17T13:06:35.932+0000] {logging_mixin.py:137} INFO - [2022-12-17T13:06:35.932+0000] {dagbag.py:538} INFO - Filling up the DagBag from /home/airflow/.local/lib/python3.7/site-packages/airflow/example_dags/example_task_group_decorator.py
[2022-12-17T13:06:35.970+0000] {processor.py:753} INFO - DAG(s) dict_keys(['example_task_group_decorator']) retrieved from /home/airflow/.local/lib/python3.7/site-packages/airflow/example_dags/example_task_group_decorator.py
[2022-12-17T13:06:36.014+0000] {logging_mixin.py:137} INFO - [2022-12-17T13:06:36.014+0000] {dag.py:2676} INFO - Sync 1 DAGs
[2022-12-17T13:06:36.043+0000] {logging_mixin.py:137} INFO - [2022-12-17T13:06:36.043+0000] {dag.py:3427} INFO - Setting next_dagrun for example_task_group_decorator to 2022-12-16T13:06:36.042861+00:00, run_after=2022-12-17T13:06:36.042861+00:00
[2022-12-17T13:06:36.085+0000] {processor.py:175} INFO - Processing /home/airflow/.local/lib/python3.7/site-packages/airflow/example_dags/example_task_group_decorator.py took 0.160 seconds
[2022-12-17T13:07:06.217+0000] {processor.py:153} INFO - Started process (PID=2773) to work on /home/airflow/.local/lib/python3.7/site-packages/airflow/example_dags/example_task_group_decorator.py
[2022-12-17T13:07:06.218+0000] {processor.py:743} INFO - Processing file /home/airflow/.local/lib/python3.7/site-packages/airflow/example_dags/example_task_group_decorator.py for tasks to queue
[2022-12-17T13:07:06.218+0000] {logging_mixin.py:137} INFO - [2022-12-17T13:07:06.218+0000] {dagbag.py:538} INFO - Filling up the DagBag from /home/airflow/.local/lib/python3.7/site-packages/airflow/example_dags/example_task_group_decorator.py
[2022-12-17T13:07:06.246+0000] {processor.py:753} INFO - DAG(s) dict_keys(['example_task_group_decorator']) retrieved from /home/airflow/.local/lib/python3.7/site-packages/airflow/example_dags/example_task_group_decorator.py
[2022-12-17T13:07:06.299+0000] {logging_mixin.py:137} INFO - [2022-12-17T13:07:06.299+0000] {dag.py:2676} INFO - Sync 1 DAGs
[2022-12-17T13:07:06.353+0000] {logging_mixin.py:137} INFO - [2022-12-17T13:07:06.353+0000] {dag.py:3427} INFO - Setting next_dagrun for example_task_group_decorator to 2022-12-16T13:07:06.352986+00:00, run_after=2022-12-17T13:07:06.352986+00:00
[2022-12-17T13:07:06.465+0000] {processor.py:175} INFO - Processing /home/airflow/.local/lib/python3.7/site-packages/airflow/example_dags/example_task_group_decorator.py took 0.250 seconds
[2022-12-17T13:07:37.131+0000] {processor.py:153} INFO - Started process (PID=2874) to work on /home/airflow/.local/lib/python3.7/site-packages/airflow/example_dags/example_task_group_decorator.py
[2022-12-17T13:07:37.131+0000] {processor.py:743} INFO - Processing file /home/airflow/.local/lib/python3.7/site-packages/airflow/example_dags/example_task_group_decorator.py for tasks to queue
[2022-12-17T13:07:37.132+0000] {logging_mixin.py:137} INFO - [2022-12-17T13:07:37.132+0000] {dagbag.py:538} INFO - Filling up the DagBag from /home/airflow/.local/lib/python3.7/site-packages/airflow/example_dags/example_task_group_decorator.py
[2022-12-17T13:07:37.161+0000] {processor.py:753} INFO - DAG(s) dict_keys(['example_task_group_decorator']) retrieved from /home/airflow/.local/lib/python3.7/site-packages/airflow/example_dags/example_task_group_decorator.py
[2022-12-17T13:07:37.202+0000] {logging_mixin.py:137} INFO - [2022-12-17T13:07:37.202+0000] {dag.py:2676} INFO - Sync 1 DAGs
[2022-12-17T13:07:37.228+0000] {logging_mixin.py:137} INFO - [2022-12-17T13:07:37.228+0000] {dag.py:3427} INFO - Setting next_dagrun for example_task_group_decorator to 2022-12-16T13:07:37.228476+00:00, run_after=2022-12-17T13:07:37.228476+00:00
[2022-12-17T13:07:37.254+0000] {processor.py:175} INFO - Processing /home/airflow/.local/lib/python3.7/site-packages/airflow/example_dags/example_task_group_decorator.py took 0.127 seconds
[2022-12-17T13:08:07.600+0000] {processor.py:153} INFO - Started process (PID=2961) to work on /home/airflow/.local/lib/python3.7/site-packages/airflow/example_dags/example_task_group_decorator.py
[2022-12-17T13:08:07.601+0000] {processor.py:743} INFO - Processing file /home/airflow/.local/lib/python3.7/site-packages/airflow/example_dags/example_task_group_decorator.py for tasks to queue
[2022-12-17T13:08:07.601+0000] {logging_mixin.py:137} INFO - [2022-12-17T13:08:07.601+0000] {dagbag.py:538} INFO - Filling up the DagBag from /home/airflow/.local/lib/python3.7/site-packages/airflow/example_dags/example_task_group_decorator.py
[2022-12-17T13:08:07.630+0000] {processor.py:753} INFO - DAG(s) dict_keys(['example_task_group_decorator']) retrieved from /home/airflow/.local/lib/python3.7/site-packages/airflow/example_dags/example_task_group_decorator.py
[2022-12-17T13:08:07.668+0000] {logging_mixin.py:137} INFO - [2022-12-17T13:08:07.668+0000] {dag.py:2676} INFO - Sync 1 DAGs
[2022-12-17T13:08:07.693+0000] {logging_mixin.py:137} INFO - [2022-12-17T13:08:07.693+0000] {dag.py:3427} INFO - Setting next_dagrun for example_task_group_decorator to 2022-12-16T13:08:07.692780+00:00, run_after=2022-12-17T13:08:07.692780+00:00
[2022-12-17T13:08:07.722+0000] {processor.py:175} INFO - Processing /home/airflow/.local/lib/python3.7/site-packages/airflow/example_dags/example_task_group_decorator.py took 0.125 seconds
[2022-12-17T13:08:38.297+0000] {processor.py:153} INFO - Started process (PID=3071) to work on /home/airflow/.local/lib/python3.7/site-packages/airflow/example_dags/example_task_group_decorator.py
[2022-12-17T13:08:38.299+0000] {processor.py:743} INFO - Processing file /home/airflow/.local/lib/python3.7/site-packages/airflow/example_dags/example_task_group_decorator.py for tasks to queue
[2022-12-17T13:08:38.299+0000] {logging_mixin.py:137} INFO - [2022-12-17T13:08:38.299+0000] {dagbag.py:538} INFO - Filling up the DagBag from /home/airflow/.local/lib/python3.7/site-packages/airflow/example_dags/example_task_group_decorator.py
[2022-12-17T13:08:38.353+0000] {processor.py:753} INFO - DAG(s) dict_keys(['example_task_group_decorator']) retrieved from /home/airflow/.local/lib/python3.7/site-packages/airflow/example_dags/example_task_group_decorator.py
[2022-12-17T13:08:38.400+0000] {logging_mixin.py:137} INFO - [2022-12-17T13:08:38.400+0000] {dag.py:2676} INFO - Sync 1 DAGs
[2022-12-17T13:08:38.434+0000] {logging_mixin.py:137} INFO - [2022-12-17T13:08:38.434+0000] {dag.py:3427} INFO - Setting next_dagrun for example_task_group_decorator to 2022-12-16T13:08:38.434363+00:00, run_after=2022-12-17T13:08:38.434363+00:00
[2022-12-17T13:08:38.471+0000] {processor.py:175} INFO - Processing /home/airflow/.local/lib/python3.7/site-packages/airflow/example_dags/example_task_group_decorator.py took 0.177 seconds
[2022-12-17T13:09:08.929+0000] {processor.py:153} INFO - Started process (PID=3157) to work on /home/airflow/.local/lib/python3.7/site-packages/airflow/example_dags/example_task_group_decorator.py
[2022-12-17T13:09:08.930+0000] {processor.py:743} INFO - Processing file /home/airflow/.local/lib/python3.7/site-packages/airflow/example_dags/example_task_group_decorator.py for tasks to queue
[2022-12-17T13:09:08.931+0000] {logging_mixin.py:137} INFO - [2022-12-17T13:09:08.931+0000] {dagbag.py:538} INFO - Filling up the DagBag from /home/airflow/.local/lib/python3.7/site-packages/airflow/example_dags/example_task_group_decorator.py
[2022-12-17T13:09:08.968+0000] {processor.py:753} INFO - DAG(s) dict_keys(['example_task_group_decorator']) retrieved from /home/airflow/.local/lib/python3.7/site-packages/airflow/example_dags/example_task_group_decorator.py
[2022-12-17T13:09:09.017+0000] {logging_mixin.py:137} INFO - [2022-12-17T13:09:09.017+0000] {dag.py:2676} INFO - Sync 1 DAGs
[2022-12-17T13:09:09.046+0000] {logging_mixin.py:137} INFO - [2022-12-17T13:09:09.045+0000] {dag.py:3427} INFO - Setting next_dagrun for example_task_group_decorator to 2022-12-16T13:09:09.045711+00:00, run_after=2022-12-17T13:09:09.045711+00:00
[2022-12-17T13:09:09.079+0000] {processor.py:175} INFO - Processing /home/airflow/.local/lib/python3.7/site-packages/airflow/example_dags/example_task_group_decorator.py took 0.153 seconds
