[2022-12-17T12:52:44.085+0000] {processor.py:153} INFO - Started process (PID=73) to work on /home/airflow/.local/lib/python3.7/site-packages/airflow/example_dags/example_bash_operator.py
[2022-12-17T12:52:44.086+0000] {processor.py:743} INFO - Processing file /home/airflow/.local/lib/python3.7/site-packages/airflow/example_dags/example_bash_operator.py for tasks to queue
[2022-12-17T12:52:44.086+0000] {logging_mixin.py:137} INFO - [2022-12-17T12:52:44.086+0000] {dagbag.py:538} INFO - Filling up the DagBag from /home/airflow/.local/lib/python3.7/site-packages/airflow/example_dags/example_bash_operator.py
[2022-12-17T12:52:44.178+0000] {processor.py:753} INFO - DAG(s) dict_keys(['example_bash_operator']) retrieved from /home/airflow/.local/lib/python3.7/site-packages/airflow/example_dags/example_bash_operator.py
[2022-12-17T12:52:44.260+0000] {logging_mixin.py:137} INFO - [2022-12-17T12:52:44.259+0000] {dag.py:2676} INFO - Sync 1 DAGs
[2022-12-17T12:52:44.287+0000] {logging_mixin.py:137} INFO - [2022-12-17T12:52:44.287+0000] {dag.py:3427} INFO - Setting next_dagrun for example_bash_operator to 2022-12-16T00:00:00+00:00, run_after=2022-12-17T00:00:00+00:00
[2022-12-17T12:52:44.359+0000] {processor.py:175} INFO - Processing /home/airflow/.local/lib/python3.7/site-packages/airflow/example_dags/example_bash_operator.py took 0.277 seconds
[2022-12-17T12:53:14.574+0000] {processor.py:153} INFO - Started process (PID=174) to work on /home/airflow/.local/lib/python3.7/site-packages/airflow/example_dags/example_bash_operator.py
[2022-12-17T12:53:14.575+0000] {processor.py:743} INFO - Processing file /home/airflow/.local/lib/python3.7/site-packages/airflow/example_dags/example_bash_operator.py for tasks to queue
[2022-12-17T12:53:14.576+0000] {logging_mixin.py:137} INFO - [2022-12-17T12:53:14.575+0000] {dagbag.py:538} INFO - Filling up the DagBag from /home/airflow/.local/lib/python3.7/site-packages/airflow/example_dags/example_bash_operator.py
[2022-12-17T12:53:14.602+0000] {processor.py:753} INFO - DAG(s) dict_keys(['example_bash_operator']) retrieved from /home/airflow/.local/lib/python3.7/site-packages/airflow/example_dags/example_bash_operator.py
[2022-12-17T12:53:14.654+0000] {logging_mixin.py:137} INFO - [2022-12-17T12:53:14.654+0000] {dag.py:2676} INFO - Sync 1 DAGs
[2022-12-17T12:53:14.680+0000] {logging_mixin.py:137} INFO - [2022-12-17T12:53:14.680+0000] {dag.py:3427} INFO - Setting next_dagrun for example_bash_operator to 2022-12-16T00:00:00+00:00, run_after=2022-12-17T00:00:00+00:00
[2022-12-17T12:53:14.716+0000] {processor.py:175} INFO - Processing /home/airflow/.local/lib/python3.7/site-packages/airflow/example_dags/example_bash_operator.py took 0.145 seconds
[2022-12-17T12:53:44.750+0000] {processor.py:153} INFO - Started process (PID=260) to work on /home/airflow/.local/lib/python3.7/site-packages/airflow/example_dags/example_bash_operator.py
[2022-12-17T12:53:44.751+0000] {processor.py:743} INFO - Processing file /home/airflow/.local/lib/python3.7/site-packages/airflow/example_dags/example_bash_operator.py for tasks to queue
[2022-12-17T12:53:44.751+0000] {logging_mixin.py:137} INFO - [2022-12-17T12:53:44.751+0000] {dagbag.py:538} INFO - Filling up the DagBag from /home/airflow/.local/lib/python3.7/site-packages/airflow/example_dags/example_bash_operator.py
[2022-12-17T12:53:44.772+0000] {processor.py:753} INFO - DAG(s) dict_keys(['example_bash_operator']) retrieved from /home/airflow/.local/lib/python3.7/site-packages/airflow/example_dags/example_bash_operator.py
[2022-12-17T12:53:44.830+0000] {logging_mixin.py:137} INFO - [2022-12-17T12:53:44.829+0000] {dag.py:2676} INFO - Sync 1 DAGs
[2022-12-17T12:53:44.855+0000] {logging_mixin.py:137} INFO - [2022-12-17T12:53:44.855+0000] {dag.py:3427} INFO - Setting next_dagrun for example_bash_operator to 2022-12-16T00:00:00+00:00, run_after=2022-12-17T00:00:00+00:00
[2022-12-17T12:53:44.885+0000] {processor.py:175} INFO - Processing /home/airflow/.local/lib/python3.7/site-packages/airflow/example_dags/example_bash_operator.py took 0.139 seconds
[2022-12-17T12:54:14.946+0000] {processor.py:153} INFO - Started process (PID=353) to work on /home/airflow/.local/lib/python3.7/site-packages/airflow/example_dags/example_bash_operator.py
[2022-12-17T12:54:14.947+0000] {processor.py:743} INFO - Processing file /home/airflow/.local/lib/python3.7/site-packages/airflow/example_dags/example_bash_operator.py for tasks to queue
[2022-12-17T12:54:14.947+0000] {logging_mixin.py:137} INFO - [2022-12-17T12:54:14.947+0000] {dagbag.py:538} INFO - Filling up the DagBag from /home/airflow/.local/lib/python3.7/site-packages/airflow/example_dags/example_bash_operator.py
[2022-12-17T12:54:14.969+0000] {processor.py:753} INFO - DAG(s) dict_keys(['example_bash_operator']) retrieved from /home/airflow/.local/lib/python3.7/site-packages/airflow/example_dags/example_bash_operator.py
[2022-12-17T12:54:15.022+0000] {logging_mixin.py:137} INFO - [2022-12-17T12:54:15.022+0000] {dag.py:2676} INFO - Sync 1 DAGs
[2022-12-17T12:54:15.048+0000] {logging_mixin.py:137} INFO - [2022-12-17T12:54:15.048+0000] {dag.py:3427} INFO - Setting next_dagrun for example_bash_operator to 2022-12-16T00:00:00+00:00, run_after=2022-12-17T00:00:00+00:00
[2022-12-17T12:54:15.081+0000] {processor.py:175} INFO - Processing /home/airflow/.local/lib/python3.7/site-packages/airflow/example_dags/example_bash_operator.py took 0.138 seconds
[2022-12-17T12:54:45.138+0000] {processor.py:153} INFO - Started process (PID=456) to work on /home/airflow/.local/lib/python3.7/site-packages/airflow/example_dags/example_bash_operator.py
[2022-12-17T12:54:45.139+0000] {processor.py:743} INFO - Processing file /home/airflow/.local/lib/python3.7/site-packages/airflow/example_dags/example_bash_operator.py for tasks to queue
[2022-12-17T12:54:45.139+0000] {logging_mixin.py:137} INFO - [2022-12-17T12:54:45.139+0000] {dagbag.py:538} INFO - Filling up the DagBag from /home/airflow/.local/lib/python3.7/site-packages/airflow/example_dags/example_bash_operator.py
[2022-12-17T12:54:45.163+0000] {processor.py:753} INFO - DAG(s) dict_keys(['example_bash_operator']) retrieved from /home/airflow/.local/lib/python3.7/site-packages/airflow/example_dags/example_bash_operator.py
[2022-12-17T12:54:45.223+0000] {logging_mixin.py:137} INFO - [2022-12-17T12:54:45.222+0000] {dag.py:2676} INFO - Sync 1 DAGs
[2022-12-17T12:54:45.254+0000] {logging_mixin.py:137} INFO - [2022-12-17T12:54:45.253+0000] {dag.py:3427} INFO - Setting next_dagrun for example_bash_operator to 2022-12-16T00:00:00+00:00, run_after=2022-12-17T00:00:00+00:00
[2022-12-17T12:54:45.305+0000] {processor.py:175} INFO - Processing /home/airflow/.local/lib/python3.7/site-packages/airflow/example_dags/example_bash_operator.py took 0.170 seconds
[2022-12-17T12:55:16.028+0000] {processor.py:153} INFO - Started process (PID=542) to work on /home/airflow/.local/lib/python3.7/site-packages/airflow/example_dags/example_bash_operator.py
[2022-12-17T12:55:16.029+0000] {processor.py:743} INFO - Processing file /home/airflow/.local/lib/python3.7/site-packages/airflow/example_dags/example_bash_operator.py for tasks to queue
[2022-12-17T12:55:16.030+0000] {logging_mixin.py:137} INFO - [2022-12-17T12:55:16.030+0000] {dagbag.py:538} INFO - Filling up the DagBag from /home/airflow/.local/lib/python3.7/site-packages/airflow/example_dags/example_bash_operator.py
[2022-12-17T12:55:16.051+0000] {processor.py:753} INFO - DAG(s) dict_keys(['example_bash_operator']) retrieved from /home/airflow/.local/lib/python3.7/site-packages/airflow/example_dags/example_bash_operator.py
[2022-12-17T12:55:16.102+0000] {logging_mixin.py:137} INFO - [2022-12-17T12:55:16.102+0000] {dag.py:2676} INFO - Sync 1 DAGs
[2022-12-17T12:55:16.128+0000] {logging_mixin.py:137} INFO - [2022-12-17T12:55:16.128+0000] {dag.py:3427} INFO - Setting next_dagrun for example_bash_operator to 2022-12-16T00:00:00+00:00, run_after=2022-12-17T00:00:00+00:00
[2022-12-17T12:55:16.156+0000] {processor.py:175} INFO - Processing /home/airflow/.local/lib/python3.7/site-packages/airflow/example_dags/example_bash_operator.py took 0.130 seconds
