[2022-12-17T12:52:48.904+0000] {processor.py:153} INFO - Started process (PID=119) to work on /home/airflow/.local/lib/python3.7/site-packages/airflow/example_dags/example_xcomargs.py
[2022-12-17T12:52:48.904+0000] {processor.py:743} INFO - Processing file /home/airflow/.local/lib/python3.7/site-packages/airflow/example_dags/example_xcomargs.py for tasks to queue
[2022-12-17T12:52:48.905+0000] {logging_mixin.py:137} INFO - [2022-12-17T12:52:48.905+0000] {dagbag.py:538} INFO - Filling up the DagBag from /home/airflow/.local/lib/python3.7/site-packages/airflow/example_dags/example_xcomargs.py
[2022-12-17T12:52:48.961+0000] {processor.py:753} INFO - DAG(s) dict_keys(['example_xcom_args_with_operators', 'example_xcom_args']) retrieved from /home/airflow/.local/lib/python3.7/site-packages/airflow/example_dags/example_xcomargs.py
[2022-12-17T12:52:49.000+0000] {logging_mixin.py:137} INFO - [2022-12-17T12:52:49.000+0000] {dag.py:2676} INFO - Sync 2 DAGs
[2022-12-17T12:52:49.026+0000] {logging_mixin.py:137} INFO - [2022-12-17T12:52:49.025+0000] {dag.py:3427} INFO - Setting next_dagrun for example_xcom_args to None, run_after=None
[2022-12-17T12:52:49.029+0000] {logging_mixin.py:137} INFO - [2022-12-17T12:52:49.029+0000] {dag.py:3427} INFO - Setting next_dagrun for example_xcom_args_with_operators to None, run_after=None
[2022-12-17T12:52:49.072+0000] {processor.py:175} INFO - Processing /home/airflow/.local/lib/python3.7/site-packages/airflow/example_dags/example_xcomargs.py took 0.171 seconds
[2022-12-17T12:53:19.175+0000] {processor.py:153} INFO - Started process (PID=205) to work on /home/airflow/.local/lib/python3.7/site-packages/airflow/example_dags/example_xcomargs.py
[2022-12-17T12:53:19.176+0000] {processor.py:743} INFO - Processing file /home/airflow/.local/lib/python3.7/site-packages/airflow/example_dags/example_xcomargs.py for tasks to queue
[2022-12-17T12:53:19.176+0000] {logging_mixin.py:137} INFO - [2022-12-17T12:53:19.176+0000] {dagbag.py:538} INFO - Filling up the DagBag from /home/airflow/.local/lib/python3.7/site-packages/airflow/example_dags/example_xcomargs.py
[2022-12-17T12:53:19.200+0000] {processor.py:753} INFO - DAG(s) dict_keys(['example_xcom_args_with_operators', 'example_xcom_args']) retrieved from /home/airflow/.local/lib/python3.7/site-packages/airflow/example_dags/example_xcomargs.py
[2022-12-17T12:53:19.247+0000] {logging_mixin.py:137} INFO - [2022-12-17T12:53:19.246+0000] {dag.py:2676} INFO - Sync 2 DAGs
[2022-12-17T12:53:19.276+0000] {logging_mixin.py:137} INFO - [2022-12-17T12:53:19.276+0000] {dag.py:3427} INFO - Setting next_dagrun for example_xcom_args to None, run_after=None
[2022-12-17T12:53:19.280+0000] {logging_mixin.py:137} INFO - [2022-12-17T12:53:19.280+0000] {dag.py:3427} INFO - Setting next_dagrun for example_xcom_args_with_operators to None, run_after=None
[2022-12-17T12:53:19.308+0000] {processor.py:175} INFO - Processing /home/airflow/.local/lib/python3.7/site-packages/airflow/example_dags/example_xcomargs.py took 0.135 seconds
[2022-12-17T12:53:49.331+0000] {processor.py:153} INFO - Started process (PID=300) to work on /home/airflow/.local/lib/python3.7/site-packages/airflow/example_dags/example_xcomargs.py
[2022-12-17T12:53:49.332+0000] {processor.py:743} INFO - Processing file /home/airflow/.local/lib/python3.7/site-packages/airflow/example_dags/example_xcomargs.py for tasks to queue
[2022-12-17T12:53:49.332+0000] {logging_mixin.py:137} INFO - [2022-12-17T12:53:49.332+0000] {dagbag.py:538} INFO - Filling up the DagBag from /home/airflow/.local/lib/python3.7/site-packages/airflow/example_dags/example_xcomargs.py
[2022-12-17T12:53:49.356+0000] {processor.py:753} INFO - DAG(s) dict_keys(['example_xcom_args', 'example_xcom_args_with_operators']) retrieved from /home/airflow/.local/lib/python3.7/site-packages/airflow/example_dags/example_xcomargs.py
[2022-12-17T12:53:49.398+0000] {logging_mixin.py:137} INFO - [2022-12-17T12:53:49.398+0000] {dag.py:2676} INFO - Sync 2 DAGs
[2022-12-17T12:53:49.424+0000] {logging_mixin.py:137} INFO - [2022-12-17T12:53:49.423+0000] {dag.py:3427} INFO - Setting next_dagrun for example_xcom_args to None, run_after=None
[2022-12-17T12:53:49.427+0000] {logging_mixin.py:137} INFO - [2022-12-17T12:53:49.427+0000] {dag.py:3427} INFO - Setting next_dagrun for example_xcom_args_with_operators to None, run_after=None
[2022-12-17T12:53:49.464+0000] {processor.py:175} INFO - Processing /home/airflow/.local/lib/python3.7/site-packages/airflow/example_dags/example_xcomargs.py took 0.136 seconds
[2022-12-17T12:54:19.588+0000] {processor.py:153} INFO - Started process (PID=402) to work on /home/airflow/.local/lib/python3.7/site-packages/airflow/example_dags/example_xcomargs.py
[2022-12-17T12:54:19.589+0000] {processor.py:743} INFO - Processing file /home/airflow/.local/lib/python3.7/site-packages/airflow/example_dags/example_xcomargs.py for tasks to queue
[2022-12-17T12:54:19.590+0000] {logging_mixin.py:137} INFO - [2022-12-17T12:54:19.590+0000] {dagbag.py:538} INFO - Filling up the DagBag from /home/airflow/.local/lib/python3.7/site-packages/airflow/example_dags/example_xcomargs.py
[2022-12-17T12:54:19.613+0000] {processor.py:753} INFO - DAG(s) dict_keys(['example_xcom_args', 'example_xcom_args_with_operators']) retrieved from /home/airflow/.local/lib/python3.7/site-packages/airflow/example_dags/example_xcomargs.py
[2022-12-17T12:54:19.650+0000] {logging_mixin.py:137} INFO - [2022-12-17T12:54:19.650+0000] {dag.py:2676} INFO - Sync 2 DAGs
[2022-12-17T12:54:19.674+0000] {logging_mixin.py:137} INFO - [2022-12-17T12:54:19.674+0000] {dag.py:3427} INFO - Setting next_dagrun for example_xcom_args to None, run_after=None
[2022-12-17T12:54:19.678+0000] {logging_mixin.py:137} INFO - [2022-12-17T12:54:19.678+0000] {dag.py:3427} INFO - Setting next_dagrun for example_xcom_args_with_operators to None, run_after=None
[2022-12-17T12:54:19.700+0000] {processor.py:175} INFO - Processing /home/airflow/.local/lib/python3.7/site-packages/airflow/example_dags/example_xcomargs.py took 0.114 seconds
[2022-12-17T12:54:50.513+0000] {processor.py:153} INFO - Started process (PID=487) to work on /home/airflow/.local/lib/python3.7/site-packages/airflow/example_dags/example_xcomargs.py
[2022-12-17T12:54:50.513+0000] {processor.py:743} INFO - Processing file /home/airflow/.local/lib/python3.7/site-packages/airflow/example_dags/example_xcomargs.py for tasks to queue
[2022-12-17T12:54:50.514+0000] {logging_mixin.py:137} INFO - [2022-12-17T12:54:50.514+0000] {dagbag.py:538} INFO - Filling up the DagBag from /home/airflow/.local/lib/python3.7/site-packages/airflow/example_dags/example_xcomargs.py
[2022-12-17T12:54:50.542+0000] {processor.py:753} INFO - DAG(s) dict_keys(['example_xcom_args_with_operators', 'example_xcom_args']) retrieved from /home/airflow/.local/lib/python3.7/site-packages/airflow/example_dags/example_xcomargs.py
[2022-12-17T12:54:50.592+0000] {logging_mixin.py:137} INFO - [2022-12-17T12:54:50.592+0000] {dag.py:2676} INFO - Sync 2 DAGs
[2022-12-17T12:54:50.624+0000] {logging_mixin.py:137} INFO - [2022-12-17T12:54:50.624+0000] {dag.py:3427} INFO - Setting next_dagrun for example_xcom_args to None, run_after=None
[2022-12-17T12:54:50.628+0000] {logging_mixin.py:137} INFO - [2022-12-17T12:54:50.628+0000] {dag.py:3427} INFO - Setting next_dagrun for example_xcom_args_with_operators to None, run_after=None
[2022-12-17T12:54:50.657+0000] {processor.py:175} INFO - Processing /home/airflow/.local/lib/python3.7/site-packages/airflow/example_dags/example_xcomargs.py took 0.147 seconds
[2022-12-17T12:55:21.481+0000] {processor.py:153} INFO - Started process (PID=597) to work on /home/airflow/.local/lib/python3.7/site-packages/airflow/example_dags/example_xcomargs.py
[2022-12-17T12:55:21.482+0000] {processor.py:743} INFO - Processing file /home/airflow/.local/lib/python3.7/site-packages/airflow/example_dags/example_xcomargs.py for tasks to queue
[2022-12-17T12:55:21.482+0000] {logging_mixin.py:137} INFO - [2022-12-17T12:55:21.482+0000] {dagbag.py:538} INFO - Filling up the DagBag from /home/airflow/.local/lib/python3.7/site-packages/airflow/example_dags/example_xcomargs.py
[2022-12-17T12:55:21.506+0000] {processor.py:753} INFO - DAG(s) dict_keys(['example_xcom_args', 'example_xcom_args_with_operators']) retrieved from /home/airflow/.local/lib/python3.7/site-packages/airflow/example_dags/example_xcomargs.py
[2022-12-17T12:55:21.547+0000] {logging_mixin.py:137} INFO - [2022-12-17T12:55:21.547+0000] {dag.py:2676} INFO - Sync 2 DAGs
[2022-12-17T12:55:21.574+0000] {logging_mixin.py:137} INFO - [2022-12-17T12:55:21.574+0000] {dag.py:3427} INFO - Setting next_dagrun for example_xcom_args to None, run_after=None
[2022-12-17T12:55:21.578+0000] {logging_mixin.py:137} INFO - [2022-12-17T12:55:21.578+0000] {dag.py:3427} INFO - Setting next_dagrun for example_xcom_args_with_operators to None, run_after=None
[2022-12-17T12:55:21.605+0000] {processor.py:175} INFO - Processing /home/airflow/.local/lib/python3.7/site-packages/airflow/example_dags/example_xcomargs.py took 0.127 seconds
