[2022-12-17T12:52:44.980+0000] {processor.py:153} INFO - Started process (PID=94) to work on /home/airflow/.local/lib/python3.7/site-packages/airflow/example_dags/example_branch_python_dop_operator_3.py
[2022-12-17T12:52:44.980+0000] {processor.py:743} INFO - Processing file /home/airflow/.local/lib/python3.7/site-packages/airflow/example_dags/example_branch_python_dop_operator_3.py for tasks to queue
[2022-12-17T12:52:44.981+0000] {logging_mixin.py:137} INFO - [2022-12-17T12:52:44.981+0000] {dagbag.py:538} INFO - Filling up the DagBag from /home/airflow/.local/lib/python3.7/site-packages/airflow/example_dags/example_branch_python_dop_operator_3.py
[2022-12-17T12:52:45.054+0000] {processor.py:753} INFO - DAG(s) dict_keys(['example_branch_dop_operator_v3']) retrieved from /home/airflow/.local/lib/python3.7/site-packages/airflow/example_dags/example_branch_python_dop_operator_3.py
[2022-12-17T12:52:45.085+0000] {logging_mixin.py:137} INFO - [2022-12-17T12:52:45.085+0000] {dag.py:2676} INFO - Sync 1 DAGs
[2022-12-17T12:52:45.169+0000] {logging_mixin.py:137} INFO - [2022-12-17T12:52:45.169+0000] {dag.py:3427} INFO - Setting next_dagrun for example_branch_dop_operator_v3 to 2022-12-17T12:51:00+00:00, run_after=2022-12-17T12:52:00+00:00
[2022-12-17T12:52:45.198+0000] {processor.py:175} INFO - Processing /home/airflow/.local/lib/python3.7/site-packages/airflow/example_dags/example_branch_python_dop_operator_3.py took 0.221 seconds
[2022-12-17T12:53:15.998+0000] {processor.py:153} INFO - Started process (PID=180) to work on /home/airflow/.local/lib/python3.7/site-packages/airflow/example_dags/example_branch_python_dop_operator_3.py
[2022-12-17T12:53:15.999+0000] {processor.py:743} INFO - Processing file /home/airflow/.local/lib/python3.7/site-packages/airflow/example_dags/example_branch_python_dop_operator_3.py for tasks to queue
[2022-12-17T12:53:16.000+0000] {logging_mixin.py:137} INFO - [2022-12-17T12:53:16.000+0000] {dagbag.py:538} INFO - Filling up the DagBag from /home/airflow/.local/lib/python3.7/site-packages/airflow/example_dags/example_branch_python_dop_operator_3.py
[2022-12-17T12:53:16.025+0000] {processor.py:753} INFO - DAG(s) dict_keys(['example_branch_dop_operator_v3']) retrieved from /home/airflow/.local/lib/python3.7/site-packages/airflow/example_dags/example_branch_python_dop_operator_3.py
[2022-12-17T12:53:16.059+0000] {logging_mixin.py:137} INFO - [2022-12-17T12:53:16.058+0000] {dag.py:2676} INFO - Sync 1 DAGs
[2022-12-17T12:53:16.089+0000] {logging_mixin.py:137} INFO - [2022-12-17T12:53:16.089+0000] {dag.py:3427} INFO - Setting next_dagrun for example_branch_dop_operator_v3 to 2022-12-17T12:52:00+00:00, run_after=2022-12-17T12:53:00+00:00
[2022-12-17T12:53:16.118+0000] {processor.py:175} INFO - Processing /home/airflow/.local/lib/python3.7/site-packages/airflow/example_dags/example_branch_python_dop_operator_3.py took 0.122 seconds
[2022-12-17T12:53:46.162+0000] {processor.py:153} INFO - Started process (PID=266) to work on /home/airflow/.local/lib/python3.7/site-packages/airflow/example_dags/example_branch_python_dop_operator_3.py
[2022-12-17T12:53:46.163+0000] {processor.py:743} INFO - Processing file /home/airflow/.local/lib/python3.7/site-packages/airflow/example_dags/example_branch_python_dop_operator_3.py for tasks to queue
[2022-12-17T12:53:46.164+0000] {logging_mixin.py:137} INFO - [2022-12-17T12:53:46.164+0000] {dagbag.py:538} INFO - Filling up the DagBag from /home/airflow/.local/lib/python3.7/site-packages/airflow/example_dags/example_branch_python_dop_operator_3.py
[2022-12-17T12:53:46.189+0000] {processor.py:753} INFO - DAG(s) dict_keys(['example_branch_dop_operator_v3']) retrieved from /home/airflow/.local/lib/python3.7/site-packages/airflow/example_dags/example_branch_python_dop_operator_3.py
[2022-12-17T12:53:46.225+0000] {logging_mixin.py:137} INFO - [2022-12-17T12:53:46.225+0000] {dag.py:2676} INFO - Sync 1 DAGs
[2022-12-17T12:53:46.253+0000] {logging_mixin.py:137} INFO - [2022-12-17T12:53:46.253+0000] {dag.py:3427} INFO - Setting next_dagrun for example_branch_dop_operator_v3 to 2022-12-17T12:52:00+00:00, run_after=2022-12-17T12:53:00+00:00
[2022-12-17T12:53:46.277+0000] {processor.py:175} INFO - Processing /home/airflow/.local/lib/python3.7/site-packages/airflow/example_dags/example_branch_python_dop_operator_3.py took 0.116 seconds
[2022-12-17T12:54:16.394+0000] {processor.py:153} INFO - Started process (PID=376) to work on /home/airflow/.local/lib/python3.7/site-packages/airflow/example_dags/example_branch_python_dop_operator_3.py
[2022-12-17T12:54:16.395+0000] {processor.py:743} INFO - Processing file /home/airflow/.local/lib/python3.7/site-packages/airflow/example_dags/example_branch_python_dop_operator_3.py for tasks to queue
[2022-12-17T12:54:16.396+0000] {logging_mixin.py:137} INFO - [2022-12-17T12:54:16.396+0000] {dagbag.py:538} INFO - Filling up the DagBag from /home/airflow/.local/lib/python3.7/site-packages/airflow/example_dags/example_branch_python_dop_operator_3.py
[2022-12-17T12:54:16.421+0000] {processor.py:753} INFO - DAG(s) dict_keys(['example_branch_dop_operator_v3']) retrieved from /home/airflow/.local/lib/python3.7/site-packages/airflow/example_dags/example_branch_python_dop_operator_3.py
[2022-12-17T12:54:16.472+0000] {logging_mixin.py:137} INFO - [2022-12-17T12:54:16.472+0000] {dag.py:2676} INFO - Sync 1 DAGs
[2022-12-17T12:54:16.503+0000] {logging_mixin.py:137} INFO - [2022-12-17T12:54:16.503+0000] {dag.py:3427} INFO - Setting next_dagrun for example_branch_dop_operator_v3 to 2022-12-17T12:53:00+00:00, run_after=2022-12-17T12:54:00+00:00
[2022-12-17T12:54:16.533+0000] {processor.py:175} INFO - Processing /home/airflow/.local/lib/python3.7/site-packages/airflow/example_dags/example_branch_python_dop_operator_3.py took 0.142 seconds
[2022-12-17T12:54:46.611+0000] {processor.py:153} INFO - Started process (PID=462) to work on /home/airflow/.local/lib/python3.7/site-packages/airflow/example_dags/example_branch_python_dop_operator_3.py
[2022-12-17T12:54:46.612+0000] {processor.py:743} INFO - Processing file /home/airflow/.local/lib/python3.7/site-packages/airflow/example_dags/example_branch_python_dop_operator_3.py for tasks to queue
[2022-12-17T12:54:46.612+0000] {logging_mixin.py:137} INFO - [2022-12-17T12:54:46.612+0000] {dagbag.py:538} INFO - Filling up the DagBag from /home/airflow/.local/lib/python3.7/site-packages/airflow/example_dags/example_branch_python_dop_operator_3.py
[2022-12-17T12:54:46.638+0000] {processor.py:753} INFO - DAG(s) dict_keys(['example_branch_dop_operator_v3']) retrieved from /home/airflow/.local/lib/python3.7/site-packages/airflow/example_dags/example_branch_python_dop_operator_3.py
[2022-12-17T12:54:46.673+0000] {logging_mixin.py:137} INFO - [2022-12-17T12:54:46.673+0000] {dag.py:2676} INFO - Sync 1 DAGs
[2022-12-17T12:54:46.704+0000] {logging_mixin.py:137} INFO - [2022-12-17T12:54:46.704+0000] {dag.py:3427} INFO - Setting next_dagrun for example_branch_dop_operator_v3 to 2022-12-17T12:53:00+00:00, run_after=2022-12-17T12:54:00+00:00
[2022-12-17T12:54:46.734+0000] {processor.py:175} INFO - Processing /home/airflow/.local/lib/python3.7/site-packages/airflow/example_dags/example_branch_python_dop_operator_3.py took 0.126 seconds
[2022-12-17T12:55:17.501+0000] {processor.py:153} INFO - Started process (PID=548) to work on /home/airflow/.local/lib/python3.7/site-packages/airflow/example_dags/example_branch_python_dop_operator_3.py
[2022-12-17T12:55:17.502+0000] {processor.py:743} INFO - Processing file /home/airflow/.local/lib/python3.7/site-packages/airflow/example_dags/example_branch_python_dop_operator_3.py for tasks to queue
[2022-12-17T12:55:17.502+0000] {logging_mixin.py:137} INFO - [2022-12-17T12:55:17.502+0000] {dagbag.py:538} INFO - Filling up the DagBag from /home/airflow/.local/lib/python3.7/site-packages/airflow/example_dags/example_branch_python_dop_operator_3.py
[2022-12-17T12:55:17.525+0000] {processor.py:753} INFO - DAG(s) dict_keys(['example_branch_dop_operator_v3']) retrieved from /home/airflow/.local/lib/python3.7/site-packages/airflow/example_dags/example_branch_python_dop_operator_3.py
[2022-12-17T12:55:17.559+0000] {logging_mixin.py:137} INFO - [2022-12-17T12:55:17.558+0000] {dag.py:2676} INFO - Sync 1 DAGs
[2022-12-17T12:55:17.588+0000] {logging_mixin.py:137} INFO - [2022-12-17T12:55:17.588+0000] {dag.py:3427} INFO - Setting next_dagrun for example_branch_dop_operator_v3 to 2022-12-17T12:54:00+00:00, run_after=2022-12-17T12:55:00+00:00
[2022-12-17T12:55:17.613+0000] {processor.py:175} INFO - Processing /home/airflow/.local/lib/python3.7/site-packages/airflow/example_dags/example_branch_python_dop_operator_3.py took 0.115 seconds
