[2022-12-17T12:52:46.158+0000] {processor.py:153} INFO - Started process (PID=100) to work on /home/airflow/.local/lib/python3.7/site-packages/airflow/example_dags/example_latest_only.py
[2022-12-17T12:52:46.159+0000] {processor.py:743} INFO - Processing file /home/airflow/.local/lib/python3.7/site-packages/airflow/example_dags/example_latest_only.py for tasks to queue
[2022-12-17T12:52:46.160+0000] {logging_mixin.py:137} INFO - [2022-12-17T12:52:46.159+0000] {dagbag.py:538} INFO - Filling up the DagBag from /home/airflow/.local/lib/python3.7/site-packages/airflow/example_dags/example_latest_only.py
[2022-12-17T12:52:46.174+0000] {processor.py:753} INFO - DAG(s) dict_keys(['latest_only']) retrieved from /home/airflow/.local/lib/python3.7/site-packages/airflow/example_dags/example_latest_only.py
[2022-12-17T12:52:46.200+0000] {logging_mixin.py:137} INFO - [2022-12-17T12:52:46.200+0000] {dag.py:2676} INFO - Sync 1 DAGs
[2022-12-17T12:52:46.273+0000] {logging_mixin.py:137} INFO - [2022-12-17T12:52:46.273+0000] {dag.py:3427} INFO - Setting next_dagrun for latest_only to 2022-12-17T08:52:46.273332+00:00, run_after=2022-12-17T12:52:46.273332+00:00
[2022-12-17T12:52:46.358+0000] {processor.py:175} INFO - Processing /home/airflow/.local/lib/python3.7/site-packages/airflow/example_dags/example_latest_only.py took 0.202 seconds
[2022-12-17T12:53:16.480+0000] {processor.py:153} INFO - Started process (PID=186) to work on /home/airflow/.local/lib/python3.7/site-packages/airflow/example_dags/example_latest_only.py
[2022-12-17T12:53:16.481+0000] {processor.py:743} INFO - Processing file /home/airflow/.local/lib/python3.7/site-packages/airflow/example_dags/example_latest_only.py for tasks to queue
[2022-12-17T12:53:16.481+0000] {logging_mixin.py:137} INFO - [2022-12-17T12:53:16.481+0000] {dagbag.py:538} INFO - Filling up the DagBag from /home/airflow/.local/lib/python3.7/site-packages/airflow/example_dags/example_latest_only.py
[2022-12-17T12:53:16.496+0000] {processor.py:753} INFO - DAG(s) dict_keys(['latest_only']) retrieved from /home/airflow/.local/lib/python3.7/site-packages/airflow/example_dags/example_latest_only.py
[2022-12-17T12:53:16.531+0000] {logging_mixin.py:137} INFO - [2022-12-17T12:53:16.531+0000] {dag.py:2676} INFO - Sync 1 DAGs
[2022-12-17T12:53:16.557+0000] {logging_mixin.py:137} INFO - [2022-12-17T12:53:16.557+0000] {dag.py:3427} INFO - Setting next_dagrun for latest_only to 2022-12-17T08:53:16.557633+00:00, run_after=2022-12-17T12:53:16.557633+00:00
[2022-12-17T12:53:16.587+0000] {processor.py:175} INFO - Processing /home/airflow/.local/lib/python3.7/site-packages/airflow/example_dags/example_latest_only.py took 0.109 seconds
[2022-12-17T12:53:46.775+0000] {processor.py:153} INFO - Started process (PID=272) to work on /home/airflow/.local/lib/python3.7/site-packages/airflow/example_dags/example_latest_only.py
[2022-12-17T12:53:46.776+0000] {processor.py:743} INFO - Processing file /home/airflow/.local/lib/python3.7/site-packages/airflow/example_dags/example_latest_only.py for tasks to queue
[2022-12-17T12:53:46.776+0000] {logging_mixin.py:137} INFO - [2022-12-17T12:53:46.776+0000] {dagbag.py:538} INFO - Filling up the DagBag from /home/airflow/.local/lib/python3.7/site-packages/airflow/example_dags/example_latest_only.py
[2022-12-17T12:53:46.789+0000] {processor.py:753} INFO - DAG(s) dict_keys(['latest_only']) retrieved from /home/airflow/.local/lib/python3.7/site-packages/airflow/example_dags/example_latest_only.py
[2022-12-17T12:53:46.825+0000] {logging_mixin.py:137} INFO - [2022-12-17T12:53:46.824+0000] {dag.py:2676} INFO - Sync 1 DAGs
[2022-12-17T12:53:46.851+0000] {logging_mixin.py:137} INFO - [2022-12-17T12:53:46.851+0000] {dag.py:3427} INFO - Setting next_dagrun for latest_only to 2022-12-17T08:53:46.851512+00:00, run_after=2022-12-17T12:53:46.851512+00:00
[2022-12-17T12:53:46.879+0000] {processor.py:175} INFO - Processing /home/airflow/.local/lib/python3.7/site-packages/airflow/example_dags/example_latest_only.py took 0.107 seconds
[2022-12-17T12:54:17.145+0000] {processor.py:153} INFO - Started process (PID=382) to work on /home/airflow/.local/lib/python3.7/site-packages/airflow/example_dags/example_latest_only.py
[2022-12-17T12:54:17.146+0000] {processor.py:743} INFO - Processing file /home/airflow/.local/lib/python3.7/site-packages/airflow/example_dags/example_latest_only.py for tasks to queue
[2022-12-17T12:54:17.146+0000] {logging_mixin.py:137} INFO - [2022-12-17T12:54:17.146+0000] {dagbag.py:538} INFO - Filling up the DagBag from /home/airflow/.local/lib/python3.7/site-packages/airflow/example_dags/example_latest_only.py
[2022-12-17T12:54:17.158+0000] {processor.py:753} INFO - DAG(s) dict_keys(['latest_only']) retrieved from /home/airflow/.local/lib/python3.7/site-packages/airflow/example_dags/example_latest_only.py
[2022-12-17T12:54:17.194+0000] {logging_mixin.py:137} INFO - [2022-12-17T12:54:17.193+0000] {dag.py:2676} INFO - Sync 1 DAGs
[2022-12-17T12:54:17.218+0000] {logging_mixin.py:137} INFO - [2022-12-17T12:54:17.218+0000] {dag.py:3427} INFO - Setting next_dagrun for latest_only to 2022-12-17T08:54:17.218069+00:00, run_after=2022-12-17T12:54:17.218069+00:00
[2022-12-17T12:54:17.258+0000] {processor.py:175} INFO - Processing /home/airflow/.local/lib/python3.7/site-packages/airflow/example_dags/example_latest_only.py took 0.115 seconds
[2022-12-17T12:54:48.035+0000] {processor.py:153} INFO - Started process (PID=468) to work on /home/airflow/.local/lib/python3.7/site-packages/airflow/example_dags/example_latest_only.py
[2022-12-17T12:54:48.036+0000] {processor.py:743} INFO - Processing file /home/airflow/.local/lib/python3.7/site-packages/airflow/example_dags/example_latest_only.py for tasks to queue
[2022-12-17T12:54:48.037+0000] {logging_mixin.py:137} INFO - [2022-12-17T12:54:48.037+0000] {dagbag.py:538} INFO - Filling up the DagBag from /home/airflow/.local/lib/python3.7/site-packages/airflow/example_dags/example_latest_only.py
[2022-12-17T12:54:48.049+0000] {processor.py:753} INFO - DAG(s) dict_keys(['latest_only']) retrieved from /home/airflow/.local/lib/python3.7/site-packages/airflow/example_dags/example_latest_only.py
[2022-12-17T12:54:48.086+0000] {logging_mixin.py:137} INFO - [2022-12-17T12:54:48.086+0000] {dag.py:2676} INFO - Sync 1 DAGs
[2022-12-17T12:54:48.113+0000] {logging_mixin.py:137} INFO - [2022-12-17T12:54:48.113+0000] {dag.py:3427} INFO - Setting next_dagrun for latest_only to 2022-12-17T08:54:48.113538+00:00, run_after=2022-12-17T12:54:48.113538+00:00
[2022-12-17T12:54:48.143+0000] {processor.py:175} INFO - Processing /home/airflow/.local/lib/python3.7/site-packages/airflow/example_dags/example_latest_only.py took 0.110 seconds
[2022-12-17T12:55:18.815+0000] {processor.py:153} INFO - Started process (PID=554) to work on /home/airflow/.local/lib/python3.7/site-packages/airflow/example_dags/example_latest_only.py
[2022-12-17T12:55:18.816+0000] {processor.py:743} INFO - Processing file /home/airflow/.local/lib/python3.7/site-packages/airflow/example_dags/example_latest_only.py for tasks to queue
[2022-12-17T12:55:18.817+0000] {logging_mixin.py:137} INFO - [2022-12-17T12:55:18.817+0000] {dagbag.py:538} INFO - Filling up the DagBag from /home/airflow/.local/lib/python3.7/site-packages/airflow/example_dags/example_latest_only.py
[2022-12-17T12:55:18.829+0000] {processor.py:753} INFO - DAG(s) dict_keys(['latest_only']) retrieved from /home/airflow/.local/lib/python3.7/site-packages/airflow/example_dags/example_latest_only.py
[2022-12-17T12:55:18.862+0000] {logging_mixin.py:137} INFO - [2022-12-17T12:55:18.862+0000] {dag.py:2676} INFO - Sync 1 DAGs
[2022-12-17T12:55:18.887+0000] {logging_mixin.py:137} INFO - [2022-12-17T12:55:18.886+0000] {dag.py:3427} INFO - Setting next_dagrun for latest_only to 2022-12-17T08:55:18.886754+00:00, run_after=2022-12-17T12:55:18.886754+00:00
[2022-12-17T12:55:18.913+0000] {processor.py:175} INFO - Processing /home/airflow/.local/lib/python3.7/site-packages/airflow/example_dags/example_latest_only.py took 0.100 seconds
