[2022-12-17T12:52:45.253+0000] {processor.py:153} INFO - Started process (PID=95) to work on /home/airflow/.local/lib/python3.7/site-packages/airflow/example_dags/example_complex.py
[2022-12-17T12:52:45.254+0000] {processor.py:743} INFO - Processing file /home/airflow/.local/lib/python3.7/site-packages/airflow/example_dags/example_complex.py for tasks to queue
[2022-12-17T12:52:45.254+0000] {logging_mixin.py:137} INFO - [2022-12-17T12:52:45.254+0000] {dagbag.py:538} INFO - Filling up the DagBag from /home/airflow/.local/lib/python3.7/site-packages/airflow/example_dags/example_complex.py
[2022-12-17T12:52:45.268+0000] {logging_mixin.py:137} INFO - [2022-12-17T12:52:45.268+0000] {taskmixin.py:205} WARNING - Dependency <Task(BashOperator): create_entry_group>, delete_entry_group already registered for DAG: example_complex
[2022-12-17T12:52:45.268+0000] {logging_mixin.py:137} INFO - [2022-12-17T12:52:45.268+0000] {taskmixin.py:205} WARNING - Dependency <Task(BashOperator): delete_entry_group>, create_entry_group already registered for DAG: example_complex
[2022-12-17T12:52:45.269+0000] {logging_mixin.py:137} INFO - [2022-12-17T12:52:45.269+0000] {taskmixin.py:205} WARNING - Dependency <Task(BashOperator): create_entry_gcs>, delete_entry already registered for DAG: example_complex
[2022-12-17T12:52:45.269+0000] {logging_mixin.py:137} INFO - [2022-12-17T12:52:45.269+0000] {taskmixin.py:205} WARNING - Dependency <Task(BashOperator): delete_entry>, create_entry_gcs already registered for DAG: example_complex
[2022-12-17T12:52:45.270+0000] {logging_mixin.py:137} INFO - [2022-12-17T12:52:45.269+0000] {taskmixin.py:205} WARNING - Dependency <Task(BashOperator): create_tag>, delete_tag already registered for DAG: example_complex
[2022-12-17T12:52:45.270+0000] {logging_mixin.py:137} INFO - [2022-12-17T12:52:45.270+0000] {taskmixin.py:205} WARNING - Dependency <Task(BashOperator): delete_tag>, create_tag already registered for DAG: example_complex
[2022-12-17T12:52:45.278+0000] {processor.py:753} INFO - DAG(s) dict_keys(['example_complex']) retrieved from /home/airflow/.local/lib/python3.7/site-packages/airflow/example_dags/example_complex.py
[2022-12-17T12:52:45.303+0000] {logging_mixin.py:137} INFO - [2022-12-17T12:52:45.303+0000] {dag.py:2676} INFO - Sync 1 DAGs
[2022-12-17T12:52:45.376+0000] {logging_mixin.py:137} INFO - [2022-12-17T12:52:45.376+0000] {dag.py:3427} INFO - Setting next_dagrun for example_complex to None, run_after=None
[2022-12-17T12:52:45.462+0000] {processor.py:175} INFO - Processing /home/airflow/.local/lib/python3.7/site-packages/airflow/example_dags/example_complex.py took 0.246 seconds
[2022-12-17T12:53:16.135+0000] {processor.py:153} INFO - Started process (PID=181) to work on /home/airflow/.local/lib/python3.7/site-packages/airflow/example_dags/example_complex.py
[2022-12-17T12:53:16.135+0000] {processor.py:743} INFO - Processing file /home/airflow/.local/lib/python3.7/site-packages/airflow/example_dags/example_complex.py for tasks to queue
[2022-12-17T12:53:16.136+0000] {logging_mixin.py:137} INFO - [2022-12-17T12:53:16.136+0000] {dagbag.py:538} INFO - Filling up the DagBag from /home/airflow/.local/lib/python3.7/site-packages/airflow/example_dags/example_complex.py
[2022-12-17T12:53:16.148+0000] {logging_mixin.py:137} INFO - [2022-12-17T12:53:16.148+0000] {taskmixin.py:205} WARNING - Dependency <Task(BashOperator): create_entry_group>, delete_entry_group already registered for DAG: example_complex
[2022-12-17T12:53:16.148+0000] {logging_mixin.py:137} INFO - [2022-12-17T12:53:16.148+0000] {taskmixin.py:205} WARNING - Dependency <Task(BashOperator): delete_entry_group>, create_entry_group already registered for DAG: example_complex
[2022-12-17T12:53:16.149+0000] {logging_mixin.py:137} INFO - [2022-12-17T12:53:16.149+0000] {taskmixin.py:205} WARNING - Dependency <Task(BashOperator): create_entry_gcs>, delete_entry already registered for DAG: example_complex
[2022-12-17T12:53:16.149+0000] {logging_mixin.py:137} INFO - [2022-12-17T12:53:16.149+0000] {taskmixin.py:205} WARNING - Dependency <Task(BashOperator): delete_entry>, create_entry_gcs already registered for DAG: example_complex
[2022-12-17T12:53:16.149+0000] {logging_mixin.py:137} INFO - [2022-12-17T12:53:16.149+0000] {taskmixin.py:205} WARNING - Dependency <Task(BashOperator): create_tag>, delete_tag already registered for DAG: example_complex
[2022-12-17T12:53:16.149+0000] {logging_mixin.py:137} INFO - [2022-12-17T12:53:16.149+0000] {taskmixin.py:205} WARNING - Dependency <Task(BashOperator): delete_tag>, create_tag already registered for DAG: example_complex
[2022-12-17T12:53:16.157+0000] {processor.py:753} INFO - DAG(s) dict_keys(['example_complex']) retrieved from /home/airflow/.local/lib/python3.7/site-packages/airflow/example_dags/example_complex.py
[2022-12-17T12:53:16.199+0000] {logging_mixin.py:137} INFO - [2022-12-17T12:53:16.199+0000] {dag.py:2676} INFO - Sync 1 DAGs
[2022-12-17T12:53:16.224+0000] {logging_mixin.py:137} INFO - [2022-12-17T12:53:16.223+0000] {dag.py:3427} INFO - Setting next_dagrun for example_complex to None, run_after=None
[2022-12-17T12:53:16.249+0000] {processor.py:175} INFO - Processing /home/airflow/.local/lib/python3.7/site-packages/airflow/example_dags/example_complex.py took 0.116 seconds
[2022-12-17T12:53:46.294+0000] {processor.py:153} INFO - Started process (PID=267) to work on /home/airflow/.local/lib/python3.7/site-packages/airflow/example_dags/example_complex.py
[2022-12-17T12:53:46.295+0000] {processor.py:743} INFO - Processing file /home/airflow/.local/lib/python3.7/site-packages/airflow/example_dags/example_complex.py for tasks to queue
[2022-12-17T12:53:46.296+0000] {logging_mixin.py:137} INFO - [2022-12-17T12:53:46.295+0000] {dagbag.py:538} INFO - Filling up the DagBag from /home/airflow/.local/lib/python3.7/site-packages/airflow/example_dags/example_complex.py
[2022-12-17T12:53:46.307+0000] {logging_mixin.py:137} INFO - [2022-12-17T12:53:46.306+0000] {taskmixin.py:205} WARNING - Dependency <Task(BashOperator): create_entry_group>, delete_entry_group already registered for DAG: example_complex
[2022-12-17T12:53:46.307+0000] {logging_mixin.py:137} INFO - [2022-12-17T12:53:46.307+0000] {taskmixin.py:205} WARNING - Dependency <Task(BashOperator): delete_entry_group>, create_entry_group already registered for DAG: example_complex
[2022-12-17T12:53:46.307+0000] {logging_mixin.py:137} INFO - [2022-12-17T12:53:46.307+0000] {taskmixin.py:205} WARNING - Dependency <Task(BashOperator): create_entry_gcs>, delete_entry already registered for DAG: example_complex
[2022-12-17T12:53:46.307+0000] {logging_mixin.py:137} INFO - [2022-12-17T12:53:46.307+0000] {taskmixin.py:205} WARNING - Dependency <Task(BashOperator): delete_entry>, create_entry_gcs already registered for DAG: example_complex
[2022-12-17T12:53:46.307+0000] {logging_mixin.py:137} INFO - [2022-12-17T12:53:46.307+0000] {taskmixin.py:205} WARNING - Dependency <Task(BashOperator): create_tag>, delete_tag already registered for DAG: example_complex
[2022-12-17T12:53:46.308+0000] {logging_mixin.py:137} INFO - [2022-12-17T12:53:46.308+0000] {taskmixin.py:205} WARNING - Dependency <Task(BashOperator): delete_tag>, create_tag already registered for DAG: example_complex
[2022-12-17T12:53:46.315+0000] {processor.py:753} INFO - DAG(s) dict_keys(['example_complex']) retrieved from /home/airflow/.local/lib/python3.7/site-packages/airflow/example_dags/example_complex.py
[2022-12-17T12:53:46.358+0000] {logging_mixin.py:137} INFO - [2022-12-17T12:53:46.358+0000] {dag.py:2676} INFO - Sync 1 DAGs
[2022-12-17T12:53:46.383+0000] {logging_mixin.py:137} INFO - [2022-12-17T12:53:46.383+0000] {dag.py:3427} INFO - Setting next_dagrun for example_complex to None, run_after=None
[2022-12-17T12:53:46.414+0000] {processor.py:175} INFO - Processing /home/airflow/.local/lib/python3.7/site-packages/airflow/example_dags/example_complex.py took 0.122 seconds
[2022-12-17T12:54:16.558+0000] {processor.py:153} INFO - Started process (PID=377) to work on /home/airflow/.local/lib/python3.7/site-packages/airflow/example_dags/example_complex.py
[2022-12-17T12:54:16.559+0000] {processor.py:743} INFO - Processing file /home/airflow/.local/lib/python3.7/site-packages/airflow/example_dags/example_complex.py for tasks to queue
[2022-12-17T12:54:16.559+0000] {logging_mixin.py:137} INFO - [2022-12-17T12:54:16.559+0000] {dagbag.py:538} INFO - Filling up the DagBag from /home/airflow/.local/lib/python3.7/site-packages/airflow/example_dags/example_complex.py
[2022-12-17T12:54:16.572+0000] {logging_mixin.py:137} INFO - [2022-12-17T12:54:16.572+0000] {taskmixin.py:205} WARNING - Dependency <Task(BashOperator): create_entry_group>, delete_entry_group already registered for DAG: example_complex
[2022-12-17T12:54:16.572+0000] {logging_mixin.py:137} INFO - [2022-12-17T12:54:16.572+0000] {taskmixin.py:205} WARNING - Dependency <Task(BashOperator): delete_entry_group>, create_entry_group already registered for DAG: example_complex
[2022-12-17T12:54:16.573+0000] {logging_mixin.py:137} INFO - [2022-12-17T12:54:16.573+0000] {taskmixin.py:205} WARNING - Dependency <Task(BashOperator): create_entry_gcs>, delete_entry already registered for DAG: example_complex
[2022-12-17T12:54:16.573+0000] {logging_mixin.py:137} INFO - [2022-12-17T12:54:16.573+0000] {taskmixin.py:205} WARNING - Dependency <Task(BashOperator): delete_entry>, create_entry_gcs already registered for DAG: example_complex
[2022-12-17T12:54:16.573+0000] {logging_mixin.py:137} INFO - [2022-12-17T12:54:16.573+0000] {taskmixin.py:205} WARNING - Dependency <Task(BashOperator): create_tag>, delete_tag already registered for DAG: example_complex
[2022-12-17T12:54:16.573+0000] {logging_mixin.py:137} INFO - [2022-12-17T12:54:16.573+0000] {taskmixin.py:205} WARNING - Dependency <Task(BashOperator): delete_tag>, create_tag already registered for DAG: example_complex
[2022-12-17T12:54:16.582+0000] {processor.py:753} INFO - DAG(s) dict_keys(['example_complex']) retrieved from /home/airflow/.local/lib/python3.7/site-packages/airflow/example_dags/example_complex.py
[2022-12-17T12:54:16.631+0000] {logging_mixin.py:137} INFO - [2022-12-17T12:54:16.631+0000] {dag.py:2676} INFO - Sync 1 DAGs
[2022-12-17T12:54:16.655+0000] {logging_mixin.py:137} INFO - [2022-12-17T12:54:16.655+0000] {dag.py:3427} INFO - Setting next_dagrun for example_complex to None, run_after=None
[2022-12-17T12:54:16.685+0000] {processor.py:175} INFO - Processing /home/airflow/.local/lib/python3.7/site-packages/airflow/example_dags/example_complex.py took 0.130 seconds
[2022-12-17T12:54:47.631+0000] {processor.py:153} INFO - Started process (PID=463) to work on /home/airflow/.local/lib/python3.7/site-packages/airflow/example_dags/example_complex.py
[2022-12-17T12:54:47.632+0000] {processor.py:743} INFO - Processing file /home/airflow/.local/lib/python3.7/site-packages/airflow/example_dags/example_complex.py for tasks to queue
[2022-12-17T12:54:47.633+0000] {logging_mixin.py:137} INFO - [2022-12-17T12:54:47.633+0000] {dagbag.py:538} INFO - Filling up the DagBag from /home/airflow/.local/lib/python3.7/site-packages/airflow/example_dags/example_complex.py
[2022-12-17T12:54:47.644+0000] {logging_mixin.py:137} INFO - [2022-12-17T12:54:47.643+0000] {taskmixin.py:205} WARNING - Dependency <Task(BashOperator): create_entry_group>, delete_entry_group already registered for DAG: example_complex
[2022-12-17T12:54:47.644+0000] {logging_mixin.py:137} INFO - [2022-12-17T12:54:47.644+0000] {taskmixin.py:205} WARNING - Dependency <Task(BashOperator): delete_entry_group>, create_entry_group already registered for DAG: example_complex
[2022-12-17T12:54:47.644+0000] {logging_mixin.py:137} INFO - [2022-12-17T12:54:47.644+0000] {taskmixin.py:205} WARNING - Dependency <Task(BashOperator): create_entry_gcs>, delete_entry already registered for DAG: example_complex
[2022-12-17T12:54:47.644+0000] {logging_mixin.py:137} INFO - [2022-12-17T12:54:47.644+0000] {taskmixin.py:205} WARNING - Dependency <Task(BashOperator): delete_entry>, create_entry_gcs already registered for DAG: example_complex
[2022-12-17T12:54:47.645+0000] {logging_mixin.py:137} INFO - [2022-12-17T12:54:47.644+0000] {taskmixin.py:205} WARNING - Dependency <Task(BashOperator): create_tag>, delete_tag already registered for DAG: example_complex
[2022-12-17T12:54:47.645+0000] {logging_mixin.py:137} INFO - [2022-12-17T12:54:47.645+0000] {taskmixin.py:205} WARNING - Dependency <Task(BashOperator): delete_tag>, create_tag already registered for DAG: example_complex
[2022-12-17T12:54:47.653+0000] {processor.py:753} INFO - DAG(s) dict_keys(['example_complex']) retrieved from /home/airflow/.local/lib/python3.7/site-packages/airflow/example_dags/example_complex.py
[2022-12-17T12:54:47.699+0000] {logging_mixin.py:137} INFO - [2022-12-17T12:54:47.699+0000] {dag.py:2676} INFO - Sync 1 DAGs
[2022-12-17T12:54:47.724+0000] {logging_mixin.py:137} INFO - [2022-12-17T12:54:47.724+0000] {dag.py:3427} INFO - Setting next_dagrun for example_complex to None, run_after=None
[2022-12-17T12:54:47.755+0000] {processor.py:175} INFO - Processing /home/airflow/.local/lib/python3.7/site-packages/airflow/example_dags/example_complex.py took 0.127 seconds
[2022-12-17T12:55:18.516+0000] {processor.py:153} INFO - Started process (PID=549) to work on /home/airflow/.local/lib/python3.7/site-packages/airflow/example_dags/example_complex.py
[2022-12-17T12:55:18.517+0000] {processor.py:743} INFO - Processing file /home/airflow/.local/lib/python3.7/site-packages/airflow/example_dags/example_complex.py for tasks to queue
[2022-12-17T12:55:18.518+0000] {logging_mixin.py:137} INFO - [2022-12-17T12:55:18.518+0000] {dagbag.py:538} INFO - Filling up the DagBag from /home/airflow/.local/lib/python3.7/site-packages/airflow/example_dags/example_complex.py
[2022-12-17T12:55:18.529+0000] {logging_mixin.py:137} INFO - [2022-12-17T12:55:18.529+0000] {taskmixin.py:205} WARNING - Dependency <Task(BashOperator): create_entry_group>, delete_entry_group already registered for DAG: example_complex
[2022-12-17T12:55:18.529+0000] {logging_mixin.py:137} INFO - [2022-12-17T12:55:18.529+0000] {taskmixin.py:205} WARNING - Dependency <Task(BashOperator): delete_entry_group>, create_entry_group already registered for DAG: example_complex
[2022-12-17T12:55:18.529+0000] {logging_mixin.py:137} INFO - [2022-12-17T12:55:18.529+0000] {taskmixin.py:205} WARNING - Dependency <Task(BashOperator): create_entry_gcs>, delete_entry already registered for DAG: example_complex
[2022-12-17T12:55:18.529+0000] {logging_mixin.py:137} INFO - [2022-12-17T12:55:18.529+0000] {taskmixin.py:205} WARNING - Dependency <Task(BashOperator): delete_entry>, create_entry_gcs already registered for DAG: example_complex
[2022-12-17T12:55:18.530+0000] {logging_mixin.py:137} INFO - [2022-12-17T12:55:18.530+0000] {taskmixin.py:205} WARNING - Dependency <Task(BashOperator): create_tag>, delete_tag already registered for DAG: example_complex
[2022-12-17T12:55:18.530+0000] {logging_mixin.py:137} INFO - [2022-12-17T12:55:18.530+0000] {taskmixin.py:205} WARNING - Dependency <Task(BashOperator): delete_tag>, create_tag already registered for DAG: example_complex
[2022-12-17T12:55:18.537+0000] {processor.py:753} INFO - DAG(s) dict_keys(['example_complex']) retrieved from /home/airflow/.local/lib/python3.7/site-packages/airflow/example_dags/example_complex.py
[2022-12-17T12:55:18.580+0000] {logging_mixin.py:137} INFO - [2022-12-17T12:55:18.580+0000] {dag.py:2676} INFO - Sync 1 DAGs
[2022-12-17T12:55:18.606+0000] {logging_mixin.py:137} INFO - [2022-12-17T12:55:18.606+0000] {dag.py:3427} INFO - Setting next_dagrun for example_complex to None, run_after=None
[2022-12-17T12:55:18.633+0000] {processor.py:175} INFO - Processing /home/airflow/.local/lib/python3.7/site-packages/airflow/example_dags/example_complex.py took 0.119 seconds
