[2022-12-17T12:57:51.026+0000] {processor.py:153} INFO - Started process (PID=1031) to work on /home/airflow/.local/lib/python3.7/site-packages/airflow/example_dags/example_branch_operator.py
[2022-12-17T12:57:51.026+0000] {processor.py:743} INFO - Processing file /home/airflow/.local/lib/python3.7/site-packages/airflow/example_dags/example_branch_operator.py for tasks to queue
[2022-12-17T12:57:51.027+0000] {logging_mixin.py:137} INFO - [2022-12-17T12:57:51.027+0000] {dagbag.py:538} INFO - Filling up the DagBag from /home/airflow/.local/lib/python3.7/site-packages/airflow/example_dags/example_branch_operator.py
[2022-12-17T12:57:51.043+0000] {processor.py:753} INFO - DAG(s) dict_keys(['example_branch_operator']) retrieved from /home/airflow/.local/lib/python3.7/site-packages/airflow/example_dags/example_branch_operator.py
[2022-12-17T12:57:51.083+0000] {logging_mixin.py:137} INFO - [2022-12-17T12:57:51.083+0000] {dag.py:2676} INFO - Sync 1 DAGs
[2022-12-17T12:57:51.111+0000] {logging_mixin.py:137} INFO - [2022-12-17T12:57:51.111+0000] {dag.py:3427} INFO - Setting next_dagrun for example_branch_operator to 2022-12-16T00:00:00+00:00, run_after=2022-12-17T00:00:00+00:00
[2022-12-17T12:57:51.140+0000] {processor.py:175} INFO - Processing /home/airflow/.local/lib/python3.7/site-packages/airflow/example_dags/example_branch_operator.py took 0.117 seconds
[2022-12-17T12:58:21.760+0000] {processor.py:153} INFO - Started process (PID=1134) to work on /home/airflow/.local/lib/python3.7/site-packages/airflow/example_dags/example_branch_operator.py
[2022-12-17T12:58:21.761+0000] {processor.py:743} INFO - Processing file /home/airflow/.local/lib/python3.7/site-packages/airflow/example_dags/example_branch_operator.py for tasks to queue
[2022-12-17T12:58:21.762+0000] {logging_mixin.py:137} INFO - [2022-12-17T12:58:21.762+0000] {dagbag.py:538} INFO - Filling up the DagBag from /home/airflow/.local/lib/python3.7/site-packages/airflow/example_dags/example_branch_operator.py
[2022-12-17T12:58:21.777+0000] {processor.py:753} INFO - DAG(s) dict_keys(['example_branch_operator']) retrieved from /home/airflow/.local/lib/python3.7/site-packages/airflow/example_dags/example_branch_operator.py
[2022-12-17T12:58:21.812+0000] {logging_mixin.py:137} INFO - [2022-12-17T12:58:21.812+0000] {dag.py:2676} INFO - Sync 1 DAGs
[2022-12-17T12:58:21.837+0000] {logging_mixin.py:137} INFO - [2022-12-17T12:58:21.837+0000] {dag.py:3427} INFO - Setting next_dagrun for example_branch_operator to 2022-12-16T00:00:00+00:00, run_after=2022-12-17T00:00:00+00:00
[2022-12-17T12:58:21.863+0000] {processor.py:175} INFO - Processing /home/airflow/.local/lib/python3.7/site-packages/airflow/example_dags/example_branch_operator.py took 0.105 seconds
[2022-12-17T12:58:52.477+0000] {processor.py:153} INFO - Started process (PID=1220) to work on /home/airflow/.local/lib/python3.7/site-packages/airflow/example_dags/example_branch_operator.py
[2022-12-17T12:58:52.478+0000] {processor.py:743} INFO - Processing file /home/airflow/.local/lib/python3.7/site-packages/airflow/example_dags/example_branch_operator.py for tasks to queue
[2022-12-17T12:58:52.479+0000] {logging_mixin.py:137} INFO - [2022-12-17T12:58:52.479+0000] {dagbag.py:538} INFO - Filling up the DagBag from /home/airflow/.local/lib/python3.7/site-packages/airflow/example_dags/example_branch_operator.py
[2022-12-17T12:58:52.495+0000] {processor.py:753} INFO - DAG(s) dict_keys(['example_branch_operator']) retrieved from /home/airflow/.local/lib/python3.7/site-packages/airflow/example_dags/example_branch_operator.py
[2022-12-17T12:58:52.531+0000] {logging_mixin.py:137} INFO - [2022-12-17T12:58:52.531+0000] {dag.py:2676} INFO - Sync 1 DAGs
[2022-12-17T12:58:52.558+0000] {logging_mixin.py:137} INFO - [2022-12-17T12:58:52.558+0000] {dag.py:3427} INFO - Setting next_dagrun for example_branch_operator to 2022-12-16T00:00:00+00:00, run_after=2022-12-17T00:00:00+00:00
[2022-12-17T12:58:52.596+0000] {processor.py:175} INFO - Processing /home/airflow/.local/lib/python3.7/site-packages/airflow/example_dags/example_branch_operator.py took 0.121 seconds
[2022-12-17T12:59:22.816+0000] {processor.py:153} INFO - Started process (PID=1330) to work on /home/airflow/.local/lib/python3.7/site-packages/airflow/example_dags/example_branch_operator.py
[2022-12-17T12:59:22.817+0000] {processor.py:743} INFO - Processing file /home/airflow/.local/lib/python3.7/site-packages/airflow/example_dags/example_branch_operator.py for tasks to queue
[2022-12-17T12:59:22.818+0000] {logging_mixin.py:137} INFO - [2022-12-17T12:59:22.818+0000] {dagbag.py:538} INFO - Filling up the DagBag from /home/airflow/.local/lib/python3.7/site-packages/airflow/example_dags/example_branch_operator.py
[2022-12-17T12:59:22.836+0000] {processor.py:753} INFO - DAG(s) dict_keys(['example_branch_operator']) retrieved from /home/airflow/.local/lib/python3.7/site-packages/airflow/example_dags/example_branch_operator.py
[2022-12-17T12:59:22.877+0000] {logging_mixin.py:137} INFO - [2022-12-17T12:59:22.876+0000] {dag.py:2676} INFO - Sync 1 DAGs
[2022-12-17T12:59:22.908+0000] {logging_mixin.py:137} INFO - [2022-12-17T12:59:22.907+0000] {dag.py:3427} INFO - Setting next_dagrun for example_branch_operator to 2022-12-16T00:00:00+00:00, run_after=2022-12-17T00:00:00+00:00
[2022-12-17T12:59:22.955+0000] {processor.py:175} INFO - Processing /home/airflow/.local/lib/python3.7/site-packages/airflow/example_dags/example_branch_operator.py took 0.141 seconds
[2022-12-17T12:59:53.458+0000] {processor.py:153} INFO - Started process (PID=1417) to work on /home/airflow/.local/lib/python3.7/site-packages/airflow/example_dags/example_branch_operator.py
[2022-12-17T12:59:53.459+0000] {processor.py:743} INFO - Processing file /home/airflow/.local/lib/python3.7/site-packages/airflow/example_dags/example_branch_operator.py for tasks to queue
[2022-12-17T12:59:53.460+0000] {logging_mixin.py:137} INFO - [2022-12-17T12:59:53.460+0000] {dagbag.py:538} INFO - Filling up the DagBag from /home/airflow/.local/lib/python3.7/site-packages/airflow/example_dags/example_branch_operator.py
[2022-12-17T12:59:53.476+0000] {processor.py:753} INFO - DAG(s) dict_keys(['example_branch_operator']) retrieved from /home/airflow/.local/lib/python3.7/site-packages/airflow/example_dags/example_branch_operator.py
[2022-12-17T12:59:53.513+0000] {logging_mixin.py:137} INFO - [2022-12-17T12:59:53.513+0000] {dag.py:2676} INFO - Sync 1 DAGs
[2022-12-17T12:59:53.540+0000] {logging_mixin.py:137} INFO - [2022-12-17T12:59:53.540+0000] {dag.py:3427} INFO - Setting next_dagrun for example_branch_operator to 2022-12-16T00:00:00+00:00, run_after=2022-12-17T00:00:00+00:00
[2022-12-17T12:59:53.565+0000] {processor.py:175} INFO - Processing /home/airflow/.local/lib/python3.7/site-packages/airflow/example_dags/example_branch_operator.py took 0.110 seconds
[2022-12-17T13:00:24.198+0000] {processor.py:153} INFO - Started process (PID=1503) to work on /home/airflow/.local/lib/python3.7/site-packages/airflow/example_dags/example_branch_operator.py
[2022-12-17T13:00:24.199+0000] {processor.py:743} INFO - Processing file /home/airflow/.local/lib/python3.7/site-packages/airflow/example_dags/example_branch_operator.py for tasks to queue
[2022-12-17T13:00:24.200+0000] {logging_mixin.py:137} INFO - [2022-12-17T13:00:24.200+0000] {dagbag.py:538} INFO - Filling up the DagBag from /home/airflow/.local/lib/python3.7/site-packages/airflow/example_dags/example_branch_operator.py
[2022-12-17T13:00:24.216+0000] {processor.py:753} INFO - DAG(s) dict_keys(['example_branch_operator']) retrieved from /home/airflow/.local/lib/python3.7/site-packages/airflow/example_dags/example_branch_operator.py
[2022-12-17T13:00:24.255+0000] {logging_mixin.py:137} INFO - [2022-12-17T13:00:24.254+0000] {dag.py:2676} INFO - Sync 1 DAGs
[2022-12-17T13:00:24.281+0000] {logging_mixin.py:137} INFO - [2022-12-17T13:00:24.281+0000] {dag.py:3427} INFO - Setting next_dagrun for example_branch_operator to 2022-12-16T00:00:00+00:00, run_after=2022-12-17T00:00:00+00:00
[2022-12-17T13:00:24.308+0000] {processor.py:175} INFO - Processing /home/airflow/.local/lib/python3.7/site-packages/airflow/example_dags/example_branch_operator.py took 0.113 seconds
[2022-12-17T13:00:55.058+0000] {processor.py:153} INFO - Started process (PID=1613) to work on /home/airflow/.local/lib/python3.7/site-packages/airflow/example_dags/example_branch_operator.py
[2022-12-17T13:00:55.058+0000] {processor.py:743} INFO - Processing file /home/airflow/.local/lib/python3.7/site-packages/airflow/example_dags/example_branch_operator.py for tasks to queue
[2022-12-17T13:00:55.059+0000] {logging_mixin.py:137} INFO - [2022-12-17T13:00:55.059+0000] {dagbag.py:538} INFO - Filling up the DagBag from /home/airflow/.local/lib/python3.7/site-packages/airflow/example_dags/example_branch_operator.py
[2022-12-17T13:00:55.075+0000] {processor.py:753} INFO - DAG(s) dict_keys(['example_branch_operator']) retrieved from /home/airflow/.local/lib/python3.7/site-packages/airflow/example_dags/example_branch_operator.py
[2022-12-17T13:00:55.111+0000] {logging_mixin.py:137} INFO - [2022-12-17T13:00:55.111+0000] {dag.py:2676} INFO - Sync 1 DAGs
[2022-12-17T13:00:55.139+0000] {logging_mixin.py:137} INFO - [2022-12-17T13:00:55.139+0000] {dag.py:3427} INFO - Setting next_dagrun for example_branch_operator to 2022-12-16T00:00:00+00:00, run_after=2022-12-17T00:00:00+00:00
[2022-12-17T13:00:55.165+0000] {processor.py:175} INFO - Processing /home/airflow/.local/lib/python3.7/site-packages/airflow/example_dags/example_branch_operator.py took 0.110 seconds
[2022-12-17T13:01:25.861+0000] {processor.py:153} INFO - Started process (PID=1699) to work on /home/airflow/.local/lib/python3.7/site-packages/airflow/example_dags/example_branch_operator.py
[2022-12-17T13:01:25.862+0000] {processor.py:743} INFO - Processing file /home/airflow/.local/lib/python3.7/site-packages/airflow/example_dags/example_branch_operator.py for tasks to queue
[2022-12-17T13:01:25.862+0000] {logging_mixin.py:137} INFO - [2022-12-17T13:01:25.862+0000] {dagbag.py:538} INFO - Filling up the DagBag from /home/airflow/.local/lib/python3.7/site-packages/airflow/example_dags/example_branch_operator.py
[2022-12-17T13:01:25.879+0000] {processor.py:753} INFO - DAG(s) dict_keys(['example_branch_operator']) retrieved from /home/airflow/.local/lib/python3.7/site-packages/airflow/example_dags/example_branch_operator.py
[2022-12-17T13:01:25.915+0000] {logging_mixin.py:137} INFO - [2022-12-17T13:01:25.915+0000] {dag.py:2676} INFO - Sync 1 DAGs
[2022-12-17T13:01:25.949+0000] {logging_mixin.py:137} INFO - [2022-12-17T13:01:25.948+0000] {dag.py:3427} INFO - Setting next_dagrun for example_branch_operator to 2022-12-16T00:00:00+00:00, run_after=2022-12-17T00:00:00+00:00
[2022-12-17T13:01:25.973+0000] {processor.py:175} INFO - Processing /home/airflow/.local/lib/python3.7/site-packages/airflow/example_dags/example_branch_operator.py took 0.115 seconds
[2022-12-17T13:01:56.046+0000] {processor.py:153} INFO - Started process (PID=1809) to work on /home/airflow/.local/lib/python3.7/site-packages/airflow/example_dags/example_branch_operator.py
[2022-12-17T13:01:56.046+0000] {processor.py:743} INFO - Processing file /home/airflow/.local/lib/python3.7/site-packages/airflow/example_dags/example_branch_operator.py for tasks to queue
[2022-12-17T13:01:56.047+0000] {logging_mixin.py:137} INFO - [2022-12-17T13:01:56.047+0000] {dagbag.py:538} INFO - Filling up the DagBag from /home/airflow/.local/lib/python3.7/site-packages/airflow/example_dags/example_branch_operator.py
[2022-12-17T13:01:56.063+0000] {processor.py:753} INFO - DAG(s) dict_keys(['example_branch_operator']) retrieved from /home/airflow/.local/lib/python3.7/site-packages/airflow/example_dags/example_branch_operator.py
[2022-12-17T13:01:56.103+0000] {logging_mixin.py:137} INFO - [2022-12-17T13:01:56.103+0000] {dag.py:2676} INFO - Sync 1 DAGs
[2022-12-17T13:01:56.129+0000] {logging_mixin.py:137} INFO - [2022-12-17T13:01:56.129+0000] {dag.py:3427} INFO - Setting next_dagrun for example_branch_operator to 2022-12-16T00:00:00+00:00, run_after=2022-12-17T00:00:00+00:00
[2022-12-17T13:01:56.159+0000] {processor.py:175} INFO - Processing /home/airflow/.local/lib/python3.7/site-packages/airflow/example_dags/example_branch_operator.py took 0.116 seconds
[2022-12-17T13:02:26.794+0000] {processor.py:153} INFO - Started process (PID=1895) to work on /home/airflow/.local/lib/python3.7/site-packages/airflow/example_dags/example_branch_operator.py
[2022-12-17T13:02:26.795+0000] {processor.py:743} INFO - Processing file /home/airflow/.local/lib/python3.7/site-packages/airflow/example_dags/example_branch_operator.py for tasks to queue
[2022-12-17T13:02:26.796+0000] {logging_mixin.py:137} INFO - [2022-12-17T13:02:26.796+0000] {dagbag.py:538} INFO - Filling up the DagBag from /home/airflow/.local/lib/python3.7/site-packages/airflow/example_dags/example_branch_operator.py
[2022-12-17T13:02:26.811+0000] {processor.py:753} INFO - DAG(s) dict_keys(['example_branch_operator']) retrieved from /home/airflow/.local/lib/python3.7/site-packages/airflow/example_dags/example_branch_operator.py
[2022-12-17T13:02:26.847+0000] {logging_mixin.py:137} INFO - [2022-12-17T13:02:26.847+0000] {dag.py:2676} INFO - Sync 1 DAGs
[2022-12-17T13:02:26.872+0000] {logging_mixin.py:137} INFO - [2022-12-17T13:02:26.872+0000] {dag.py:3427} INFO - Setting next_dagrun for example_branch_operator to 2022-12-16T00:00:00+00:00, run_after=2022-12-17T00:00:00+00:00
[2022-12-17T13:02:26.899+0000] {processor.py:175} INFO - Processing /home/airflow/.local/lib/python3.7/site-packages/airflow/example_dags/example_branch_operator.py took 0.107 seconds
[2022-12-17T13:04:59.401+0000] {processor.py:153} INFO - Started process (PID=2373) to work on /home/airflow/.local/lib/python3.7/site-packages/airflow/example_dags/example_branch_operator.py
[2022-12-17T13:04:59.402+0000] {processor.py:743} INFO - Processing file /home/airflow/.local/lib/python3.7/site-packages/airflow/example_dags/example_branch_operator.py for tasks to queue
[2022-12-17T13:04:59.403+0000] {logging_mixin.py:137} INFO - [2022-12-17T13:04:59.402+0000] {dagbag.py:538} INFO - Filling up the DagBag from /home/airflow/.local/lib/python3.7/site-packages/airflow/example_dags/example_branch_operator.py
[2022-12-17T13:04:59.420+0000] {processor.py:753} INFO - DAG(s) dict_keys(['example_branch_operator']) retrieved from /home/airflow/.local/lib/python3.7/site-packages/airflow/example_dags/example_branch_operator.py
[2022-12-17T13:04:59.460+0000] {logging_mixin.py:137} INFO - [2022-12-17T13:04:59.460+0000] {dag.py:2676} INFO - Sync 1 DAGs
[2022-12-17T13:04:59.494+0000] {logging_mixin.py:137} INFO - [2022-12-17T13:04:59.494+0000] {dag.py:3427} INFO - Setting next_dagrun for example_branch_operator to 2022-12-16T00:00:00+00:00, run_after=2022-12-17T00:00:00+00:00
[2022-12-17T13:04:59.520+0000] {processor.py:175} INFO - Processing /home/airflow/.local/lib/python3.7/site-packages/airflow/example_dags/example_branch_operator.py took 0.122 seconds
[2022-12-17T13:05:29.787+0000] {processor.py:153} INFO - Started process (PID=2459) to work on /home/airflow/.local/lib/python3.7/site-packages/airflow/example_dags/example_branch_operator.py
[2022-12-17T13:05:29.789+0000] {processor.py:743} INFO - Processing file /home/airflow/.local/lib/python3.7/site-packages/airflow/example_dags/example_branch_operator.py for tasks to queue
[2022-12-17T13:05:29.790+0000] {logging_mixin.py:137} INFO - [2022-12-17T13:05:29.789+0000] {dagbag.py:538} INFO - Filling up the DagBag from /home/airflow/.local/lib/python3.7/site-packages/airflow/example_dags/example_branch_operator.py
[2022-12-17T13:05:29.809+0000] {processor.py:753} INFO - DAG(s) dict_keys(['example_branch_operator']) retrieved from /home/airflow/.local/lib/python3.7/site-packages/airflow/example_dags/example_branch_operator.py
[2022-12-17T13:05:29.852+0000] {logging_mixin.py:137} INFO - [2022-12-17T13:05:29.852+0000] {dag.py:2676} INFO - Sync 1 DAGs
[2022-12-17T13:05:29.884+0000] {logging_mixin.py:137} INFO - [2022-12-17T13:05:29.884+0000] {dag.py:3427} INFO - Setting next_dagrun for example_branch_operator to 2022-12-16T00:00:00+00:00, run_after=2022-12-17T00:00:00+00:00
[2022-12-17T13:05:29.913+0000] {processor.py:175} INFO - Processing /home/airflow/.local/lib/python3.7/site-packages/airflow/example_dags/example_branch_operator.py took 0.130 seconds
[2022-12-17T13:06:00.482+0000] {processor.py:153} INFO - Started process (PID=2570) to work on /home/airflow/.local/lib/python3.7/site-packages/airflow/example_dags/example_branch_operator.py
[2022-12-17T13:06:00.483+0000] {processor.py:743} INFO - Processing file /home/airflow/.local/lib/python3.7/site-packages/airflow/example_dags/example_branch_operator.py for tasks to queue
[2022-12-17T13:06:00.483+0000] {logging_mixin.py:137} INFO - [2022-12-17T13:06:00.483+0000] {dagbag.py:538} INFO - Filling up the DagBag from /home/airflow/.local/lib/python3.7/site-packages/airflow/example_dags/example_branch_operator.py
[2022-12-17T13:06:00.500+0000] {processor.py:753} INFO - DAG(s) dict_keys(['example_branch_operator']) retrieved from /home/airflow/.local/lib/python3.7/site-packages/airflow/example_dags/example_branch_operator.py
[2022-12-17T13:06:00.544+0000] {logging_mixin.py:137} INFO - [2022-12-17T13:06:00.543+0000] {dag.py:2676} INFO - Sync 1 DAGs
[2022-12-17T13:06:00.587+0000] {logging_mixin.py:137} INFO - [2022-12-17T13:06:00.586+0000] {dag.py:3427} INFO - Setting next_dagrun for example_branch_operator to 2022-12-16T00:00:00+00:00, run_after=2022-12-17T00:00:00+00:00
[2022-12-17T13:06:00.620+0000] {processor.py:175} INFO - Processing /home/airflow/.local/lib/python3.7/site-packages/airflow/example_dags/example_branch_operator.py took 0.141 seconds
[2022-12-17T13:06:31.086+0000] {processor.py:153} INFO - Started process (PID=2656) to work on /home/airflow/.local/lib/python3.7/site-packages/airflow/example_dags/example_branch_operator.py
[2022-12-17T13:06:31.087+0000] {processor.py:743} INFO - Processing file /home/airflow/.local/lib/python3.7/site-packages/airflow/example_dags/example_branch_operator.py for tasks to queue
[2022-12-17T13:06:31.087+0000] {logging_mixin.py:137} INFO - [2022-12-17T13:06:31.087+0000] {dagbag.py:538} INFO - Filling up the DagBag from /home/airflow/.local/lib/python3.7/site-packages/airflow/example_dags/example_branch_operator.py
[2022-12-17T13:06:31.106+0000] {processor.py:753} INFO - DAG(s) dict_keys(['example_branch_operator']) retrieved from /home/airflow/.local/lib/python3.7/site-packages/airflow/example_dags/example_branch_operator.py
[2022-12-17T13:06:31.152+0000] {logging_mixin.py:137} INFO - [2022-12-17T13:06:31.152+0000] {dag.py:2676} INFO - Sync 1 DAGs
[2022-12-17T13:06:31.189+0000] {logging_mixin.py:137} INFO - [2022-12-17T13:06:31.189+0000] {dag.py:3427} INFO - Setting next_dagrun for example_branch_operator to 2022-12-16T00:00:00+00:00, run_after=2022-12-17T00:00:00+00:00
[2022-12-17T13:06:31.235+0000] {processor.py:175} INFO - Processing /home/airflow/.local/lib/python3.7/site-packages/airflow/example_dags/example_branch_operator.py took 0.154 seconds
[2022-12-17T13:07:01.580+0000] {processor.py:153} INFO - Started process (PID=2742) to work on /home/airflow/.local/lib/python3.7/site-packages/airflow/example_dags/example_branch_operator.py
[2022-12-17T13:07:01.581+0000] {processor.py:743} INFO - Processing file /home/airflow/.local/lib/python3.7/site-packages/airflow/example_dags/example_branch_operator.py for tasks to queue
[2022-12-17T13:07:01.581+0000] {logging_mixin.py:137} INFO - [2022-12-17T13:07:01.581+0000] {dagbag.py:538} INFO - Filling up the DagBag from /home/airflow/.local/lib/python3.7/site-packages/airflow/example_dags/example_branch_operator.py
[2022-12-17T13:07:01.600+0000] {processor.py:753} INFO - DAG(s) dict_keys(['example_branch_operator']) retrieved from /home/airflow/.local/lib/python3.7/site-packages/airflow/example_dags/example_branch_operator.py
[2022-12-17T13:07:01.640+0000] {logging_mixin.py:137} INFO - [2022-12-17T13:07:01.640+0000] {dag.py:2676} INFO - Sync 1 DAGs
[2022-12-17T13:07:01.669+0000] {logging_mixin.py:137} INFO - [2022-12-17T13:07:01.669+0000] {dag.py:3427} INFO - Setting next_dagrun for example_branch_operator to 2022-12-16T00:00:00+00:00, run_after=2022-12-17T00:00:00+00:00
[2022-12-17T13:07:01.697+0000] {processor.py:175} INFO - Processing /home/airflow/.local/lib/python3.7/site-packages/airflow/example_dags/example_branch_operator.py took 0.120 seconds
[2022-12-17T13:07:32.236+0000] {processor.py:153} INFO - Started process (PID=2837) to work on /home/airflow/.local/lib/python3.7/site-packages/airflow/example_dags/example_branch_operator.py
[2022-12-17T13:07:32.237+0000] {processor.py:743} INFO - Processing file /home/airflow/.local/lib/python3.7/site-packages/airflow/example_dags/example_branch_operator.py for tasks to queue
[2022-12-17T13:07:32.238+0000] {logging_mixin.py:137} INFO - [2022-12-17T13:07:32.237+0000] {dagbag.py:538} INFO - Filling up the DagBag from /home/airflow/.local/lib/python3.7/site-packages/airflow/example_dags/example_branch_operator.py
[2022-12-17T13:07:32.259+0000] {processor.py:753} INFO - DAG(s) dict_keys(['example_branch_operator']) retrieved from /home/airflow/.local/lib/python3.7/site-packages/airflow/example_dags/example_branch_operator.py
[2022-12-17T13:07:32.394+0000] {logging_mixin.py:137} INFO - [2022-12-17T13:07:32.394+0000] {dag.py:2676} INFO - Sync 1 DAGs
[2022-12-17T13:07:32.430+0000] {logging_mixin.py:137} INFO - [2022-12-17T13:07:32.430+0000] {dag.py:3427} INFO - Setting next_dagrun for example_branch_operator to 2022-12-16T00:00:00+00:00, run_after=2022-12-17T00:00:00+00:00
[2022-12-17T13:07:32.556+0000] {processor.py:175} INFO - Processing /home/airflow/.local/lib/python3.7/site-packages/airflow/example_dags/example_branch_operator.py took 0.323 seconds
[2022-12-17T13:08:02.730+0000] {processor.py:153} INFO - Started process (PID=2939) to work on /home/airflow/.local/lib/python3.7/site-packages/airflow/example_dags/example_branch_operator.py
[2022-12-17T13:08:02.731+0000] {processor.py:743} INFO - Processing file /home/airflow/.local/lib/python3.7/site-packages/airflow/example_dags/example_branch_operator.py for tasks to queue
[2022-12-17T13:08:02.732+0000] {logging_mixin.py:137} INFO - [2022-12-17T13:08:02.732+0000] {dagbag.py:538} INFO - Filling up the DagBag from /home/airflow/.local/lib/python3.7/site-packages/airflow/example_dags/example_branch_operator.py
[2022-12-17T13:08:02.751+0000] {processor.py:753} INFO - DAG(s) dict_keys(['example_branch_operator']) retrieved from /home/airflow/.local/lib/python3.7/site-packages/airflow/example_dags/example_branch_operator.py
[2022-12-17T13:08:02.793+0000] {logging_mixin.py:137} INFO - [2022-12-17T13:08:02.793+0000] {dag.py:2676} INFO - Sync 1 DAGs
[2022-12-17T13:08:02.824+0000] {logging_mixin.py:137} INFO - [2022-12-17T13:08:02.824+0000] {dag.py:3427} INFO - Setting next_dagrun for example_branch_operator to 2022-12-16T00:00:00+00:00, run_after=2022-12-17T00:00:00+00:00
[2022-12-17T13:08:02.855+0000] {processor.py:175} INFO - Processing /home/airflow/.local/lib/python3.7/site-packages/airflow/example_dags/example_branch_operator.py took 0.127 seconds
[2022-12-17T13:08:33.057+0000] {processor.py:153} INFO - Started process (PID=3025) to work on /home/airflow/.local/lib/python3.7/site-packages/airflow/example_dags/example_branch_operator.py
[2022-12-17T13:08:33.058+0000] {processor.py:743} INFO - Processing file /home/airflow/.local/lib/python3.7/site-packages/airflow/example_dags/example_branch_operator.py for tasks to queue
[2022-12-17T13:08:33.058+0000] {logging_mixin.py:137} INFO - [2022-12-17T13:08:33.058+0000] {dagbag.py:538} INFO - Filling up the DagBag from /home/airflow/.local/lib/python3.7/site-packages/airflow/example_dags/example_branch_operator.py
[2022-12-17T13:08:33.075+0000] {processor.py:753} INFO - DAG(s) dict_keys(['example_branch_operator']) retrieved from /home/airflow/.local/lib/python3.7/site-packages/airflow/example_dags/example_branch_operator.py
[2022-12-17T13:08:33.113+0000] {logging_mixin.py:137} INFO - [2022-12-17T13:08:33.113+0000] {dag.py:2676} INFO - Sync 1 DAGs
[2022-12-17T13:08:33.140+0000] {logging_mixin.py:137} INFO - [2022-12-17T13:08:33.140+0000] {dag.py:3427} INFO - Setting next_dagrun for example_branch_operator to 2022-12-16T00:00:00+00:00, run_after=2022-12-17T00:00:00+00:00
[2022-12-17T13:08:33.169+0000] {processor.py:175} INFO - Processing /home/airflow/.local/lib/python3.7/site-packages/airflow/example_dags/example_branch_operator.py took 0.115 seconds
[2022-12-17T13:09:03.843+0000] {processor.py:153} INFO - Started process (PID=3135) to work on /home/airflow/.local/lib/python3.7/site-packages/airflow/example_dags/example_branch_operator.py
[2022-12-17T13:09:03.844+0000] {processor.py:743} INFO - Processing file /home/airflow/.local/lib/python3.7/site-packages/airflow/example_dags/example_branch_operator.py for tasks to queue
[2022-12-17T13:09:03.845+0000] {logging_mixin.py:137} INFO - [2022-12-17T13:09:03.845+0000] {dagbag.py:538} INFO - Filling up the DagBag from /home/airflow/.local/lib/python3.7/site-packages/airflow/example_dags/example_branch_operator.py
[2022-12-17T13:09:03.863+0000] {processor.py:753} INFO - DAG(s) dict_keys(['example_branch_operator']) retrieved from /home/airflow/.local/lib/python3.7/site-packages/airflow/example_dags/example_branch_operator.py
[2022-12-17T13:09:03.902+0000] {logging_mixin.py:137} INFO - [2022-12-17T13:09:03.902+0000] {dag.py:2676} INFO - Sync 1 DAGs
[2022-12-17T13:09:03.936+0000] {logging_mixin.py:137} INFO - [2022-12-17T13:09:03.935+0000] {dag.py:3427} INFO - Setting next_dagrun for example_branch_operator to 2022-12-16T00:00:00+00:00, run_after=2022-12-17T00:00:00+00:00
[2022-12-17T13:09:03.968+0000] {processor.py:175} INFO - Processing /home/airflow/.local/lib/python3.7/site-packages/airflow/example_dags/example_branch_operator.py took 0.127 seconds
