[2022-12-17T12:57:54.647+0000] {processor.py:153} INFO - Started process (PID=1069) to work on /home/airflow/.local/lib/python3.7/site-packages/airflow/example_dags/example_task_group.py
[2022-12-17T12:57:54.647+0000] {processor.py:743} INFO - Processing file /home/airflow/.local/lib/python3.7/site-packages/airflow/example_dags/example_task_group.py for tasks to queue
[2022-12-17T12:57:54.648+0000] {logging_mixin.py:137} INFO - [2022-12-17T12:57:54.648+0000] {dagbag.py:538} INFO - Filling up the DagBag from /home/airflow/.local/lib/python3.7/site-packages/airflow/example_dags/example_task_group.py
[2022-12-17T12:57:54.664+0000] {processor.py:753} INFO - DAG(s) dict_keys(['example_task_group']) retrieved from /home/airflow/.local/lib/python3.7/site-packages/airflow/example_dags/example_task_group.py
[2022-12-17T12:57:54.701+0000] {logging_mixin.py:137} INFO - [2022-12-17T12:57:54.701+0000] {dag.py:2676} INFO - Sync 1 DAGs
[2022-12-17T12:57:54.726+0000] {logging_mixin.py:137} INFO - [2022-12-17T12:57:54.725+0000] {dag.py:3427} INFO - Setting next_dagrun for example_task_group to 2022-12-16T12:57:54.725541+00:00, run_after=2022-12-17T12:57:54.725541+00:00
[2022-12-17T12:57:54.756+0000] {processor.py:175} INFO - Processing /home/airflow/.local/lib/python3.7/site-packages/airflow/example_dags/example_task_group.py took 0.111 seconds
[2022-12-17T12:58:25.281+0000] {processor.py:153} INFO - Started process (PID=1155) to work on /home/airflow/.local/lib/python3.7/site-packages/airflow/example_dags/example_task_group.py
[2022-12-17T12:58:25.282+0000] {processor.py:743} INFO - Processing file /home/airflow/.local/lib/python3.7/site-packages/airflow/example_dags/example_task_group.py for tasks to queue
[2022-12-17T12:58:25.282+0000] {logging_mixin.py:137} INFO - [2022-12-17T12:58:25.282+0000] {dagbag.py:538} INFO - Filling up the DagBag from /home/airflow/.local/lib/python3.7/site-packages/airflow/example_dags/example_task_group.py
[2022-12-17T12:58:25.296+0000] {processor.py:753} INFO - DAG(s) dict_keys(['example_task_group']) retrieved from /home/airflow/.local/lib/python3.7/site-packages/airflow/example_dags/example_task_group.py
[2022-12-17T12:58:25.330+0000] {logging_mixin.py:137} INFO - [2022-12-17T12:58:25.330+0000] {dag.py:2676} INFO - Sync 1 DAGs
[2022-12-17T12:58:25.357+0000] {logging_mixin.py:137} INFO - [2022-12-17T12:58:25.357+0000] {dag.py:3427} INFO - Setting next_dagrun for example_task_group to 2022-12-16T12:58:25.357463+00:00, run_after=2022-12-17T12:58:25.357463+00:00
[2022-12-17T12:58:25.390+0000] {processor.py:175} INFO - Processing /home/airflow/.local/lib/python3.7/site-packages/airflow/example_dags/example_task_group.py took 0.111 seconds
[2022-12-17T12:58:56.318+0000] {processor.py:153} INFO - Started process (PID=1265) to work on /home/airflow/.local/lib/python3.7/site-packages/airflow/example_dags/example_task_group.py
[2022-12-17T12:58:56.319+0000] {processor.py:743} INFO - Processing file /home/airflow/.local/lib/python3.7/site-packages/airflow/example_dags/example_task_group.py for tasks to queue
[2022-12-17T12:58:56.320+0000] {logging_mixin.py:137} INFO - [2022-12-17T12:58:56.319+0000] {dagbag.py:538} INFO - Filling up the DagBag from /home/airflow/.local/lib/python3.7/site-packages/airflow/example_dags/example_task_group.py
[2022-12-17T12:58:56.357+0000] {processor.py:753} INFO - DAG(s) dict_keys(['example_task_group']) retrieved from /home/airflow/.local/lib/python3.7/site-packages/airflow/example_dags/example_task_group.py
[2022-12-17T12:58:56.395+0000] {logging_mixin.py:137} INFO - [2022-12-17T12:58:56.395+0000] {dag.py:2676} INFO - Sync 1 DAGs
[2022-12-17T12:58:56.421+0000] {logging_mixin.py:137} INFO - [2022-12-17T12:58:56.421+0000] {dag.py:3427} INFO - Setting next_dagrun for example_task_group to 2022-12-16T12:58:56.421530+00:00, run_after=2022-12-17T12:58:56.421530+00:00
[2022-12-17T12:58:56.474+0000] {processor.py:175} INFO - Processing /home/airflow/.local/lib/python3.7/site-packages/airflow/example_dags/example_task_group.py took 0.159 seconds
[2022-12-17T12:59:27.357+0000] {processor.py:153} INFO - Started process (PID=1351) to work on /home/airflow/.local/lib/python3.7/site-packages/airflow/example_dags/example_task_group.py
[2022-12-17T12:59:27.358+0000] {processor.py:743} INFO - Processing file /home/airflow/.local/lib/python3.7/site-packages/airflow/example_dags/example_task_group.py for tasks to queue
[2022-12-17T12:59:27.358+0000] {logging_mixin.py:137} INFO - [2022-12-17T12:59:27.358+0000] {dagbag.py:538} INFO - Filling up the DagBag from /home/airflow/.local/lib/python3.7/site-packages/airflow/example_dags/example_task_group.py
[2022-12-17T12:59:27.373+0000] {processor.py:753} INFO - DAG(s) dict_keys(['example_task_group']) retrieved from /home/airflow/.local/lib/python3.7/site-packages/airflow/example_dags/example_task_group.py
[2022-12-17T12:59:27.406+0000] {logging_mixin.py:137} INFO - [2022-12-17T12:59:27.406+0000] {dag.py:2676} INFO - Sync 1 DAGs
[2022-12-17T12:59:27.430+0000] {logging_mixin.py:137} INFO - [2022-12-17T12:59:27.430+0000] {dag.py:3427} INFO - Setting next_dagrun for example_task_group to 2022-12-16T12:59:27.430184+00:00, run_after=2022-12-17T12:59:27.430184+00:00
[2022-12-17T12:59:27.457+0000] {processor.py:175} INFO - Processing /home/airflow/.local/lib/python3.7/site-packages/airflow/example_dags/example_task_group.py took 0.103 seconds
[2022-12-17T12:59:57.870+0000] {processor.py:153} INFO - Started process (PID=1438) to work on /home/airflow/.local/lib/python3.7/site-packages/airflow/example_dags/example_task_group.py
[2022-12-17T12:59:57.871+0000] {processor.py:743} INFO - Processing file /home/airflow/.local/lib/python3.7/site-packages/airflow/example_dags/example_task_group.py for tasks to queue
[2022-12-17T12:59:57.872+0000] {logging_mixin.py:137} INFO - [2022-12-17T12:59:57.872+0000] {dagbag.py:538} INFO - Filling up the DagBag from /home/airflow/.local/lib/python3.7/site-packages/airflow/example_dags/example_task_group.py
[2022-12-17T12:59:57.887+0000] {processor.py:753} INFO - DAG(s) dict_keys(['example_task_group']) retrieved from /home/airflow/.local/lib/python3.7/site-packages/airflow/example_dags/example_task_group.py
[2022-12-17T12:59:57.924+0000] {logging_mixin.py:137} INFO - [2022-12-17T12:59:57.923+0000] {dag.py:2676} INFO - Sync 1 DAGs
[2022-12-17T12:59:57.950+0000] {logging_mixin.py:137} INFO - [2022-12-17T12:59:57.950+0000] {dag.py:3427} INFO - Setting next_dagrun for example_task_group to 2022-12-16T12:59:57.950219+00:00, run_after=2022-12-17T12:59:57.950219+00:00
[2022-12-17T12:59:57.975+0000] {processor.py:175} INFO - Processing /home/airflow/.local/lib/python3.7/site-packages/airflow/example_dags/example_task_group.py took 0.107 seconds
[2022-12-17T13:00:28.855+0000] {processor.py:153} INFO - Started process (PID=1548) to work on /home/airflow/.local/lib/python3.7/site-packages/airflow/example_dags/example_task_group.py
[2022-12-17T13:00:28.856+0000] {processor.py:743} INFO - Processing file /home/airflow/.local/lib/python3.7/site-packages/airflow/example_dags/example_task_group.py for tasks to queue
[2022-12-17T13:00:28.856+0000] {logging_mixin.py:137} INFO - [2022-12-17T13:00:28.856+0000] {dagbag.py:538} INFO - Filling up the DagBag from /home/airflow/.local/lib/python3.7/site-packages/airflow/example_dags/example_task_group.py
[2022-12-17T13:00:28.870+0000] {processor.py:753} INFO - DAG(s) dict_keys(['example_task_group']) retrieved from /home/airflow/.local/lib/python3.7/site-packages/airflow/example_dags/example_task_group.py
[2022-12-17T13:00:28.906+0000] {logging_mixin.py:137} INFO - [2022-12-17T13:00:28.906+0000] {dag.py:2676} INFO - Sync 1 DAGs
[2022-12-17T13:00:28.930+0000] {logging_mixin.py:137} INFO - [2022-12-17T13:00:28.930+0000] {dag.py:3427} INFO - Setting next_dagrun for example_task_group to 2022-12-16T13:00:28.929963+00:00, run_after=2022-12-17T13:00:28.929963+00:00
[2022-12-17T13:00:28.956+0000] {processor.py:175} INFO - Processing /home/airflow/.local/lib/python3.7/site-packages/airflow/example_dags/example_task_group.py took 0.103 seconds
[2022-12-17T13:00:59.507+0000] {processor.py:153} INFO - Started process (PID=1634) to work on /home/airflow/.local/lib/python3.7/site-packages/airflow/example_dags/example_task_group.py
[2022-12-17T13:00:59.507+0000] {processor.py:743} INFO - Processing file /home/airflow/.local/lib/python3.7/site-packages/airflow/example_dags/example_task_group.py for tasks to queue
[2022-12-17T13:00:59.508+0000] {logging_mixin.py:137} INFO - [2022-12-17T13:00:59.508+0000] {dagbag.py:538} INFO - Filling up the DagBag from /home/airflow/.local/lib/python3.7/site-packages/airflow/example_dags/example_task_group.py
[2022-12-17T13:00:59.522+0000] {processor.py:753} INFO - DAG(s) dict_keys(['example_task_group']) retrieved from /home/airflow/.local/lib/python3.7/site-packages/airflow/example_dags/example_task_group.py
[2022-12-17T13:00:59.566+0000] {logging_mixin.py:137} INFO - [2022-12-17T13:00:59.566+0000] {dag.py:2676} INFO - Sync 1 DAGs
[2022-12-17T13:00:59.600+0000] {logging_mixin.py:137} INFO - [2022-12-17T13:00:59.599+0000] {dag.py:3427} INFO - Setting next_dagrun for example_task_group to 2022-12-16T13:00:59.599775+00:00, run_after=2022-12-17T13:00:59.599775+00:00
[2022-12-17T13:00:59.628+0000] {processor.py:175} INFO - Processing /home/airflow/.local/lib/python3.7/site-packages/airflow/example_dags/example_task_group.py took 0.125 seconds
[2022-12-17T13:01:29.680+0000] {processor.py:153} INFO - Started process (PID=1744) to work on /home/airflow/.local/lib/python3.7/site-packages/airflow/example_dags/example_task_group.py
[2022-12-17T13:01:29.681+0000] {processor.py:743} INFO - Processing file /home/airflow/.local/lib/python3.7/site-packages/airflow/example_dags/example_task_group.py for tasks to queue
[2022-12-17T13:01:29.682+0000] {logging_mixin.py:137} INFO - [2022-12-17T13:01:29.682+0000] {dagbag.py:538} INFO - Filling up the DagBag from /home/airflow/.local/lib/python3.7/site-packages/airflow/example_dags/example_task_group.py
[2022-12-17T13:01:29.697+0000] {processor.py:753} INFO - DAG(s) dict_keys(['example_task_group']) retrieved from /home/airflow/.local/lib/python3.7/site-packages/airflow/example_dags/example_task_group.py
[2022-12-17T13:01:29.733+0000] {logging_mixin.py:137} INFO - [2022-12-17T13:01:29.733+0000] {dag.py:2676} INFO - Sync 1 DAGs
[2022-12-17T13:01:29.760+0000] {logging_mixin.py:137} INFO - [2022-12-17T13:01:29.760+0000] {dag.py:3427} INFO - Setting next_dagrun for example_task_group to 2022-12-16T13:01:29.759999+00:00, run_after=2022-12-17T13:01:29.759999+00:00
[2022-12-17T13:01:29.789+0000] {processor.py:175} INFO - Processing /home/airflow/.local/lib/python3.7/site-packages/airflow/example_dags/example_task_group.py took 0.113 seconds
[2022-12-17T13:02:00.558+0000] {processor.py:153} INFO - Started process (PID=1830) to work on /home/airflow/.local/lib/python3.7/site-packages/airflow/example_dags/example_task_group.py
[2022-12-17T13:02:00.559+0000] {processor.py:743} INFO - Processing file /home/airflow/.local/lib/python3.7/site-packages/airflow/example_dags/example_task_group.py for tasks to queue
[2022-12-17T13:02:00.559+0000] {logging_mixin.py:137} INFO - [2022-12-17T13:02:00.559+0000] {dagbag.py:538} INFO - Filling up the DagBag from /home/airflow/.local/lib/python3.7/site-packages/airflow/example_dags/example_task_group.py
[2022-12-17T13:02:00.574+0000] {processor.py:753} INFO - DAG(s) dict_keys(['example_task_group']) retrieved from /home/airflow/.local/lib/python3.7/site-packages/airflow/example_dags/example_task_group.py
[2022-12-17T13:02:00.614+0000] {logging_mixin.py:137} INFO - [2022-12-17T13:02:00.614+0000] {dag.py:2676} INFO - Sync 1 DAGs
[2022-12-17T13:02:00.640+0000] {logging_mixin.py:137} INFO - [2022-12-17T13:02:00.640+0000] {dag.py:3427} INFO - Setting next_dagrun for example_task_group to 2022-12-16T13:02:00.640283+00:00, run_after=2022-12-17T13:02:00.640283+00:00
[2022-12-17T13:02:00.668+0000] {processor.py:175} INFO - Processing /home/airflow/.local/lib/python3.7/site-packages/airflow/example_dags/example_task_group.py took 0.113 seconds
[2022-12-17T13:02:31.275+0000] {processor.py:153} INFO - Started process (PID=1916) to work on /home/airflow/.local/lib/python3.7/site-packages/airflow/example_dags/example_task_group.py
[2022-12-17T13:02:31.276+0000] {processor.py:743} INFO - Processing file /home/airflow/.local/lib/python3.7/site-packages/airflow/example_dags/example_task_group.py for tasks to queue
[2022-12-17T13:02:31.278+0000] {logging_mixin.py:137} INFO - [2022-12-17T13:02:31.277+0000] {dagbag.py:538} INFO - Filling up the DagBag from /home/airflow/.local/lib/python3.7/site-packages/airflow/example_dags/example_task_group.py
[2022-12-17T13:02:31.295+0000] {processor.py:753} INFO - DAG(s) dict_keys(['example_task_group']) retrieved from /home/airflow/.local/lib/python3.7/site-packages/airflow/example_dags/example_task_group.py
[2022-12-17T13:02:31.342+0000] {logging_mixin.py:137} INFO - [2022-12-17T13:02:31.342+0000] {dag.py:2676} INFO - Sync 1 DAGs
[2022-12-17T13:02:31.384+0000] {logging_mixin.py:137} INFO - [2022-12-17T13:02:31.384+0000] {dag.py:3427} INFO - Setting next_dagrun for example_task_group to 2022-12-16T13:02:31.384367+00:00, run_after=2022-12-17T13:02:31.384367+00:00
[2022-12-17T13:02:31.429+0000] {processor.py:175} INFO - Processing /home/airflow/.local/lib/python3.7/site-packages/airflow/example_dags/example_task_group.py took 0.157 seconds
[2022-12-17T13:05:04.137+0000] {processor.py:153} INFO - Started process (PID=2394) to work on /home/airflow/.local/lib/python3.7/site-packages/airflow/example_dags/example_task_group.py
[2022-12-17T13:05:04.138+0000] {processor.py:743} INFO - Processing file /home/airflow/.local/lib/python3.7/site-packages/airflow/example_dags/example_task_group.py for tasks to queue
[2022-12-17T13:05:04.139+0000] {logging_mixin.py:137} INFO - [2022-12-17T13:05:04.138+0000] {dagbag.py:538} INFO - Filling up the DagBag from /home/airflow/.local/lib/python3.7/site-packages/airflow/example_dags/example_task_group.py
[2022-12-17T13:05:04.154+0000] {processor.py:753} INFO - DAG(s) dict_keys(['example_task_group']) retrieved from /home/airflow/.local/lib/python3.7/site-packages/airflow/example_dags/example_task_group.py
[2022-12-17T13:05:04.193+0000] {logging_mixin.py:137} INFO - [2022-12-17T13:05:04.193+0000] {dag.py:2676} INFO - Sync 1 DAGs
[2022-12-17T13:05:04.221+0000] {logging_mixin.py:137} INFO - [2022-12-17T13:05:04.221+0000] {dag.py:3427} INFO - Setting next_dagrun for example_task_group to 2022-12-16T13:05:04.221084+00:00, run_after=2022-12-17T13:05:04.221084+00:00
[2022-12-17T13:05:04.258+0000] {processor.py:175} INFO - Processing /home/airflow/.local/lib/python3.7/site-packages/airflow/example_dags/example_task_group.py took 0.125 seconds
[2022-12-17T13:05:34.864+0000] {processor.py:153} INFO - Started process (PID=2505) to work on /home/airflow/.local/lib/python3.7/site-packages/airflow/example_dags/example_task_group.py
[2022-12-17T13:05:34.865+0000] {processor.py:743} INFO - Processing file /home/airflow/.local/lib/python3.7/site-packages/airflow/example_dags/example_task_group.py for tasks to queue
[2022-12-17T13:05:34.867+0000] {logging_mixin.py:137} INFO - [2022-12-17T13:05:34.866+0000] {dagbag.py:538} INFO - Filling up the DagBag from /home/airflow/.local/lib/python3.7/site-packages/airflow/example_dags/example_task_group.py
[2022-12-17T13:05:34.884+0000] {processor.py:753} INFO - DAG(s) dict_keys(['example_task_group']) retrieved from /home/airflow/.local/lib/python3.7/site-packages/airflow/example_dags/example_task_group.py
[2022-12-17T13:05:34.923+0000] {logging_mixin.py:137} INFO - [2022-12-17T13:05:34.923+0000] {dag.py:2676} INFO - Sync 1 DAGs
[2022-12-17T13:05:34.949+0000] {logging_mixin.py:137} INFO - [2022-12-17T13:05:34.949+0000] {dag.py:3427} INFO - Setting next_dagrun for example_task_group to 2022-12-16T13:05:34.948862+00:00, run_after=2022-12-17T13:05:34.948862+00:00
[2022-12-17T13:05:34.992+0000] {processor.py:175} INFO - Processing /home/airflow/.local/lib/python3.7/site-packages/airflow/example_dags/example_task_group.py took 0.131 seconds
[2022-12-17T13:06:05.405+0000] {processor.py:153} INFO - Started process (PID=2591) to work on /home/airflow/.local/lib/python3.7/site-packages/airflow/example_dags/example_task_group.py
[2022-12-17T13:06:05.406+0000] {processor.py:743} INFO - Processing file /home/airflow/.local/lib/python3.7/site-packages/airflow/example_dags/example_task_group.py for tasks to queue
[2022-12-17T13:06:05.406+0000] {logging_mixin.py:137} INFO - [2022-12-17T13:06:05.406+0000] {dagbag.py:538} INFO - Filling up the DagBag from /home/airflow/.local/lib/python3.7/site-packages/airflow/example_dags/example_task_group.py
[2022-12-17T13:06:05.422+0000] {processor.py:753} INFO - DAG(s) dict_keys(['example_task_group']) retrieved from /home/airflow/.local/lib/python3.7/site-packages/airflow/example_dags/example_task_group.py
[2022-12-17T13:06:05.468+0000] {logging_mixin.py:137} INFO - [2022-12-17T13:06:05.468+0000] {dag.py:2676} INFO - Sync 1 DAGs
[2022-12-17T13:06:05.508+0000] {logging_mixin.py:137} INFO - [2022-12-17T13:06:05.508+0000] {dag.py:3427} INFO - Setting next_dagrun for example_task_group to 2022-12-16T13:06:05.507880+00:00, run_after=2022-12-17T13:06:05.507880+00:00
[2022-12-17T13:06:05.544+0000] {processor.py:175} INFO - Processing /home/airflow/.local/lib/python3.7/site-packages/airflow/example_dags/example_task_group.py took 0.141 seconds
[2022-12-17T13:06:35.889+0000] {processor.py:153} INFO - Started process (PID=2677) to work on /home/airflow/.local/lib/python3.7/site-packages/airflow/example_dags/example_task_group.py
[2022-12-17T13:06:35.890+0000] {processor.py:743} INFO - Processing file /home/airflow/.local/lib/python3.7/site-packages/airflow/example_dags/example_task_group.py for tasks to queue
[2022-12-17T13:06:35.891+0000] {logging_mixin.py:137} INFO - [2022-12-17T13:06:35.890+0000] {dagbag.py:538} INFO - Filling up the DagBag from /home/airflow/.local/lib/python3.7/site-packages/airflow/example_dags/example_task_group.py
[2022-12-17T13:06:35.910+0000] {processor.py:753} INFO - DAG(s) dict_keys(['example_task_group']) retrieved from /home/airflow/.local/lib/python3.7/site-packages/airflow/example_dags/example_task_group.py
[2022-12-17T13:06:35.960+0000] {logging_mixin.py:137} INFO - [2022-12-17T13:06:35.960+0000] {dag.py:2676} INFO - Sync 1 DAGs
[2022-12-17T13:06:35.992+0000] {logging_mixin.py:137} INFO - [2022-12-17T13:06:35.992+0000] {dag.py:3427} INFO - Setting next_dagrun for example_task_group to 2022-12-16T13:06:35.992219+00:00, run_after=2022-12-17T13:06:35.992219+00:00
[2022-12-17T13:06:36.023+0000] {processor.py:175} INFO - Processing /home/airflow/.local/lib/python3.7/site-packages/airflow/example_dags/example_task_group.py took 0.138 seconds
[2022-12-17T13:07:06.147+0000] {processor.py:153} INFO - Started process (PID=2772) to work on /home/airflow/.local/lib/python3.7/site-packages/airflow/example_dags/example_task_group.py
[2022-12-17T13:07:06.148+0000] {processor.py:743} INFO - Processing file /home/airflow/.local/lib/python3.7/site-packages/airflow/example_dags/example_task_group.py for tasks to queue
[2022-12-17T13:07:06.150+0000] {logging_mixin.py:137} INFO - [2022-12-17T13:07:06.148+0000] {dagbag.py:538} INFO - Filling up the DagBag from /home/airflow/.local/lib/python3.7/site-packages/airflow/example_dags/example_task_group.py
[2022-12-17T13:07:06.170+0000] {processor.py:753} INFO - DAG(s) dict_keys(['example_task_group']) retrieved from /home/airflow/.local/lib/python3.7/site-packages/airflow/example_dags/example_task_group.py
[2022-12-17T13:07:06.219+0000] {logging_mixin.py:137} INFO - [2022-12-17T13:07:06.219+0000] {dag.py:2676} INFO - Sync 1 DAGs
[2022-12-17T13:07:06.251+0000] {logging_mixin.py:137} INFO - [2022-12-17T13:07:06.251+0000] {dag.py:3427} INFO - Setting next_dagrun for example_task_group to 2022-12-16T13:07:06.251060+00:00, run_after=2022-12-17T13:07:06.251060+00:00
[2022-12-17T13:07:06.283+0000] {processor.py:175} INFO - Processing /home/airflow/.local/lib/python3.7/site-packages/airflow/example_dags/example_task_group.py took 0.140 seconds
[2022-12-17T13:07:37.108+0000] {processor.py:153} INFO - Started process (PID=2873) to work on /home/airflow/.local/lib/python3.7/site-packages/airflow/example_dags/example_task_group.py
[2022-12-17T13:07:37.109+0000] {processor.py:743} INFO - Processing file /home/airflow/.local/lib/python3.7/site-packages/airflow/example_dags/example_task_group.py for tasks to queue
[2022-12-17T13:07:37.109+0000] {logging_mixin.py:137} INFO - [2022-12-17T13:07:37.109+0000] {dagbag.py:538} INFO - Filling up the DagBag from /home/airflow/.local/lib/python3.7/site-packages/airflow/example_dags/example_task_group.py
[2022-12-17T13:07:37.125+0000] {processor.py:753} INFO - DAG(s) dict_keys(['example_task_group']) retrieved from /home/airflow/.local/lib/python3.7/site-packages/airflow/example_dags/example_task_group.py
[2022-12-17T13:07:37.165+0000] {logging_mixin.py:137} INFO - [2022-12-17T13:07:37.165+0000] {dag.py:2676} INFO - Sync 1 DAGs
[2022-12-17T13:07:37.192+0000] {logging_mixin.py:137} INFO - [2022-12-17T13:07:37.192+0000] {dag.py:3427} INFO - Setting next_dagrun for example_task_group to 2022-12-16T13:07:37.191843+00:00, run_after=2022-12-17T13:07:37.191843+00:00
[2022-12-17T13:07:37.222+0000] {processor.py:175} INFO - Processing /home/airflow/.local/lib/python3.7/site-packages/airflow/example_dags/example_task_group.py took 0.117 seconds
[2022-12-17T13:08:07.462+0000] {processor.py:153} INFO - Started process (PID=2960) to work on /home/airflow/.local/lib/python3.7/site-packages/airflow/example_dags/example_task_group.py
[2022-12-17T13:08:07.463+0000] {processor.py:743} INFO - Processing file /home/airflow/.local/lib/python3.7/site-packages/airflow/example_dags/example_task_group.py for tasks to queue
[2022-12-17T13:08:07.464+0000] {logging_mixin.py:137} INFO - [2022-12-17T13:08:07.464+0000] {dagbag.py:538} INFO - Filling up the DagBag from /home/airflow/.local/lib/python3.7/site-packages/airflow/example_dags/example_task_group.py
[2022-12-17T13:08:07.479+0000] {processor.py:753} INFO - DAG(s) dict_keys(['example_task_group']) retrieved from /home/airflow/.local/lib/python3.7/site-packages/airflow/example_dags/example_task_group.py
[2022-12-17T13:08:07.519+0000] {logging_mixin.py:137} INFO - [2022-12-17T13:08:07.519+0000] {dag.py:2676} INFO - Sync 1 DAGs
[2022-12-17T13:08:07.547+0000] {logging_mixin.py:137} INFO - [2022-12-17T13:08:07.547+0000] {dag.py:3427} INFO - Setting next_dagrun for example_task_group to 2022-12-16T13:08:07.546980+00:00, run_after=2022-12-17T13:08:07.546980+00:00
[2022-12-17T13:08:07.588+0000] {processor.py:175} INFO - Processing /home/airflow/.local/lib/python3.7/site-packages/airflow/example_dags/example_task_group.py took 0.128 seconds
[2022-12-17T13:08:38.240+0000] {processor.py:153} INFO - Started process (PID=3070) to work on /home/airflow/.local/lib/python3.7/site-packages/airflow/example_dags/example_task_group.py
[2022-12-17T13:08:38.241+0000] {processor.py:743} INFO - Processing file /home/airflow/.local/lib/python3.7/site-packages/airflow/example_dags/example_task_group.py for tasks to queue
[2022-12-17T13:08:38.242+0000] {logging_mixin.py:137} INFO - [2022-12-17T13:08:38.242+0000] {dagbag.py:538} INFO - Filling up the DagBag from /home/airflow/.local/lib/python3.7/site-packages/airflow/example_dags/example_task_group.py
[2022-12-17T13:08:38.261+0000] {processor.py:753} INFO - DAG(s) dict_keys(['example_task_group']) retrieved from /home/airflow/.local/lib/python3.7/site-packages/airflow/example_dags/example_task_group.py
[2022-12-17T13:08:38.303+0000] {logging_mixin.py:137} INFO - [2022-12-17T13:08:38.303+0000] {dag.py:2676} INFO - Sync 1 DAGs
[2022-12-17T13:08:38.355+0000] {logging_mixin.py:137} INFO - [2022-12-17T13:08:38.355+0000] {dag.py:3427} INFO - Setting next_dagrun for example_task_group to 2022-12-16T13:08:38.355449+00:00, run_after=2022-12-17T13:08:38.355449+00:00
[2022-12-17T13:08:38.387+0000] {processor.py:175} INFO - Processing /home/airflow/.local/lib/python3.7/site-packages/airflow/example_dags/example_task_group.py took 0.149 seconds
[2022-12-17T13:09:08.914+0000] {processor.py:153} INFO - Started process (PID=3156) to work on /home/airflow/.local/lib/python3.7/site-packages/airflow/example_dags/example_task_group.py
[2022-12-17T13:09:08.915+0000] {processor.py:743} INFO - Processing file /home/airflow/.local/lib/python3.7/site-packages/airflow/example_dags/example_task_group.py for tasks to queue
[2022-12-17T13:09:08.916+0000] {logging_mixin.py:137} INFO - [2022-12-17T13:09:08.916+0000] {dagbag.py:538} INFO - Filling up the DagBag from /home/airflow/.local/lib/python3.7/site-packages/airflow/example_dags/example_task_group.py
[2022-12-17T13:09:08.931+0000] {processor.py:753} INFO - DAG(s) dict_keys(['example_task_group']) retrieved from /home/airflow/.local/lib/python3.7/site-packages/airflow/example_dags/example_task_group.py
[2022-12-17T13:09:08.973+0000] {logging_mixin.py:137} INFO - [2022-12-17T13:09:08.972+0000] {dag.py:2676} INFO - Sync 1 DAGs
[2022-12-17T13:09:09.001+0000] {logging_mixin.py:137} INFO - [2022-12-17T13:09:09.001+0000] {dag.py:3427} INFO - Setting next_dagrun for example_task_group to 2022-12-16T13:09:09.000769+00:00, run_after=2022-12-17T13:09:09.000769+00:00
[2022-12-17T13:09:09.029+0000] {processor.py:175} INFO - Processing /home/airflow/.local/lib/python3.7/site-packages/airflow/example_dags/example_task_group.py took 0.118 seconds
