[2022-12-17T12:57:54.497+0000] {processor.py:153} INFO - Started process (PID=1067) to work on /home/airflow/.local/lib/python3.7/site-packages/airflow/example_dags/example_sla_dag.py
[2022-12-17T12:57:54.498+0000] {processor.py:743} INFO - Processing file /home/airflow/.local/lib/python3.7/site-packages/airflow/example_dags/example_sla_dag.py for tasks to queue
[2022-12-17T12:57:54.498+0000] {logging_mixin.py:137} INFO - [2022-12-17T12:57:54.498+0000] {dagbag.py:538} INFO - Filling up the DagBag from /home/airflow/.local/lib/python3.7/site-packages/airflow/example_dags/example_sla_dag.py
[2022-12-17T12:57:54.521+0000] {processor.py:753} INFO - DAG(s) dict_keys(['example_sla_dag']) retrieved from /home/airflow/.local/lib/python3.7/site-packages/airflow/example_dags/example_sla_dag.py
[2022-12-17T12:57:54.556+0000] {logging_mixin.py:137} INFO - [2022-12-17T12:57:54.556+0000] {dag.py:2676} INFO - Sync 1 DAGs
[2022-12-17T12:57:54.586+0000] {logging_mixin.py:137} INFO - [2022-12-17T12:57:54.586+0000] {dag.py:3427} INFO - Setting next_dagrun for example_sla_dag to 2022-12-17T12:54:00+00:00, run_after=2022-12-17T12:56:00+00:00
[2022-12-17T12:57:54.624+0000] {processor.py:175} INFO - Processing /home/airflow/.local/lib/python3.7/site-packages/airflow/example_dags/example_sla_dag.py took 0.129 seconds
[2022-12-17T12:58:25.120+0000] {processor.py:153} INFO - Started process (PID=1153) to work on /home/airflow/.local/lib/python3.7/site-packages/airflow/example_dags/example_sla_dag.py
[2022-12-17T12:58:25.121+0000] {processor.py:743} INFO - Processing file /home/airflow/.local/lib/python3.7/site-packages/airflow/example_dags/example_sla_dag.py for tasks to queue
[2022-12-17T12:58:25.122+0000] {logging_mixin.py:137} INFO - [2022-12-17T12:58:25.122+0000] {dagbag.py:538} INFO - Filling up the DagBag from /home/airflow/.local/lib/python3.7/site-packages/airflow/example_dags/example_sla_dag.py
[2022-12-17T12:58:25.144+0000] {processor.py:753} INFO - DAG(s) dict_keys(['example_sla_dag']) retrieved from /home/airflow/.local/lib/python3.7/site-packages/airflow/example_dags/example_sla_dag.py
[2022-12-17T12:58:25.190+0000] {logging_mixin.py:137} INFO - [2022-12-17T12:58:25.190+0000] {dag.py:2676} INFO - Sync 1 DAGs
[2022-12-17T12:58:25.223+0000] {logging_mixin.py:137} INFO - [2022-12-17T12:58:25.223+0000] {dag.py:3427} INFO - Setting next_dagrun for example_sla_dag to 2022-12-17T12:56:00+00:00, run_after=2022-12-17T12:58:00+00:00
[2022-12-17T12:58:25.260+0000] {processor.py:175} INFO - Processing /home/airflow/.local/lib/python3.7/site-packages/airflow/example_dags/example_sla_dag.py took 0.142 seconds
[2022-12-17T12:58:56.160+0000] {processor.py:153} INFO - Started process (PID=1263) to work on /home/airflow/.local/lib/python3.7/site-packages/airflow/example_dags/example_sla_dag.py
[2022-12-17T12:58:56.161+0000] {processor.py:743} INFO - Processing file /home/airflow/.local/lib/python3.7/site-packages/airflow/example_dags/example_sla_dag.py for tasks to queue
[2022-12-17T12:58:56.162+0000] {logging_mixin.py:137} INFO - [2022-12-17T12:58:56.162+0000] {dagbag.py:538} INFO - Filling up the DagBag from /home/airflow/.local/lib/python3.7/site-packages/airflow/example_dags/example_sla_dag.py
[2022-12-17T12:58:56.186+0000] {processor.py:753} INFO - DAG(s) dict_keys(['example_sla_dag']) retrieved from /home/airflow/.local/lib/python3.7/site-packages/airflow/example_dags/example_sla_dag.py
[2022-12-17T12:58:56.223+0000] {logging_mixin.py:137} INFO - [2022-12-17T12:58:56.223+0000] {dag.py:2676} INFO - Sync 1 DAGs
[2022-12-17T12:58:56.270+0000] {logging_mixin.py:137} INFO - [2022-12-17T12:58:56.270+0000] {dag.py:3427} INFO - Setting next_dagrun for example_sla_dag to 2022-12-17T12:56:00+00:00, run_after=2022-12-17T12:58:00+00:00
[2022-12-17T12:58:56.296+0000] {processor.py:175} INFO - Processing /home/airflow/.local/lib/python3.7/site-packages/airflow/example_dags/example_sla_dag.py took 0.138 seconds
[2022-12-17T12:59:27.232+0000] {processor.py:153} INFO - Started process (PID=1349) to work on /home/airflow/.local/lib/python3.7/site-packages/airflow/example_dags/example_sla_dag.py
[2022-12-17T12:59:27.233+0000] {processor.py:743} INFO - Processing file /home/airflow/.local/lib/python3.7/site-packages/airflow/example_dags/example_sla_dag.py for tasks to queue
[2022-12-17T12:59:27.233+0000] {logging_mixin.py:137} INFO - [2022-12-17T12:59:27.233+0000] {dagbag.py:538} INFO - Filling up the DagBag from /home/airflow/.local/lib/python3.7/site-packages/airflow/example_dags/example_sla_dag.py
[2022-12-17T12:59:27.255+0000] {processor.py:753} INFO - DAG(s) dict_keys(['example_sla_dag']) retrieved from /home/airflow/.local/lib/python3.7/site-packages/airflow/example_dags/example_sla_dag.py
[2022-12-17T12:59:27.289+0000] {logging_mixin.py:137} INFO - [2022-12-17T12:59:27.289+0000] {dag.py:2676} INFO - Sync 1 DAGs
[2022-12-17T12:59:27.316+0000] {logging_mixin.py:137} INFO - [2022-12-17T12:59:27.316+0000] {dag.py:3427} INFO - Setting next_dagrun for example_sla_dag to 2022-12-17T12:56:00+00:00, run_after=2022-12-17T12:58:00+00:00
[2022-12-17T12:59:27.338+0000] {processor.py:175} INFO - Processing /home/airflow/.local/lib/python3.7/site-packages/airflow/example_dags/example_sla_dag.py took 0.108 seconds
[2022-12-17T12:59:57.733+0000] {processor.py:153} INFO - Started process (PID=1436) to work on /home/airflow/.local/lib/python3.7/site-packages/airflow/example_dags/example_sla_dag.py
[2022-12-17T12:59:57.733+0000] {processor.py:743} INFO - Processing file /home/airflow/.local/lib/python3.7/site-packages/airflow/example_dags/example_sla_dag.py for tasks to queue
[2022-12-17T12:59:57.734+0000] {logging_mixin.py:137} INFO - [2022-12-17T12:59:57.734+0000] {dagbag.py:538} INFO - Filling up the DagBag from /home/airflow/.local/lib/python3.7/site-packages/airflow/example_dags/example_sla_dag.py
[2022-12-17T12:59:57.756+0000] {processor.py:753} INFO - DAG(s) dict_keys(['example_sla_dag']) retrieved from /home/airflow/.local/lib/python3.7/site-packages/airflow/example_dags/example_sla_dag.py
[2022-12-17T12:59:57.790+0000] {logging_mixin.py:137} INFO - [2022-12-17T12:59:57.790+0000] {dag.py:2676} INFO - Sync 1 DAGs
[2022-12-17T12:59:57.819+0000] {logging_mixin.py:137} INFO - [2022-12-17T12:59:57.819+0000] {dag.py:3427} INFO - Setting next_dagrun for example_sla_dag to 2022-12-17T12:56:00+00:00, run_after=2022-12-17T12:58:00+00:00
[2022-12-17T12:59:57.841+0000] {processor.py:175} INFO - Processing /home/airflow/.local/lib/python3.7/site-packages/airflow/example_dags/example_sla_dag.py took 0.111 seconds
[2022-12-17T13:00:28.725+0000] {processor.py:153} INFO - Started process (PID=1546) to work on /home/airflow/.local/lib/python3.7/site-packages/airflow/example_dags/example_sla_dag.py
[2022-12-17T13:00:28.726+0000] {processor.py:743} INFO - Processing file /home/airflow/.local/lib/python3.7/site-packages/airflow/example_dags/example_sla_dag.py for tasks to queue
[2022-12-17T13:00:28.726+0000] {logging_mixin.py:137} INFO - [2022-12-17T13:00:28.726+0000] {dagbag.py:538} INFO - Filling up the DagBag from /home/airflow/.local/lib/python3.7/site-packages/airflow/example_dags/example_sla_dag.py
[2022-12-17T13:00:28.748+0000] {processor.py:753} INFO - DAG(s) dict_keys(['example_sla_dag']) retrieved from /home/airflow/.local/lib/python3.7/site-packages/airflow/example_dags/example_sla_dag.py
[2022-12-17T13:00:28.782+0000] {logging_mixin.py:137} INFO - [2022-12-17T13:00:28.782+0000] {dag.py:2676} INFO - Sync 1 DAGs
[2022-12-17T13:00:28.809+0000] {logging_mixin.py:137} INFO - [2022-12-17T13:00:28.809+0000] {dag.py:3427} INFO - Setting next_dagrun for example_sla_dag to 2022-12-17T12:58:00+00:00, run_after=2022-12-17T13:00:00+00:00
[2022-12-17T13:00:28.835+0000] {processor.py:175} INFO - Processing /home/airflow/.local/lib/python3.7/site-packages/airflow/example_dags/example_sla_dag.py took 0.112 seconds
[2022-12-17T13:00:59.374+0000] {processor.py:153} INFO - Started process (PID=1632) to work on /home/airflow/.local/lib/python3.7/site-packages/airflow/example_dags/example_sla_dag.py
[2022-12-17T13:00:59.375+0000] {processor.py:743} INFO - Processing file /home/airflow/.local/lib/python3.7/site-packages/airflow/example_dags/example_sla_dag.py for tasks to queue
[2022-12-17T13:00:59.376+0000] {logging_mixin.py:137} INFO - [2022-12-17T13:00:59.375+0000] {dagbag.py:538} INFO - Filling up the DagBag from /home/airflow/.local/lib/python3.7/site-packages/airflow/example_dags/example_sla_dag.py
[2022-12-17T13:00:59.397+0000] {processor.py:753} INFO - DAG(s) dict_keys(['example_sla_dag']) retrieved from /home/airflow/.local/lib/python3.7/site-packages/airflow/example_dags/example_sla_dag.py
[2022-12-17T13:00:59.429+0000] {logging_mixin.py:137} INFO - [2022-12-17T13:00:59.429+0000] {dag.py:2676} INFO - Sync 1 DAGs
[2022-12-17T13:00:59.458+0000] {logging_mixin.py:137} INFO - [2022-12-17T13:00:59.458+0000] {dag.py:3427} INFO - Setting next_dagrun for example_sla_dag to 2022-12-17T12:58:00+00:00, run_after=2022-12-17T13:00:00+00:00
[2022-12-17T13:00:59.482+0000] {processor.py:175} INFO - Processing /home/airflow/.local/lib/python3.7/site-packages/airflow/example_dags/example_sla_dag.py took 0.111 seconds
[2022-12-17T13:01:29.514+0000] {processor.py:153} INFO - Started process (PID=1742) to work on /home/airflow/.local/lib/python3.7/site-packages/airflow/example_dags/example_sla_dag.py
[2022-12-17T13:01:29.515+0000] {processor.py:743} INFO - Processing file /home/airflow/.local/lib/python3.7/site-packages/airflow/example_dags/example_sla_dag.py for tasks to queue
[2022-12-17T13:01:29.515+0000] {logging_mixin.py:137} INFO - [2022-12-17T13:01:29.515+0000] {dagbag.py:538} INFO - Filling up the DagBag from /home/airflow/.local/lib/python3.7/site-packages/airflow/example_dags/example_sla_dag.py
[2022-12-17T13:01:29.540+0000] {processor.py:753} INFO - DAG(s) dict_keys(['example_sla_dag']) retrieved from /home/airflow/.local/lib/python3.7/site-packages/airflow/example_dags/example_sla_dag.py
[2022-12-17T13:01:29.585+0000] {logging_mixin.py:137} INFO - [2022-12-17T13:01:29.585+0000] {dag.py:2676} INFO - Sync 1 DAGs
[2022-12-17T13:01:29.619+0000] {logging_mixin.py:137} INFO - [2022-12-17T13:01:29.619+0000] {dag.py:3427} INFO - Setting next_dagrun for example_sla_dag to 2022-12-17T12:58:00+00:00, run_after=2022-12-17T13:00:00+00:00
[2022-12-17T13:01:29.649+0000] {processor.py:175} INFO - Processing /home/airflow/.local/lib/python3.7/site-packages/airflow/example_dags/example_sla_dag.py took 0.138 seconds
[2022-12-17T13:02:00.415+0000] {processor.py:153} INFO - Started process (PID=1828) to work on /home/airflow/.local/lib/python3.7/site-packages/airflow/example_dags/example_sla_dag.py
[2022-12-17T13:02:00.416+0000] {processor.py:743} INFO - Processing file /home/airflow/.local/lib/python3.7/site-packages/airflow/example_dags/example_sla_dag.py for tasks to queue
[2022-12-17T13:02:00.417+0000] {logging_mixin.py:137} INFO - [2022-12-17T13:02:00.416+0000] {dagbag.py:538} INFO - Filling up the DagBag from /home/airflow/.local/lib/python3.7/site-packages/airflow/example_dags/example_sla_dag.py
[2022-12-17T13:02:00.440+0000] {processor.py:753} INFO - DAG(s) dict_keys(['example_sla_dag']) retrieved from /home/airflow/.local/lib/python3.7/site-packages/airflow/example_dags/example_sla_dag.py
[2022-12-17T13:02:00.480+0000] {logging_mixin.py:137} INFO - [2022-12-17T13:02:00.480+0000] {dag.py:2676} INFO - Sync 1 DAGs
[2022-12-17T13:02:00.508+0000] {logging_mixin.py:137} INFO - [2022-12-17T13:02:00.508+0000] {dag.py:3427} INFO - Setting next_dagrun for example_sla_dag to 2022-12-17T13:00:00+00:00, run_after=2022-12-17T13:02:00+00:00
[2022-12-17T13:02:00.533+0000] {processor.py:175} INFO - Processing /home/airflow/.local/lib/python3.7/site-packages/airflow/example_dags/example_sla_dag.py took 0.120 seconds
[2022-12-17T13:02:31.110+0000] {processor.py:153} INFO - Started process (PID=1914) to work on /home/airflow/.local/lib/python3.7/site-packages/airflow/example_dags/example_sla_dag.py
[2022-12-17T13:02:31.111+0000] {processor.py:743} INFO - Processing file /home/airflow/.local/lib/python3.7/site-packages/airflow/example_dags/example_sla_dag.py for tasks to queue
[2022-12-17T13:02:31.112+0000] {logging_mixin.py:137} INFO - [2022-12-17T13:02:31.111+0000] {dagbag.py:538} INFO - Filling up the DagBag from /home/airflow/.local/lib/python3.7/site-packages/airflow/example_dags/example_sla_dag.py
[2022-12-17T13:02:31.136+0000] {processor.py:753} INFO - DAG(s) dict_keys(['example_sla_dag']) retrieved from /home/airflow/.local/lib/python3.7/site-packages/airflow/example_dags/example_sla_dag.py
[2022-12-17T13:02:31.177+0000] {logging_mixin.py:137} INFO - [2022-12-17T13:02:31.176+0000] {dag.py:2676} INFO - Sync 1 DAGs
[2022-12-17T13:02:31.211+0000] {logging_mixin.py:137} INFO - [2022-12-17T13:02:31.211+0000] {dag.py:3427} INFO - Setting next_dagrun for example_sla_dag to 2022-12-17T13:00:00+00:00, run_after=2022-12-17T13:02:00+00:00
[2022-12-17T13:02:31.249+0000] {processor.py:175} INFO - Processing /home/airflow/.local/lib/python3.7/site-packages/airflow/example_dags/example_sla_dag.py took 0.142 seconds
[2022-12-17T13:05:03.965+0000] {processor.py:153} INFO - Started process (PID=2392) to work on /home/airflow/.local/lib/python3.7/site-packages/airflow/example_dags/example_sla_dag.py
[2022-12-17T13:05:03.966+0000] {processor.py:743} INFO - Processing file /home/airflow/.local/lib/python3.7/site-packages/airflow/example_dags/example_sla_dag.py for tasks to queue
[2022-12-17T13:05:03.967+0000] {logging_mixin.py:137} INFO - [2022-12-17T13:05:03.967+0000] {dagbag.py:538} INFO - Filling up the DagBag from /home/airflow/.local/lib/python3.7/site-packages/airflow/example_dags/example_sla_dag.py
[2022-12-17T13:05:03.994+0000] {processor.py:753} INFO - DAG(s) dict_keys(['example_sla_dag']) retrieved from /home/airflow/.local/lib/python3.7/site-packages/airflow/example_dags/example_sla_dag.py
[2022-12-17T13:05:04.041+0000] {logging_mixin.py:137} INFO - [2022-12-17T13:05:04.041+0000] {dag.py:2676} INFO - Sync 1 DAGs
[2022-12-17T13:05:04.079+0000] {logging_mixin.py:137} INFO - [2022-12-17T13:05:04.079+0000] {dag.py:3427} INFO - Setting next_dagrun for example_sla_dag to 2022-12-17T13:02:00+00:00, run_after=2022-12-17T13:04:00+00:00
[2022-12-17T13:05:04.106+0000] {processor.py:175} INFO - Processing /home/airflow/.local/lib/python3.7/site-packages/airflow/example_dags/example_sla_dag.py took 0.144 seconds
[2022-12-17T13:05:34.706+0000] {processor.py:153} INFO - Started process (PID=2503) to work on /home/airflow/.local/lib/python3.7/site-packages/airflow/example_dags/example_sla_dag.py
[2022-12-17T13:05:34.707+0000] {processor.py:743} INFO - Processing file /home/airflow/.local/lib/python3.7/site-packages/airflow/example_dags/example_sla_dag.py for tasks to queue
[2022-12-17T13:05:34.708+0000] {logging_mixin.py:137} INFO - [2022-12-17T13:05:34.708+0000] {dagbag.py:538} INFO - Filling up the DagBag from /home/airflow/.local/lib/python3.7/site-packages/airflow/example_dags/example_sla_dag.py
[2022-12-17T13:05:34.735+0000] {processor.py:753} INFO - DAG(s) dict_keys(['example_sla_dag']) retrieved from /home/airflow/.local/lib/python3.7/site-packages/airflow/example_dags/example_sla_dag.py
[2022-12-17T13:05:34.778+0000] {logging_mixin.py:137} INFO - [2022-12-17T13:05:34.778+0000] {dag.py:2676} INFO - Sync 1 DAGs
[2022-12-17T13:05:34.810+0000] {logging_mixin.py:137} INFO - [2022-12-17T13:05:34.810+0000] {dag.py:3427} INFO - Setting next_dagrun for example_sla_dag to 2022-12-17T13:02:00+00:00, run_after=2022-12-17T13:04:00+00:00
[2022-12-17T13:05:34.838+0000] {processor.py:175} INFO - Processing /home/airflow/.local/lib/python3.7/site-packages/airflow/example_dags/example_sla_dag.py took 0.134 seconds
[2022-12-17T13:06:05.206+0000] {processor.py:153} INFO - Started process (PID=2589) to work on /home/airflow/.local/lib/python3.7/site-packages/airflow/example_dags/example_sla_dag.py
[2022-12-17T13:06:05.207+0000] {processor.py:743} INFO - Processing file /home/airflow/.local/lib/python3.7/site-packages/airflow/example_dags/example_sla_dag.py for tasks to queue
[2022-12-17T13:06:05.208+0000] {logging_mixin.py:137} INFO - [2022-12-17T13:06:05.208+0000] {dagbag.py:538} INFO - Filling up the DagBag from /home/airflow/.local/lib/python3.7/site-packages/airflow/example_dags/example_sla_dag.py
[2022-12-17T13:06:05.236+0000] {processor.py:753} INFO - DAG(s) dict_keys(['example_sla_dag']) retrieved from /home/airflow/.local/lib/python3.7/site-packages/airflow/example_dags/example_sla_dag.py
[2022-12-17T13:06:05.292+0000] {logging_mixin.py:137} INFO - [2022-12-17T13:06:05.292+0000] {dag.py:2676} INFO - Sync 1 DAGs
[2022-12-17T13:06:05.324+0000] {logging_mixin.py:137} INFO - [2022-12-17T13:06:05.324+0000] {dag.py:3427} INFO - Setting next_dagrun for example_sla_dag to 2022-12-17T13:04:00+00:00, run_after=2022-12-17T13:06:00+00:00
[2022-12-17T13:06:05.376+0000] {processor.py:175} INFO - Processing /home/airflow/.local/lib/python3.7/site-packages/airflow/example_dags/example_sla_dag.py took 0.173 seconds
[2022-12-17T13:06:35.716+0000] {processor.py:153} INFO - Started process (PID=2675) to work on /home/airflow/.local/lib/python3.7/site-packages/airflow/example_dags/example_sla_dag.py
[2022-12-17T13:06:35.717+0000] {processor.py:743} INFO - Processing file /home/airflow/.local/lib/python3.7/site-packages/airflow/example_dags/example_sla_dag.py for tasks to queue
[2022-12-17T13:06:35.718+0000] {logging_mixin.py:137} INFO - [2022-12-17T13:06:35.717+0000] {dagbag.py:538} INFO - Filling up the DagBag from /home/airflow/.local/lib/python3.7/site-packages/airflow/example_dags/example_sla_dag.py
[2022-12-17T13:06:35.743+0000] {processor.py:753} INFO - DAG(s) dict_keys(['example_sla_dag']) retrieved from /home/airflow/.local/lib/python3.7/site-packages/airflow/example_dags/example_sla_dag.py
[2022-12-17T13:06:35.782+0000] {logging_mixin.py:137} INFO - [2022-12-17T13:06:35.782+0000] {dag.py:2676} INFO - Sync 1 DAGs
[2022-12-17T13:06:35.815+0000] {logging_mixin.py:137} INFO - [2022-12-17T13:06:35.815+0000] {dag.py:3427} INFO - Setting next_dagrun for example_sla_dag to 2022-12-17T13:04:00+00:00, run_after=2022-12-17T13:06:00+00:00
[2022-12-17T13:06:35.863+0000] {processor.py:175} INFO - Processing /home/airflow/.local/lib/python3.7/site-packages/airflow/example_dags/example_sla_dag.py took 0.150 seconds
