[2022-12-17T12:57:55.092+0000] {processor.py:153} INFO - Started process (PID=1076) to work on /home/airflow/.local/lib/python3.7/site-packages/airflow/example_dags/tutorial.py
[2022-12-17T12:57:55.092+0000] {processor.py:743} INFO - Processing file /home/airflow/.local/lib/python3.7/site-packages/airflow/example_dags/tutorial.py for tasks to queue
[2022-12-17T12:57:55.093+0000] {logging_mixin.py:137} INFO - [2022-12-17T12:57:55.093+0000] {dagbag.py:538} INFO - Filling up the DagBag from /home/airflow/.local/lib/python3.7/site-packages/airflow/example_dags/tutorial.py
[2022-12-17T12:57:55.106+0000] {processor.py:753} INFO - DAG(s) dict_keys(['tutorial']) retrieved from /home/airflow/.local/lib/python3.7/site-packages/airflow/example_dags/tutorial.py
[2022-12-17T12:57:55.142+0000] {logging_mixin.py:137} INFO - [2022-12-17T12:57:55.142+0000] {dag.py:2676} INFO - Sync 1 DAGs
[2022-12-17T12:57:55.168+0000] {logging_mixin.py:137} INFO - [2022-12-17T12:57:55.167+0000] {dag.py:3427} INFO - Setting next_dagrun for tutorial to 2022-12-16T12:57:55.167776+00:00, run_after=2022-12-17T12:57:55.167776+00:00
[2022-12-17T12:57:55.194+0000] {processor.py:175} INFO - Processing /home/airflow/.local/lib/python3.7/site-packages/airflow/example_dags/tutorial.py took 0.104 seconds
[2022-12-17T12:58:25.779+0000] {processor.py:153} INFO - Started process (PID=1162) to work on /home/airflow/.local/lib/python3.7/site-packages/airflow/example_dags/tutorial.py
[2022-12-17T12:58:25.780+0000] {processor.py:743} INFO - Processing file /home/airflow/.local/lib/python3.7/site-packages/airflow/example_dags/tutorial.py for tasks to queue
[2022-12-17T12:58:25.781+0000] {logging_mixin.py:137} INFO - [2022-12-17T12:58:25.781+0000] {dagbag.py:538} INFO - Filling up the DagBag from /home/airflow/.local/lib/python3.7/site-packages/airflow/example_dags/tutorial.py
[2022-12-17T12:58:25.795+0000] {processor.py:753} INFO - DAG(s) dict_keys(['tutorial']) retrieved from /home/airflow/.local/lib/python3.7/site-packages/airflow/example_dags/tutorial.py
[2022-12-17T12:58:25.830+0000] {logging_mixin.py:137} INFO - [2022-12-17T12:58:25.829+0000] {dag.py:2676} INFO - Sync 1 DAGs
[2022-12-17T12:58:25.854+0000] {logging_mixin.py:137} INFO - [2022-12-17T12:58:25.853+0000] {dag.py:3427} INFO - Setting next_dagrun for tutorial to 2022-12-16T12:58:25.853647+00:00, run_after=2022-12-17T12:58:25.853647+00:00
[2022-12-17T12:58:25.883+0000] {processor.py:175} INFO - Processing /home/airflow/.local/lib/python3.7/site-packages/airflow/example_dags/tutorial.py took 0.106 seconds
[2022-12-17T12:58:56.920+0000] {processor.py:153} INFO - Started process (PID=1272) to work on /home/airflow/.local/lib/python3.7/site-packages/airflow/example_dags/tutorial.py
[2022-12-17T12:58:56.921+0000] {processor.py:743} INFO - Processing file /home/airflow/.local/lib/python3.7/site-packages/airflow/example_dags/tutorial.py for tasks to queue
[2022-12-17T12:58:56.921+0000] {logging_mixin.py:137} INFO - [2022-12-17T12:58:56.921+0000] {dagbag.py:538} INFO - Filling up the DagBag from /home/airflow/.local/lib/python3.7/site-packages/airflow/example_dags/tutorial.py
[2022-12-17T12:58:56.953+0000] {processor.py:753} INFO - DAG(s) dict_keys(['tutorial']) retrieved from /home/airflow/.local/lib/python3.7/site-packages/airflow/example_dags/tutorial.py
[2022-12-17T12:58:56.992+0000] {logging_mixin.py:137} INFO - [2022-12-17T12:58:56.992+0000] {dag.py:2676} INFO - Sync 1 DAGs
[2022-12-17T12:58:57.020+0000] {logging_mixin.py:137} INFO - [2022-12-17T12:58:57.019+0000] {dag.py:3427} INFO - Setting next_dagrun for tutorial to 2022-12-16T12:58:57.019547+00:00, run_after=2022-12-17T12:58:57.019547+00:00
[2022-12-17T12:58:57.077+0000] {processor.py:175} INFO - Processing /home/airflow/.local/lib/python3.7/site-packages/airflow/example_dags/tutorial.py took 0.160 seconds
[2022-12-17T12:59:27.754+0000] {processor.py:153} INFO - Started process (PID=1358) to work on /home/airflow/.local/lib/python3.7/site-packages/airflow/example_dags/tutorial.py
[2022-12-17T12:59:27.755+0000] {processor.py:743} INFO - Processing file /home/airflow/.local/lib/python3.7/site-packages/airflow/example_dags/tutorial.py for tasks to queue
[2022-12-17T12:59:27.756+0000] {logging_mixin.py:137} INFO - [2022-12-17T12:59:27.756+0000] {dagbag.py:538} INFO - Filling up the DagBag from /home/airflow/.local/lib/python3.7/site-packages/airflow/example_dags/tutorial.py
[2022-12-17T12:59:27.768+0000] {processor.py:753} INFO - DAG(s) dict_keys(['tutorial']) retrieved from /home/airflow/.local/lib/python3.7/site-packages/airflow/example_dags/tutorial.py
[2022-12-17T12:59:27.802+0000] {logging_mixin.py:137} INFO - [2022-12-17T12:59:27.802+0000] {dag.py:2676} INFO - Sync 1 DAGs
[2022-12-17T12:59:27.827+0000] {logging_mixin.py:137} INFO - [2022-12-17T12:59:27.827+0000] {dag.py:3427} INFO - Setting next_dagrun for tutorial to 2022-12-16T12:59:27.826813+00:00, run_after=2022-12-17T12:59:27.826813+00:00
[2022-12-17T12:59:27.851+0000] {processor.py:175} INFO - Processing /home/airflow/.local/lib/python3.7/site-packages/airflow/example_dags/tutorial.py took 0.100 seconds
[2022-12-17T12:59:58.410+0000] {processor.py:153} INFO - Started process (PID=1445) to work on /home/airflow/.local/lib/python3.7/site-packages/airflow/example_dags/tutorial.py
[2022-12-17T12:59:58.411+0000] {processor.py:743} INFO - Processing file /home/airflow/.local/lib/python3.7/site-packages/airflow/example_dags/tutorial.py for tasks to queue
[2022-12-17T12:59:58.411+0000] {logging_mixin.py:137} INFO - [2022-12-17T12:59:58.411+0000] {dagbag.py:538} INFO - Filling up the DagBag from /home/airflow/.local/lib/python3.7/site-packages/airflow/example_dags/tutorial.py
[2022-12-17T12:59:58.425+0000] {processor.py:753} INFO - DAG(s) dict_keys(['tutorial']) retrieved from /home/airflow/.local/lib/python3.7/site-packages/airflow/example_dags/tutorial.py
[2022-12-17T12:59:58.462+0000] {logging_mixin.py:137} INFO - [2022-12-17T12:59:58.462+0000] {dag.py:2676} INFO - Sync 1 DAGs
[2022-12-17T12:59:58.486+0000] {logging_mixin.py:137} INFO - [2022-12-17T12:59:58.486+0000] {dag.py:3427} INFO - Setting next_dagrun for tutorial to 2022-12-16T12:59:58.486033+00:00, run_after=2022-12-17T12:59:58.486033+00:00
[2022-12-17T12:59:58.515+0000] {processor.py:175} INFO - Processing /home/airflow/.local/lib/python3.7/site-packages/airflow/example_dags/tutorial.py took 0.107 seconds
[2022-12-17T13:00:29.352+0000] {processor.py:153} INFO - Started process (PID=1555) to work on /home/airflow/.local/lib/python3.7/site-packages/airflow/example_dags/tutorial.py
[2022-12-17T13:00:29.353+0000] {processor.py:743} INFO - Processing file /home/airflow/.local/lib/python3.7/site-packages/airflow/example_dags/tutorial.py for tasks to queue
[2022-12-17T13:00:29.354+0000] {logging_mixin.py:137} INFO - [2022-12-17T13:00:29.354+0000] {dagbag.py:538} INFO - Filling up the DagBag from /home/airflow/.local/lib/python3.7/site-packages/airflow/example_dags/tutorial.py
[2022-12-17T13:00:29.367+0000] {processor.py:753} INFO - DAG(s) dict_keys(['tutorial']) retrieved from /home/airflow/.local/lib/python3.7/site-packages/airflow/example_dags/tutorial.py
[2022-12-17T13:00:29.403+0000] {logging_mixin.py:137} INFO - [2022-12-17T13:00:29.402+0000] {dag.py:2676} INFO - Sync 1 DAGs
[2022-12-17T13:00:29.428+0000] {logging_mixin.py:137} INFO - [2022-12-17T13:00:29.428+0000] {dag.py:3427} INFO - Setting next_dagrun for tutorial to 2022-12-16T13:00:29.428005+00:00, run_after=2022-12-17T13:00:29.428005+00:00
[2022-12-17T13:00:29.452+0000] {processor.py:175} INFO - Processing /home/airflow/.local/lib/python3.7/site-packages/airflow/example_dags/tutorial.py took 0.103 seconds
[2022-12-17T13:01:00.051+0000] {processor.py:153} INFO - Started process (PID=1641) to work on /home/airflow/.local/lib/python3.7/site-packages/airflow/example_dags/tutorial.py
[2022-12-17T13:01:00.052+0000] {processor.py:743} INFO - Processing file /home/airflow/.local/lib/python3.7/site-packages/airflow/example_dags/tutorial.py for tasks to queue
[2022-12-17T13:01:00.053+0000] {logging_mixin.py:137} INFO - [2022-12-17T13:01:00.053+0000] {dagbag.py:538} INFO - Filling up the DagBag from /home/airflow/.local/lib/python3.7/site-packages/airflow/example_dags/tutorial.py
[2022-12-17T13:01:00.066+0000] {processor.py:753} INFO - DAG(s) dict_keys(['tutorial']) retrieved from /home/airflow/.local/lib/python3.7/site-packages/airflow/example_dags/tutorial.py
[2022-12-17T13:01:00.109+0000] {logging_mixin.py:137} INFO - [2022-12-17T13:01:00.109+0000] {dag.py:2676} INFO - Sync 1 DAGs
[2022-12-17T13:01:00.148+0000] {logging_mixin.py:137} INFO - [2022-12-17T13:01:00.148+0000] {dag.py:3427} INFO - Setting next_dagrun for tutorial to 2022-12-16T13:01:00.147973+00:00, run_after=2022-12-17T13:01:00.147973+00:00
[2022-12-17T13:01:00.188+0000] {processor.py:175} INFO - Processing /home/airflow/.local/lib/python3.7/site-packages/airflow/example_dags/tutorial.py took 0.139 seconds
[2022-12-17T13:01:30.216+0000] {processor.py:153} INFO - Started process (PID=1751) to work on /home/airflow/.local/lib/python3.7/site-packages/airflow/example_dags/tutorial.py
[2022-12-17T13:01:30.218+0000] {processor.py:743} INFO - Processing file /home/airflow/.local/lib/python3.7/site-packages/airflow/example_dags/tutorial.py for tasks to queue
[2022-12-17T13:01:30.219+0000] {logging_mixin.py:137} INFO - [2022-12-17T13:01:30.219+0000] {dagbag.py:538} INFO - Filling up the DagBag from /home/airflow/.local/lib/python3.7/site-packages/airflow/example_dags/tutorial.py
[2022-12-17T13:01:30.234+0000] {processor.py:753} INFO - DAG(s) dict_keys(['tutorial']) retrieved from /home/airflow/.local/lib/python3.7/site-packages/airflow/example_dags/tutorial.py
[2022-12-17T13:01:30.275+0000] {logging_mixin.py:137} INFO - [2022-12-17T13:01:30.275+0000] {dag.py:2676} INFO - Sync 1 DAGs
[2022-12-17T13:01:30.303+0000] {logging_mixin.py:137} INFO - [2022-12-17T13:01:30.303+0000] {dag.py:3427} INFO - Setting next_dagrun for tutorial to 2022-12-16T13:01:30.303104+00:00, run_after=2022-12-17T13:01:30.303104+00:00
[2022-12-17T13:01:30.334+0000] {processor.py:175} INFO - Processing /home/airflow/.local/lib/python3.7/site-packages/airflow/example_dags/tutorial.py took 0.121 seconds
[2022-12-17T13:02:01.043+0000] {processor.py:153} INFO - Started process (PID=1837) to work on /home/airflow/.local/lib/python3.7/site-packages/airflow/example_dags/tutorial.py
[2022-12-17T13:02:01.044+0000] {processor.py:743} INFO - Processing file /home/airflow/.local/lib/python3.7/site-packages/airflow/example_dags/tutorial.py for tasks to queue
[2022-12-17T13:02:01.044+0000] {logging_mixin.py:137} INFO - [2022-12-17T13:02:01.044+0000] {dagbag.py:538} INFO - Filling up the DagBag from /home/airflow/.local/lib/python3.7/site-packages/airflow/example_dags/tutorial.py
[2022-12-17T13:02:01.057+0000] {processor.py:753} INFO - DAG(s) dict_keys(['tutorial']) retrieved from /home/airflow/.local/lib/python3.7/site-packages/airflow/example_dags/tutorial.py
[2022-12-17T13:02:01.095+0000] {logging_mixin.py:137} INFO - [2022-12-17T13:02:01.095+0000] {dag.py:2676} INFO - Sync 1 DAGs
[2022-12-17T13:02:01.120+0000] {logging_mixin.py:137} INFO - [2022-12-17T13:02:01.120+0000] {dag.py:3427} INFO - Setting next_dagrun for tutorial to 2022-12-16T13:02:01.120233+00:00, run_after=2022-12-17T13:02:01.120233+00:00
[2022-12-17T13:02:01.157+0000] {processor.py:175} INFO - Processing /home/airflow/.local/lib/python3.7/site-packages/airflow/example_dags/tutorial.py took 0.117 seconds
[2022-12-17T13:02:31.936+0000] {processor.py:153} INFO - Started process (PID=1932) to work on /home/airflow/.local/lib/python3.7/site-packages/airflow/example_dags/tutorial.py
[2022-12-17T13:02:31.937+0000] {processor.py:743} INFO - Processing file /home/airflow/.local/lib/python3.7/site-packages/airflow/example_dags/tutorial.py for tasks to queue
[2022-12-17T13:02:31.938+0000] {logging_mixin.py:137} INFO - [2022-12-17T13:02:31.937+0000] {dagbag.py:538} INFO - Filling up the DagBag from /home/airflow/.local/lib/python3.7/site-packages/airflow/example_dags/tutorial.py
[2022-12-17T13:02:31.954+0000] {processor.py:753} INFO - DAG(s) dict_keys(['tutorial']) retrieved from /home/airflow/.local/lib/python3.7/site-packages/airflow/example_dags/tutorial.py
[2022-12-17T13:02:31.994+0000] {logging_mixin.py:137} INFO - [2022-12-17T13:02:31.994+0000] {dag.py:2676} INFO - Sync 1 DAGs
[2022-12-17T13:02:32.021+0000] {logging_mixin.py:137} INFO - [2022-12-17T13:02:32.021+0000] {dag.py:3427} INFO - Setting next_dagrun for tutorial to 2022-12-16T13:02:32.021151+00:00, run_after=2022-12-17T13:02:32.021151+00:00
[2022-12-17T13:02:32.056+0000] {processor.py:175} INFO - Processing /home/airflow/.local/lib/python3.7/site-packages/airflow/example_dags/tutorial.py took 0.123 seconds
[2022-12-17T13:05:04.839+0000] {processor.py:153} INFO - Started process (PID=2401) to work on /home/airflow/.local/lib/python3.7/site-packages/airflow/example_dags/tutorial.py
[2022-12-17T13:05:04.840+0000] {processor.py:743} INFO - Processing file /home/airflow/.local/lib/python3.7/site-packages/airflow/example_dags/tutorial.py for tasks to queue
[2022-12-17T13:05:04.840+0000] {logging_mixin.py:137} INFO - [2022-12-17T13:05:04.840+0000] {dagbag.py:538} INFO - Filling up the DagBag from /home/airflow/.local/lib/python3.7/site-packages/airflow/example_dags/tutorial.py
[2022-12-17T13:05:04.854+0000] {processor.py:753} INFO - DAG(s) dict_keys(['tutorial']) retrieved from /home/airflow/.local/lib/python3.7/site-packages/airflow/example_dags/tutorial.py
[2022-12-17T13:05:04.903+0000] {logging_mixin.py:137} INFO - [2022-12-17T13:05:04.903+0000] {dag.py:2676} INFO - Sync 1 DAGs
[2022-12-17T13:05:04.938+0000] {logging_mixin.py:137} INFO - [2022-12-17T13:05:04.938+0000] {dag.py:3427} INFO - Setting next_dagrun for tutorial to 2022-12-16T13:05:04.937940+00:00, run_after=2022-12-17T13:05:04.937940+00:00
[2022-12-17T13:05:04.971+0000] {processor.py:175} INFO - Processing /home/airflow/.local/lib/python3.7/site-packages/airflow/example_dags/tutorial.py took 0.135 seconds
[2022-12-17T13:05:35.611+0000] {processor.py:153} INFO - Started process (PID=2512) to work on /home/airflow/.local/lib/python3.7/site-packages/airflow/example_dags/tutorial.py
[2022-12-17T13:05:35.612+0000] {processor.py:743} INFO - Processing file /home/airflow/.local/lib/python3.7/site-packages/airflow/example_dags/tutorial.py for tasks to queue
[2022-12-17T13:05:35.613+0000] {logging_mixin.py:137} INFO - [2022-12-17T13:05:35.613+0000] {dagbag.py:538} INFO - Filling up the DagBag from /home/airflow/.local/lib/python3.7/site-packages/airflow/example_dags/tutorial.py
[2022-12-17T13:05:35.626+0000] {processor.py:753} INFO - DAG(s) dict_keys(['tutorial']) retrieved from /home/airflow/.local/lib/python3.7/site-packages/airflow/example_dags/tutorial.py
[2022-12-17T13:05:35.664+0000] {logging_mixin.py:137} INFO - [2022-12-17T13:05:35.663+0000] {dag.py:2676} INFO - Sync 1 DAGs
[2022-12-17T13:05:35.693+0000] {logging_mixin.py:137} INFO - [2022-12-17T13:05:35.692+0000] {dag.py:3427} INFO - Setting next_dagrun for tutorial to 2022-12-16T13:05:35.692310+00:00, run_after=2022-12-17T13:05:35.692310+00:00
[2022-12-17T13:05:35.726+0000] {processor.py:175} INFO - Processing /home/airflow/.local/lib/python3.7/site-packages/airflow/example_dags/tutorial.py took 0.117 seconds
[2022-12-17T13:06:06.121+0000] {processor.py:153} INFO - Started process (PID=2598) to work on /home/airflow/.local/lib/python3.7/site-packages/airflow/example_dags/tutorial.py
[2022-12-17T13:06:06.122+0000] {processor.py:743} INFO - Processing file /home/airflow/.local/lib/python3.7/site-packages/airflow/example_dags/tutorial.py for tasks to queue
[2022-12-17T13:06:06.123+0000] {logging_mixin.py:137} INFO - [2022-12-17T13:06:06.123+0000] {dagbag.py:538} INFO - Filling up the DagBag from /home/airflow/.local/lib/python3.7/site-packages/airflow/example_dags/tutorial.py
[2022-12-17T13:06:06.137+0000] {processor.py:753} INFO - DAG(s) dict_keys(['tutorial']) retrieved from /home/airflow/.local/lib/python3.7/site-packages/airflow/example_dags/tutorial.py
[2022-12-17T13:06:06.191+0000] {logging_mixin.py:137} INFO - [2022-12-17T13:06:06.191+0000] {dag.py:2676} INFO - Sync 1 DAGs
[2022-12-17T13:06:06.220+0000] {logging_mixin.py:137} INFO - [2022-12-17T13:06:06.219+0000] {dag.py:3427} INFO - Setting next_dagrun for tutorial to 2022-12-16T13:06:06.219759+00:00, run_after=2022-12-17T13:06:06.219759+00:00
[2022-12-17T13:06:06.270+0000] {processor.py:175} INFO - Processing /home/airflow/.local/lib/python3.7/site-packages/airflow/example_dags/tutorial.py took 0.152 seconds
[2022-12-17T13:06:36.466+0000] {processor.py:153} INFO - Started process (PID=2684) to work on /home/airflow/.local/lib/python3.7/site-packages/airflow/example_dags/tutorial.py
[2022-12-17T13:06:36.468+0000] {processor.py:743} INFO - Processing file /home/airflow/.local/lib/python3.7/site-packages/airflow/example_dags/tutorial.py for tasks to queue
[2022-12-17T13:06:36.469+0000] {logging_mixin.py:137} INFO - [2022-12-17T13:06:36.469+0000] {dagbag.py:538} INFO - Filling up the DagBag from /home/airflow/.local/lib/python3.7/site-packages/airflow/example_dags/tutorial.py
[2022-12-17T13:06:36.487+0000] {processor.py:753} INFO - DAG(s) dict_keys(['tutorial']) retrieved from /home/airflow/.local/lib/python3.7/site-packages/airflow/example_dags/tutorial.py
[2022-12-17T13:06:36.595+0000] {logging_mixin.py:137} INFO - [2022-12-17T13:06:36.595+0000] {dag.py:2676} INFO - Sync 1 DAGs
[2022-12-17T13:06:36.679+0000] {logging_mixin.py:137} INFO - [2022-12-17T13:06:36.679+0000] {dag.py:3427} INFO - Setting next_dagrun for tutorial to 2022-12-16T13:06:36.679318+00:00, run_after=2022-12-17T13:06:36.679318+00:00
[2022-12-17T13:06:36.723+0000] {processor.py:175} INFO - Processing /home/airflow/.local/lib/python3.7/site-packages/airflow/example_dags/tutorial.py took 0.260 seconds
[2022-12-17T13:07:06.848+0000] {processor.py:153} INFO - Started process (PID=2794) to work on /home/airflow/.local/lib/python3.7/site-packages/airflow/example_dags/tutorial.py
[2022-12-17T13:07:06.849+0000] {processor.py:743} INFO - Processing file /home/airflow/.local/lib/python3.7/site-packages/airflow/example_dags/tutorial.py for tasks to queue
[2022-12-17T13:07:06.849+0000] {logging_mixin.py:137} INFO - [2022-12-17T13:07:06.849+0000] {dagbag.py:538} INFO - Filling up the DagBag from /home/airflow/.local/lib/python3.7/site-packages/airflow/example_dags/tutorial.py
[2022-12-17T13:07:06.876+0000] {processor.py:753} INFO - DAG(s) dict_keys(['tutorial']) retrieved from /home/airflow/.local/lib/python3.7/site-packages/airflow/example_dags/tutorial.py
[2022-12-17T13:07:06.952+0000] {logging_mixin.py:137} INFO - [2022-12-17T13:07:06.952+0000] {dag.py:2676} INFO - Sync 1 DAGs
[2022-12-17T13:07:07.057+0000] {logging_mixin.py:137} INFO - [2022-12-17T13:07:07.057+0000] {dag.py:3427} INFO - Setting next_dagrun for tutorial to 2022-12-16T13:07:07.057145+00:00, run_after=2022-12-17T13:07:07.057145+00:00
[2022-12-17T13:07:07.087+0000] {processor.py:175} INFO - Processing /home/airflow/.local/lib/python3.7/site-packages/airflow/example_dags/tutorial.py took 0.241 seconds
[2022-12-17T13:07:37.556+0000] {processor.py:153} INFO - Started process (PID=2880) to work on /home/airflow/.local/lib/python3.7/site-packages/airflow/example_dags/tutorial.py
[2022-12-17T13:07:37.557+0000] {processor.py:743} INFO - Processing file /home/airflow/.local/lib/python3.7/site-packages/airflow/example_dags/tutorial.py for tasks to queue
[2022-12-17T13:07:37.557+0000] {logging_mixin.py:137} INFO - [2022-12-17T13:07:37.557+0000] {dagbag.py:538} INFO - Filling up the DagBag from /home/airflow/.local/lib/python3.7/site-packages/airflow/example_dags/tutorial.py
[2022-12-17T13:07:37.571+0000] {processor.py:753} INFO - DAG(s) dict_keys(['tutorial']) retrieved from /home/airflow/.local/lib/python3.7/site-packages/airflow/example_dags/tutorial.py
[2022-12-17T13:07:37.614+0000] {logging_mixin.py:137} INFO - [2022-12-17T13:07:37.614+0000] {dag.py:2676} INFO - Sync 1 DAGs
[2022-12-17T13:07:37.644+0000] {logging_mixin.py:137} INFO - [2022-12-17T13:07:37.644+0000] {dag.py:3427} INFO - Setting next_dagrun for tutorial to 2022-12-16T13:07:37.644014+00:00, run_after=2022-12-17T13:07:37.644014+00:00
[2022-12-17T13:07:37.681+0000] {processor.py:175} INFO - Processing /home/airflow/.local/lib/python3.7/site-packages/airflow/example_dags/tutorial.py took 0.128 seconds
[2022-12-17T13:08:08.194+0000] {processor.py:153} INFO - Started process (PID=2967) to work on /home/airflow/.local/lib/python3.7/site-packages/airflow/example_dags/tutorial.py
[2022-12-17T13:08:08.195+0000] {processor.py:743} INFO - Processing file /home/airflow/.local/lib/python3.7/site-packages/airflow/example_dags/tutorial.py for tasks to queue
[2022-12-17T13:08:08.195+0000] {logging_mixin.py:137} INFO - [2022-12-17T13:08:08.195+0000] {dagbag.py:538} INFO - Filling up the DagBag from /home/airflow/.local/lib/python3.7/site-packages/airflow/example_dags/tutorial.py
[2022-12-17T13:08:08.209+0000] {processor.py:753} INFO - DAG(s) dict_keys(['tutorial']) retrieved from /home/airflow/.local/lib/python3.7/site-packages/airflow/example_dags/tutorial.py
[2022-12-17T13:08:08.251+0000] {logging_mixin.py:137} INFO - [2022-12-17T13:08:08.251+0000] {dag.py:2676} INFO - Sync 1 DAGs
[2022-12-17T13:08:08.279+0000] {logging_mixin.py:137} INFO - [2022-12-17T13:08:08.278+0000] {dag.py:3427} INFO - Setting next_dagrun for tutorial to 2022-12-16T13:08:08.278697+00:00, run_after=2022-12-17T13:08:08.278697+00:00
[2022-12-17T13:08:08.317+0000] {processor.py:175} INFO - Processing /home/airflow/.local/lib/python3.7/site-packages/airflow/example_dags/tutorial.py took 0.126 seconds
[2022-12-17T13:08:38.816+0000] {processor.py:153} INFO - Started process (PID=3077) to work on /home/airflow/.local/lib/python3.7/site-packages/airflow/example_dags/tutorial.py
[2022-12-17T13:08:38.817+0000] {processor.py:743} INFO - Processing file /home/airflow/.local/lib/python3.7/site-packages/airflow/example_dags/tutorial.py for tasks to queue
[2022-12-17T13:08:38.818+0000] {logging_mixin.py:137} INFO - [2022-12-17T13:08:38.818+0000] {dagbag.py:538} INFO - Filling up the DagBag from /home/airflow/.local/lib/python3.7/site-packages/airflow/example_dags/tutorial.py
[2022-12-17T13:08:38.833+0000] {processor.py:753} INFO - DAG(s) dict_keys(['tutorial']) retrieved from /home/airflow/.local/lib/python3.7/site-packages/airflow/example_dags/tutorial.py
[2022-12-17T13:08:38.887+0000] {logging_mixin.py:137} INFO - [2022-12-17T13:08:38.886+0000] {dag.py:2676} INFO - Sync 1 DAGs
[2022-12-17T13:08:38.920+0000] {logging_mixin.py:137} INFO - [2022-12-17T13:08:38.920+0000] {dag.py:3427} INFO - Setting next_dagrun for tutorial to 2022-12-16T13:08:38.920251+00:00, run_after=2022-12-17T13:08:38.920251+00:00
[2022-12-17T13:08:38.961+0000] {processor.py:175} INFO - Processing /home/airflow/.local/lib/python3.7/site-packages/airflow/example_dags/tutorial.py took 0.148 seconds
[2022-12-17T13:09:09.416+0000] {processor.py:153} INFO - Started process (PID=3163) to work on /home/airflow/.local/lib/python3.7/site-packages/airflow/example_dags/tutorial.py
[2022-12-17T13:09:09.417+0000] {processor.py:743} INFO - Processing file /home/airflow/.local/lib/python3.7/site-packages/airflow/example_dags/tutorial.py for tasks to queue
[2022-12-17T13:09:09.417+0000] {logging_mixin.py:137} INFO - [2022-12-17T13:09:09.417+0000] {dagbag.py:538} INFO - Filling up the DagBag from /home/airflow/.local/lib/python3.7/site-packages/airflow/example_dags/tutorial.py
[2022-12-17T13:09:09.433+0000] {processor.py:753} INFO - DAG(s) dict_keys(['tutorial']) retrieved from /home/airflow/.local/lib/python3.7/site-packages/airflow/example_dags/tutorial.py
[2022-12-17T13:09:09.476+0000] {logging_mixin.py:137} INFO - [2022-12-17T13:09:09.476+0000] {dag.py:2676} INFO - Sync 1 DAGs
[2022-12-17T13:09:09.506+0000] {logging_mixin.py:137} INFO - [2022-12-17T13:09:09.506+0000] {dag.py:3427} INFO - Setting next_dagrun for tutorial to 2022-12-16T13:09:09.505963+00:00, run_after=2022-12-17T13:09:09.505963+00:00
[2022-12-17T13:09:09.541+0000] {processor.py:175} INFO - Processing /home/airflow/.local/lib/python3.7/site-packages/airflow/example_dags/tutorial.py took 0.128 seconds
