[2022-12-17T16:28:54.794+0000] {taskinstance.py:1087} INFO - Dependencies all met for <TaskInstance: dag_combustivel.pyspark_task scheduled__2013-07-01T00:00:00+00:00 [queued]>
[2022-12-17T16:28:54.802+0000] {taskinstance.py:1087} INFO - Dependencies all met for <TaskInstance: dag_combustivel.pyspark_task scheduled__2013-07-01T00:00:00+00:00 [queued]>
[2022-12-17T16:28:54.802+0000] {taskinstance.py:1283} INFO - 
--------------------------------------------------------------------------------
[2022-12-17T16:28:54.802+0000] {taskinstance.py:1284} INFO - Starting attempt 1 of 1
[2022-12-17T16:28:54.802+0000] {taskinstance.py:1285} INFO - 
--------------------------------------------------------------------------------
[2022-12-17T16:28:54.815+0000] {taskinstance.py:1304} INFO - Executing <Task(DataprocSubmitJobOperator): pyspark_task> on 2013-07-01 00:00:00+00:00
[2022-12-17T16:28:54.824+0000] {standard_task_runner.py:55} INFO - Started process 23090 to run task
[2022-12-17T16:28:54.827+0000] {standard_task_runner.py:82} INFO - Running: ['***', 'tasks', 'run', 'dag_combustivel', 'pyspark_task', 'scheduled__2013-07-01T00:00:00+00:00', '--job-id', '88', '--raw', '--subdir', 'DAGS_FOLDER/dag_combustivel.py', '--cfg-path', '/tmp/tmpatwv5fod']
[2022-12-17T16:28:54.828+0000] {standard_task_runner.py:83} INFO - Job 88: Subtask pyspark_task
[2022-12-17T16:28:54.881+0000] {task_command.py:389} INFO - Running <TaskInstance: dag_combustivel.pyspark_task scheduled__2013-07-01T00:00:00+00:00 [running]> on host d2cc3443255e
[2022-12-17T16:28:54.956+0000] {taskinstance.py:1513} INFO - Exporting the following env vars:
AIRFLOW_CTX_DAG_OWNER=***
AIRFLOW_CTX_DAG_ID=dag_combustivel
AIRFLOW_CTX_TASK_ID=pyspark_task
AIRFLOW_CTX_EXECUTION_DATE=2013-07-01T00:00:00+00:00
AIRFLOW_CTX_TRY_NUMBER=1
AIRFLOW_CTX_DAG_RUN_ID=scheduled__2013-07-01T00:00:00+00:00
[2022-12-17T16:28:54.957+0000] {dataproc.py:1865} INFO - Submitting job
[2022-12-17T16:28:54.964+0000] {base.py:73} INFO - Using connection ID 'google_cloud_default' for task execution.
[2022-12-17T16:28:55.372+0000] {dataproc.py:1877} INFO - Job 8872c594-c47d-42ac-b81f-5bf35d044b3c submitted successfully.
[2022-12-17T16:28:55.388+0000] {dataproc.py:1897} INFO - Waiting for job 8872c594-c47d-42ac-b81f-5bf35d044b3c to complete
[2022-12-17T16:29:57.344+0000] {dataproc.py:1901} INFO - Job 8872c594-c47d-42ac-b81f-5bf35d044b3c completed successfully.
[2022-12-17T16:29:57.362+0000] {taskinstance.py:1327} INFO - Marking task as SUCCESS. dag_id=dag_combustivel, task_id=pyspark_task, execution_date=20130701T000000, start_date=20221217T162854, end_date=20221217T162957
[2022-12-17T16:29:57.420+0000] {local_task_job.py:159} INFO - Task exited with return code 0
