[2022-12-17T16:43:04.368+0000] {taskinstance.py:1087} INFO - Dependencies all met for <TaskInstance: dag_combustivel.create_cluster scheduled__2015-01-01T00:00:00+00:00 [queued]>
[2022-12-17T16:43:04.377+0000] {taskinstance.py:1087} INFO - Dependencies all met for <TaskInstance: dag_combustivel.create_cluster scheduled__2015-01-01T00:00:00+00:00 [queued]>
[2022-12-17T16:43:04.377+0000] {taskinstance.py:1283} INFO - 
--------------------------------------------------------------------------------
[2022-12-17T16:43:04.377+0000] {taskinstance.py:1284} INFO - Starting attempt 1 of 1
[2022-12-17T16:43:04.377+0000] {taskinstance.py:1285} INFO - 
--------------------------------------------------------------------------------
[2022-12-17T16:43:04.390+0000] {taskinstance.py:1304} INFO - Executing <Task(DataprocCreateClusterOperator): create_cluster> on 2015-01-01 00:00:00+00:00
[2022-12-17T16:43:04.398+0000] {standard_task_runner.py:55} INFO - Started process 25442 to run task
[2022-12-17T16:43:04.401+0000] {standard_task_runner.py:82} INFO - Running: ['***', 'tasks', 'run', 'dag_combustivel', 'create_cluster', 'scheduled__2015-01-01T00:00:00+00:00', '--job-id', '99', '--raw', '--subdir', 'DAGS_FOLDER/dag_combustivel.py', '--cfg-path', '/tmp/tmpltdxl_q0']
[2022-12-17T16:43:04.402+0000] {standard_task_runner.py:83} INFO - Job 99: Subtask create_cluster
[2022-12-17T16:43:04.459+0000] {task_command.py:389} INFO - Running <TaskInstance: dag_combustivel.create_cluster scheduled__2015-01-01T00:00:00+00:00 [running]> on host d2cc3443255e
[2022-12-17T16:43:04.524+0000] {taskinstance.py:1513} INFO - Exporting the following env vars:
AIRFLOW_CTX_DAG_OWNER=***
AIRFLOW_CTX_DAG_ID=dag_combustivel
AIRFLOW_CTX_TASK_ID=create_cluster
AIRFLOW_CTX_EXECUTION_DATE=2015-01-01T00:00:00+00:00
AIRFLOW_CTX_TRY_NUMBER=1
AIRFLOW_CTX_DAG_RUN_ID=scheduled__2015-01-01T00:00:00+00:00
[2022-12-17T16:43:04.525+0000] {dataproc.py:591} INFO - Creating cluster: stack-data-pipeline2
[2022-12-17T16:43:04.534+0000] {base.py:73} INFO - Using connection ID 'google_cloud_default' for task execution.
[2022-12-17T16:46:47.516+0000] {dataproc.py:535} INFO - Cluster created.
[2022-12-17T16:46:47.600+0000] {taskinstance.py:1327} INFO - Marking task as SUCCESS. dag_id=dag_combustivel, task_id=create_cluster, execution_date=20150101T000000, start_date=20221217T164304, end_date=20221217T164647
[2022-12-17T16:46:47.719+0000] {local_task_job.py:159} INFO - Task exited with return code 0
