[2022-12-17T16:46:48.725+0000] {taskinstance.py:1087} INFO - Dependencies all met for <TaskInstance: dag_combustivel.pyspark_task scheduled__2015-01-01T00:00:00+00:00 [queued]>
[2022-12-17T16:46:48.779+0000] {taskinstance.py:1087} INFO - Dependencies all met for <TaskInstance: dag_combustivel.pyspark_task scheduled__2015-01-01T00:00:00+00:00 [queued]>
[2022-12-17T16:46:48.779+0000] {taskinstance.py:1283} INFO - 
--------------------------------------------------------------------------------
[2022-12-17T16:46:48.779+0000] {taskinstance.py:1284} INFO - Starting attempt 1 of 1
[2022-12-17T16:46:48.779+0000] {taskinstance.py:1285} INFO - 
--------------------------------------------------------------------------------
[2022-12-17T16:46:48.797+0000] {taskinstance.py:1304} INFO - Executing <Task(DataprocSubmitJobOperator): pyspark_task> on 2015-01-01 00:00:00+00:00
[2022-12-17T16:46:48.879+0000] {standard_task_runner.py:55} INFO - Started process 25933 to run task
[2022-12-17T16:46:48.882+0000] {standard_task_runner.py:82} INFO - Running: ['***', 'tasks', 'run', 'dag_combustivel', 'pyspark_task', 'scheduled__2015-01-01T00:00:00+00:00', '--job-id', '100', '--raw', '--subdir', 'DAGS_FOLDER/dag_combustivel.py', '--cfg-path', '/tmp/tmpl1l2r1xs']
[2022-12-17T16:46:48.884+0000] {standard_task_runner.py:83} INFO - Job 100: Subtask pyspark_task
[2022-12-17T16:46:48.944+0000] {task_command.py:389} INFO - Running <TaskInstance: dag_combustivel.pyspark_task scheduled__2015-01-01T00:00:00+00:00 [running]> on host d2cc3443255e
[2022-12-17T16:46:49.031+0000] {taskinstance.py:1513} INFO - Exporting the following env vars:
AIRFLOW_CTX_DAG_OWNER=***
AIRFLOW_CTX_DAG_ID=dag_combustivel
AIRFLOW_CTX_TASK_ID=pyspark_task
AIRFLOW_CTX_EXECUTION_DATE=2015-01-01T00:00:00+00:00
AIRFLOW_CTX_TRY_NUMBER=1
AIRFLOW_CTX_DAG_RUN_ID=scheduled__2015-01-01T00:00:00+00:00
[2022-12-17T16:46:49.032+0000] {dataproc.py:1865} INFO - Submitting job
[2022-12-17T16:46:49.039+0000] {base.py:73} INFO - Using connection ID 'google_cloud_default' for task execution.
[2022-12-17T16:46:49.444+0000] {dataproc.py:1877} INFO - Job 5b42ee2b-3157-45d3-b786-c67a8b4e2d9e submitted successfully.
[2022-12-17T16:46:49.457+0000] {dataproc.py:1897} INFO - Waiting for job 5b42ee2b-3157-45d3-b786-c67a8b4e2d9e to complete
[2022-12-17T16:48:01.849+0000] {dataproc.py:1901} INFO - Job 5b42ee2b-3157-45d3-b786-c67a8b4e2d9e completed successfully.
[2022-12-17T16:48:01.869+0000] {taskinstance.py:1327} INFO - Marking task as SUCCESS. dag_id=dag_combustivel, task_id=pyspark_task, execution_date=20150101T000000, start_date=20221217T164648, end_date=20221217T164801
[2022-12-17T16:48:01.902+0000] {local_task_job.py:159} INFO - Task exited with return code 0
