[2022-12-17T16:48:03.083+0000] {taskinstance.py:1087} INFO - Dependencies all met for <TaskInstance: dag_combustivel.delete_cluster scheduled__2015-01-01T00:00:00+00:00 [queued]>
[2022-12-17T16:48:03.093+0000] {taskinstance.py:1087} INFO - Dependencies all met for <TaskInstance: dag_combustivel.delete_cluster scheduled__2015-01-01T00:00:00+00:00 [queued]>
[2022-12-17T16:48:03.093+0000] {taskinstance.py:1283} INFO - 
--------------------------------------------------------------------------------
[2022-12-17T16:48:03.093+0000] {taskinstance.py:1284} INFO - Starting attempt 1 of 1
[2022-12-17T16:48:03.093+0000] {taskinstance.py:1285} INFO - 
--------------------------------------------------------------------------------
[2022-12-17T16:48:03.106+0000] {taskinstance.py:1304} INFO - Executing <Task(DataprocDeleteClusterOperator): delete_cluster> on 2015-01-01 00:00:00+00:00
[2022-12-17T16:48:03.141+0000] {standard_task_runner.py:55} INFO - Started process 26247 to run task
[2022-12-17T16:48:03.144+0000] {standard_task_runner.py:82} INFO - Running: ['***', 'tasks', 'run', 'dag_combustivel', 'delete_cluster', 'scheduled__2015-01-01T00:00:00+00:00', '--job-id', '101', '--raw', '--subdir', 'DAGS_FOLDER/dag_combustivel.py', '--cfg-path', '/tmp/tmp8p_j66i4']
[2022-12-17T16:48:03.145+0000] {standard_task_runner.py:83} INFO - Job 101: Subtask delete_cluster
[2022-12-17T16:48:03.206+0000] {task_command.py:389} INFO - Running <TaskInstance: dag_combustivel.delete_cluster scheduled__2015-01-01T00:00:00+00:00 [running]> on host d2cc3443255e
[2022-12-17T16:48:03.271+0000] {taskinstance.py:1513} INFO - Exporting the following env vars:
AIRFLOW_CTX_DAG_OWNER=***
AIRFLOW_CTX_DAG_ID=dag_combustivel
AIRFLOW_CTX_TASK_ID=delete_cluster
AIRFLOW_CTX_EXECUTION_DATE=2015-01-01T00:00:00+00:00
AIRFLOW_CTX_TRY_NUMBER=1
AIRFLOW_CTX_DAG_RUN_ID=scheduled__2015-01-01T00:00:00+00:00
[2022-12-17T16:48:03.281+0000] {base.py:73} INFO - Using connection ID 'google_cloud_default' for task execution.
[2022-12-17T16:48:03.288+0000] {dataproc.py:817} INFO - Deleting cluster: stack-data-pipeline2
[2022-12-17T16:48:33.604+0000] {dataproc.py:829} INFO - Cluster deleted.
[2022-12-17T16:48:33.619+0000] {taskinstance.py:1327} INFO - Marking task as SUCCESS. dag_id=dag_combustivel, task_id=delete_cluster, execution_date=20150101T000000, start_date=20221217T164803, end_date=20221217T164833
[2022-12-17T16:48:33.658+0000] {local_task_job.py:159} INFO - Task exited with return code 0
