[2022-12-17T15:36:41.310+0000] {taskinstance.py:1087} INFO - Dependencies all met for <TaskInstance: dag_combustivel.pyspark_task scheduled__2008-07-01T00:00:00+00:00 [queued]>
[2022-12-17T15:36:41.318+0000] {taskinstance.py:1087} INFO - Dependencies all met for <TaskInstance: dag_combustivel.pyspark_task scheduled__2008-07-01T00:00:00+00:00 [queued]>
[2022-12-17T15:36:41.318+0000] {taskinstance.py:1283} INFO - 
--------------------------------------------------------------------------------
[2022-12-17T15:36:41.318+0000] {taskinstance.py:1284} INFO - Starting attempt 1 of 1
[2022-12-17T15:36:41.319+0000] {taskinstance.py:1285} INFO - 
--------------------------------------------------------------------------------
[2022-12-17T15:36:41.332+0000] {taskinstance.py:1304} INFO - Executing <Task(DataprocSubmitJobOperator): pyspark_task> on 2008-07-01 00:00:00+00:00
[2022-12-17T15:36:41.340+0000] {standard_task_runner.py:55} INFO - Started process 14777 to run task
[2022-12-17T15:36:41.343+0000] {standard_task_runner.py:82} INFO - Running: ['***', 'tasks', 'run', 'dag_combustivel', 'pyspark_task', 'scheduled__2008-07-01T00:00:00+00:00', '--job-id', '48', '--raw', '--subdir', 'DAGS_FOLDER/dag_combustivel.py', '--cfg-path', '/tmp/tmp0da7nxo9']
[2022-12-17T15:36:41.344+0000] {standard_task_runner.py:83} INFO - Job 48: Subtask pyspark_task
[2022-12-17T15:36:41.400+0000] {task_command.py:389} INFO - Running <TaskInstance: dag_combustivel.pyspark_task scheduled__2008-07-01T00:00:00+00:00 [running]> on host d2cc3443255e
[2022-12-17T15:36:41.470+0000] {taskinstance.py:1513} INFO - Exporting the following env vars:
AIRFLOW_CTX_DAG_OWNER=***
AIRFLOW_CTX_DAG_ID=dag_combustivel
AIRFLOW_CTX_TASK_ID=pyspark_task
AIRFLOW_CTX_EXECUTION_DATE=2008-07-01T00:00:00+00:00
AIRFLOW_CTX_TRY_NUMBER=1
AIRFLOW_CTX_DAG_RUN_ID=scheduled__2008-07-01T00:00:00+00:00
[2022-12-17T15:36:41.471+0000] {dataproc.py:1865} INFO - Submitting job
[2022-12-17T15:36:41.478+0000] {base.py:73} INFO - Using connection ID 'google_cloud_default' for task execution.
[2022-12-17T15:36:41.881+0000] {dataproc.py:1877} INFO - Job e6f32bc2-0462-406b-a3fc-06c75a17f883 submitted successfully.
[2022-12-17T15:36:41.893+0000] {dataproc.py:1897} INFO - Waiting for job e6f32bc2-0462-406b-a3fc-06c75a17f883 to complete
[2022-12-17T15:37:45.028+0000] {dataproc.py:1901} INFO - Job e6f32bc2-0462-406b-a3fc-06c75a17f883 completed successfully.
[2022-12-17T15:37:45.050+0000] {taskinstance.py:1327} INFO - Marking task as SUCCESS. dag_id=dag_combustivel, task_id=pyspark_task, execution_date=20080701T000000, start_date=20221217T153641, end_date=20221217T153745
[2022-12-17T15:37:45.086+0000] {local_task_job.py:159} INFO - Task exited with return code 0
