[2022-12-17T14:50:29.323+0000] {taskinstance.py:1087} INFO - Dependencies all met for <TaskInstance: dag_combustivel.pyspark_task manual__2022-12-17T14:42:58.989750+00:00 [queued]>
[2022-12-17T14:50:29.332+0000] {taskinstance.py:1087} INFO - Dependencies all met for <TaskInstance: dag_combustivel.pyspark_task manual__2022-12-17T14:42:58.989750+00:00 [queued]>
[2022-12-17T14:50:29.332+0000] {taskinstance.py:1283} INFO - 
--------------------------------------------------------------------------------
[2022-12-17T14:50:29.332+0000] {taskinstance.py:1284} INFO - Starting attempt 1 of 1
[2022-12-17T14:50:29.332+0000] {taskinstance.py:1285} INFO - 
--------------------------------------------------------------------------------
[2022-12-17T14:50:29.345+0000] {taskinstance.py:1304} INFO - Executing <Task(DataprocSubmitJobOperator): pyspark_task> on 2022-12-17 14:42:58.989750+00:00
[2022-12-17T14:50:29.353+0000] {standard_task_runner.py:55} INFO - Started process 7512 to run task
[2022-12-17T14:50:29.356+0000] {standard_task_runner.py:82} INFO - Running: ['***', 'tasks', 'run', 'dag_combustivel', 'pyspark_task', 'manual__2022-12-17T14:42:58.989750+00:00', '--job-id', '12', '--raw', '--subdir', 'DAGS_FOLDER/dag_combustivel.py', '--cfg-path', '/tmp/tmpow9exc6f']
[2022-12-17T14:50:29.358+0000] {standard_task_runner.py:83} INFO - Job 12: Subtask pyspark_task
[2022-12-17T14:50:29.413+0000] {task_command.py:389} INFO - Running <TaskInstance: dag_combustivel.pyspark_task manual__2022-12-17T14:42:58.989750+00:00 [running]> on host d2cc3443255e
[2022-12-17T14:50:29.491+0000] {taskinstance.py:1513} INFO - Exporting the following env vars:
AIRFLOW_CTX_DAG_OWNER=***
AIRFLOW_CTX_DAG_ID=dag_combustivel
AIRFLOW_CTX_TASK_ID=pyspark_task
AIRFLOW_CTX_EXECUTION_DATE=2022-12-17T14:42:58.989750+00:00
AIRFLOW_CTX_TRY_NUMBER=1
AIRFLOW_CTX_DAG_RUN_ID=manual__2022-12-17T14:42:58.989750+00:00
[2022-12-17T14:50:29.492+0000] {dataproc.py:1865} INFO - Submitting job
[2022-12-17T14:50:29.499+0000] {base.py:73} INFO - Using connection ID 'google_cloud_default' for task execution.
[2022-12-17T14:50:29.868+0000] {dataproc.py:1877} INFO - Job 4c54d441-e2d3-4a39-acb6-34e741929e0e submitted successfully.
[2022-12-17T14:50:29.881+0000] {dataproc.py:1897} INFO - Waiting for job 4c54d441-e2d3-4a39-acb6-34e741929e0e to complete
[2022-12-17T14:51:11.336+0000] {dataproc.py:1901} INFO - Job 4c54d441-e2d3-4a39-acb6-34e741929e0e completed successfully.
[2022-12-17T14:51:11.354+0000] {taskinstance.py:1327} INFO - Marking task as SUCCESS. dag_id=dag_combustivel, task_id=pyspark_task, execution_date=20221217T144258, start_date=20221217T145029, end_date=20221217T145111
[2022-12-17T14:51:11.381+0000] {local_task_job.py:159} INFO - Task exited with return code 0
