[2022-12-17T15:57:15.231+0000] {taskinstance.py:1087} INFO - Dependencies all met for <TaskInstance: dag_combustivel.pyspark_task scheduled__2010-07-01T00:00:00+00:00 [queued]>
[2022-12-17T15:57:15.239+0000] {taskinstance.py:1087} INFO - Dependencies all met for <TaskInstance: dag_combustivel.pyspark_task scheduled__2010-07-01T00:00:00+00:00 [queued]>
[2022-12-17T15:57:15.240+0000] {taskinstance.py:1283} INFO - 
--------------------------------------------------------------------------------
[2022-12-17T15:57:15.240+0000] {taskinstance.py:1284} INFO - Starting attempt 1 of 1
[2022-12-17T15:57:15.240+0000] {taskinstance.py:1285} INFO - 
--------------------------------------------------------------------------------
[2022-12-17T15:57:15.252+0000] {taskinstance.py:1304} INFO - Executing <Task(DataprocSubmitJobOperator): pyspark_task> on 2010-07-01 00:00:00+00:00
[2022-12-17T15:57:15.261+0000] {standard_task_runner.py:55} INFO - Started process 18060 to run task
[2022-12-17T15:57:15.264+0000] {standard_task_runner.py:82} INFO - Running: ['***', 'tasks', 'run', 'dag_combustivel', 'pyspark_task', 'scheduled__2010-07-01T00:00:00+00:00', '--job-id', '64', '--raw', '--subdir', 'DAGS_FOLDER/dag_combustivel.py', '--cfg-path', '/tmp/tmpy_yv5gcr']
[2022-12-17T15:57:15.265+0000] {standard_task_runner.py:83} INFO - Job 64: Subtask pyspark_task
[2022-12-17T15:57:15.323+0000] {task_command.py:389} INFO - Running <TaskInstance: dag_combustivel.pyspark_task scheduled__2010-07-01T00:00:00+00:00 [running]> on host d2cc3443255e
[2022-12-17T15:57:15.399+0000] {taskinstance.py:1513} INFO - Exporting the following env vars:
AIRFLOW_CTX_DAG_OWNER=***
AIRFLOW_CTX_DAG_ID=dag_combustivel
AIRFLOW_CTX_TASK_ID=pyspark_task
AIRFLOW_CTX_EXECUTION_DATE=2010-07-01T00:00:00+00:00
AIRFLOW_CTX_TRY_NUMBER=1
AIRFLOW_CTX_DAG_RUN_ID=scheduled__2010-07-01T00:00:00+00:00
[2022-12-17T15:57:15.400+0000] {dataproc.py:1865} INFO - Submitting job
[2022-12-17T15:57:15.407+0000] {base.py:73} INFO - Using connection ID 'google_cloud_default' for task execution.
[2022-12-17T15:57:15.781+0000] {dataproc.py:1877} INFO - Job 6fcb9a6c-758f-4f1f-8efc-87cf2bf808ee submitted successfully.
[2022-12-17T15:57:15.794+0000] {dataproc.py:1897} INFO - Waiting for job 6fcb9a6c-758f-4f1f-8efc-87cf2bf808ee to complete
[2022-12-17T15:58:17.810+0000] {dataproc.py:1901} INFO - Job 6fcb9a6c-758f-4f1f-8efc-87cf2bf808ee completed successfully.
[2022-12-17T15:58:17.830+0000] {taskinstance.py:1327} INFO - Marking task as SUCCESS. dag_id=dag_combustivel, task_id=pyspark_task, execution_date=20100701T000000, start_date=20221217T155715, end_date=20221217T155817
[2022-12-17T15:58:17.881+0000] {local_task_job.py:159} INFO - Task exited with return code 0
